#
# A fatal error has been detected by the Java Runtime Environment:
#
#  EXCEPTION_ACCESS_VIOLATION (0xc0000005) at pc=0x00007ffa00530051, pid=23912, tid=13488
#
# JRE version: OpenJDK Runtime Environment (18.0.2.1+1) (build 18.0.2.1+1-1)
# Java VM: OpenJDK 64-Bit Server VM (18.0.2.1+1-1, mixed mode, sharing, tiered, compressed oops, compressed class ptrs, g1 gc, windows-amd64)
# Problematic frame:
# C  [renderdoc.dll+0x860051]  RENDERDOC_EndProfileRegion+0x68e641
#
# No core dump will be written. Minidumps are not enabled by default on client versions of Windows
#
# If you would like to submit a bug report, please visit:
#   https://bugreport.java.com/bugreport/crash.jsp
# The crash happened outside the Java Virtual Machine in native code.
# See problematic frame for where to report the bug.
#

---------------  S U M M A R Y ------------

Command Line: -Dquanta.config=config/config.conf target/quanta-0.2.4-shaded.jar

Host: AMD Ryzen 9 5950X 16-Core Processor            , 32 cores, 127G,  Windows 11 , 64 bit Build 22621 (10.0.22621.755)
Time: Sun Nov 27 18:56:07 2022 AUS Eastern Daylight Time elapsed time: 4.163043 seconds (0d 0h 0m 4s)

---------------  T H R E A D  ---------------

Current thread (0x000002661f0aedc0):  JavaThread "main" [_thread_in_native, id=13488, stack(0x000000dc8fc00000,0x000000dc8fd00000)]

Stack: [0x000000dc8fc00000,0x000000dc8fd00000],  sp=0x000000dc8fcfeae0,  free space=1018k
Native frames: (J=compiled Java code, j=interpreted, Vv=VM code, C=native code)
C  [renderdoc.dll+0x860051]  RENDERDOC_EndProfileRegion+0x68e641
C  [renderdoc.dll+0x931772]  RENDERDOC_EndProfileRegion+0x75fd62
C  [renderdoc.dll+0x75684c]  RENDERDOC_EndProfileRegion+0x584e3c
C  0x000002662abdd621

Java frames: (J=compiled Java code, j=interpreted, Vv=VM code)
j  org.lwjgl.opengl.GL30C.glBindFramebuffer(II)V+0
j  org.lwjgl.opengl.GL30.glBindFramebuffer(II)V+2
j  com.engineersbox.quanta.rendering.renderers.core.SSAORenderer.renderSSAOBlur(Lcom/engineersbox/quanta/rendering/RenderContext;)V+39
j  com.engineersbox.quanta.rendering.renderers.core.SSAORenderer.render(Lcom/engineersbox/quanta/rendering/RenderContext;)V+7
j  com.engineersbox.quanta.rendering.Renderer.lambda$12(Lcom/engineersbox/quanta/rendering/handler/ShaderStage;Lcom/engineersbox/quanta/rendering/RenderContext;Ljava/lang/String;Lcom/engineersbox/quanta/rendering/handler/ShaderRenderHandler;)V+89
j  com.engineersbox.quanta.rendering.Renderer$$Lambda$335+0x0000000800ea6fc0.accept(Ljava/lang/Object;Ljava/lang/Object;)V+16
j  java.util.Map.forEach(Ljava/util/function/BiConsumer;)V+72 java.base@18.0.2.1
j  com.engineersbox.quanta.rendering.Renderer.lambda$11(Lcom/engineersbox/quanta/rendering/handler/ShaderStage;Lorg/apache/commons/collections4/map/LinkedMap;)V+9
j  com.engineersbox.quanta.rendering.Renderer$$Lambda$334+0x0000000800ea6da0.accept(Ljava/lang/Object;Ljava/lang/Object;)V+12
j  com.engineersbox.quanta.utils.StreamUtils.lambda$2(Ljava/util/function/BiConsumer;Lorg/apache/commons/lang3/tuple/Pair;)V+9
j  com.engineersbox.quanta.utils.StreamUtils$$Lambda$299+0x0000000800e8eca0.accept(Ljava/lang/Object;)V+8
J 2383 c1 java.util.Iterator.forEachRemaining(Ljava/util/function/Consumer;)V java.base@18.0.2.1 (30 bytes) @ 0x000002662b7a29cc [0x000002662b7a2780+0x000000000000024c]
J 2382 c1 java.util.Spliterators$IteratorSpliterator.forEachRemaining(Ljava/util/function/Consumer;)V java.base@18.0.2.1 (58 bytes) @ 0x000002662b7a404c [0x000002662b7a3d00+0x000000000000034c]
j  java.util.stream.ReferencePipeline$Head.forEach(Ljava/util/function/Consumer;)V+12 java.base@18.0.2.1
j  com.engineersbox.quanta.utils.StreamUtils.zipForEach(Ljava/util/stream/Stream;Ljava/util/stream/Stream;Ljava/util/function/BiConsumer;)V+42
j  com.engineersbox.quanta.rendering.Renderer.render(Lcom/engineersbox/quanta/scene/Scene;Lcom/engineersbox/quanta/core/Window;)V+46
j  com.engineersbox.quanta.core.Engine.run()V+242
j  com.engineersbox.quanta.core.Engine.start()V+6
j  com.engineersbox.quanta.test.Main.main([Ljava/lang/String;)V+20
v  ~StubRoutines::call_stub

siginfo: EXCEPTION_ACCESS_VIOLATION (0xc0000005), reading address 0x00000000000000a0


Register to memory mapping:

RIP=0x00007ffa00530051 renderdoc.dll::RENDERDOC_EndProfileRegion + 0x68e641
RAX=0x000002667b3e78f8 points into unknown readable memory: 0x000002667a5eaf70 | 70 af 5e 7a 66 02 00 00
RBX=0x000002661f10be70 points into unknown readable memory: 0x000002667b3e7880 | 80 78 3e 7b 66 02 00 00
RCX=0x000002667b3e7900 points into unknown readable memory: 0x7473697373617661 | 61 76 61 73 73 69 73 74
RDX=0x000002667b3e7880 points into unknown readable memory: 0x000000000000002e | 2e 00 00 00 00 00 00 00
RSP=0x000000dc8fcfeae0 is pointing into the stack for thread: 0x000002661f0aedc0
RBP=0x000000dc8fcfeb71 is pointing into the stack for thread: 0x000002661f0aedc0
RSI=0x0000000000000de1 is an unknown value
RDI=0x0 is NULL
R8 =0x000002667b3e7880 points into unknown readable memory: 0x000000000000002e | 2e 00 00 00 00 00 00 00
R9 =0x000002667b3e7880 points into unknown readable memory: 0x000000000000002e | 2e 00 00 00 00 00 00 00
R10=0x0000000000000040 is an unknown value
R11=0x4f807f8023bf0800 is an unknown value
R12=0x000002667a5eaf70 points into unknown readable memory: 0x006e006500000000 | 00 00 00 00 65 00 6e 00
R13=0x0 is NULL
R14=0x000002661f10bb20 points into unknown readable memory: 0x00007ffa00bc7268 | 68 72 bc 00 fa 7f 00 00
R15=0x000002661f10bb20 points into unknown readable memory: 0x00007ffa00bc7268 | 68 72 bc 00 fa 7f 00 00


Registers:
RAX=0x000002667b3e78f8, RBX=0x000002661f10be70, RCX=0x000002667b3e7900, RDX=0x000002667b3e7880
RSP=0x000000dc8fcfeae0, RBP=0x000000dc8fcfeb71, RSI=0x0000000000000de1, RDI=0x0000000000000000
R8 =0x000002667b3e7880, R9 =0x000002667b3e7880, R10=0x0000000000000040, R11=0x4f807f8023bf0800
R12=0x000002667a5eaf70, R13=0x0000000000000000, R14=0x000002661f10bb20, R15=0x000002661f10bb20
RIP=0x00007ffa00530051, EFLAGS=0x0000000000010202

Top of Stack: (sp=0x000000dc8fcfeae0)
0x000000dc8fcfeae0:   000002667b3e78f0 000000dc8fcfeb71
0x000000dc8fcfeaf0:   0000000000000de1 000002661f10be70
0x000000dc8fcfeb00:   00000266688fe900 000002661f0aedc0
0x000000dc8fcfeb10:   00000266688ff8cc 00000266000000b6
0x000000dc8fcfeb20:   00000266688ff910 0000000000000000
0x000000dc8fcfeb30:   000000dc8fcfeba0 00007ffa0040301d
0x000000dc8fcfeb40:   000000dc8fcfedc8 000002662abe9de6
0x000000dc8fcfeb50:   000002661f10bb20 000002667a5eaf70
0x000000dc8fcfeb60:   000000dc8fcfec30 00007ff9fff247e7
0x000000dc8fcfeb70:   fffffffffffffffe 0000000000000004
0x000000dc8fcfeb80:   fffffffffffffffe 000002661f0aedc0
0x000000dc8fcfeb90:   000002661f10bb20 000002666888a178
0x000000dc8fcfeba0:   000000000000000a 00007ffa04064798
0x000000dc8fcfebb0:   0000000000000de1 000002667a3982f0
0x000000dc8fcfebc0:   000000dc8fcfec30 00007ffa00601772
0x000000dc8fcfebd0:   000002667a3982f0 0000000000000000 

Instructions: (pc=0x00007ffa00530051)
0x00007ffa0052ff51:   8d 55 67 48 8b cb e8 94 0b 00 00 eb 54 48 8b 53
0x00007ffa0052ff61:   10 48 83 fa 10 72 3e 33 c0 48 8b 0b 48 85 c9 74
0x00007ffa0052ff71:   09 48 c1 e2 04 48 03 d1 eb 03 49 8b d5 88 45 5f
0x00007ffa0052ff81:   4c 8b c2 4c 2b c1 49 c1 f8 04 4c 8d 4d 5f e8 7c
0x00007ffa0052ff91:   24 00 00 c6 43 18 01 48 8d 55 67 48 8b cb e8 4c
0x00007ffa0052ffa1:   0b 00 00 eb 0c 48 8d 55 67 48 8b cb e8 0e 0a 00
0x00007ffa0052ffb1:   00 4c 8b 20 4c 89 65 e7 4d 85 e4 0f 85 9c 00 00
0x00007ffa0052ffc1:   00 41 8d 4c 24 20 e8 7c 0f 50 00 4c 8b e0 48 89
0x00007ffa0052ffd1:   45 e7 48 89 45 6f 44 89 28 4c 89 68 08 4c 89 68
0x00007ffa0052ffe1:   10 4c 89 68 18 44 38 6b 18 74 0e 48 8d 55 67 48
0x00007ffa0052fff1:   8b cb e8 f8 0a 00 00 eb 54 48 8b 53 10 48 83 fa
0x00007ffa00530001:   10 72 3e 33 c0 48 8b 0b 48 85 c9 74 09 48 c1 e2
0x00007ffa00530011:   04 48 03 d1 eb 03 49 8b d5 88 45 6f 4c 8b c2 4c
0x00007ffa00530021:   2b c1 49 c1 f8 04 4c 8d 4d 6f e8 e0 23 00 00 c6
0x00007ffa00530031:   43 18 01 48 8d 55 67 48 8b cb e8 b0 0a 00 00 eb
0x00007ffa00530041:   0c 48 8d 55 67 48 8b cb e8 72 09 00 00 4c 89 20
0x00007ffa00530051:   8b 87 a0 00 00 00 83 f0 01 41 89 04 24 8b 87 a0
0x00007ffa00530061:   00 00 00 41 39 04 24 0f 84 7f 04 00 00 41 89 04
0x00007ffa00530071:   24 49 8d 74 24 08 4c 39 6e 10 74 04 4c 89 6e 10
0x00007ffa00530081:   44 8b af bc 00 00 00 49 8b bf 70 03 00 00 48 8b
0x00007ffa00530091:   9f 88 02 00 00 8b 0d 54 f7 b1 03 ff 15 c6 62 5a
0x00007ffa005300a1:   00 48 85 c0 74 1b 48 8d 4b ff 48 3b 48 10 73 11
0x00007ffa005300b1:   48 8b 00 4c 8b 74 d8 f8 4c 89 75 bf 4d 85 f6 75
0x00007ffa005300c1:   0b 4c 8d b7 70 02 00 00 4c 89 75 bf c7 45 b7 08
0x00007ffa005300d1:   00 00 00 48 8d 55 b7 b9 df 8c 00 00 ff 15 35 c7
0x00007ffa005300e1:   b2 03 c7 45 af 02 17 00 00 33 ff 89 7d 6f 39 7d
0x00007ffa005300f1:   b7 0f 8e b2 01 00 00 41 be e0 8c 00 00 4c 8b 65
0x00007ffa00530101:   bf 0f 1f 40 00 66 66 0f 1f 84 00 00 00 00 00 4c
0x00007ffa00530111:   8d 4d 6f 41 b8 d1 8c 00 00 41 8b d6 41 8b cd ff
0x00007ffa00530121:   15 f2 d9 b2 03 83 7d 6f 00 0f 84 5f 01 00 00 4c
0x00007ffa00530131:   8d 4d af 41 b8 d0 8c 00 00 41 8b d6 41 8b cd ff
0x00007ffa00530141:   15 d2 d9 b2 03 49 8b 44 24 08 48 8d 55 cf 49 8d 


Stack slot to memory mapping:
stack at sp + 0 slots: 0x000002667b3e78f0 points into unknown readable memory: 0x0000000000000000 | 00 00 00 00 00 00 00 00
stack at sp + 1 slots: 0x000000dc8fcfeb71 is pointing into the stack for thread: 0x000002661f0aedc0
stack at sp + 2 slots: 0x0000000000000de1 is an unknown value
stack at sp + 3 slots: 0x000002661f10be70 points into unknown readable memory: 0x000002667b3e7880 | 80 78 3e 7b 66 02 00 00
stack at sp + 4 slots: 0x00000266688fe900 is pointing into metadata
stack at sp + 5 slots: 0x000002661f0aedc0 is a thread
stack at sp + 6 slots: 0x00000266688ff8cc is pointing into metadata
stack at sp + 7 slots: 0x00000266000000b6 points into unknown readable memory: 00 00


Compiled method (c1)    4232 2383       3       java.util.Iterator::forEachRemaining (30 bytes)
 total in heap  [0x000002662b7a2590,0x000002662b7a2e58] = 2248
 relocation     [0x000002662b7a26e8,0x000002662b7a2770] = 136
 main code      [0x000002662b7a2780,0x000002662b7a2c80] = 1280
 stub code      [0x000002662b7a2c80,0x000002662b7a2cf8] = 120
 metadata       [0x000002662b7a2cf8,0x000002662b7a2d08] = 16
 scopes data    [0x000002662b7a2d08,0x000002662b7a2d70] = 104
 scopes pcs     [0x000002662b7a2d70,0x000002662b7a2e40] = 208
 dependencies   [0x000002662b7a2e40,0x000002662b7a2e48] = 8
 nul chk table  [0x000002662b7a2e48,0x000002662b7a2e58] = 16

[Constant Pool (empty)]

[MachCode]
[Entry Point]
  # {method} {0x000000080013aaa0} 'forEachRemaining' '(Ljava/util/function/Consumer;)V' in 'java/util/Iterator'
  # this:     rdx:rdx   = 'java/util/Iterator'
  # parm0:    r8:r8     = 'java/util/function/Consumer'
  #           [sp+0x60]  (sp of caller)
  0x000002662b7a2780: 448b 5208 | 49bb 0000 | 0000 0800 | 0000 4d03 | d34c 3bd0 

  0x000002662b7a2794: ;   {runtime_call ic_miss_stub}
  0x000002662b7a2794: 0f85 e6a2 | 47ff 660f | 1f44 0000 
[Verified Entry Point]
  0x000002662b7a27a0: 8984 2400 | 90ff ff55 | 4883 ec50 | 4889 5424 | 304c 8944 

  0x000002662b7a27b4: ;   {metadata(method data for {method} {0x000000080013aaa0} 'forEachRemaining' '(Ljava/util/function/Consumer;)V' in 'java/util/Iterator')}
  0x000002662b7a27b4: 2438 48be | 7857 1b68 | 6602 0000 | 8bbe cc00 | 0000 83c7 | 0289 becc | 0000 0081 | e7fe 0700 
  0x000002662b7a27d4: 0083 ff00 | 0f84 c003 

  0x000002662b7a27dc: ;   {metadata(method data for {method} {0x000000080013aaa0} 'forEachRemaining' '(Ljava/util/function/Consumer;)V' in 'java/util/Iterator')}
  0x000002662b7a27dc: 0000 48be | 7857 1b68 | 6602 0000 | 4883 8610 | 0100 0001 

  0x000002662b7a27f0: ;   {metadata(method data for {method} {0x0000000800069d10} 'requireNonNull' '(Ljava/lang/Object;)Ljava/lang/Object;' in 'java/util/Objects')}
  0x000002662b7a27f0: 48be 20df | 8067 6602 | 0000 8bbe | cc00 0000 | 83c7 0289 | becc 0000 | 0081 e7fe | ff1f 0083 
  0x000002662b7a2810: ff00 0f84 | a703 0000 | 4983 f800 

  0x000002662b7a281c: ;   {metadata(method data for {method} {0x0000000800069d10} 'requireNonNull' '(Ljava/lang/Object;)Ljava/lang/Object;' in 'java/util/Objects')}
  0x000002662b7a281c: 48be 20df | 8067 6602 | 0000 48bf | 1001 0000 | 0000 0000 | 0f85 0a00 | 0000 48bf | 2001 0000 
  0x000002662b7a283c: 0000 0000 | 488b 1c3e | 488d 5b01 | 4889 1c3e | 0f85 c101 | 0000 e9b9 | 0200 0090 | 488b 5424 
  0x000002662b7a285c: ;   {metadata(method data for {method} {0x000000080013aaa0} 'forEachRemaining' '(Ljava/util/function/Consumer;)V' in 'java/util/Iterator')}
  0x000002662b7a285c: 3048 be78 | 571b 6866 | 0200 008b | 5208 49ba | 0000 0000 | 0800 0000 | 4903 d248 | 3b96 8801 
  0x000002662b7a287c: 0000 750d | 4883 8690 | 0100 0001 | e966 0000 | 0048 3b96 | 9801 0000 | 750d 4883 | 86a0 0100 
  0x000002662b7a289c: 0001 e950 | 0000 0048 | 81be 8801 | 0000 0000 | 0000 7517 | 4889 9688 | 0100 0048 | c786 9001 
  0x000002662b7a28bc: 0000 0100 | 0000 e92c | 0000 0048 | 81be 9801 | 0000 0000 | 0000 7517 | 4889 9698 | 0100 0048 
  0x000002662b7a28dc: c786 a001 | 0000 0100 | 0000 e908 | 0000 0048 | 8386 7801 | 0000 0148 | 8b54 2430 | 0f1f 4400 
  0x000002662b7a28fc: 0048 b820 | 8363 7b66 

  0x000002662b7a2904: ;   {virtual_call}
  0x000002662b7a2904: 0200 00e8 

  0x000002662b7a2908: ; ImmutableOopMap {[48]=Oop [56]=Oop }
                      ;*invokeinterface next {reexecute=0 rethrow=0 return_oop=0}
                      ; - java.util.Iterator::forEachRemaining@16 (line 133)
  0x000002662b7a2908: c424 53ff | 4c8b 4424 | 3849 3b00 

  0x000002662b7a2914: ;   {metadata(method data for {method} {0x000000080013aaa0} 'forEachRemaining' '(Ljava/util/function/Consumer;)V' in 'java/util/Iterator')}
  0x000002662b7a2914: 498b d048 | be78 571b | 6866 0200 | 008b 5208 | 49ba 0000 | 0000 0800 | 0000 4903 | d248 3b96 
  0x000002662b7a2934: c001 0000 | 750d 4883 | 86c8 0100 | 0001 e966 | 0000 0048 | 3b96 d001 | 0000 750d | 4883 86d8 
  0x000002662b7a2954: 0100 0001 | e950 0000 | 0048 81be | c001 0000 | 0000 0000 | 7517 4889 | 96c0 0100 | 0048 c786 
  0x000002662b7a2974: c801 0000 | 0100 0000 | e92c 0000 | 0048 81be | d001 0000 | 0000 0000 | 7517 4889 | 96d0 0100 
  0x000002662b7a2994: 0048 c786 | d801 0000 | 0100 0000 | e908 0000 | 0048 8386 | b001 0000 | 0149 8bf0 | 4c8b c048 
  0x000002662b7a29b4: 8bd6 0f1f | 8000 0000 | 0048 b880 | 1749 7c66 

  0x000002662b7a29c4: ;   {virtual_call}
  0x000002662b7a29c4: 0200 00e8 

  0x000002662b7a29c8: ; ImmutableOopMap {[48]=Oop [56]=Oop }
                      ;*invokeinterface accept {reexecute=0 rethrow=0 return_oop=0}
                      ; - java.util.Iterator::forEachRemaining@21 (line 133)
  0x000002662b7a29c8: 441f 53ff 

  0x000002662b7a29cc: ;   {metadata(method data for {method} {0x000000080013aaa0} 'forEachRemaining' '(Ljava/util/function/Consumer;)V' in 'java/util/Iterator')}
  0x000002662b7a29cc: 48ba 7857 | 1b68 6602 | 0000 8bb2 | d000 0000 | 83c6 0289 | b2d0 0000 | 0081 e6fe | 3f00 0083 
  0x000002662b7a29ec: fe00 0f84 | f101 0000 | 4d8b 9740 

  0x000002662b7a29f8: ; ImmutableOopMap {[48]=Oop [56]=Oop }
                      ;*goto {reexecute=1 rethrow=0 return_oop=0}
                      ; - (reexecute) java.util.Iterator::forEachRemaining@26 (line 133)
                      ;   {poll}
  0x000002662b7a29f8: 0300 0041 

  0x000002662b7a29fc: ;   {metadata(method data for {method} {0x000000080013aaa0} 'forEachRemaining' '(Ljava/util/function/Consumer;)V' in 'java/util/Iterator')}
  0x000002662b7a29fc: 8502 48ba | 7857 1b68 | 6602 0000 | ff82 e801 | 0000 488b | 5424 3048 

  0x000002662b7a2a14: ;   {metadata(method data for {method} {0x000000080013aaa0} 'forEachRemaining' '(Ljava/util/function/Consumer;)V' in 'java/util/Iterator')}
  0x000002662b7a2a14: 8bf2 48bf | 7857 1b68 | 6602 0000 | 8b76 0849 | ba00 0000 | 0008 0000 | 0049 03f2 | 483b b730 
  0x000002662b7a2a34: 0100 0075 | 0d48 8387 | 3801 0000 | 01e9 6600 | 0000 483b | b740 0100 | 0075 0d48 | 8387 4801 
  0x000002662b7a2a54: 0000 01e9 | 5000 0000 | 4881 bf30 | 0100 0000 | 0000 0075 | 1748 89b7 | 3001 0000 | 48c7 8738 
  0x000002662b7a2a74: 0100 0001 | 0000 00e9 | 2c00 0000 | 4881 bf40 | 0100 0000 | 0000 0075 | 1748 89b7 | 4001 0000 
  0x000002662b7a2a94: 48c7 8748 | 0100 0001 | 0000 00e9 | 0800 0000 | 4883 8720 | 0100 0001 | 488b f248 | 8bd6 6666 
  0x000002662b7a2ab4: 9048 b820 | 8663 7b66 

  0x000002662b7a2abc: ;   {virtual_call}
  0x000002662b7a2abc: 0200 00e8 

  0x000002662b7a2ac0: ; ImmutableOopMap {[56]=Oop [48]=Oop }
                      ;*invokeinterface hasNext {reexecute=0 rethrow=0 return_oop=0}
                      ; - java.util.Iterator::forEachRemaining@6 (line 132)
  0x000002662b7a2ac0: 5c1f 53ff 

  0x000002662b7a2ac4: ;   {metadata(method data for {method} {0x000000080013aaa0} 'forEachRemaining' '(Ljava/util/function/Consumer;)V' in 'java/util/Iterator')}
  0x000002662b7a2ac4: 83f8 0048 | ba78 571b | 6866 0200 | 0048 be68 | 0100 0000 | 0000 000f | 850a 0000 | 0048 be58 
  0x000002662b7a2ae4: 0100 0000 | 0000 0048 | 8b3c 3248 | 8d7f 0148 | 893c 320f | 855b fdff | ff48 83c4 

  0x000002662b7a2b00: ;   {poll_return}
  0x000002662b7a2b00: 505d 493b | a738 0300 | 000f 87f7 | 0000 00c3 

  0x000002662b7a2b10: ;   {no_reloc}
  0x000002662b7a2b10: e916 0100 | 0000 0000 | 0000 498b | 87f0 0000 | 0048 8d78 | 3049 3bbf | 0001 0000 | 0f87 0301 
  0x000002662b7a2b30: 0000 4989 | bff0 0000 | 0048 c700 | 0100 0000 | 488b ca49 | ba00 0000 | 0008 0000 | 0049 2bca 
  0x000002662b7a2b50: 8948 0848 | 33c9 8948 | 0c48 33c9 | 4889 4810 | 4889 4818 | 4889 4820 | 4889 4828 

  0x000002662b7a2b6c: ;   {metadata(method data for {method} {0x0000000800069d10} 'requireNonNull' '(Ljava/lang/Object;)Ljava/lang/Object;' in 'java/util/Objects')}
  0x000002662b7a2b6c: 488b d048 | be20 df80 | 6766 0200 | 0048 8386 | 3001 0000 | 0148 8bd0 | 4889 4424 | 4066 0f1f 
  0x000002662b7a2b8c: ;   {optimized virtual_call}
  0x000002662b7a2b8c: 4400 00e8 

  0x000002662b7a2b90: ; ImmutableOopMap {[56]=Oop [64]=Oop [48]=Oop }
                      ;*invokespecial <init> {reexecute=0 rethrow=0 return_oop=0}
                      ; - java.util.Objects::requireNonNull@8 (line 208)
                      ; - java.util.Iterator::forEachRemaining@1 (line 131)
  0x000002662b7a2b90: eca1 47ff | 488b 4424 | 40e9 c300 

  0x000002662b7a2b9c: ;   {metadata({method} {0x000000080013aaa0} 'forEachRemaining' '(Ljava/util/function/Consumer;)V' in 'java/util/Iterator')}
  0x000002662b7a2b9c: 0000 49ba | 98aa 1300 | 0800 0000 | 4c89 5424 | 0848 c704 | 24ff ffff 

  0x000002662b7a2bb4: ;   {runtime_call counter_overflow Runtime1 stub}
  0x000002662b7a2bb4: ffe8 46a6 

  0x000002662b7a2bb8: ; ImmutableOopMap {rdx=Oop [48]=Oop r8=Oop [56]=Oop }
                      ;*synchronization entry
                      ; - java.util.Iterator::forEachRemaining@-1 (line 131)
  0x000002662b7a2bb8: 52ff e91f 

  0x000002662b7a2bbc: ;   {metadata({method} {0x0000000800069d10} 'requireNonNull' '(Ljava/lang/Object;)Ljava/lang/Object;' in 'java/util/Objects')}
  0x000002662b7a2bbc: fcff ff49 | ba08 9d06 | 0008 0000 | 004c 8954 | 2408 48c7 | 0424 ffff 

  0x000002662b7a2bd4: ;   {runtime_call counter_overflow Runtime1 stub}
  0x000002662b7a2bd4: ffff e825 

  0x000002662b7a2bd8: ; ImmutableOopMap {rdx=Oop [48]=Oop r8=Oop [56]=Oop }
                      ;*synchronization entry
                      ; - java.util.Objects::requireNonNull@-1 (line 207)
                      ; - java.util.Iterator::forEachRemaining@1 (line 131)
  0x000002662b7a2bd8: a652 ffe9 | 38fc ffff 

  0x000002662b7a2be0: ;   {runtime_call throw_null_pointer_exception Runtime1 stub}
  0x000002662b7a2be0: e83b 4352 

  0x000002662b7a2be4: ; ImmutableOopMap {[48]=Oop rax=Oop r8=Oop [56]=Oop }
                      ;*invokeinterface accept {reexecute=0 rethrow=0 return_oop=0}
                      ; - java.util.Iterator::forEachRemaining@21 (line 133)
                      ;   {metadata({method} {0x000000080013aaa0} 'forEachRemaining' '(Ljava/util/function/Consumer;)V' in 'java/util/Iterator')}
  0x000002662b7a2be4: ff49 ba98 | aa13 0008 | 0000 004c | 8954 2408 | 48c7 0424 | 1a00 0000 

  0x000002662b7a2bfc: ;   {runtime_call counter_overflow Runtime1 stub}
  0x000002662b7a2bfc: e8ff a552 

  0x000002662b7a2c00: ; ImmutableOopMap {[48]=Oop [56]=Oop }
                      ;*goto {reexecute=1 rethrow=0 return_oop=0}
                      ; - (reexecute) java.util.Iterator::forEachRemaining@26 (line 133)
  0x000002662b7a2c00: ffe9 eefd 

  0x000002662b7a2c04: ;   {internal_word}
  0x000002662b7a2c04: ffff 49ba | 022b 7a2b | 6602 0000 | 4d89 9750 

  0x000002662b7a2c14: ;   {runtime_call SafepointBlob}
  0x000002662b7a2c14: 0300 00e9 | e407 48ff 

  0x000002662b7a2c1c: ;   {metadata(NULL)}
  0x000002662b7a2c1c: 48ba 0000 | 0000 0000 | 0000 b800 

  0x000002662b7a2c28: ;   {runtime_call load_klass_patching Runtime1 stub}
  0x000002662b7a2c28: 0f05 0ae8 

  0x000002662b7a2c2c: ; ImmutableOopMap {[56]=Oop [48]=Oop }
                      ;*new {reexecute=1 rethrow=0 return_oop=0}
                      ; - (reexecute) java.util.Objects::requireNonNull@4 (line 208)
                      ; - java.util.Iterator::forEachRemaining@1 (line 131)
  0x000002662b7a2c2c: 5092 52ff | e9db feff | ff48 8bd2 

  0x000002662b7a2c38: ;   {runtime_call fast_new_instance Runtime1 stub}
  0x000002662b7a2c38: e8c3 4b52 

  0x000002662b7a2c3c: ; ImmutableOopMap {[56]=Oop [48]=Oop }
                      ;*new {reexecute=0 rethrow=0 return_oop=0}
                      ; - java.util.Objects::requireNonNull@4 (line 208)
                      ; - java.util.Iterator::forEachRemaining@1 (line 131)
  0x000002662b7a2c3c: ffe9 2aff | ffff 9090 | 498b 87c8 | 0300 0049 | c787 c803 | 0000 0000 | 0000 49c7 | 87d0 0300 
  0x000002662b7a2c5c: 0000 0000 | 0048 83c4 

  0x000002662b7a2c64: ;   {runtime_call unwind_exception Runtime1 stub}
  0x000002662b7a2c64: 505d e995 | 3c52 fff4 | f4f4 f4f4 | f4f4 f4f4 | f4f4 f4f4 | f4f4 f4f4 | f4f4 f4f4 
[Stub Code]
  0x000002662b7a2c80: ;   {no_reloc}
  0x000002662b7a2c80: 0f1f 4400 

  0x000002662b7a2c84: ;   {static_stub}
  0x000002662b7a2c84: 0048 bb00 | 0000 0000 

  0x000002662b7a2c8c: ;   {runtime_call}
  0x000002662b7a2c8c: 0000 00e9 | fbff ffff 

  0x000002662b7a2c94: ;   {static_stub}
  0x000002662b7a2c94: 9048 bb00 | 0000 0000 

  0x000002662b7a2c9c: ;   {runtime_call}
  0x000002662b7a2c9c: 0000 00e9 | fbff ffff 

  0x000002662b7a2ca4: ;   {static_stub}
  0x000002662b7a2ca4: 9048 bb00 | 0000 0000 

  0x000002662b7a2cac: ;   {runtime_call}
  0x000002662b7a2cac: 0000 00e9 | fbff ffff 

  0x000002662b7a2cb4: ;   {static_stub}
  0x000002662b7a2cb4: 9048 bb00 | 0000 0000 

  0x000002662b7a2cbc: ;   {runtime_call}
  0x000002662b7a2cbc: 0000 00e9 | fbff ffff 
[Exception Handler]
  0x000002662b7a2cc4: ;   {runtime_call handle_exception_from_callee Runtime1 stub}
  0x000002662b7a2cc4: e837 6052 

  0x000002662b7a2cc8: ;   {external_word}
  0x000002662b7a2cc8: ff48 b928 | 3f02 05fa | 7f00 0048 

  0x000002662b7a2cd4: ;   {runtime_call}
  0x000002662b7a2cd4: 83e4 f049 | ba60 e1cf | 04fa 7f00 | 0041 ffd2 

  0x000002662b7a2ce4: ;   {section_word}
  0x000002662b7a2ce4: f449 bae5 | 2c7a 2b66 | 0200 0041 

  0x000002662b7a2cf0: ;   {runtime_call DeoptimizationBlob}
  0x000002662b7a2cf0: 52e9 aaf9 | 47ff f4f4 
[/MachCode]


Compiled method (c1)    4242 2382       3       java.util.Spliterators$IteratorSpliterator::forEachRemaining (58 bytes)
 total in heap  [0x000002662b7a3b10,0x000002662b7a4388] = 2168
 relocation     [0x000002662b7a3c68,0x000002662b7a3ce8] = 128
 main code      [0x000002662b7a3d00,0x000002662b7a41c0] = 1216
 stub code      [0x000002662b7a41c0,0x000002662b7a4238] = 120
 metadata       [0x000002662b7a4238,0x000002662b7a4240] = 8
 scopes data    [0x000002662b7a4240,0x000002662b7a42a0] = 96
 scopes pcs     [0x000002662b7a42a0,0x000002662b7a4360] = 192
 dependencies   [0x000002662b7a4360,0x000002662b7a4368] = 8
 nul chk table  [0x000002662b7a4368,0x000002662b7a4388] = 32

[Constant Pool (empty)]

[MachCode]
[Entry Point]
  # {method} {0x00000008002f4ea0} 'forEachRemaining' '(Ljava/util/function/Consumer;)V' in 'java/util/Spliterators$IteratorSpliterator'
  # this:     rdx:rdx   = 'java/util/Spliterators$IteratorSpliterator'
  # parm0:    r8:r8     = 'java/util/function/Consumer'
  #           [sp+0x60]  (sp of caller)
  0x000002662b7a3d00: 448b 5208 | 49bb 0000 | 0000 0800 | 0000 4d03 | d34c 3bd0 

  0x000002662b7a3d14: ;   {runtime_call ic_miss_stub}
  0x000002662b7a3d14: 0f85 668d | 47ff 660f | 1f44 0000 
[Verified Entry Point]
  0x000002662b7a3d20: 8984 2400 | 90ff ff55 | 4883 ec50 | 4889 5424 

  0x000002662b7a3d30: ;   {metadata(method data for {method} {0x00000008002f4ea0} 'forEachRemaining' '(Ljava/util/function/Consumer;)V' in 'java/util/Spliterators$IteratorSpliterator')}
  0x000002662b7a3d30: 2048 be08 | 5d1b 6866 | 0200 008b | becc 0000 | 0083 c702 | 89be cc00 | 0000 81e7 | fe07 0000 
  0x000002662b7a3d50: 83ff 000f | 8495 0300 | 0049 83f8 

  0x000002662b7a3d5c: ;   {metadata(method data for {method} {0x00000008002f4ea0} 'forEachRemaining' '(Ljava/util/function/Consumer;)V' in 'java/util/Spliterators$IteratorSpliterator')}
  0x000002662b7a3d5c: 0048 be08 | 5d1b 6866 | 0200 0048 | bf20 0100 | 0000 0000 | 000f 840a | 0000 0048 | bf10 0100 
  0x000002662b7a3d7c: 0000 0000 | 0048 8b1c | 3e48 8d5b | 0148 891c | 3e0f 84cc | 0200 008b | 7220 48c1 | e603 4883 
  0x000002662b7a3d9c: ;   {metadata(method data for {method} {0x00000008002f4ea0} 'forEachRemaining' '(Ljava/util/function/Consumer;)V' in 'java/util/Spliterators$IteratorSpliterator')}
  0x000002662b7a3d9c: fe00 48bf | 085d 1b68 | 6602 0000 | 48bb 4001 | 0000 0000 | 0000 0f85 | 0a00 0000 | 48bb 5001 
  0x000002662b7a3dbc: 0000 0000 | 0000 488b | 041f 488d | 4001 4889 | 041f 0f85 | c601 0000 | 4c89 4424 | 288b 721c 
  0x000002662b7a3ddc: 48c1 e603 

  0x000002662b7a3de0: ; implicit exception: dispatches to 0x000002662b7a410f
  0x000002662b7a3de0: 483b 0648 

  0x000002662b7a3de4: ;   {metadata(method data for {method} {0x00000008002f4ea0} 'forEachRemaining' '(Ljava/util/function/Consumer;)V' in 'java/util/Spliterators$IteratorSpliterator')}
  0x000002662b7a3de4: 8bfe 48bb | 085d 1b68 | 6602 0000 | 8b7f 0849 | ba00 0000 | 0008 0000 | 0049 03fa | 483b bb70 
  0x000002662b7a3e04: 0100 0075 | 0d48 8383 | 7801 0000 | 01e9 6600 | 0000 483b | bb80 0100 | 0075 0d48 | 8383 8801 
  0x000002662b7a3e24: 0000 01e9 | 5000 0000 | 4881 bb70 | 0100 0000 | 0000 0075 | 1748 89bb | 7001 0000 | 48c7 8378 
  0x000002662b7a3e44: 0100 0001 | 0000 00e9 | 2c00 0000 | 4881 bb80 | 0100 0000 | 0000 0075 | 1748 89bb | 8001 0000 
  0x000002662b7a3e64: 48c7 8388 | 0100 0001 | 0000 00e9 | 0800 0000 | 4883 8360 | 0100 0001 | 488b d666 | 0f1f 4400 
  0x000002662b7a3e84: 0048 b8d0 | a910 0008 

  0x000002662b7a3e8c: ;   {virtual_call}
  0x000002662b7a3e8c: 0000 00e8 

  0x000002662b7a3e90: ; ImmutableOopMap {[40]=Oop [32]=Oop }
                      ;*invokeinterface iterator {reexecute=0 rethrow=0 return_oop=0}
                      ; - java.util.Spliterators$IteratorSpliterator::forEachRemaining@26 (line 1842)
  0x000002662b7a3e90: ac3f 1d07 | 410f be57 | 3883 fa00 | 488b 5424 | 200f 856d | 0200 004c | 8bd0 49c1 | ea03 4489 
  0x000002662b7a3eb0: 5220 488b | f248 33f0 | 48c1 ee18 | 4883 fe00 | 0f85 6d02 | 0000 8b72 | 1c48 c1e6 | 0348 3b06 
  0x000002662b7a3ed0: ;   {metadata(method data for {method} {0x00000008002f4ea0} 'forEachRemaining' '(Ljava/util/function/Consumer;)V' in 'java/util/Spliterators$IteratorSpliterator')}
  0x000002662b7a3ed0: 488b fe48 | bb08 5d1b | 6866 0200 | 008b 7f08 | 49ba 0000 | 0000 0800 | 0000 4903 | fa48 3bbb 
  0x000002662b7a3ef0: a801 0000 | 750d 4883 | 83b0 0100 | 0001 e966 | 0000 0048 | 3bbb b801 | 0000 750d | 4883 83c0 
  0x000002662b7a3f10: 0100 0001 | e950 0000 | 0048 81bb | a801 0000 | 0000 0000 | 7517 4889 | bba8 0100 | 0048 c783 
  0x000002662b7a3f30: b001 0000 | 0100 0000 | e92c 0000 | 0048 81bb | b801 0000 | 0000 0000 | 7517 4889 | bbb8 0100 
  0x000002662b7a3f50: 0048 c783 | c001 0000 | 0100 0000 | e908 0000 | 0048 8383 | 9801 0000 | 0148 8bd6 | 4889 4424 
  0x000002662b7a3f70: 300f 1f40 | 0048 b8d0 | a910 0008 

  0x000002662b7a3f7c: ;   {virtual_call}
  0x000002662b7a3f7c: 0000 00e8 

  0x000002662b7a3f80: ; ImmutableOopMap {[40]=Oop [32]=Oop [48]=Oop }
                      ;*invokeinterface size {reexecute=0 rethrow=0 return_oop=0}
                      ; - java.util.Spliterators$IteratorSpliterator::forEachRemaining@41 (line 1843)
  0x000002662b7a3f80: fcb1 1d07 | 4863 c048 | 8b54 2420 | 4889 4210 | 488b 7424 | 304c 8b44 | 2428 483b | 0648 8bd6 
  0x000002662b7a3fa0: ;   {metadata(method data for {method} {0x00000008002f4ea0} 'forEachRemaining' '(Ljava/util/function/Consumer;)V' in 'java/util/Spliterators$IteratorSpliterator')}
  0x000002662b7a3fa0: 48bf 085d | 1b68 6602 | 0000 8b52 | 0849 ba00 | 0000 0008 | 0000 0049 | 03d2 483b | 97e0 0100 
  0x000002662b7a3fc0: 0075 0d48 | 8387 e801 | 0000 01e9 | 6600 0000 | 483b 97f0 | 0100 0075 | 0d48 8387 | f801 0000 
  0x000002662b7a3fe0: 01e9 5000 | 0000 4881 | bfe0 0100 | 0000 0000 | 0075 1748 | 8997 e001 | 0000 48c7 | 87e8 0100 
  0x000002662b7a4000: 0001 0000 | 00e9 2c00 | 0000 4881 | bff0 0100 | 0000 0000 | 0075 1748 | 8997 f001 | 0000 48c7 
  0x000002662b7a4020: 87f8 0100 | 0001 0000 | 00e9 0800 | 0000 4883 | 87d0 0100 | 0001 488b | d60f 1f40 | 0048 b840 
  0x000002662b7a4040: 8763 7b66 

  0x000002662b7a4044: ;   {virtual_call}
  0x000002662b7a4044: 0200 00e8 

  0x000002662b7a4048: ; ImmutableOopMap {}
                      ;*invokeinterface forEachRemaining {reexecute=0 rethrow=0 return_oop=0}
                      ; - java.util.Spliterators$IteratorSpliterator::forEachRemaining@52 (line 1845)
  0x000002662b7a4048: 5411 53ff | 4883 c450 

  0x000002662b7a4050: ;   {poll_return}
  0x000002662b7a4050: 5d49 3ba7 | 3803 0000 | 0f87 f700 | 0000 c390 

  0x000002662b7a4060: ;   {no_reloc}
  0x000002662b7a4060: e915 0100 | 0000 0000 | 0000 498b | 87f0 0000 | 0048 8d78 | 3049 3bbf | 0001 0000 | 0f87 0201 
  0x000002662b7a4080: 0000 4989 | bff0 0000 | 0048 c700 | 0100 0000 | 488b ca49 | ba00 0000 | 0008 0000 | 0049 2bca 
  0x000002662b7a40a0: 8948 0848 | 33c9 8948 | 0c48 33c9 | 4889 4810 | 4889 4818 | 4889 4820 | 4889 4828 

  0x000002662b7a40bc: ;   {metadata(method data for {method} {0x00000008002f4ea0} 'forEachRemaining' '(Ljava/util/function/Consumer;)V' in 'java/util/Spliterators$IteratorSpliterator')}
  0x000002662b7a40bc: 488b d048 | be08 5d1b | 6866 0200 | 0048 8386 | 3001 0000 | 0148 8bd0 | 4889 4424 | 3866 0f1f 
  0x000002662b7a40dc: ;   {optimized virtual_call}
  0x000002662b7a40dc: 4400 00e8 

  0x000002662b7a40e0: ; ImmutableOopMap {[56]=Oop }
                      ;*invokespecial <init> {reexecute=0 rethrow=0 return_oop=0}
                      ; - java.util.Spliterators$IteratorSpliterator::forEachRemaining@8 (line 1839)
  0x000002662b7a40e0: 9c8c 47ff | 488b 4424 | 38e9 c200 

  0x000002662b7a40ec: ;   {metadata({method} {0x00000008002f4ea0} 'forEachRemaining' '(Ljava/util/function/Consumer;)V' in 'java/util/Spliterators$IteratorSpliterator')}
  0x000002662b7a40ec: 0000 49ba | 984e 2f00 | 0800 0000 | 4c89 5424 | 0848 c704 | 24ff ffff 

  0x000002662b7a4104: ;   {runtime_call counter_overflow Runtime1 stub}
  0x000002662b7a4104: ffe8 f690 

  0x000002662b7a4108: ; ImmutableOopMap {rdx=Oop [32]=Oop r8=Oop }
                      ;*synchronization entry
                      ; - java.util.Spliterators$IteratorSpliterator::forEachRemaining@-1 (line 1839)
  0x000002662b7a4108: 52ff e94a 

  0x000002662b7a410c: ;   {runtime_call throw_null_pointer_exception Runtime1 stub}
  0x000002662b7a410c: fcff ffe8 

  0x000002662b7a4110: ; ImmutableOopMap {[40]=Oop rdx=Oop [32]=Oop rsi=Oop }
                      ;*invokeinterface iterator {reexecute=0 rethrow=0 return_oop=0}
                      ; - java.util.Spliterators$IteratorSpliterator::forEachRemaining@26 (line 1842)
  0x000002662b7a4110: 0c2e 52ff | 8b72 2048 | c1e6 0348 | 83fe 000f | 8482 fdff | ff48 8934 

  0x000002662b7a4128: ;   {runtime_call g1_pre_barrier_slow}
  0x000002662b7a4128: 24e8 d296 | 52ff e974 | fdff ff48 | 83f8 000f | 8489 fdff | ff48 8914 

  0x000002662b7a4140: ;   {runtime_call g1_post_barrier_slow}
  0x000002662b7a4140: 24e8 ba99 | 52ff e97b 

  0x000002662b7a4148: ;   {runtime_call throw_null_pointer_exception Runtime1 stub}
  0x000002662b7a4148: fdff ffe8 

  0x000002662b7a414c: ; ImmutableOopMap {[40]=Oop rax=Oop rdx=Oop [32]=Oop rsi=Oop }
                      ;*invokeinterface size {reexecute=0 rethrow=0 return_oop=0}
                      ; - java.util.Spliterators$IteratorSpliterator::forEachRemaining@41 (line 1843)
  0x000002662b7a414c: d02d 52ff 

  0x000002662b7a4150: ;   {runtime_call throw_null_pointer_exception Runtime1 stub}
  0x000002662b7a4150: e8cb 2d52 

  0x000002662b7a4154: ; ImmutableOopMap {rsi=Oop r8=Oop }
                      ;*invokeinterface forEachRemaining {reexecute=0 rethrow=0 return_oop=0}
                      ; - java.util.Spliterators$IteratorSpliterator::forEachRemaining@52 (line 1845)
                      ;   {internal_word}
  0x000002662b7a4154: ff49 ba51 | 407a 2b66 | 0200 004d | 8997 5003 

  0x000002662b7a4164: ;   {runtime_call SafepointBlob}
  0x000002662b7a4164: 0000 e995 

  0x000002662b7a4168: ;   {metadata(NULL)}
  0x000002662b7a4168: f247 ff48 | ba00 0000 | 0000 0000 | 00b8 000f 

  0x000002662b7a4178: ;   {runtime_call load_klass_patching Runtime1 stub}
  0x000002662b7a4178: 050a e801 

  0x000002662b7a417c: ; ImmutableOopMap {}
                      ;*new {reexecute=1 rethrow=0 return_oop=0}
                      ; - (reexecute) java.util.Spliterators$IteratorSpliterator::forEachRemaining@4 (line 1839)
  0x000002662b7a417c: 7d52 ffe9 | dcfe ffff 

  0x000002662b7a4184: ;   {runtime_call fast_new_instance Runtime1 stub}
  0x000002662b7a4184: 488b d2e8 

  0x000002662b7a4188: ; ImmutableOopMap {}
                      ;*new {reexecute=0 rethrow=0 return_oop=0}
                      ; - java.util.Spliterators$IteratorSpliterator::forEachRemaining@4 (line 1839)
  0x000002662b7a4188: 7436 52ff | e92b ffff | ff90 9049 | 8b87 c803 | 0000 49c7 | 87c8 0300 | 0000 0000 | 0049 c787 
  0x000002662b7a41a8: d003 0000 | 0000 0000 | 4883 c450 

  0x000002662b7a41b4: ;   {runtime_call unwind_exception Runtime1 stub}
  0x000002662b7a41b4: 5de9 4627 | 52ff f4f4 | f4f4 f4f4 
[Stub Code]
  0x000002662b7a41c0: ;   {no_reloc}
  0x000002662b7a41c0: 0f1f 4400 

  0x000002662b7a41c4: ;   {static_stub}
  0x000002662b7a41c4: 0048 bb00 | 0000 0000 

  0x000002662b7a41cc: ;   {runtime_call}
  0x000002662b7a41cc: 0000 00e9 | fbff ffff 

  0x000002662b7a41d4: ;   {static_stub}
  0x000002662b7a41d4: 9048 bb00 | 0000 0000 

  0x000002662b7a41dc: ;   {runtime_call}
  0x000002662b7a41dc: 0000 00e9 | fbff ffff 

  0x000002662b7a41e4: ;   {static_stub}
  0x000002662b7a41e4: 9048 bb00 | 0000 0000 

  0x000002662b7a41ec: ;   {runtime_call}
  0x000002662b7a41ec: 0000 00e9 | fbff ffff 

  0x000002662b7a41f4: ;   {static_stub}
  0x000002662b7a41f4: 9048 bb00 | 0000 0000 

  0x000002662b7a41fc: ;   {runtime_call}
  0x000002662b7a41fc: 0000 00e9 | fbff ffff 
[Exception Handler]
  0x000002662b7a4204: ;   {runtime_call handle_exception_from_callee Runtime1 stub}
  0x000002662b7a4204: e8f7 4a52 

  0x000002662b7a4208: ;   {external_word}
  0x000002662b7a4208: ff48 b928 | 3f02 05fa | 7f00 0048 

  0x000002662b7a4214: ;   {runtime_call}
  0x000002662b7a4214: 83e4 f049 | ba60 e1cf | 04fa 7f00 | 0041 ffd2 

  0x000002662b7a4224: ;   {section_word}
  0x000002662b7a4224: f449 ba25 | 427a 2b66 | 0200 0041 

  0x000002662b7a4230: ;   {runtime_call DeoptimizationBlob}
  0x000002662b7a4230: 52e9 6ae4 | 47ff f4f4 
[/MachCode]


---------------  P R O C E S S  ---------------

Threads class SMR info:
_java_thread_list=0x000002667ae76b90, length=13, elements={
0x000002661f0aedc0, 0x000002662297b1d0, 0x000002662297e560, 0x0000026622997680,
0x0000026622997b40, 0x00000266229a2af0, 0x00000266229a33c0, 0x00000266229aabb0,
0x00000266229b9fa0, 0x00000266229c1f90, 0x0000026622b0df30, 0x0000026622b10820,
0x000002666c20c170
}

Java Threads: ( => current thread )
=>0x000002661f0aedc0 JavaThread "main" [_thread_in_native, id=13488, stack(0x000000dc8fc00000,0x000000dc8fd00000)]
  0x000002662297b1d0 JavaThread "Reference Handler" daemon [_thread_blocked, id=11008, stack(0x000000dc90700000,0x000000dc90800000)]
  0x000002662297e560 JavaThread "Finalizer" daemon [_thread_blocked, id=36224, stack(0x000000dc90800000,0x000000dc90900000)]
  0x0000026622997680 JavaThread "Signal Dispatcher" daemon [_thread_blocked, id=46112, stack(0x000000dc90900000,0x000000dc90a00000)]
  0x0000026622997b40 JavaThread "Attach Listener" daemon [_thread_blocked, id=29612, stack(0x000000dc90a00000,0x000000dc90b00000)]
  0x00000266229a2af0 JavaThread "Service Thread" daemon [_thread_blocked, id=29216, stack(0x000000dc90b00000,0x000000dc90c00000)]
  0x00000266229a33c0 JavaThread "Monitor Deflation Thread" daemon [_thread_blocked, id=38900, stack(0x000000dc90c00000,0x000000dc90d00000)]
  0x00000266229aabb0 JavaThread "C2 CompilerThread0" daemon [_thread_blocked, id=9344, stack(0x000000dc90d00000,0x000000dc90e00000)]
  0x00000266229b9fa0 JavaThread "C1 CompilerThread0" daemon [_thread_blocked, id=46164, stack(0x000000dc90e00000,0x000000dc90f00000)]
  0x00000266229c1f90 JavaThread "Sweeper thread" daemon [_thread_blocked, id=26308, stack(0x000000dc90f00000,0x000000dc91000000)]
  0x0000026622b0df30 JavaThread "Notification Thread" daemon [_thread_blocked, id=24744, stack(0x000000dc91100000,0x000000dc91200000)]
  0x0000026622b10820 JavaThread "Common-Cleaner" daemon [_thread_blocked, id=28060, stack(0x000000dc91300000,0x000000dc91400000)]
  0x000002666c20c170 JavaThread "C2 CompilerThread1" daemon [_thread_blocked, id=22344, stack(0x000000dc91400000,0x000000dc91500000)]

Other Threads:
  0x00000266227bf770 VMThread "VM Thread" [stack: 0x000000dc90600000,0x000000dc90700000] [id=10168]
  0x0000026622b10400 WatcherThread "VM Periodic Task Thread" [stack: 0x000000dc91200000,0x000000dc91300000] [id=28508]
  0x000002662275cdc0 WorkerThread "GC Thread#0" [stack: 0x000000dc90100000,0x000000dc90200000] [id=30316]
  0x000002666c0c92c0 WorkerThread "GC Thread#1" [stack: 0x000000dc92400000,0x000000dc92500000] [id=25136]
  0x000002666c0c8300 WorkerThread "GC Thread#2" [stack: 0x000000dc92500000,0x000000dc92600000] [id=28924]
  0x000002666c0c7b20 WorkerThread "GC Thread#3" [stack: 0x000000dc92600000,0x000000dc92700000] [id=5520]
  0x000002666c0cafa0 WorkerThread "GC Thread#4" [stack: 0x000000dc92700000,0x000000dc92800000] [id=9712]
  0x000002666c0cb4e0 WorkerThread "GC Thread#5" [stack: 0x000000dc92800000,0x000000dc92900000] [id=21864]
  0x000002666c0c9020 WorkerThread "GC Thread#6" [stack: 0x000000dc92900000,0x000000dc92a00000] [id=32160]
  0x000002666c0c9800 WorkerThread "GC Thread#7" [stack: 0x000000dc92a00000,0x000000dc92b00000] [id=29692]
  0x000002666c0cb240 WorkerThread "GC Thread#8" [stack: 0x000000dc92b00000,0x000000dc92c00000] [id=5344]
  0x000002666c0c7880 WorkerThread "GC Thread#9" [stack: 0x000000dc92c00000,0x000000dc92d00000] [id=21972]
  0x000002666c0c9aa0 WorkerThread "GC Thread#10" [stack: 0x000000dc92d00000,0x000000dc92e00000] [id=27708]
  0x000002666c0c9d40 WorkerThread "GC Thread#11" [stack: 0x000000dc92e00000,0x000000dc92f00000] [id=26640]
  0x000002666c0c9fe0 WorkerThread "GC Thread#12" [stack: 0x000000dc92f00000,0x000000dc93000000] [id=16652]
  0x000002666c0ca280 WorkerThread "GC Thread#13" [stack: 0x000000dc93000000,0x000000dc93100000] [id=37916]
  0x000002666c0c8ae0 WorkerThread "GC Thread#14" [stack: 0x000000dc93100000,0x000000dc93200000] [id=27336]
  0x000002666c0c8d80 WorkerThread "GC Thread#15" [stack: 0x000000dc93200000,0x000000dc93300000] [id=1392]
  0x000002666c0ca520 WorkerThread "GC Thread#16" [stack: 0x000000dc93300000,0x000000dc93400000] [id=31916]
  0x000002666c0ca7c0 WorkerThread "GC Thread#17" [stack: 0x000000dc93400000,0x000000dc93500000] [id=44124]
  0x000002666c0c7dc0 WorkerThread "GC Thread#18" [stack: 0x000000dc93500000,0x000000dc93600000] [id=44104]
  0x000002666c0caa60 WorkerThread "GC Thread#19" [stack: 0x000000dc93600000,0x000000dc93700000] [id=2316]
  0x000002666c0c85a0 WorkerThread "GC Thread#20" [stack: 0x000000dc93700000,0x000000dc93800000] [id=18156]
  0x000002666c0cad00 WorkerThread "GC Thread#21" [stack: 0x000000dc93800000,0x000000dc93900000] [id=35740]
  0x000002666c0c8060 WorkerThread "GC Thread#22" [stack: 0x000000dc93900000,0x000000dc93a00000] [id=45400]
  0x000002662276c860 ConcurrentGCThread "G1 Main Marker" [stack: 0x000000dc90200000,0x000000dc90300000] [id=31200]
  0x000002662276d800 WorkerThread "G1 Conc#0" [stack: 0x000000dc90300000,0x000000dc90400000] [id=41896]
  0x000002667bacf940 WorkerThread "G1 Conc#1" [stack: 0x000000dc93b00000,0x000000dc93c00000] [id=37756]
  0x000002667bacf400 WorkerThread "G1 Conc#2" [stack: 0x000000dc93c00000,0x000000dc93d00000] [id=24356]
  0x000002667bacf6a0 WorkerThread "G1 Conc#3" [stack: 0x000000dc93d00000,0x000000dc93e00000] [id=40192]
  0x000002667baccca0 WorkerThread "G1 Conc#4" [stack: 0x000000dc93e00000,0x000000dc93f00000] [id=38376]
  0x000002667baceec0 WorkerThread "G1 Conc#5" [stack: 0x000000dc93f00000,0x000000dc94000000] [id=44524]
  0x00000266225da270 ConcurrentGCThread "G1 Refine#0" [stack: 0x000000dc90400000,0x000000dc90500000] [id=10204]
  0x000002662282d010 ConcurrentGCThread "G1 Service" [stack: 0x000000dc90500000,0x000000dc90600000] [id=25540]

Threads with active compile tasks:

VM state: not at safepoint (normal execution)

VM Mutex/Monitor currently owned by a thread: None

Heap address: 0x00000000a0000000, size: 30208 MB, Compressed Oops mode: Zero based, Oop shift amount: 3

CDS archive(s) mapped at: [0x0000000800000000-0x0000000800ba0000-0x0000000800ba0000), size 12189696, SharedBaseAddress: 0x0000000800000000, ArchiveRelocationMode: 0.
Compressed class space mapped at: 0x0000000800c00000-0x0000000840c00000, reserved size: 1073741824
Narrow klass base: 0x0000000800000000, Narrow klass shift: 0, Narrow klass range: 0x100000000

GC Precious Log:
 CardTable entry size: 512
 Card Set container configuration: InlinePtr #cards 3 size 8 Array Of Cards #cards 128 size 272 Howl #buckets 8 coarsen threshold 29491 Howl Bitmap #cards 4096 size 528 coarsen threshold 3686 Card regions per heap region 1 cards per card region 32768
 CPUs: 32 total, 32 available
 Memory: 127G
 Large Page Support: Disabled
 NUMA Support: Disabled
 Compressed Oops: Enabled (Zero based)
 Heap Region Size: 16M
 Heap Min Capacity: 16M
 Heap Initial Capacity: 2G
 Heap Max Capacity: 30208M
 Pre-touch: Disabled
 Parallel Workers: 23
 Concurrent Workers: 6
 Concurrent Refinement Workers: 23
 Periodic GC: Disabled

Heap:
 garbage-first heap   total 1130496K, used 210325K [0x00000000a0000000, 0x0000000800000000)
  region size 16384K, 14 young (229376K), 1 survivors (16384K)
 Metaspace       used 24037K, committed 24384K, reserved 1114112K
  class space    used 2531K, committed 2688K, reserved 1048576K

Heap Regions: E=young(eden), S=young(survivor), O=old, HS=humongous(starts), HC=humongous(continues), CS=collection set, F=free, OA=open archive, CA=closed archive, TAMS=top-at-mark-start (previous, next)
|   0|0x00000000a0000000, 0x00000000a0c0ce00, 0x00000000a1000000| 75%| O|  |TAMS 0x00000000a0000000, 0x00000000a0000000| Untracked 
|   1|0x00000000a1000000, 0x00000000a1000000, 0x00000000a2000000|  0%| F|  |TAMS 0x00000000a1000000, 0x00000000a1000000| Untracked 
|   2|0x00000000a2000000, 0x00000000a2000000, 0x00000000a3000000|  0%| F|  |TAMS 0x00000000a2000000, 0x00000000a2000000| Untracked 
|   3|0x00000000a3000000, 0x00000000a3000000, 0x00000000a4000000|  0%| F|  |TAMS 0x00000000a3000000, 0x00000000a3000000| Untracked 
|   4|0x00000000a4000000, 0x00000000a4000000, 0x00000000a5000000|  0%| F|  |TAMS 0x00000000a4000000, 0x00000000a4000000| Untracked 
|   5|0x00000000a5000000, 0x00000000a5000000, 0x00000000a6000000|  0%| F|  |TAMS 0x00000000a5000000, 0x00000000a5000000| Untracked 
|   6|0x00000000a6000000, 0x00000000a6000000, 0x00000000a7000000|  0%| F|  |TAMS 0x00000000a6000000, 0x00000000a6000000| Untracked 
|   7|0x00000000a7000000, 0x00000000a7000000, 0x00000000a8000000|  0%| F|  |TAMS 0x00000000a7000000, 0x00000000a7000000| Untracked 
|   8|0x00000000a8000000, 0x00000000a8000000, 0x00000000a9000000|  0%| F|  |TAMS 0x00000000a8000000, 0x00000000a8000000| Untracked 
|   9|0x00000000a9000000, 0x00000000a9000000, 0x00000000aa000000|  0%| F|  |TAMS 0x00000000a9000000, 0x00000000a9000000| Untracked 
|  10|0x00000000aa000000, 0x00000000aa000000, 0x00000000ab000000|  0%| F|  |TAMS 0x00000000aa000000, 0x00000000aa000000| Untracked 
|  11|0x00000000ab000000, 0x00000000ab000000, 0x00000000ac000000|  0%| F|  |TAMS 0x00000000ab000000, 0x00000000ab000000| Untracked 
|  12|0x00000000ac000000, 0x00000000ac000000, 0x00000000ad000000|  0%| F|  |TAMS 0x00000000ac000000, 0x00000000ac000000| Untracked 
|  13|0x00000000ad000000, 0x00000000ad000000, 0x00000000ae000000|  0%| F|  |TAMS 0x00000000ad000000, 0x00000000ad000000| Untracked 
|  14|0x00000000ae000000, 0x00000000ae000000, 0x00000000af000000|  0%| F|  |TAMS 0x00000000ae000000, 0x00000000ae000000| Untracked 
|  15|0x00000000af000000, 0x00000000af000000, 0x00000000b0000000|  0%| F|  |TAMS 0x00000000af000000, 0x00000000af000000| Untracked 
|  16|0x00000000b0000000, 0x00000000b0000000, 0x00000000b1000000|  0%| F|  |TAMS 0x00000000b0000000, 0x00000000b0000000| Untracked 
|  17|0x00000000b1000000, 0x00000000b1000000, 0x00000000b2000000|  0%| F|  |TAMS 0x00000000b1000000, 0x00000000b1000000| Untracked 
|  18|0x00000000b2000000, 0x00000000b2000000, 0x00000000b3000000|  0%| F|  |TAMS 0x00000000b2000000, 0x00000000b2000000| Untracked 
|  19|0x00000000b3000000, 0x00000000b3000000, 0x00000000b4000000|  0%| F|  |TAMS 0x00000000b3000000, 0x00000000b3000000| Untracked 
|  20|0x00000000b4000000, 0x00000000b4000000, 0x00000000b5000000|  0%| F|  |TAMS 0x00000000b4000000, 0x00000000b4000000| Untracked 
|  21|0x00000000b5000000, 0x00000000b5000000, 0x00000000b6000000|  0%| F|  |TAMS 0x00000000b5000000, 0x00000000b5000000| Untracked 
|  22|0x00000000b6000000, 0x00000000b6000000, 0x00000000b7000000|  0%| F|  |TAMS 0x00000000b6000000, 0x00000000b6000000| Untracked 
|  23|0x00000000b7000000, 0x00000000b7000000, 0x00000000b8000000|  0%| F|  |TAMS 0x00000000b7000000, 0x00000000b7000000| Untracked 
|  24|0x00000000b8000000, 0x00000000b8000000, 0x00000000b9000000|  0%| F|  |TAMS 0x00000000b8000000, 0x00000000b8000000| Untracked 
|  25|0x00000000b9000000, 0x00000000b9000000, 0x00000000ba000000|  0%| F|  |TAMS 0x00000000b9000000, 0x00000000b9000000| Untracked 
|  26|0x00000000ba000000, 0x00000000ba000000, 0x00000000bb000000|  0%| F|  |TAMS 0x00000000ba000000, 0x00000000ba000000| Untracked 
|  27|0x00000000bb000000, 0x00000000bb000000, 0x00000000bc000000|  0%| F|  |TAMS 0x00000000bb000000, 0x00000000bb000000| Untracked 
|  28|0x00000000bc000000, 0x00000000bc158948, 0x00000000bd000000|  8%| S|CS|TAMS 0x00000000bc000000, 0x00000000bc000000| Complete 
|  29|0x00000000bd000000, 0x00000000bd000000, 0x00000000be000000|  0%| F|  |TAMS 0x00000000bd000000, 0x00000000bd000000| Untracked 
|  30|0x00000000be000000, 0x00000000be000000, 0x00000000bf000000|  0%| F|  |TAMS 0x00000000be000000, 0x00000000be000000| Untracked 
|  31|0x00000000bf000000, 0x00000000bf000000, 0x00000000c0000000|  0%| F|  |TAMS 0x00000000bf000000, 0x00000000bf000000| Untracked 
|  32|0x00000000c0000000, 0x00000000c0000000, 0x00000000c1000000|  0%| F|  |TAMS 0x00000000c0000000, 0x00000000c0000000| Untracked 
|  33|0x00000000c1000000, 0x00000000c1000000, 0x00000000c2000000|  0%| F|  |TAMS 0x00000000c1000000, 0x00000000c1000000| Untracked 
|  34|0x00000000c2000000, 0x00000000c2000000, 0x00000000c3000000|  0%| F|  |TAMS 0x00000000c2000000, 0x00000000c2000000| Untracked 
|  35|0x00000000c3000000, 0x00000000c3000000, 0x00000000c4000000|  0%| F|  |TAMS 0x00000000c3000000, 0x00000000c3000000| Untracked 
|  36|0x00000000c4000000, 0x00000000c4000000, 0x00000000c5000000|  0%| F|  |TAMS 0x00000000c4000000, 0x00000000c4000000| Untracked 
|  37|0x00000000c5000000, 0x00000000c5000000, 0x00000000c6000000|  0%| F|  |TAMS 0x00000000c5000000, 0x00000000c5000000| Untracked 
|  38|0x00000000c6000000, 0x00000000c6000000, 0x00000000c7000000|  0%| F|  |TAMS 0x00000000c6000000, 0x00000000c6000000| Untracked 
|  39|0x00000000c7000000, 0x00000000c7000000, 0x00000000c8000000|  0%| F|  |TAMS 0x00000000c7000000, 0x00000000c7000000| Untracked 
|  40|0x00000000c8000000, 0x00000000c8000000, 0x00000000c9000000|  0%| F|  |TAMS 0x00000000c8000000, 0x00000000c8000000| Untracked 
|  41|0x00000000c9000000, 0x00000000c9000000, 0x00000000ca000000|  0%| F|  |TAMS 0x00000000c9000000, 0x00000000c9000000| Untracked 
|  42|0x00000000ca000000, 0x00000000ca000000, 0x00000000cb000000|  0%| F|  |TAMS 0x00000000ca000000, 0x00000000ca000000| Untracked 
|  43|0x00000000cb000000, 0x00000000cb000000, 0x00000000cc000000|  0%| F|  |TAMS 0x00000000cb000000, 0x00000000cb000000| Untracked 
|  44|0x00000000cc000000, 0x00000000cc000000, 0x00000000cd000000|  0%| F|  |TAMS 0x00000000cc000000, 0x00000000cc000000| Untracked 
|  45|0x00000000cd000000, 0x00000000cd000000, 0x00000000ce000000|  0%| F|  |TAMS 0x00000000cd000000, 0x00000000cd000000| Untracked 
|  46|0x00000000ce000000, 0x00000000ce000000, 0x00000000cf000000|  0%| F|  |TAMS 0x00000000ce000000, 0x00000000ce000000| Untracked 
|  47|0x00000000cf000000, 0x00000000cf000000, 0x00000000d0000000|  0%| F|  |TAMS 0x00000000cf000000, 0x00000000cf000000| Untracked 
|  48|0x00000000d0000000, 0x00000000d0000000, 0x00000000d1000000|  0%| F|  |TAMS 0x00000000d0000000, 0x00000000d0000000| Untracked 
|  49|0x00000000d1000000, 0x00000000d1000000, 0x00000000d2000000|  0%| F|  |TAMS 0x00000000d1000000, 0x00000000d1000000| Untracked 
|  50|0x00000000d2000000, 0x00000000d2000000, 0x00000000d3000000|  0%| F|  |TAMS 0x00000000d2000000, 0x00000000d2000000| Untracked 
|  51|0x00000000d3000000, 0x00000000d3000000, 0x00000000d4000000|  0%| F|  |TAMS 0x00000000d3000000, 0x00000000d3000000| Untracked 
|  52|0x00000000d4000000, 0x00000000d4000000, 0x00000000d5000000|  0%| F|  |TAMS 0x00000000d4000000, 0x00000000d4000000| Untracked 
|  53|0x00000000d5000000, 0x00000000d5000000, 0x00000000d6000000|  0%| F|  |TAMS 0x00000000d5000000, 0x00000000d5000000| Untracked 
|  54|0x00000000d6000000, 0x00000000d6000000, 0x00000000d7000000|  0%| F|  |TAMS 0x00000000d6000000, 0x00000000d6000000| Untracked 
|  55|0x00000000d7000000, 0x00000000d7000000, 0x00000000d8000000|  0%| F|  |TAMS 0x00000000d7000000, 0x00000000d7000000| Untracked 
|  56|0x00000000d8000000, 0x00000000d9000000, 0x00000000d9000000|100%| E|  |TAMS 0x00000000d8000000, 0x00000000d8000000| Complete 
|  57|0x00000000d9000000, 0x00000000da000000, 0x00000000da000000|100%| E|CS|TAMS 0x00000000d9000000, 0x00000000d9000000| Complete 
|  58|0x00000000da000000, 0x00000000db000000, 0x00000000db000000|100%| E|CS|TAMS 0x00000000da000000, 0x00000000da000000| Complete 
|  59|0x00000000db000000, 0x00000000dc000000, 0x00000000dc000000|100%| E|CS|TAMS 0x00000000db000000, 0x00000000db000000| Complete 
|  60|0x00000000dc000000, 0x00000000dd000000, 0x00000000dd000000|100%| E|CS|TAMS 0x00000000dc000000, 0x00000000dc000000| Complete 
|  61|0x00000000dd000000, 0x00000000de000000, 0x00000000de000000|100%| E|CS|TAMS 0x00000000dd000000, 0x00000000dd000000| Complete 
|  62|0x00000000de000000, 0x00000000df000000, 0x00000000df000000|100%| E|CS|TAMS 0x00000000de000000, 0x00000000de000000| Complete 
|  63|0x00000000df000000, 0x00000000e0000000, 0x00000000e0000000|100%| E|CS|TAMS 0x00000000df000000, 0x00000000df000000| Complete 
|  64|0x00000000e0000000, 0x00000000e1000000, 0x00000000e1000000|100%| E|CS|TAMS 0x00000000e0000000, 0x00000000e0000000| Complete 
|  65|0x00000000e1000000, 0x00000000e2000000, 0x00000000e2000000|100%| E|CS|TAMS 0x00000000e1000000, 0x00000000e1000000| Complete 
|  66|0x00000000e2000000, 0x00000000e3000000, 0x00000000e3000000|100%| E|CS|TAMS 0x00000000e2000000, 0x00000000e2000000| Complete 
| 103|0x0000000107000000, 0x0000000108000000, 0x0000000108000000|100%| E|CS|TAMS 0x0000000107000000, 0x0000000107000000| Complete 
| 127|0x000000011f000000, 0x0000000120000000, 0x0000000120000000|100%| E|CS|TAMS 0x000000011f000000, 0x000000011f000000| Complete 

Card table byte_map: [0x000002663ed30000,0x0000026642830000] _byte_map_base: 0x000002663e830000

Marking Bits (Prev, Next): (CMBitMap*) 0x000002662275d210, (CMBitMap*) 0x000002662275d1d0
 Prev Bits: [0x0000026600000000, 0x000002661d800000)
 Next Bits: [0x0000026646330000, 0x0000026663b30000)

Polling page: 0x000002661f4b0000

Metaspace:

Usage:
  Non-class:     21.00 MB used.
      Class:      2.47 MB used.
       Both:     23.47 MB used.

Virtual space:
  Non-class space:       64.00 MB reserved,      21.19 MB ( 33%) committed,  1 nodes.
      Class space:        1.00 GB reserved,       2.62 MB ( <1%) committed,  1 nodes.
             Both:        1.06 GB reserved,      23.81 MB (  2%) committed. 

Chunk freelists:
   Non-Class:  2.53 MB
       Class:  1.35 MB
        Both:  3.88 MB

MaxMetaspaceSize: unlimited
CompressedClassSpaceSize: 1.00 GB
Initial GC threshold: 21.00 MB
Current GC threshold: 35.12 MB
CDS: on
MetaspaceReclaimPolicy: balanced
 - commit_granule_bytes: 65536.
 - commit_granule_words: 8192.
 - virtual_space_node_default_size: 8388608.
 - enlarge_chunks_in_place: 1.
 - new_chunks_are_fully_committed: 0.
 - uncommit_free_chunks: 1.
 - use_allocation_guard: 0.


Internal statistics:

num_allocs_failed_limit: 3.
num_arena_births: 338.
num_arena_deaths: 0.
num_vsnodes_births: 2.
num_vsnodes_deaths: 0.
num_space_committed: 379.
num_space_uncommitted: 0.
num_chunks_returned_to_freelist: 3.
num_chunks_taken_from_freelist: 1054.
num_chunk_merges: 3.
num_chunk_splits: 737.
num_chunks_enlarged: 574.
num_inconsistent_stats: 0.

CodeHeap 'non-profiled nmethods': size=118848Kb used=2881Kb max_used=2881Kb free=115967Kb
 bounds [0x00000266327c0000, 0x0000026632aa0000, 0x0000026639bd0000]
CodeHeap 'profiled nmethods': size=118848Kb used=6718Kb max_used=6718Kb free=112129Kb
 bounds [0x000002662b3b0000, 0x000002662ba40000, 0x00000266327c0000]
CodeHeap 'non-nmethods': size=8064Kb used=1870Kb max_used=4032Kb free=6193Kb
 bounds [0x000002662abd0000, 0x000002662afd0000, 0x000002662b3b0000]
 total_blobs=5244 nmethods=3880 adapters=1275
 compilation: enabled
              stopped_count=0, restarted_count=0
 full_count=0

Compilation events (20 events):
Event: 4.102 Thread 0x00000266229b9fa0 nmethod 3874 0x000002662ba3cb90 code [0x000002662ba3cd20, 0x000002662ba3ce98]
Event: 4.102 Thread 0x00000266229b9fa0 3875       1       javax.swing.tree.DefaultMutableTreeNode::getParent (5 bytes)
Event: 4.102 Thread 0x00000266229b9fa0 nmethod 3875 0x0000026632a89590 code [0x0000026632a89720, 0x0000026632a897f8]
Event: 4.102 Thread 0x00000266229b9fa0 3876       3       java.util.Vector::elementData (7 bytes)
Event: 4.102 Thread 0x00000266229b9fa0 nmethod 3876 0x000002662ba3cf90 code [0x000002662ba3d120, 0x000002662ba3d258]
Event: 4.102 Thread 0x00000266229b9fa0 3877       3       java.nio.charset.CoderResult::isUnderflow (13 bytes)
Event: 4.102 Thread 0x00000266229b9fa0 nmethod 3877 0x000002662ba3d310 code [0x000002662ba3d4a0, 0x000002662ba3d618]
Event: 4.103 Thread 0x000002666c20c170 nmethod 3867% 0x0000026632a89890 code [0x0000026632a89c40, 0x0000026632a8d368]
Event: 4.114 Thread 0x00000266229b9fa0 3878       3       com.engineersbox.quanta.resources.assets.shader.Uniforms::getUniformLocation (54 bytes)
Event: 4.114 Thread 0x00000266229b9fa0 nmethod 3878 0x000002662ba3d690 code [0x000002662ba3d960, 0x000002662ba3eae8]
Event: 4.114 Thread 0x00000266229b9fa0 3879       1       org.joml.Vector3f::x (5 bytes)
Event: 4.114 Thread 0x00000266229b9fa0 nmethod 3879 0x0000026632a8f710 code [0x0000026632a8f8a0, 0x0000026632a8f978]
Event: 4.114 Thread 0x00000266229b9fa0 3880       1       org.joml.Vector3f::y (5 bytes)
Event: 4.114 Thread 0x00000266229b9fa0 nmethod 3880 0x0000026632a8fa10 code [0x0000026632a8fba0, 0x0000026632a8fc78]
Event: 4.114 Thread 0x00000266229b9fa0 3881       1       org.joml.Vector3f::z (5 bytes)
Event: 4.114 Thread 0x00000266229b9fa0 nmethod 3881 0x0000026632a8fd10 code [0x0000026632a8fea0, 0x0000026632a8ff78]
Event: 4.160 Thread 0x00000266229b9fa0 3882       3       org.lwjgl.opengl.GL20::glUniform1i (6 bytes)
Event: 4.160 Thread 0x00000266229b9fa0 nmethod 3882 0x000002662ba3f090 code [0x000002662ba3f220, 0x000002662ba3f328]
Event: 4.160 Thread 0x00000266229b9fa0 3884       3       com.engineersbox.quanta.resources.assets.shader.Uniforms::setUniform (10 bytes)
Event: 4.160 Thread 0x00000266229b9fa0 nmethod 3884 0x000002662ba3f410 code [0x000002662ba3f5c0, 0x000002662ba3f798]

GC Heap History (20 events):
Event: 0.932 GC heap before
{Heap before GC invocations=1 (full 0):
 garbage-first heap   total 2097152K, used 89074K [0x00000000a0000000, 0x0000000800000000)
  region size 16384K, 6 young (98304K), 1 survivors (16384K)
 Metaspace       used 13403K, committed 13632K, reserved 1114112K
  class space    used 1397K, committed 1536K, reserved 1048576K
}
Event: 0.935 GC heap after
{Heap after GC invocations=2 (full 0):
 garbage-first heap   total 2097152K, used 7603K [0x00000000a0000000, 0x0000000800000000)
  region size 16384K, 1 young (16384K), 1 survivors (16384K)
 Metaspace       used 13403K, committed 13632K, reserved 1114112K
  class space    used 1397K, committed 1536K, reserved 1048576K
}
Event: 1.058 GC heap before
{Heap before GC invocations=2 (full 0):
 garbage-first heap   total 2097152K, used 122291K [0x00000000a0000000, 0x0000000800000000)
  region size 16384K, 8 young (131072K), 1 survivors (16384K)
 Metaspace       used 13403K, committed 13632K, reserved 1114112K
  class space    used 1397K, committed 1536K, reserved 1048576K
}
Event: 1.062 GC heap after
{Heap after GC invocations=3 (full 0):
 garbage-first heap   total 2097152K, used 8636K [0x00000000a0000000, 0x0000000800000000)
  region size 16384K, 1 young (16384K), 1 survivors (16384K)
 Metaspace       used 13403K, committed 13632K, reserved 1114112K
  class space    used 1397K, committed 1536K, reserved 1048576K
}
Event: 1.913 GC heap before
{Heap before GC invocations=3 (full 0):
 garbage-first heap   total 2097152K, used 369084K [0x00000000a0000000, 0x0000000800000000)
  region size 16384K, 24 young (393216K), 1 survivors (16384K)
 Metaspace       used 21197K, committed 21504K, reserved 1114112K
  class space    used 2271K, committed 2432K, reserved 1048576K
}
Event: 1.917 GC heap after
{Heap after GC invocations=4 (full 0):
 garbage-first heap   total 2097152K, used 10964K [0x00000000a0000000, 0x0000000800000000)
  region size 16384K, 1 young (16384K), 1 survivors (16384K)
 Metaspace       used 21197K, committed 21504K, reserved 1114112K
  class space    used 2271K, committed 2432K, reserved 1048576K
}
Event: 3.014 GC heap before
{Heap before GC invocations=5 (full 0):
 garbage-first heap   total 114688K, used 109268K [0x00000000a0000000, 0x0000000800000000)
  region size 16384K, 7 young (114688K), 1 survivors (16384K)
 Metaspace       used 22651K, committed 22976K, reserved 1114112K
  class space    used 2418K, committed 2560K, reserved 1048576K
}
Event: 3.020 GC heap after
{Heap after GC invocations=6 (full 0):
 garbage-first heap   total 147456K, used 17740K [0x00000000a0000000, 0x0000000800000000)
  region size 16384K, 2 young (32768K), 2 survivors (32768K)
 Metaspace       used 22651K, committed 22976K, reserved 1114112K
  class space    used 2418K, committed 2560K, reserved 1048576K
}
Event: 3.043 GC heap before
{Heap before GC invocations=6 (full 0):
 garbage-first heap   total 147456K, used 66892K [0x00000000a0000000, 0x0000000800000000)
  region size 16384K, 5 young (81920K), 2 survivors (32768K)
 Metaspace       used 22660K, committed 22976K, reserved 1114112K
  class space    used 2418K, committed 2560K, reserved 1048576K
}
Event: 3.048 GC heap after
{Heap after GC invocations=7 (full 0):
 garbage-first heap   total 147456K, used 27598K [0x00000000a0000000, 0x0000000800000000)
  region size 16384K, 1 young (16384K), 1 survivors (16384K)
 Metaspace       used 22660K, committed 22976K, reserved 1114112K
  class space    used 2418K, committed 2560K, reserved 1048576K
}
Event: 3.233 GC heap before
{Heap before GC invocations=7 (full 0):
 garbage-first heap   total 147456K, used 93134K [0x00000000a0000000, 0x0000000800000000)
  region size 16384K, 5 young (81920K), 1 survivors (16384K)
 Metaspace       used 23345K, committed 23616K, reserved 1114112K
  class space    used 2492K, committed 2624K, reserved 1048576K
}
Event: 3.234 GC heap after
{Heap after GC invocations=8 (full 0):
 garbage-first heap   total 147456K, used 13280K [0x00000000a0000000, 0x0000000800000000)
  region size 16384K, 1 young (16384K), 1 survivors (16384K)
 Metaspace       used 23345K, committed 23616K, reserved 1114112K
  class space    used 2492K, committed 2624K, reserved 1048576K
}
Event: 3.288 GC heap before
{Heap before GC invocations=8 (full 0):
 garbage-first heap   total 147456K, used 78816K [0x00000000a0000000, 0x0000000800000000)
  region size 16384K, 5 young (81920K), 1 survivors (16384K)
 Metaspace       used 23345K, committed 23616K, reserved 1114112K
  class space    used 2492K, committed 2624K, reserved 1048576K
}
Event: 3.288 GC heap after
{Heap after GC invocations=9 (full 0):
 garbage-first heap   total 147456K, used 12599K [0x00000000a0000000, 0x0000000800000000)
  region size 16384K, 1 young (16384K), 1 survivors (16384K)
 Metaspace       used 23345K, committed 23616K, reserved 1114112K
  class space    used 2492K, committed 2624K, reserved 1048576K
}
Event: 3.330 GC heap before
{Heap before GC invocations=9 (full 0):
 garbage-first heap   total 147456K, used 78135K [0x00000000a0000000, 0x0000000800000000)
  region size 16384K, 5 young (81920K), 1 survivors (16384K)
 Metaspace       used 23352K, committed 23680K, reserved 1114112K
  class space    used 2492K, committed 2624K, reserved 1048576K
}
Event: 3.331 GC heap after
{Heap after GC invocations=10 (full 0):
 garbage-first heap   total 147456K, used 12599K [0x00000000a0000000, 0x0000000800000000)
  region size 16384K, 1 young (16384K), 1 survivors (16384K)
 Metaspace       used 23352K, committed 23680K, reserved 1114112K
  class space    used 2492K, committed 2624K, reserved 1048576K
}
Event: 3.377 GC heap before
{Heap before GC invocations=10 (full 0):
 garbage-first heap   total 147456K, used 78135K [0x00000000a0000000, 0x0000000800000000)
  region size 16384K, 5 young (81920K), 1 survivors (16384K)
 Metaspace       used 23352K, committed 23680K, reserved 1114112K
  class space    used 2492K, committed 2624K, reserved 1048576K
}
Event: 3.379 GC heap after
{Heap after GC invocations=11 (full 0):
 garbage-first heap   total 1130496K, used 12597K [0x00000000a0000000, 0x0000000800000000)
  region size 16384K, 1 young (16384K), 1 survivors (16384K)
 Metaspace       used 23352K, committed 23680K, reserved 1114112K
  class space    used 2492K, committed 2624K, reserved 1048576K
}
Event: 3.964 GC heap before
{Heap before GC invocations=11 (full 0):
 garbage-first heap   total 1130496K, used 667957K [0x00000000a0000000, 0x0000000800000000)
  region size 16384K, 41 young (671744K), 1 survivors (16384K)
 Metaspace       used 23353K, committed 23680K, reserved 1114112K
  class space    used 2492K, committed 2624K, reserved 1048576K
}
Event: 3.965 GC heap after
{Heap after GC invocations=12 (full 0):
 garbage-first heap   total 1130496K, used 13717K [0x00000000a0000000, 0x0000000800000000)
  region size 16384K, 1 young (16384K), 1 survivors (16384K)
 Metaspace       used 23353K, committed 23680K, reserved 1114112K
  class space    used 2492K, committed 2624K, reserved 1048576K
}

Deoptimization events (20 events):
Event: 4.097 Thread 0x000002661f0aedc0 Uncommon trap: trap_request=0xffffff66 fr.pc=0x00000266329efc04 relative=0x0000000000000264
Event: 4.097 Thread 0x000002661f0aedc0 Uncommon trap: reason=speculate_class_check action=maybe_recompile pc=0x00000266329efc04 method=java.util.ArrayList.<init>(Ljava/util/Collection;)V @ 29 c2
Event: 4.097 Thread 0x000002661f0aedc0 DEOPT PACKING pc=0x00000266329efc04 sp=0x000000dc8fcfe400
Event: 4.097 Thread 0x000002661f0aedc0 DEOPT UNPACKING pc=0x000002662ac223a3 sp=0x000000dc8fcfe3b0 mode 2
Event: 4.100 Thread 0x000002661f0aedc0 Uncommon trap: trap_request=0xffffffde fr.pc=0x0000026632a44354 relative=0x00000000000007d4
Event: 4.100 Thread 0x000002661f0aedc0 Uncommon trap: reason=class_check action=maybe_recompile pc=0x0000026632a44354 method=java.lang.String.join(Ljava/lang/CharSequence;Ljava/lang/Iterable;)Ljava/lang/String; @ 27 c2
Event: 4.100 Thread 0x000002661f0aedc0 DEOPT PACKING pc=0x0000026632a44354 sp=0x000000dc8fcfe2a0
Event: 4.100 Thread 0x000002661f0aedc0 DEOPT UNPACKING pc=0x000002662ac223a3 sp=0x000000dc8fcfe268 mode 2
Event: 4.100 Thread 0x000002661f0aedc0 Uncommon trap: trap_request=0xffffff66 fr.pc=0x00000266329efc04 relative=0x0000000000000264
Event: 4.100 Thread 0x000002661f0aedc0 Uncommon trap: reason=speculate_class_check action=maybe_recompile pc=0x00000266329efc04 method=java.util.ArrayList.<init>(Ljava/util/Collection;)V @ 29 c2
Event: 4.100 Thread 0x000002661f0aedc0 DEOPT PACKING pc=0x00000266329efc04 sp=0x000000dc8fcfe460
Event: 4.100 Thread 0x000002661f0aedc0 DEOPT UNPACKING pc=0x000002662ac223a3 sp=0x000000dc8fcfe410 mode 2
Event: 4.107 Thread 0x000002661f0aedc0 Uncommon trap: trap_request=0xffffff45 fr.pc=0x000002663282f234 relative=0x0000000000001574
Event: 4.107 Thread 0x000002661f0aedc0 Uncommon trap: reason=unstable_if action=reinterpret pc=0x000002663282f234 method=java.util.concurrent.ConcurrentHashMap.transfer([Ljava/util/concurrent/ConcurrentHashMap$Node;[Ljava/util/concurrent/ConcurrentHashMap$Node;)V @ 26 c2
Event: 4.107 Thread 0x000002661f0aedc0 DEOPT PACKING pc=0x000002663282f234 sp=0x000000dc8fcfa9d0
Event: 4.107 Thread 0x000002661f0aedc0 DEOPT UNPACKING pc=0x000002662ac223a3 sp=0x000000dc8fcfa940 mode 2
Event: 4.114 Thread 0x000002661f0aedc0 Uncommon trap: trap_request=0xffffff45 fr.pc=0x00000266329bf4f0 relative=0x0000000000000130
Event: 4.114 Thread 0x000002661f0aedc0 Uncommon trap: reason=unstable_if action=reinterpret pc=0x00000266329bf4f0 method=org.joml.Matrix4f.mul(Lorg/joml/Matrix4fc;Lorg/joml/Matrix4f;)Lorg/joml/Matrix4f; @ 66 c2
Event: 4.114 Thread 0x000002661f0aedc0 DEOPT PACKING pc=0x00000266329bf4f0 sp=0x000000dc8fcfec20
Event: 4.114 Thread 0x000002661f0aedc0 DEOPT UNPACKING pc=0x000002662ac223a3 sp=0x000000dc8fcfebb8 mode 2

Classes loaded (20 events):
Event: 4.099 Loading class java/util/stream/MatchOps$1MatchSink
Event: 4.099 Loading class java/util/stream/MatchOps$1MatchSink done
Event: 4.099 Loading class java/lang/invoke/VarHandleBooleans$FieldInstanceReadWrite
Event: 4.100 Loading class java/lang/invoke/VarHandleBooleans$FieldInstanceReadOnly
Event: 4.100 Loading class java/lang/invoke/VarHandleBooleans$FieldInstanceReadOnly done
Event: 4.100 Loading class java/lang/invoke/VarHandleBooleans$FieldInstanceReadWrite done
Event: 4.100 Loading class java/lang/invoke/VarHandleBooleans$FieldStaticReadWrite
Event: 4.100 Loading class java/lang/invoke/VarHandleBooleans$FieldStaticReadOnly
Event: 4.100 Loading class java/lang/invoke/VarHandleBooleans$FieldStaticReadOnly done
Event: 4.100 Loading class java/lang/invoke/VarHandleBooleans$FieldStaticReadWrite done
Event: 4.100 Loading class java/lang/invoke/VarHandleFloats$FieldStaticReadWrite
Event: 4.100 Loading class java/lang/invoke/VarHandleFloats$FieldStaticReadOnly
Event: 4.100 Loading class java/lang/invoke/VarHandleFloats$FieldStaticReadOnly done
Event: 4.100 Loading class java/lang/invoke/VarHandleFloats$FieldStaticReadWrite done
Event: 4.100 Loading class java/lang/invoke/VarHandleReferences$FieldStaticReadWrite
Event: 4.100 Loading class java/lang/invoke/VarHandleReferences$FieldStaticReadOnly
Event: 4.100 Loading class java/lang/invoke/VarHandleReferences$FieldStaticReadOnly done
Event: 4.100 Loading class java/lang/invoke/VarHandleReferences$FieldStaticReadWrite done
Event: 4.102 Loading class java/util/Vector$1
Event: 4.102 Loading class java/util/Vector$1 done

Classes unloaded (0 events):
No events

Classes redefined (0 events):
No events

Internal exceptions (20 events):
Event: 1.820 Thread 0x000002661f0aedc0 Exception <a 'sun/nio/fs/WindowsException'{0x000000010889e280}> (0x000000010889e280) 
thrown [s\open\src\hotspot\share\prims\jni.cpp, line 516]
Event: 1.825 Thread 0x000002661f0aedc0 Exception <a 'java/lang/NoSuchMethodError'{0x00000001088b8a18}: 'void java.lang.invoke.DirectMethodHandle$Holder.invokeSpecial(java.lang.Object, java.lang.Object, int)'> (0x00000001088b8a18) 
thrown [s\open\src\hotspot\share\interpreter\linkResolver.cpp, line 759]
Event: 1.860 Thread 0x000002661f0aedc0 Exception <a 'sun/nio/fs/WindowsException'{0x000000010896a9e0}> (0x000000010896a9e0) 
thrown [s\open\src\hotspot\share\prims\jni.cpp, line 516]
Event: 1.861 Thread 0x000002661f0aedc0 Exception <a 'sun/nio/fs/WindowsException'{0x000000010896ada0}> (0x000000010896ada0) 
thrown [s\open\src\hotspot\share\prims\jni.cpp, line 516]
Event: 1.950 Thread 0x000002661f0aedc0 Exception <a 'java/lang/NoSuchMethodError'{0x00000000a48a40b8}: 'void java.lang.invoke.DirectMethodHandle$Holder.invokeStatic(java.lang.Object, long)'> (0x00000000a48a40b8) 
thrown [s\open\src\hotspot\share\interpreter\linkResolver.cpp, line 759]
Event: 1.971 Thread 0x000002661f0aedc0 Exception <a 'java/lang/NoSuchMethodError'{0x00000000a49383a8}: 'double java.lang.invoke.DirectMethodHandle$Holder.invokeStaticInit(java.lang.Object, double, double)'> (0x00000000a49383a8) 
thrown [s\open\src\hotspot\share\interpreter\linkResolver.cpp, line 759]
Event: 1.971 Thread 0x000002661f0aedc0 Exception <a 'java/lang/NoSuchMethodError'{0x00000000a4941d60}: 'double java.lang.invoke.DirectMethodHandle$Holder.invokeStaticInit(java.lang.Object, double, double, double)'> (0x00000000a4941d60) 
thrown [s\open\src\hotspot\share\interpreter\linkResolver.cpp, line 759]
Event: 1.972 Thread 0x000002661f0aedc0 Exception <a 'java/lang/NoSuchMethodError'{0x00000000a49483d8}: 'double java.lang.invoke.DirectMethodHandle$Holder.invokeStatic(java.lang.Object, java.lang.Object)'> (0x00000000a49483d8) 
thrown [s\open\src\hotspot\share\interpreter\linkResolver.cpp, line 759]
Event: 1.972 Thread 0x000002661f0aedc0 Exception <a 'java/lang/NoSuchMethodError'{0x00000000a494ba40}: 'double java.lang.invoke.DirectMethodHandle$Holder.invokeStaticInit(java.lang.Object, java.lang.Object)'> (0x00000000a494ba40) 
thrown [s\open\src\hotspot\share\interpreter\linkResolver.cpp, line 759]
Event: 3.075 Thread 0x000002661f0aedc0 Exception <a 'java/lang/NoSuchMethodError'{0x00000001072f5980}: 'int java.lang.invoke.DirectMethodHandle$Holder.invokeVirtual(java.lang.Object, java.lang.Object)'> (0x00000001072f5980) 
thrown [s\open\src\hotspot\share\interpreter\linkResolver.cpp, line 759]
Event: 3.076 Thread 0x000002661f0aedc0 Exception <a 'java/lang/NoSuchMethodError'{0x00000001072fb9a0}: 'int java.lang.invoke.DirectMethodHandle$Holder.invokeSpecialIFC(java.lang.Object, java.lang.Object, java.lang.Object)'> (0x00000001072fb9a0) 
thrown [s\open\src\hotspot\share\interpreter\linkResolver.cpp, line 759]
Event: 3.129 Thread 0x000002661f0aedc0 Exception <a 'java/lang/NoSuchMethodError'{0x00000000a50ea340}: 'void java.lang.invoke.DirectMethodHandle$Holder.invokeSpecial(java.lang.Object, java.lang.Object, java.lang.Object, java.lang.Object, java.lang.Object)'> (0x00000000a50ea340) 
thrown [s\open\src\hotspot\share\interpreter\linkResolver.cpp, line 759]
Event: 3.135 Thread 0x000002661f0aedc0 Exception <a 'sun/nio/fs/WindowsException'{0x00000000a5177dc0}> (0x00000000a5177dc0) 
thrown [s\open\src\hotspot\share\prims\jni.cpp, line 516]
Event: 3.198 Thread 0x000002661f0aedc0 Exception <a 'java/lang/NoSuchMethodError'{0x00000000a51d8b08}: 'void java.lang.invoke.DirectMethodHandle$Holder.invokeVirtual(java.lang.Object, java.lang.Object, long, int)'> (0x00000000a51d8b08) 
thrown [s\open\src\hotspot\share\interpreter\linkResolver.cpp, line 759]
Event: 3.198 Thread 0x000002661f0aedc0 Exception <a 'java/lang/NoSuchMethodError'{0x00000000a51e3d18}: 'void java.lang.invoke.DirectMethodHandle$Holder.invokeVirtual(java.lang.Object, java.lang.Object, long, int, int, int)'> (0x00000000a51e3d18) 
thrown [s\open\src\hotspot\share\interpreter\linkResolver.cpp, line 759]
Event: 3.198 Thread 0x000002661f0aedc0 Exception <a 'java/lang/NoSuchMethodError'{0x00000000a51e98c0}: 'void java.lang.invoke.DirectMethodHandle$Holder.invokeVirtual(java.lang.Object, java.lang.Object, long, double, double)'> (0x00000000a51e98c0) 
thrown [s\open\src\hotspot\share\interpreter\linkResolver.cpp, line 759]
Event: 3.203 Thread 0x000002661f0aedc0 Exception <a 'java/lang/NoSuchMethodError'{0x00000000a5210b20}: 'void java.lang.invoke.DirectMethodHandle$Holder.invokeInterface(java.lang.Object, java.lang.Object)'> (0x00000000a5210b20) 
thrown [s\open\src\hotspot\share\interpreter\linkResolver.cpp, line 759]
Event: 3.210 Thread 0x000002661f0aedc0 Implicit null exception at 0x00000266328e3786 to 0x00000266328e444c
Event: 3.210 Thread 0x000002661f0aedc0 Exception <a 'java/lang/NoSuchMethodError'{0x00000000a526c848}: 'java.lang.Object java.lang.invoke.DirectMethodHandle$Holder.invokeVirtual(java.lang.Object, java.lang.Object, java.lang.Object)'> (0x00000000a526c848) 
thrown [s\open\src\hotspot\share\interpreter\linkResolver.cpp, line 759]
Event: 4.098 Thread 0x000002661f0aedc0 Exception <a 'java/lang/NoSuchMethodError'{0x00000000d8a97be0}: 'int java.lang.invoke.DirectMethodHandle$Holder.invokeStaticInit(java.lang.Object, int, java.lang.Object)'> (0x00000000d8a97be0) 
thrown [s\open\src\hotspot\share\interpreter\linkResolver.cpp, line 759]

VM Operations (20 events):
Event: 1.921 Executing VM operation: G1Concurrent
Event: 1.921 Executing VM operation: G1Concurrent done
Event: 1.921 Executing VM operation: G1Concurrent
Event: 1.922 Executing VM operation: G1Concurrent done
Event: 2.037 Executing VM operation: ICBufferFull
Event: 2.037 Executing VM operation: ICBufferFull done
Event: 3.014 Executing VM operation: G1CollectForAllocation
Event: 3.020 Executing VM operation: G1CollectForAllocation done
Event: 3.043 Executing VM operation: G1CollectForAllocation
Event: 3.048 Executing VM operation: G1CollectForAllocation done
Event: 3.233 Executing VM operation: G1CollectForAllocation
Event: 3.234 Executing VM operation: G1CollectForAllocation done
Event: 3.288 Executing VM operation: G1CollectForAllocation
Event: 3.288 Executing VM operation: G1CollectForAllocation done
Event: 3.330 Executing VM operation: G1CollectForAllocation
Event: 3.331 Executing VM operation: G1CollectForAllocation done
Event: 3.377 Executing VM operation: G1CollectForAllocation
Event: 3.379 Executing VM operation: G1CollectForAllocation done
Event: 3.964 Executing VM operation: G1CollectForAllocation
Event: 3.965 Executing VM operation: G1CollectForAllocation done

Events (20 events):
Event: 0.815 Thread 0x000002667a579010 Thread added: 0x000002667a579010
Event: 0.846 Thread 0x000002667a7579d0 Thread added: 0x000002667a7579d0
Event: 0.846 Thread 0x000002666c695430 Thread added: 0x000002666c695430
Event: 1.816 Thread 0x000002666c695430 Thread exited: 0x000002666c695430
Event: 1.823 Loaded shared library C:\Users\DEG3NERAT3_\AppData\Local\Temp\lwjglDEG3NERAT3_\3.3.1-SNAPSHOT\lwjgl_stb.dll
Event: 2.711 Thread 0x0000026622e9e580 Thread exited: 0x0000026622e9e580
Event: 2.711 Thread 0x000002667a7579d0 Thread exited: 0x000002667a7579d0
Event: 2.711 Thread 0x000002667a579010 Thread exited: 0x000002667a579010
Event: 2.711 Thread 0x0000026622e9e080 Thread exited: 0x0000026622e9e080
Event: 2.711 Thread 0x0000026622ddf960 Thread exited: 0x0000026622ddf960
Event: 2.824 Thread 0x000002667b01a640 Thread exited: 0x000002667b01a640
Event: 2.824 Thread 0x000002667ab86f00 Thread exited: 0x000002667ab86f00
Event: 3.192 Loaded shared library C:\Users\DEG3NERAT3_\AppData\Local\Temp\imgui-java-natives_1669535766302\imgui-java64.dll
Event: 3.233 Thread 0x000002667cfb6030 Thread added: 0x000002667cfb6030
Event: 3.233 Thread 0x000002667cb501c0 Thread added: 0x000002667cb501c0
Event: 3.468 Thread 0x000002667cb501c0 Thread exited: 0x000002667cb501c0
Event: 3.539 Thread 0x000002667cfb6030 Thread exited: 0x000002667cfb6030
Event: 3.539 Thread 0x000002666c31e6b0 Thread exited: 0x000002666c31e6b0
Event: 3.937 Thread 0x000002666c2391f0 Thread exited: 0x000002666c2391f0
Event: 3.970 Thread 0x0000026622af0f60 Thread exited: 0x0000026622af0f60


Dynamic libraries:
0x00007ff62ecc0000 - 0x00007ff62ecce000 	C:\Users\DEG3NERAT3_\.jdks\openjdk-18.0.2.1\bin\java.exe
0x00007ffa6ffb0000 - 0x00007ffa701c4000 	C:\WINDOWS\SYSTEM32\ntdll.dll
0x00007ffa6f1b0000 - 0x00007ffa6f272000 	C:\WINDOWS\System32\KERNEL32.DLL
0x00007ffa6d580000 - 0x00007ffa6d91d000 	C:\WINDOWS\System32\KERNELBASE.dll
0x00007ffa6d990000 - 0x00007ffa6daa1000 	C:\WINDOWS\System32\ucrtbase.dll
0x00007ffa69290000 - 0x00007ffa692a7000 	C:\Users\DEG3NERAT3_\.jdks\openjdk-18.0.2.1\bin\jli.dll
0x00007ffa61b70000 - 0x00007ffa61b8a000 	C:\Users\DEG3NERAT3_\.jdks\openjdk-18.0.2.1\bin\VCRUNTIME140.dll
0x00007ffa6df80000 - 0x00007ffa6e12a000 	C:\WINDOWS\System32\USER32.dll
0x00007ffa5f4c0000 - 0x00007ffa5f74e000 	C:\WINDOWS\WinSxS\amd64_microsoft.windows.common-controls_6595b64144ccf1df_6.0.22621.608_none_a9444ca7c10bb01d\COMCTL32.dll
0x00007ffa6d550000 - 0x00007ffa6d576000 	C:\WINDOWS\System32\win32u.dll
0x00007ffa6e920000 - 0x00007ffa6e9c7000 	C:\WINDOWS\System32\msvcrt.dll
0x00007ffa6e710000 - 0x00007ffa6e739000 	C:\WINDOWS\System32\GDI32.dll
0x00007ffa6dab0000 - 0x00007ffa6dbc2000 	C:\WINDOWS\System32\gdi32full.dll
0x00007ffa6dd10000 - 0x00007ffa6ddaa000 	C:\WINDOWS\System32\msvcp_win.dll
0x00007ffa6fdf0000 - 0x00007ffa6fe22000 	C:\WINDOWS\System32\IMM32.DLL
0x00007ff9ffcd0000 - 0x00007ffa04152000 	C:\Program Files\RenderDoc\renderdoc.dll
0x00007ffa6f9e0000 - 0x00007ffa6fa51000 	C:\WINDOWS\System32\WS2_32.dll
0x00007ffa6f730000 - 0x00007ffa6f845000 	C:\WINDOWS\System32\RPCRT4.dll
0x00007ffa6fee0000 - 0x00007ffa6ff3e000 	C:\WINDOWS\System32\SHLWAPI.dll
0x00007ffa6e1a0000 - 0x00007ffa6e61a000 	C:\WINDOWS\System32\SETUPAPI.dll
0x00007ffa6f280000 - 0x00007ffa6f376000 	C:\WINDOWS\System32\COMDLG32.dll
0x00007ffa6fa60000 - 0x00007ffa6fdea000 	C:\WINDOWS\System32\combase.dll
0x00007ffa6f850000 - 0x00007ffa6f941000 	C:\WINDOWS\System32\shcore.dll
0x00007ffa6e9d0000 - 0x00007ffa6f1b0000 	C:\WINDOWS\System32\SHELL32.dll
0x00007ffa6fe30000 - 0x00007ffa6fede000 	C:\WINDOWS\System32\ADVAPI32.dll
0x00007ffa6e740000 - 0x00007ffa6e7e4000 	C:\WINDOWS\System32\sechost.dll
0x00007ffa6f420000 - 0x00007ffa6f5bc000 	C:\WINDOWS\System32\ole32.dll
0x00007ffa6e620000 - 0x00007ffa6e6f7000 	C:\WINDOWS\System32\OLEAUT32.dll
0x00007ffa0ff20000 - 0x00007ffa0ffad000 	C:\Users\DEG3NERAT3_\.jdks\openjdk-18.0.2.1\bin\MSVCP140.dll
0x00007ffa69280000 - 0x00007ffa6928c000 	C:\Users\DEG3NERAT3_\.jdks\openjdk-18.0.2.1\bin\VCRUNTIME140_1.dll
0x00007ffa0a800000 - 0x00007ffa0a970000 	C:\Program Files\RenderDoc\dbghelp.dll
0x00007ffa6c950000 - 0x00007ffa6c9b9000 	C:\WINDOWS\system32\mswsock.dll
0x00007ffa6b3b0000 - 0x00007ffa6bc75000 	C:\WINDOWS\SYSTEM32\windows.storage.dll
0x00007ffa6b270000 - 0x00007ffa6b3ae000 	C:\WINDOWS\SYSTEM32\wintypes.dll
0x00007ffa67d60000 - 0x00007ffa68146000 	C:\WINDOWS\SYSTEM32\d3dcompiler_47.dll
0x00007ffa6cc60000 - 0x00007ffa6cc7b000 	C:\WINDOWS\SYSTEM32\CRYPTSP.dll
0x00007ffa32660000 - 0x00007ffa32760000 	C:\WINDOWS\SYSTEM32\opengl32.dll
0x00007ffa61b90000 - 0x00007ffa61bbd000 	C:\WINDOWS\SYSTEM32\GLU32.dll
0x00007ffa6a720000 - 0x00007ffa6a756000 	C:\WINDOWS\SYSTEM32\dxcore.dll
0x00007ffa04730000 - 0x00007ffa05341000 	C:\Users\DEG3NERAT3_\.jdks\openjdk-18.0.2.1\bin\server\jvm.dll
0x00007ffa6ddb0000 - 0x00007ffa6ddb8000 	C:\WINDOWS\System32\PSAPI.DLL
0x00007ffa64550000 - 0x00007ffa6455a000 	C:\WINDOWS\SYSTEM32\VERSION.dll
0x00007ffa61ac0000 - 0x00007ffa61af4000 	C:\WINDOWS\SYSTEM32\WINMM.dll
0x00007ffa46490000 - 0x00007ffa46499000 	C:\WINDOWS\SYSTEM32\WSOCK32.dll
0x00007ffa6c500000 - 0x00007ffa6c518000 	C:\WINDOWS\SYSTEM32\kernel.appcore.dll
0x00007ffa691f0000 - 0x00007ffa691fa000 	C:\Users\DEG3NERAT3_\.jdks\openjdk-18.0.2.1\bin\jimage.dll
0x00007ffa5d800000 - 0x00007ffa5d825000 	C:\Users\DEG3NERAT3_\.jdks\openjdk-18.0.2.1\bin\java.dll
0x00007ffa0cfb0000 - 0x00007ffa0d086000 	C:\Users\DEG3NERAT3_\.jdks\openjdk-18.0.2.1\bin\jsvml.dll
0x00007ffa6d310000 - 0x00007ffa6d331000 	C:\WINDOWS\SYSTEM32\profapi.dll
0x00007ffa5dcf0000 - 0x00007ffa5dd03000 	C:\Users\DEG3NERAT3_\.jdks\openjdk-18.0.2.1\bin\net.dll
0x00007ffa664e0000 - 0x00007ffa6660f000 	C:\WINDOWS\SYSTEM32\WINHTTP.dll
0x00007ffa5dcd0000 - 0x00007ffa5dce6000 	C:\Users\DEG3NERAT3_\.jdks\openjdk-18.0.2.1\bin\nio.dll
0x00007ffa58880000 - 0x00007ffa58898000 	C:\Users\DEG3NERAT3_\.jdks\openjdk-18.0.2.1\bin\zip.dll
0x00007ffa69b40000 - 0x00007ffa69b49000 	C:\Users\DEG3NERAT3_\.jdks\openjdk-18.0.2.1\bin\management.dll
0x00007ffa61d10000 - 0x00007ffa61d1b000 	C:\Users\DEG3NERAT3_\.jdks\openjdk-18.0.2.1\bin\management_ext.dll
0x00007ffa54650000 - 0x00007ffa54667000 	C:\WINDOWS\system32\napinsp.dll
0x00007ffa542f0000 - 0x00007ffa5430b000 	C:\WINDOWS\system32\pnrpnsp.dll
0x00007ffa6bfb0000 - 0x00007ffa6c0a2000 	C:\WINDOWS\SYSTEM32\DNSAPI.dll
0x00007ffa6bf80000 - 0x00007ffa6bfad000 	C:\WINDOWS\SYSTEM32\IPHLPAPI.DLL
0x00007ffa6e8b0000 - 0x00007ffa6e8b9000 	C:\WINDOWS\System32\NSI.dll
0x00007ffa51a50000 - 0x00007ffa51a61000 	C:\WINDOWS\System32\winrnr.dll
0x00007ffa663f0000 - 0x00007ffa66405000 	C:\WINDOWS\system32\wshbth.dll
0x00007ffa49630000 - 0x00007ffa49651000 	C:\WINDOWS\system32\nlansp_c.dll
0x00007ffa648e0000 - 0x00007ffa648ea000 	C:\Windows\System32\rasadhlp.dll
0x00007ffa66170000 - 0x00007ffa661f3000 	C:\WINDOWS\System32\fwpuclnt.dll
0x00007ffa51770000 - 0x00007ffa517e5000 	C:\Users\DEG3NERAT3_\AppData\Local\Temp\lwjglDEG3NERAT3_\3.3.1-SNAPSHOT\lwjgl.dll
0x00007ffa4a190000 - 0x00007ffa4a1f1000 	C:\Users\DEG3NE~1\AppData\Local\Temp\lwjglDEG3NERAT3_\3.3.1-SNAPSHOT\glfw.dll
0x00007ffa4d9b0000 - 0x00007ffa4d9f6000 	C:\WINDOWS\SYSTEM32\dinput8.dll
0x00007ffa531c0000 - 0x00007ffa533c1000 	C:\WINDOWS\SYSTEM32\inputhost.dll
0x00007ffa69760000 - 0x00007ffa69893000 	C:\WINDOWS\SYSTEM32\CoreMessaging.dll
0x00007ffa6dc90000 - 0x00007ffa6dd0b000 	C:\WINDOWS\System32\bcryptPrimitives.dll
0x00007ffa16080000 - 0x00007ffa16091000 	C:\WINDOWS\SYSTEM32\xinput1_4.dll
0x00007ffa6d0d0000 - 0x00007ffa6d11e000 	C:\WINDOWS\SYSTEM32\cfgmgr32.dll
0x00007ffa6d090000 - 0x00007ffa6d0c3000 	C:\WINDOWS\SYSTEM32\DEVOBJ.dll
0x00007ffa6cc40000 - 0x00007ffa6cc4c000 	C:\WINDOWS\SYSTEM32\CRYPTBASE.DLL
0x00007ffa6a6f0000 - 0x00007ffa6a71b000 	C:\WINDOWS\SYSTEM32\dwmapi.dll
0x00007ffa6a430000 - 0x00007ffa6a4db000 	C:\WINDOWS\system32\uxtheme.dll
0x00007ffa6f610000 - 0x00007ffa6f72e000 	C:\WINDOWS\System32\MSCTF.dll
0x00007ffa6e7f0000 - 0x00007ffa6e8a7000 	C:\WINDOWS\System32\clbcatq.dll
0x00007ff9db0f0000 - 0x00007ff9dea21000 	C:\WINDOWS\System32\DriverStore\FileRepository\nv_dispi.inf_amd64_009debfbd2e1619b\nvoglv64.dll
0x00007ffa69f10000 - 0x00007ffa69f24000 	C:\WINDOWS\SYSTEM32\WTSAPI32.dll
0x00007ffa6cd80000 - 0x00007ffa6cda8000 	C:\WINDOWS\SYSTEM32\bcrypt.dll
0x00007ffa6d070000 - 0x00007ffa6d082000 	C:\WINDOWS\SYSTEM32\msasn1.dll
0x00007ffa645d0000 - 0x00007ffa64602000 	C:\WINDOWS\SYSTEM32\cryptnet.dll
0x00007ffa6d3e0000 - 0x00007ffa6d546000 	C:\WINDOWS\System32\CRYPT32.dll
0x00007ffa641f0000 - 0x00007ffa64348000 	C:\WINDOWS\SYSTEM32\drvstore.dll
0x00007ffa6cbc0000 - 0x00007ffa6cc08000 	C:\WINDOWS\SYSTEM32\wldp.dll
0x00007ffa6d920000 - 0x00007ffa6d989000 	C:\WINDOWS\System32\WINTRUST.dll
0x00007ffa6c520000 - 0x00007ffa6c554000 	C:\WINDOWS\SYSTEM32\ntmarta.dll
0x00007ffa2d0c0000 - 0x00007ffa2d38f000 	C:\WINDOWS\system32\nvspcap64.dll
0x00007ffa6c2d0000 - 0x00007ffa6c31d000 	C:\WINDOWS\SYSTEM32\powrprof.dll
0x00007ffa6c2b0000 - 0x00007ffa6c2c3000 	C:\WINDOWS\SYSTEM32\UMPDC.dll
0x00007ffa6bf10000 - 0x00007ffa6bf76000 	C:\WINDOWS\SYSTEM32\WINSTA.dll
0x00007ffa4e380000 - 0x00007ffa4e4ad000 	C:\WINDOWS\SYSTEM32\textinputframework.dll
0x00007ffa65a00000 - 0x00007ffa65d6c000 	C:\WINDOWS\SYSTEM32\CoreUIComponents.dll
0x00007ffa61b10000 - 0x00007ffa61b20000 	C:\Users\DEG3NERAT3_\.jdks\openjdk-18.0.2.1\bin\verify.dll
0x00007ffa365a0000 - 0x00007ffa365fd000 	C:\Users\DEG3NERAT3_\AppData\Local\Temp\lwjglDEG3NERAT3_\3.3.1-SNAPSHOT\lwjgl_opengl.dll
0x00007ffa325d0000 - 0x00007ffa32651000 	C:\Users\DEG3NERAT3_\AppData\Local\Temp\lwjglDEG3NERAT3_\3.3.1-SNAPSHOT\lwjgl_stb.dll
0x00007ff9da6a0000 - 0x00007ff9dac49000 	C:\Users\DEG3NE~1\AppData\Local\Temp\lwjglDEG3NERAT3_\3.3.1-SNAPSHOT\assimp.dll
0x0000000064a00000 - 0x000000006578a000 	C:\Users\DEG3NERAT3_\AppData\Local\Temp\imgui-java-natives_1669535766302\imgui-java64.dll

dbghelp: loaded successfully - version: 4.0.5 - missing functions: none
symbol engine: initialization error.

VM Arguments:
jvm_args: -Dquanta.config=config/config.conf 
java_command: target/quanta-0.2.4-shaded.jar
java_class_path (initial): target/quanta-0.2.4-shaded.jar
Launcher Type: SUN_STANDARD

[Global flags]
     intx CICompilerCount                          = 15                                        {product} {ergonomic}
     uint ConcGCThreads                            = 6                                         {product} {ergonomic}
     uint G1ConcRefinementThreads                  = 23                                        {product} {ergonomic}
   size_t G1HeapRegionSize                         = 16777216                                  {product} {ergonomic}
    uintx GCDrainStackTargetSize                   = 64                                        {product} {ergonomic}
   size_t InitialHeapSize                          = 2147483648                                {product} {ergonomic}
   size_t MarkStackSize                            = 4194304                                   {product} {ergonomic}
   size_t MaxHeapSize                              = 31675383808                               {product} {ergonomic}
   size_t MaxNewSize                               = 18991808512                               {product} {ergonomic}
   size_t MinHeapDeltaBytes                        = 16777216                                  {product} {ergonomic}
   size_t MinHeapSize                              = 16777216                                  {product} {ergonomic}
    uintx NonNMethodCodeHeapSize                   = 8192380                                {pd product} {ergonomic}
    uintx NonProfiledCodeHeapSize                  = 121732930                              {pd product} {ergonomic}
    uintx ProfiledCodeHeapSize                     = 121732930                              {pd product} {ergonomic}
    uintx ReservedCodeCacheSize                    = 251658240                              {pd product} {ergonomic}
     bool SegmentedCodeCache                       = true                                      {product} {ergonomic}
   size_t SoftMaxHeapSize                          = 31675383808                            {manageable} {ergonomic}
     bool UseCompressedClassPointers               = true                           {product lp64_product} {ergonomic}
     bool UseCompressedOops                        = true                           {product lp64_product} {ergonomic}
     bool UseG1GC                                  = true                                      {product} {ergonomic}
     bool UseLargePagesIndividualAllocation        = false                                  {pd product} {ergonomic}

Logging:
Log output configuration:
 #0: stdout all=warning uptime,level,tags foldmultilines=false
 #1: stderr all=off uptime,level,tags foldmultilines=false

Environment Variables:
PATH=C:\Program Files\Common Files\Oracle\Java\javapath;C:\Program Files\NVIDIA GPU Computing Toolkit\CUDA\v11.4\bin;C:\Program Files\NVIDIA GPU Computing Toolkit\CUDA\v11.4\libnvvp;C:\Program Files (x86)\Razer Chroma SDK\bin;C:\Program Files\Razer Chroma SDK\bin;C:\Program Files (x86)\Razer\ChromaBroadcast\bin;C:\Program Files\Razer\ChromaBroadcast\bin;C:\Python27\;C:\Python27\Scripts;C:\Program Files (x86)\Common Files\Oracle\Java\javapath;C:\WINDOWS\system32;C:\WINDOWS;C:\WINDOWS\System32\Wbem;C:\WINDOWS\System32\WindowsPowerShell\v1.0\;C:\WINDOWS\System32\OpenSSH\;C:\Program Files (x86)\NVIDIA Corporation\PhysX\Common;C:\Program Files\NVIDIA Corporation\NVIDIA NvDLISR;C:\Program Files (x86)\Windows Kits\10\Windows Performance Toolkit\;C:\Program Files\Git\cmd;C:\Program Files\nodejs\;C:\ProgramData\chocolatey\bin;C:\Users\DEG3NERAT3_\AppData\Local\Programs\Python\Python38-32\Scripts\;C:\Users\DEG3NERAT3_\AppData\Local\Programs\Python\Python38-32\;C:\Users\DEG3NERAT3_\AppData\Local\Programs\Python\Python37-32\Scripts\;C:\Users\DEG3NERAT3_\AppData\Local\Programs\Python\Python37-32\;C:\Users\DEG3NERAT3_\AppData\Local\Microsoft\WindowsApps;C:\Users\DEG3NERAT3_\AppData\Local\Programs\Microsoft VS Code\bin;C:\Users\DEG3NERAT3_\AppData\Local\atom\bin;C:\Program Files\JetBrains\IntelliJ IDEA 2019.2.2\bin;C:\Users\DEG3NERAT3_\AppData\Roaming\npm;C:\WINDOWS\system32\config\systemprofile\AppData\Local\Microsoft\WindowsApps;C:\Program Files\NVIDIA Corporation\Nsight Compute 2021.2.0\;E:\cmake\bin;C:\Program Files\dotnet\;C:\Program Files\apache-maven-3.8.4\bin;;C:\Program Files\Docker\Docker\resources\bin;C:\ProgramData\DockerDesktop\version-bin;C:\Program Files\Go\bin;%SystemRoot%\system32;%SystemRoot%;%SystemRoot%\System32\Wbem;%SYSTEMROOT%\System32\WindowsPowerShell\v1.0\;%SYSTEMROOT%\System32\OpenSSH\;C:\Users\DEG3NERAT3_\.cargo\bin;C:\Users\DEG3NERAT3_\AppData\Local\Programs\Python\Python38-32\Scripts\;C:\Users\DEG3NERAT3_\AppData\Local\Programs\Python\Python38-32\;C:\Users\DEG3NERAT3_\AppData\Local\Programs\Python\Python37-32\Scripts\;C:\Users\DEG3NERAT3_\AppData\Local\Programs\Python\Python37-32\;C:\Users\DEG3NERAT3_\AppData\Local\Microsoft\WindowsApps;C:\Users\DEG3NERAT3_\AppData\Local\Programs\Microsoft VS Code\bin;C:\Users\DEG3NERAT3_\AppData\Local\atom\bin;C:\Program Files\JetBrains\IntelliJ IDEA 2019.2.2\bin;C:\Users\DEG3NERAT3_\AppData\Roaming\npm;C:\ProgramData\DEG3NERAT3_\GitHubDesktop\bin;C:\Users\DEG3NERAT3_\go\bin;C:\Users\DEG3NERAT3_\.dotnet\tools;C:\msys64\usr\bin\gcc.exe;C:\msys64\mingw64\bin;C:\Users\DEG3NERAT3_\vcpkg;C:\Program Files\qemu;;C:\Users\DEG3NERAT3_\AppData\Local\JetBrains\Toolbox\scripts;C:\Users\DEG3NERAT3_\go\bin;C:\Users\DEG3NERAT3_\AppData\Local\Microsoft\WindowsApps
USERNAME=DEG3NERAT3_
OS=Windows_NT
PROCESSOR_IDENTIFIER=AMD64 Family 25 Model 33 Stepping 0, AuthenticAMD



---------------  S Y S T E M  ---------------

OS:
 Windows 11 , 64 bit Build 22621 (10.0.22621.755)
OS uptime: 1 days 5:27 hours
Hyper-V role detected

CPU: total 32 (initial active 32) (32 cores per cpu, 2 threads per core) family 25 model 33 stepping 0 microcode 0x0, cx8, cmov, fxsr, ht, mmx, 3dnowpref, sse, sse2, sse3, ssse3, sse4a, sse4.1, sse4.2, popcnt, lzcnt, tsc, tscinvbit, avx, avx2, aes, erms, clmul, bmi1, bmi2, adx, sha, fma, vzeroupper, clflush, clflushopt, hv

Memory: 4k page, system-wide physical 130980M (103199M free)
TotalPageFile size 139172M (AvailPageFile size 104896M)
current process WorkingSet (physical memory assigned to process): 1170M, peak: 1170M
current process commit charge ("private bytes"): 3211M, peak: 3272M

vm_info: OpenJDK 64-Bit Server VM (18.0.2.1+1-1) for windows-amd64 JRE (18.0.2.1+1-1), built on Aug 16 2022 01:44:29 by "mach5one" with MS VC++ 16.8 / 16.9 (VS2019)

END.
