#
# A fatal error has been detected by the Java Runtime Environment:
#
#  EXCEPTION_ACCESS_VIOLATION (0xc0000005) at pc=0x0000000064a886a7, pid=47776, tid=9844
#
# JRE version: OpenJDK Runtime Environment (18.0.2.1+1) (build 18.0.2.1+1-1)
# Java VM: OpenJDK 64-Bit Server VM (18.0.2.1+1-1, mixed mode, sharing, tiered, compressed oops, compressed class ptrs, g1 gc, windows-amd64)
# Problematic frame:
# C  [imgui-java64.dll+0x886a7]
#
# No core dump will be written. Minidumps are not enabled by default on client versions of Windows
#
# If you would like to submit a bug report, please visit:
#   https://bugreport.java.com/bugreport/crash.jsp
# The crash happened outside the Java Virtual Machine in native code.
# See problematic frame for where to report the bug.
#

---------------  S U M M A R Y ------------

Command Line: -agentlib:jdwp=transport=dt_socket,address=127.0.0.1:64615,suspend=y,server=n -Dvisualvm.id=28399574906400 -Dvisualgc.id=28399574889500 -Dquanta.config=config/config.conf -javaagent:C:\Users\DEG3NERAT3_\AppData\Local\JetBrains\Toolbox\apps\IDEA-U\ch-0\222.4345.14\plugins\java\lib\rt\debugger-agent.jar -Dfile.encoding=UTF-8 -Dsun.stdout.encoding=UTF-8 -Dsun.stderr.encoding=UTF-8 com.engineersbox.quanta.test.Main

Host: AMD Ryzen 9 5950X 16-Core Processor            , 32 cores, 127G,  Windows 11 , 64 bit Build 22621 (10.0.22621.755)
Time: Wed Nov 16 02:50:44 2022 AUS Eastern Daylight Time elapsed time: 1.311751 seconds (0d 0h 0m 1s)

---------------  T H R E A D  ---------------

Current thread (0x00000196360a0470):  JavaThread "main" [_thread_in_native, id=9844, stack(0x0000004a66d00000,0x0000004a66e00000)]

Stack: [0x0000004a66d00000,0x0000004a66e00000],  sp=0x0000004a66dfee70,  free space=1019k
Native frames: (J=compiled Java code, j=interpreted, Vv=VM code, C=native code)
C  [imgui-java64.dll+0x886a7]

Java frames: (J=compiled Java code, j=interpreted, Vv=VM code)
j  imgui.ImDrawData.getCmdListsCount()I+0
j  com.engineersbox.quanta.rendering.GUIRenderer.render(Lcom/engineersbox/quanta/scene/Scene;)V+155
j  com.engineersbox.quanta.rendering.Renderer.render(Lcom/engineersbox/quanta/core/Window;Lcom/engineersbox/quanta/scene/Scene;)V+78
j  com.engineersbox.quanta.core.Engine.run()V+242
j  com.engineersbox.quanta.core.Engine.start()V+6
j  com.engineersbox.quanta.test.Main.main([Ljava/lang/String;)V+20
v  ~StubRoutines::call_stub

siginfo: EXCEPTION_ACCESS_VIOLATION (0xc0000005), reading address 0x0000000000000004


Register to memory mapping:

RIP=0x0000000064a886a7 imgui-java64.dll
RAX=0x0 is NULL
RBX={method} {0x000001967b457628} 'getCmdListsCount' '()I' in 'imgui/ImDrawData'
RCX=0x00000196360a0700 points into unknown readable memory: 0x000001967f6fecc0 | c0 ec 6f 7f 96 01 00 00
RDX=0x0000004a66dfef40 is pointing into the stack for thread: 0x00000196360a0470
RSP=0x0000004a66dfee70 is pointing into the stack for thread: 0x00000196360a0470
RBP=0x0000004a66dfef20 is pointing into the stack for thread: 0x00000196360a0470
RSI=0x00000001190c6078 is an oop: java.util.HashMap$Node 
{0x00000001190c6078} - klass: 'java/util/HashMap$Node'
 - ---- fields (total size 4 words):
 - final 'hash' 'I' @12  109252553 (6830fc9)
 - final 'key' 'Ljava/lang/Object;' @16  "scale"{0x00000001190c6098} (23218c13)
 - 'value' 'Ljava/lang/Object;' @20  a 'java/lang/Integer'{0x0000000119020890} = 0 (23204112)
 - 'next' 'Ljava/util/HashMap$Node;' @24  NULL (0)
RDI=0x000001963d9ca218 is at code_begin+4280 in an Interpreter codelet
return entry points  [0x000001963d9c9160, 0x000001963d9cb380]  8736 bytes
R8 =0x0000000000000042 is an unknown value
R9 =0x000000011906e6e8 is an oop: imgui.ImDrawData 
{0x000000011906e6e8} - klass: 'imgui/ImDrawData'
 - ---- fields (total size 3 words):
 - public 'ptr' 'J' @16  0 (0 0)
R10=0x00007ff9a7650688 jvm.dll
R11=0x000000000000000c is an unknown value
R12=0x00000196360a0700 points into unknown readable memory: 0x000001967f6fecc0 | c0 ec 6f 7f 96 01 00 00
R13=0x0000004a66dfef40 is pointing into the stack for thread: 0x00000196360a0470
R14=0x0000004a66dfef40 is pointing into the stack for thread: 0x00000196360a0470
R15=0x00000196360a0470 is a thread


Registers:
RAX=0x0000000000000000, RBX=0x000001967b457620, RCX=0x00000196360a0700, RDX=0x0000004a66dfef40
RSP=0x0000004a66dfee70, RBP=0x0000004a66dfef20, RSI=0x00000001190c6078, RDI=0x000001963d9ca218
R8 =0x0000000000000042, R9 =0x000000011906e6e8, R10=0x00007ff9a7650688, R11=0x000000000000000c
R12=0x00000196360a0700, R13=0x0000004a66dfef40, R14=0x0000004a66dfef40, R15=0x00000196360a0470
RIP=0x0000000064a886a7, EFLAGS=0x0000000000010246

Top of Stack: (sp=0x0000004a66dfee70)
0x0000004a66dfee70:   000001963d9ca218 000001963d9d1049
0x0000004a66dfee80:   000001967b457620 000001967b457620
0x0000004a66dfee90:   000001967b457620 0000000000000000
0x0000004a66dfeea0:   000001967b457620 000001963d9d1366
0x0000004a66dfeeb0:   000001967b457620 00000001190c6078
0x0000004a66dfeec0:   0000004a66dfeee8 00000001190c6078
0x0000004a66dfeed0:   000001963d9d0c76 0000004a66dfeed8
0x0000004a66dfeee0:   000001967b457620 0000004a66dfef40
0x0000004a66dfeef0:   000001967b458308 0000000000000000
0x0000004a66dfef00:   0000000119468060 000001967b457620
0x0000004a66dfef10:   0000000000000000 0000004a66dfef40
0x0000004a66dfef20:   0000004a66dfef90 000001963d9ca322
0x0000004a66dfef30:   0000000000000000 000001963d9cd4f6
0x0000004a66dfef40:   000000011906e6e8 0000004a66dfef48
0x0000004a66dfef50:   000001967b40fb7b 0000004a66dfeff8
0x0000004a66dfef60:   000001967b40a000 0000000000000000 

Instructions: (pc=0x0000000064a886a7)
0x0000000064a885a7:   83 c4 20 5b 41 5c 41 5d c3 41 56 41 55 41 54 56
0x0000000064a885b7:   53 48 83 ec 20 8b 74 24 70 49 89 cd 49 89 d6 49
0x0000000064a885c7:   63 d8 4d 89 cc 4d 85 c9 74 0f 48 8b 01 4c 89 ca
0x0000000064a885d7:   ff 90 30 07 00 00 49 89 c4 e8 3b 05 11 00 4d 8b
0x0000000064a885e7:   4d 00 4c 89 f2 4c 89 e9 49 89 c0 41 ff 91 28 03
0x0000000064a885f7:   00 00 4c 63 c6 4c 89 e1 48 8b 40 10 48 8b 04 d8
0x0000000064a88607:   48 8b 50 28 48 83 c4 20 5b 5e 41 5c 41 5d 41 5e
0x0000000064a88617:   e9 84 91 12 00 0f 1f 40 00 b8 14 00 00 00 c3 66
0x0000000064a88627:   2e 0f 1f 84 00 00 00 00 00 b8 02 00 00 00 c3 66
0x0000000064a88637:   2e 0f 1f 84 00 00 00 00 00 41 55 41 54 48 83 ec
0x0000000064a88647:   28 49 89 cc 49 89 d5 e8 cd 04 11 00 4d 8b 0c 24
0x0000000064a88657:   4c 89 ea 4c 89 e1 49 89 c0 41 ff 91 28 03 00 00
0x0000000064a88667:   0f b6 00 48 83 c4 28 41 5c 41 5d c3 66 66 2e 0f
0x0000000064a88677:   1f 84 00 00 00 00 00 66 90 41 55 41 54 48 83 ec
0x0000000064a88687:   28 49 89 cc 49 89 d5 e8 8d 04 11 00 4d 8b 0c 24
0x0000000064a88697:   4c 89 ea 4c 89 e1 49 89 c0 41 ff 91 28 03 00 00
0x0000000064a886a7:   8b 40 04 48 83 c4 28 41 5c 41 5d c3 66 66 2e 0f
0x0000000064a886b7:   1f 84 00 00 00 00 00 66 90 41 55 41 54 48 83 ec
0x0000000064a886c7:   28 49 89 cc 49 89 d5 e8 4d 04 11 00 4d 8b 0c 24
0x0000000064a886d7:   4c 89 ea 4c 89 e1 49 89 c0 41 ff 91 28 03 00 00
0x0000000064a886e7:   8b 40 08 48 83 c4 28 41 5c 41 5d c3 66 66 2e 0f
0x0000000064a886f7:   1f 84 00 00 00 00 00 66 90 41 55 41 54 48 83 ec
0x0000000064a88707:   28 49 89 cc 49 89 d5 e8 0d 04 11 00 4d 8b 0c 24
0x0000000064a88717:   4c 89 ea 4c 89 e1 49 89 c0 41 ff 91 28 03 00 00
0x0000000064a88727:   8b 40 0c 48 83 c4 28 41 5c 41 5d c3 66 66 2e 0f
0x0000000064a88737:   1f 84 00 00 00 00 00 66 90 41 55 41 54 53 48 83
0x0000000064a88747:   ec 20 49 89 cc 4c 89 c3 49 89 d5 e8 c9 03 11 00
0x0000000064a88757:   4d 8b 0c 24 4c 89 ea 4c 89 e1 49 89 c0 41 ff 91
0x0000000064a88767:   28 03 00 00 49 89 d8 4c 89 e1 48 8d 50 18 48 83
0x0000000064a88777:   c4 20 5b 41 5c 41 5d e9 dd 08 11 00 66 66 2e 0f
0x0000000064a88787:   1f 84 00 00 00 00 00 66 90 41 55 41 54 48 83 ec
0x0000000064a88797:   28 49 89 cc 49 89 d5 e8 7d 03 11 00 4d 8b 0c 24 


Stack slot to memory mapping:
stack at sp + 0 slots: 0x000001963d9ca218 is at code_begin+4280 in an Interpreter codelet
return entry points  [0x000001963d9c9160, 0x000001963d9cb380]  8736 bytes
stack at sp + 1 slots: 0x000001963d9d1049 is at code_begin+1161 in an Interpreter codelet
method entry point (kind = native)  [0x000001963d9d0bc0, 0x000001963d9d1ce0]  4384 bytes
stack at sp + 2 slots: {method} {0x000001967b457628} 'getCmdListsCount' '()I' in 'imgui/ImDrawData'
stack at sp + 3 slots: {method} {0x000001967b457628} 'getCmdListsCount' '()I' in 'imgui/ImDrawData'
stack at sp + 4 slots: {method} {0x000001967b457628} 'getCmdListsCount' '()I' in 'imgui/ImDrawData'
stack at sp + 5 slots: 0x0 is NULL
stack at sp + 6 slots: {method} {0x000001967b457628} 'getCmdListsCount' '()I' in 'imgui/ImDrawData'
stack at sp + 7 slots: 0x000001963d9d1366 is at code_begin+1958 in an Interpreter codelet
method entry point (kind = native)  [0x000001963d9d0bc0, 0x000001963d9d1ce0]  4384 bytes


---------------  P R O C E S S  ---------------

Threads class SMR info:
_java_thread_list=0x0000019626f564d0, length=26, elements={
0x00000196360a0470, 0x000001964decacd0, 0x000001964ded0690, 0x000001967a2b5540,
0x000001967a2b5ee0, 0x000001967a2b6880, 0x000001967a2b9230, 0x000001967a2ba110,
0x000001967a2c6820, 0x000001967a2f88f0, 0x000001967a38fa70, 0x000001967a2ac700,
0x000001967a41ef20, 0x000001967a463b50, 0x000001967a467aa0, 0x000001967a467f80,
0x000001967a4892c0, 0x000001967ed638b0, 0x000001967f49e430, 0x0000019627061650,
0x0000019626f56940, 0x00000196270c16e0, 0x0000019626f72ad0, 0x00000196270c1be0,
0x00000196270c20e0, 0x000001962709d5a0
}

Java Threads: ( => current thread )
=>0x00000196360a0470 JavaThread "main" [_thread_in_native, id=9844, stack(0x0000004a66d00000,0x0000004a66e00000)]
  0x000001964decacd0 JavaThread "Reference Handler" daemon [_thread_blocked, id=44212, stack(0x0000004a67400000,0x0000004a67500000)]
  0x000001964ded0690 JavaThread "Finalizer" daemon [_thread_blocked, id=23272, stack(0x0000004a67500000,0x0000004a67600000)]
  0x000001967a2b5540 JavaThread "Signal Dispatcher" daemon [_thread_blocked, id=552, stack(0x0000004a67600000,0x0000004a67700000)]
  0x000001967a2b5ee0 JavaThread "Attach Listener" daemon [_thread_blocked, id=45568, stack(0x0000004a67700000,0x0000004a67800000)]
  0x000001967a2b6880 JavaThread "Service Thread" daemon [_thread_blocked, id=25756, stack(0x0000004a67800000,0x0000004a67900000)]
  0x000001967a2b9230 JavaThread "Monitor Deflation Thread" daemon [_thread_blocked, id=10956, stack(0x0000004a67900000,0x0000004a67a00000)]
  0x000001967a2ba110 JavaThread "C2 CompilerThread0" daemon [_thread_blocked, id=46204, stack(0x0000004a67a00000,0x0000004a67b00000)]
  0x000001967a2c6820 JavaThread "C1 CompilerThread0" daemon [_thread_blocked, id=21232, stack(0x0000004a67b00000,0x0000004a67c00000)]
  0x000001967a2f88f0 JavaThread "Sweeper thread" daemon [_thread_blocked, id=11272, stack(0x0000004a67c00000,0x0000004a67d00000)]
  0x000001967a38fa70 JavaThread "C1 CompilerThread1" daemon [_thread_blocked, id=5704, stack(0x0000004a67d00000,0x0000004a67e00000)]
  0x000001967a2ac700 JavaThread "Common-Cleaner" daemon [_thread_blocked, id=12616, stack(0x0000004a67e00000,0x0000004a67f00000)]
  0x000001967a41ef20 JavaThread "C1 CompilerThread2" daemon [_thread_blocked, id=1872, stack(0x0000004a67f00000,0x0000004a68000000)]
  0x000001967a463b50 JavaThread "JDWP Transport Listener: dt_socket" daemon [_thread_blocked, id=41088, stack(0x0000004a68000000,0x0000004a68100000)]
  0x000001967a467aa0 JavaThread "JDWP Event Helper Thread" daemon [_thread_blocked, id=23096, stack(0x0000004a68100000,0x0000004a68200000)]
  0x000001967a467f80 JavaThread "JDWP Command Reader" daemon [_thread_in_native, id=42836, stack(0x0000004a68200000,0x0000004a68300000)]
  0x000001967a4892c0 JavaThread "Notification Thread" daemon [_thread_blocked, id=26372, stack(0x0000004a68300000,0x0000004a68400000)]
  0x000001967ed638b0 JavaThread "C1 CompilerThread3" daemon [_thread_blocked, id=10960, stack(0x0000004a68600000,0x0000004a68700000)]
  0x000001967f49e430 JavaThread "C1 CompilerThread4" daemon [_thread_blocked, id=44920, stack(0x0000004a68700000,0x0000004a68800000)]
  0x0000019627061650 JavaThread "C2 CompilerThread1" daemon [_thread_blocked, id=43240, stack(0x0000004a68500000,0x0000004a68600000)]
  0x0000019626f56940 JavaThread "C2 CompilerThread2" daemon [_thread_blocked, id=45448, stack(0x0000004a68e00000,0x0000004a68f00000)]
  0x00000196270c16e0 JavaThread "C2 CompilerThread3" daemon [_thread_blocked, id=43768, stack(0x0000004a68f00000,0x0000004a69000000)]
  0x0000019626f72ad0 JavaThread "C2 CompilerThread4" daemon [_thread_blocked, id=21576, stack(0x0000004a69000000,0x0000004a69100000)]
  0x00000196270c1be0 JavaThread "C2 CompilerThread5" daemon [_thread_blocked, id=46720, stack(0x0000004a69100000,0x0000004a69200000)]
  0x00000196270c20e0 JavaThread "C2 CompilerThread6" daemon [_thread_blocked, id=5692, stack(0x0000004a69200000,0x0000004a69300000)]
  0x000001962709d5a0 JavaThread "C2 CompilerThread7" daemon [_thread_blocked, id=47456, stack(0x0000004a69300000,0x0000004a69400000)]

Other Threads:
  0x000001963613bc20 VMThread "VM Thread" [stack: 0x0000004a67300000,0x0000004a67400000] [id=20192]
  0x000001967a5742f0 WatcherThread "VM Periodic Task Thread" [stack: 0x0000004a68400000,0x0000004a68500000] [id=22984]
  0x00000196360dbde0 WorkerThread "GC Thread#0" [stack: 0x0000004a66e00000,0x0000004a66f00000] [id=45092]
  0x000001967ffced10 WorkerThread "GC Thread#1" [stack: 0x0000004a69400000,0x0000004a69500000] [id=47772]
  0x0000019627028d30 WorkerThread "GC Thread#2" [stack: 0x0000004a69500000,0x0000004a69600000] [id=20004]
  0x000001962721ec70 WorkerThread "GC Thread#3" [stack: 0x0000004a69600000,0x0000004a69700000] [id=46528]
  0x0000019626efb680 WorkerThread "GC Thread#4" [stack: 0x0000004a69700000,0x0000004a69800000] [id=20500]
  0x0000019626fc7bb0 WorkerThread "GC Thread#5" [stack: 0x0000004a69800000,0x0000004a69900000] [id=20732]
  0x0000019627230c90 WorkerThread "GC Thread#6" [stack: 0x0000004a69900000,0x0000004a69a00000] [id=44176]
  0x0000019627065080 WorkerThread "GC Thread#7" [stack: 0x0000004a69a00000,0x0000004a69b00000] [id=12532]
  0x0000019626fa5500 WorkerThread "GC Thread#8" [stack: 0x0000004a69b00000,0x0000004a69c00000] [id=2516]
  0x0000019626f35c00 WorkerThread "GC Thread#9" [stack: 0x0000004a69c00000,0x0000004a69d00000] [id=21336]
  0x0000019626f34c40 WorkerThread "GC Thread#10" [stack: 0x0000004a69d00000,0x0000004a69e00000] [id=47000]
  0x0000019626f341c0 WorkerThread "GC Thread#11" [stack: 0x0000004a69e00000,0x0000004a69f00000] [id=47824]
  0x0000019626f34460 WorkerThread "GC Thread#12" [stack: 0x0000004a69f00000,0x0000004a6a000000] [id=42760]
  0x0000019626f356c0 WorkerThread "GC Thread#13" [stack: 0x0000004a6a000000,0x0000004a6a100000] [id=47980]
  0x0000019626f349a0 WorkerThread "GC Thread#14" [stack: 0x0000004a6a100000,0x0000004a6a200000] [id=29312]
  0x0000019626f34700 WorkerThread "GC Thread#15" [stack: 0x0000004a6a200000,0x0000004a6a300000] [id=9684]
  0x0000019626f34ee0 WorkerThread "GC Thread#16" [stack: 0x0000004a6a300000,0x0000004a6a400000] [id=6308]
  0x0000019626f35180 WorkerThread "GC Thread#17" [stack: 0x0000004a6a400000,0x0000004a6a500000] [id=42368]
  0x0000019626f33f20 WorkerThread "GC Thread#18" [stack: 0x0000004a6a500000,0x0000004a6a600000] [id=48092]
  0x0000019626f35420 WorkerThread "GC Thread#19" [stack: 0x0000004a6a600000,0x0000004a6a700000] [id=47708]
  0x0000019626f35960 WorkerThread "GC Thread#20" [stack: 0x0000004a6a700000,0x0000004a6a800000] [id=43596]
  0x00000196271045e0 WorkerThread "GC Thread#21" [stack: 0x0000004a6a800000,0x0000004a6a900000] [id=34196]
  0x0000019627103e00 WorkerThread "GC Thread#22" [stack: 0x0000004a6a900000,0x0000004a6aa00000] [id=29088]
  0x00000196360ebb30 ConcurrentGCThread "G1 Main Marker" [stack: 0x0000004a66f00000,0x0000004a67000000] [id=5220]
  0x00000196360ed3d0 WorkerThread "G1 Conc#0" [stack: 0x0000004a67000000,0x0000004a67100000] [id=15324]
  0x00000196360c6ae0 ConcurrentGCThread "G1 Refine#0" [stack: 0x0000004a67100000,0x0000004a67200000] [id=29020]
  0x000001963614eca0 ConcurrentGCThread "G1 Service" [stack: 0x0000004a67200000,0x0000004a67300000] [id=33820]

Threads with active compile tasks:

VM state: not at safepoint (normal execution)

VM Mutex/Monitor currently owned by a thread: None

Heap address: 0x00000000a0000000, size: 30208 MB, Compressed Oops mode: Zero based, Oop shift amount: 3

CDS archive(s) mapped at: [0x0000000800000000-0x0000000800ba0000-0x0000000800ba0000), size 12189696, SharedBaseAddress: 0x0000000800000000, ArchiveRelocationMode: 0.
Compressed class space mapped at: 0x0000000800c00000-0x0000000840c00000, reserved size: 1073741824
Narrow klass base: 0x0000000800000000, Narrow klass shift: 0, Narrow klass range: 0x100000000

GC Precious Log:
 CardTable entry size: 512
 Card Set container configuration: InlinePtr #cards 3 size 8 Array Of Cards #cards 128 size 272 Howl #buckets 8 coarsen threshold 29491 Howl Bitmap #cards 4096 size 528 coarsen threshold 3686 Card regions per heap region 1 cards per card region 32768
 CPUs: 32 total, 32 available
 Memory: 127G
 Large Page Support: Disabled
 NUMA Support: Disabled
 Compressed Oops: Enabled (Zero based)
 Heap Region Size: 16M
 Heap Min Capacity: 16M
 Heap Initial Capacity: 2G
 Heap Max Capacity: 30208M
 Pre-touch: Disabled
 Parallel Workers: 23
 Concurrent Workers: 6
 Concurrent Refinement Workers: 23
 Periodic GC: Disabled

Heap:
 garbage-first heap   total 2097152K, used 7401K [0x00000000a0000000, 0x0000000800000000)
  region size 16384K, 2 young (32768K), 1 survivors (16384K)
 Metaspace       used 19079K, committed 19392K, reserved 1114112K
  class space    used 1685K, committed 1856K, reserved 1048576K

Heap Regions: E=young(eden), S=young(survivor), O=old, HS=humongous(starts), HC=humongous(continues), CS=collection set, F=free, OA=open archive, CA=closed archive, TAMS=top-at-mark-start (previous, next)
|   0|0x00000000a0000000, 0x00000000a0000000, 0x00000000a1000000|  0%| F|  |TAMS 0x00000000a0000000, 0x00000000a0000000| Untracked 
|   1|0x00000000a1000000, 0x00000000a1000000, 0x00000000a2000000|  0%| F|  |TAMS 0x00000000a1000000, 0x00000000a1000000| Untracked 
|   2|0x00000000a2000000, 0x00000000a2000000, 0x00000000a3000000|  0%| F|  |TAMS 0x00000000a2000000, 0x00000000a2000000| Untracked 
|   3|0x00000000a3000000, 0x00000000a3000000, 0x00000000a4000000|  0%| F|  |TAMS 0x00000000a3000000, 0x00000000a3000000| Untracked 
|   4|0x00000000a4000000, 0x00000000a4000000, 0x00000000a5000000|  0%| F|  |TAMS 0x00000000a4000000, 0x00000000a4000000| Untracked 
|   5|0x00000000a5000000, 0x00000000a5000000, 0x00000000a6000000|  0%| F|  |TAMS 0x00000000a5000000, 0x00000000a5000000| Untracked 
|   6|0x00000000a6000000, 0x00000000a6000000, 0x00000000a7000000|  0%| F|  |TAMS 0x00000000a6000000, 0x00000000a6000000| Untracked 
|   7|0x00000000a7000000, 0x00000000a7000000, 0x00000000a8000000|  0%| F|  |TAMS 0x00000000a7000000, 0x00000000a7000000| Untracked 
|   8|0x00000000a8000000, 0x00000000a8000000, 0x00000000a9000000|  0%| F|  |TAMS 0x00000000a8000000, 0x00000000a8000000| Untracked 
|   9|0x00000000a9000000, 0x00000000a9000000, 0x00000000aa000000|  0%| F|  |TAMS 0x00000000a9000000, 0x00000000a9000000| Untracked 
|  10|0x00000000aa000000, 0x00000000aa000000, 0x00000000ab000000|  0%| F|  |TAMS 0x00000000aa000000, 0x00000000aa000000| Untracked 
|  11|0x00000000ab000000, 0x00000000ab000000, 0x00000000ac000000|  0%| F|  |TAMS 0x00000000ab000000, 0x00000000ab000000| Untracked 
|  12|0x00000000ac000000, 0x00000000ac000000, 0x00000000ad000000|  0%| F|  |TAMS 0x00000000ac000000, 0x00000000ac000000| Untracked 
|  13|0x00000000ad000000, 0x00000000ad000000, 0x00000000ae000000|  0%| F|  |TAMS 0x00000000ad000000, 0x00000000ad000000| Untracked 
|  14|0x00000000ae000000, 0x00000000ae000000, 0x00000000af000000|  0%| F|  |TAMS 0x00000000ae000000, 0x00000000ae000000| Untracked 
|  15|0x00000000af000000, 0x00000000af000000, 0x00000000b0000000|  0%| F|  |TAMS 0x00000000af000000, 0x00000000af000000| Untracked 
|  16|0x00000000b0000000, 0x00000000b0000000, 0x00000000b1000000|  0%| F|  |TAMS 0x00000000b0000000, 0x00000000b0000000| Untracked 
|  17|0x00000000b1000000, 0x00000000b1000000, 0x00000000b2000000|  0%| F|  |TAMS 0x00000000b1000000, 0x00000000b1000000| Untracked 
|  18|0x00000000b2000000, 0x00000000b2000000, 0x00000000b3000000|  0%| F|  |TAMS 0x00000000b2000000, 0x00000000b2000000| Untracked 
|  19|0x00000000b3000000, 0x00000000b3000000, 0x00000000b4000000|  0%| F|  |TAMS 0x00000000b3000000, 0x00000000b3000000| Untracked 
|  20|0x00000000b4000000, 0x00000000b4000000, 0x00000000b5000000|  0%| F|  |TAMS 0x00000000b4000000, 0x00000000b4000000| Untracked 
|  21|0x00000000b5000000, 0x00000000b5000000, 0x00000000b6000000|  0%| F|  |TAMS 0x00000000b5000000, 0x00000000b5000000| Untracked 
|  22|0x00000000b6000000, 0x00000000b6000000, 0x00000000b7000000|  0%| F|  |TAMS 0x00000000b6000000, 0x00000000b6000000| Untracked 
|  23|0x00000000b7000000, 0x00000000b7000000, 0x00000000b8000000|  0%| F|  |TAMS 0x00000000b7000000, 0x00000000b7000000| Untracked 
|  24|0x00000000b8000000, 0x00000000b8000000, 0x00000000b9000000|  0%| F|  |TAMS 0x00000000b8000000, 0x00000000b8000000| Untracked 
|  25|0x00000000b9000000, 0x00000000b9000000, 0x00000000ba000000|  0%| F|  |TAMS 0x00000000b9000000, 0x00000000b9000000| Untracked 
|  26|0x00000000ba000000, 0x00000000ba000000, 0x00000000bb000000|  0%| F|  |TAMS 0x00000000ba000000, 0x00000000ba000000| Untracked 
|  27|0x00000000bb000000, 0x00000000bb000000, 0x00000000bc000000|  0%| F|  |TAMS 0x00000000bb000000, 0x00000000bb000000| Untracked 
|  28|0x00000000bc000000, 0x00000000bc000000, 0x00000000bd000000|  0%| F|  |TAMS 0x00000000bc000000, 0x00000000bc000000| Untracked 
|  29|0x00000000bd000000, 0x00000000bd000000, 0x00000000be000000|  0%| F|  |TAMS 0x00000000bd000000, 0x00000000bd000000| Untracked 
|  30|0x00000000be000000, 0x00000000be000000, 0x00000000bf000000|  0%| F|  |TAMS 0x00000000be000000, 0x00000000be000000| Untracked 
|  31|0x00000000bf000000, 0x00000000bf000000, 0x00000000c0000000|  0%| F|  |TAMS 0x00000000bf000000, 0x00000000bf000000| Untracked 
|  32|0x00000000c0000000, 0x00000000c0000000, 0x00000000c1000000|  0%| F|  |TAMS 0x00000000c0000000, 0x00000000c0000000| Untracked 
|  33|0x00000000c1000000, 0x00000000c1000000, 0x00000000c2000000|  0%| F|  |TAMS 0x00000000c1000000, 0x00000000c1000000| Untracked 
|  34|0x00000000c2000000, 0x00000000c2000000, 0x00000000c3000000|  0%| F|  |TAMS 0x00000000c2000000, 0x00000000c2000000| Untracked 
|  35|0x00000000c3000000, 0x00000000c3000000, 0x00000000c4000000|  0%| F|  |TAMS 0x00000000c3000000, 0x00000000c3000000| Untracked 
|  36|0x00000000c4000000, 0x00000000c4000000, 0x00000000c5000000|  0%| F|  |TAMS 0x00000000c4000000, 0x00000000c4000000| Untracked 
|  37|0x00000000c5000000, 0x00000000c5000000, 0x00000000c6000000|  0%| F|  |TAMS 0x00000000c5000000, 0x00000000c5000000| Untracked 
|  38|0x00000000c6000000, 0x00000000c6000000, 0x00000000c7000000|  0%| F|  |TAMS 0x00000000c6000000, 0x00000000c6000000| Untracked 
|  39|0x00000000c7000000, 0x00000000c7000000, 0x00000000c8000000|  0%| F|  |TAMS 0x00000000c7000000, 0x00000000c7000000| Untracked 
|  40|0x00000000c8000000, 0x00000000c8000000, 0x00000000c9000000|  0%| F|  |TAMS 0x00000000c8000000, 0x00000000c8000000| Untracked 
|  41|0x00000000c9000000, 0x00000000c9000000, 0x00000000ca000000|  0%| F|  |TAMS 0x00000000c9000000, 0x00000000c9000000| Untracked 
|  42|0x00000000ca000000, 0x00000000ca000000, 0x00000000cb000000|  0%| F|  |TAMS 0x00000000ca000000, 0x00000000ca000000| Untracked 
|  43|0x00000000cb000000, 0x00000000cb000000, 0x00000000cc000000|  0%| F|  |TAMS 0x00000000cb000000, 0x00000000cb000000| Untracked 
|  44|0x00000000cc000000, 0x00000000cc000000, 0x00000000cd000000|  0%| F|  |TAMS 0x00000000cc000000, 0x00000000cc000000| Untracked 
|  45|0x00000000cd000000, 0x00000000cd000000, 0x00000000ce000000|  0%| F|  |TAMS 0x00000000cd000000, 0x00000000cd000000| Untracked 
|  46|0x00000000ce000000, 0x00000000ce000000, 0x00000000cf000000|  0%| F|  |TAMS 0x00000000ce000000, 0x00000000ce000000| Untracked 
|  47|0x00000000cf000000, 0x00000000cf000000, 0x00000000d0000000|  0%| F|  |TAMS 0x00000000cf000000, 0x00000000cf000000| Untracked 
|  48|0x00000000d0000000, 0x00000000d0000000, 0x00000000d1000000|  0%| F|  |TAMS 0x00000000d0000000, 0x00000000d0000000| Untracked 
|  49|0x00000000d1000000, 0x00000000d1000000, 0x00000000d2000000|  0%| F|  |TAMS 0x00000000d1000000, 0x00000000d1000000| Untracked 
|  50|0x00000000d2000000, 0x00000000d2000000, 0x00000000d3000000|  0%| F|  |TAMS 0x00000000d2000000, 0x00000000d2000000| Untracked 
|  51|0x00000000d3000000, 0x00000000d3000000, 0x00000000d4000000|  0%| F|  |TAMS 0x00000000d3000000, 0x00000000d3000000| Untracked 
|  52|0x00000000d4000000, 0x00000000d4000000, 0x00000000d5000000|  0%| F|  |TAMS 0x00000000d4000000, 0x00000000d4000000| Untracked 
|  53|0x00000000d5000000, 0x00000000d5000000, 0x00000000d6000000|  0%| F|  |TAMS 0x00000000d5000000, 0x00000000d5000000| Untracked 
|  54|0x00000000d6000000, 0x00000000d6000000, 0x00000000d7000000|  0%| F|  |TAMS 0x00000000d6000000, 0x00000000d6000000| Untracked 
|  55|0x00000000d7000000, 0x00000000d7000000, 0x00000000d8000000|  0%| F|  |TAMS 0x00000000d7000000, 0x00000000d7000000| Untracked 
|  56|0x00000000d8000000, 0x00000000d8000000, 0x00000000d9000000|  0%| F|  |TAMS 0x00000000d8000000, 0x00000000d8000000| Untracked 
|  57|0x00000000d9000000, 0x00000000d9000000, 0x00000000da000000|  0%| F|  |TAMS 0x00000000d9000000, 0x00000000d9000000| Untracked 
|  58|0x00000000da000000, 0x00000000da000000, 0x00000000db000000|  0%| F|  |TAMS 0x00000000da000000, 0x00000000da000000| Untracked 
|  59|0x00000000db000000, 0x00000000db000000, 0x00000000dc000000|  0%| F|  |TAMS 0x00000000db000000, 0x00000000db000000| Untracked 
|  60|0x00000000dc000000, 0x00000000dc000000, 0x00000000dd000000|  0%| F|  |TAMS 0x00000000dc000000, 0x00000000dc000000| Untracked 
|  61|0x00000000dd000000, 0x00000000dd000000, 0x00000000de000000|  0%| F|  |TAMS 0x00000000dd000000, 0x00000000dd000000| Untracked 
|  62|0x00000000de000000, 0x00000000de000000, 0x00000000df000000|  0%| F|  |TAMS 0x00000000de000000, 0x00000000de000000| Untracked 
|  63|0x00000000df000000, 0x00000000df000000, 0x00000000e0000000|  0%| F|  |TAMS 0x00000000df000000, 0x00000000df000000| Untracked 
|  64|0x00000000e0000000, 0x00000000e0000000, 0x00000000e1000000|  0%| F|  |TAMS 0x00000000e0000000, 0x00000000e0000000| Untracked 
|  65|0x00000000e1000000, 0x00000000e1000000, 0x00000000e2000000|  0%| F|  |TAMS 0x00000000e1000000, 0x00000000e1000000| Untracked 
|  66|0x00000000e2000000, 0x00000000e2000000, 0x00000000e3000000|  0%| F|  |TAMS 0x00000000e2000000, 0x00000000e2000000| Untracked 
|  67|0x00000000e3000000, 0x00000000e3000000, 0x00000000e4000000|  0%| F|  |TAMS 0x00000000e3000000, 0x00000000e3000000| Untracked 
|  68|0x00000000e4000000, 0x00000000e4000000, 0x00000000e5000000|  0%| F|  |TAMS 0x00000000e4000000, 0x00000000e4000000| Untracked 
|  69|0x00000000e5000000, 0x00000000e5000000, 0x00000000e6000000|  0%| F|  |TAMS 0x00000000e5000000, 0x00000000e5000000| Untracked 
|  70|0x00000000e6000000, 0x00000000e6000000, 0x00000000e7000000|  0%| F|  |TAMS 0x00000000e6000000, 0x00000000e6000000| Untracked 
|  71|0x00000000e7000000, 0x00000000e7000000, 0x00000000e8000000|  0%| F|  |TAMS 0x00000000e7000000, 0x00000000e7000000| Untracked 
|  72|0x00000000e8000000, 0x00000000e8000000, 0x00000000e9000000|  0%| F|  |TAMS 0x00000000e8000000, 0x00000000e8000000| Untracked 
|  73|0x00000000e9000000, 0x00000000e9000000, 0x00000000ea000000|  0%| F|  |TAMS 0x00000000e9000000, 0x00000000e9000000| Untracked 
|  74|0x00000000ea000000, 0x00000000ea000000, 0x00000000eb000000|  0%| F|  |TAMS 0x00000000ea000000, 0x00000000ea000000| Untracked 
|  75|0x00000000eb000000, 0x00000000eb000000, 0x00000000ec000000|  0%| F|  |TAMS 0x00000000eb000000, 0x00000000eb000000| Untracked 
|  76|0x00000000ec000000, 0x00000000ec000000, 0x00000000ed000000|  0%| F|  |TAMS 0x00000000ec000000, 0x00000000ec000000| Untracked 
|  77|0x00000000ed000000, 0x00000000ed000000, 0x00000000ee000000|  0%| F|  |TAMS 0x00000000ed000000, 0x00000000ed000000| Untracked 
|  78|0x00000000ee000000, 0x00000000ee000000, 0x00000000ef000000|  0%| F|  |TAMS 0x00000000ee000000, 0x00000000ee000000| Untracked 
|  79|0x00000000ef000000, 0x00000000ef000000, 0x00000000f0000000|  0%| F|  |TAMS 0x00000000ef000000, 0x00000000ef000000| Untracked 
|  80|0x00000000f0000000, 0x00000000f0000000, 0x00000000f1000000|  0%| F|  |TAMS 0x00000000f0000000, 0x00000000f0000000| Untracked 
|  81|0x00000000f1000000, 0x00000000f1000000, 0x00000000f2000000|  0%| F|  |TAMS 0x00000000f1000000, 0x00000000f1000000| Untracked 
|  82|0x00000000f2000000, 0x00000000f2000000, 0x00000000f3000000|  0%| F|  |TAMS 0x00000000f2000000, 0x00000000f2000000| Untracked 
|  83|0x00000000f3000000, 0x00000000f3000000, 0x00000000f4000000|  0%| F|  |TAMS 0x00000000f3000000, 0x00000000f3000000| Untracked 
|  84|0x00000000f4000000, 0x00000000f4000000, 0x00000000f5000000|  0%| F|  |TAMS 0x00000000f4000000, 0x00000000f4000000| Untracked 
|  85|0x00000000f5000000, 0x00000000f5000000, 0x00000000f6000000|  0%| F|  |TAMS 0x00000000f5000000, 0x00000000f5000000| Untracked 
|  86|0x00000000f6000000, 0x00000000f6000000, 0x00000000f7000000|  0%| F|  |TAMS 0x00000000f6000000, 0x00000000f6000000| Untracked 
|  87|0x00000000f7000000, 0x00000000f7000000, 0x00000000f8000000|  0%| F|  |TAMS 0x00000000f7000000, 0x00000000f7000000| Untracked 
|  88|0x00000000f8000000, 0x00000000f8000000, 0x00000000f9000000|  0%| F|  |TAMS 0x00000000f8000000, 0x00000000f8000000| Untracked 
|  89|0x00000000f9000000, 0x00000000f9000000, 0x00000000fa000000|  0%| F|  |TAMS 0x00000000f9000000, 0x00000000f9000000| Untracked 
|  90|0x00000000fa000000, 0x00000000fa000000, 0x00000000fb000000|  0%| F|  |TAMS 0x00000000fa000000, 0x00000000fa000000| Untracked 
|  91|0x00000000fb000000, 0x00000000fb000000, 0x00000000fc000000|  0%| F|  |TAMS 0x00000000fb000000, 0x00000000fb000000| Untracked 
|  92|0x00000000fc000000, 0x00000000fc000000, 0x00000000fd000000|  0%| F|  |TAMS 0x00000000fc000000, 0x00000000fc000000| Untracked 
|  93|0x00000000fd000000, 0x00000000fd000000, 0x00000000fe000000|  0%| F|  |TAMS 0x00000000fd000000, 0x00000000fd000000| Untracked 
|  94|0x00000000fe000000, 0x00000000fe000000, 0x00000000ff000000|  0%| F|  |TAMS 0x00000000fe000000, 0x00000000fe000000| Untracked 
|  95|0x00000000ff000000, 0x00000000ff000000, 0x0000000100000000|  0%| F|  |TAMS 0x00000000ff000000, 0x00000000ff000000| Untracked 
|  96|0x0000000100000000, 0x0000000100000000, 0x0000000101000000|  0%| F|  |TAMS 0x0000000100000000, 0x0000000100000000| Untracked 
|  97|0x0000000101000000, 0x0000000101000000, 0x0000000102000000|  0%| F|  |TAMS 0x0000000101000000, 0x0000000101000000| Untracked 
|  98|0x0000000102000000, 0x0000000102000000, 0x0000000103000000|  0%| F|  |TAMS 0x0000000102000000, 0x0000000102000000| Untracked 
|  99|0x0000000103000000, 0x0000000103000000, 0x0000000104000000|  0%| F|  |TAMS 0x0000000103000000, 0x0000000103000000| Untracked 
| 100|0x0000000104000000, 0x0000000104000000, 0x0000000105000000|  0%| F|  |TAMS 0x0000000104000000, 0x0000000104000000| Untracked 
| 101|0x0000000105000000, 0x0000000105000000, 0x0000000106000000|  0%| F|  |TAMS 0x0000000105000000, 0x0000000105000000| Untracked 
| 102|0x0000000106000000, 0x0000000106000000, 0x0000000107000000|  0%| F|  |TAMS 0x0000000106000000, 0x0000000106000000| Untracked 
| 103|0x0000000107000000, 0x0000000107000000, 0x0000000108000000|  0%| F|  |TAMS 0x0000000107000000, 0x0000000107000000| Untracked 
| 104|0x0000000108000000, 0x0000000108000000, 0x0000000109000000|  0%| F|  |TAMS 0x0000000108000000, 0x0000000108000000| Untracked 
| 105|0x0000000109000000, 0x0000000109000000, 0x000000010a000000|  0%| F|  |TAMS 0x0000000109000000, 0x0000000109000000| Untracked 
| 106|0x000000010a000000, 0x000000010a000000, 0x000000010b000000|  0%| F|  |TAMS 0x000000010a000000, 0x000000010a000000| Untracked 
| 107|0x000000010b000000, 0x000000010b000000, 0x000000010c000000|  0%| F|  |TAMS 0x000000010b000000, 0x000000010b000000| Untracked 
| 108|0x000000010c000000, 0x000000010c000000, 0x000000010d000000|  0%| F|  |TAMS 0x000000010c000000, 0x000000010c000000| Untracked 
| 109|0x000000010d000000, 0x000000010d000000, 0x000000010e000000|  0%| F|  |TAMS 0x000000010d000000, 0x000000010d000000| Untracked 
| 110|0x000000010e000000, 0x000000010e000000, 0x000000010f000000|  0%| F|  |TAMS 0x000000010e000000, 0x000000010e000000| Untracked 
| 111|0x000000010f000000, 0x000000010f000000, 0x0000000110000000|  0%| F|  |TAMS 0x000000010f000000, 0x000000010f000000| Untracked 
| 112|0x0000000110000000, 0x0000000110000000, 0x0000000111000000|  0%| F|  |TAMS 0x0000000110000000, 0x0000000110000000| Untracked 
| 113|0x0000000111000000, 0x0000000111000000, 0x0000000112000000|  0%| F|  |TAMS 0x0000000111000000, 0x0000000111000000| Untracked 
| 114|0x0000000112000000, 0x0000000112000000, 0x0000000113000000|  0%| F|  |TAMS 0x0000000112000000, 0x0000000112000000| Untracked 
| 115|0x0000000113000000, 0x0000000113000000, 0x0000000114000000|  0%| F|  |TAMS 0x0000000113000000, 0x0000000113000000| Untracked 
| 116|0x0000000114000000, 0x0000000114000000, 0x0000000115000000|  0%| F|  |TAMS 0x0000000114000000, 0x0000000114000000| Untracked 
| 117|0x0000000115000000, 0x0000000115000000, 0x0000000116000000|  0%| F|  |TAMS 0x0000000115000000, 0x0000000115000000| Untracked 
| 118|0x0000000116000000, 0x0000000116000000, 0x0000000117000000|  0%| F|  |TAMS 0x0000000116000000, 0x0000000116000000| Untracked 
| 119|0x0000000117000000, 0x0000000117000000, 0x0000000118000000|  0%| F|  |TAMS 0x0000000117000000, 0x0000000117000000| Untracked 
| 120|0x0000000118000000, 0x0000000118000000, 0x0000000119000000|  0%| F|  |TAMS 0x0000000118000000, 0x0000000118000000| Untracked 
| 121|0x0000000119000000, 0x000000011973a438, 0x000000011a000000| 45%| S|CS|TAMS 0x0000000119000000, 0x0000000119000000| Complete 
| 122|0x000000011a000000, 0x000000011a000000, 0x000000011b000000|  0%| F|  |TAMS 0x000000011a000000, 0x000000011a000000| Untracked 
| 123|0x000000011b000000, 0x000000011b000000, 0x000000011c000000|  0%| F|  |TAMS 0x000000011b000000, 0x000000011b000000| Untracked 
| 124|0x000000011c000000, 0x000000011c000000, 0x000000011d000000|  0%| F|  |TAMS 0x000000011c000000, 0x000000011c000000| Untracked 
| 125|0x000000011d000000, 0x000000011d000000, 0x000000011e000000|  0%| F|  |TAMS 0x000000011d000000, 0x000000011d000000| Untracked 
| 126|0x000000011e000000, 0x000000011e000000, 0x000000011f000000|  0%| F|  |TAMS 0x000000011e000000, 0x000000011e000000| Untracked 
| 127|0x000000011f000000, 0x000000011f623b80, 0x0000000120000000| 38%| E|  |TAMS 0x000000011f000000, 0x000000011f000000| Complete 

Card table byte_map: [0x00000196519e0000,0x00000196554e0000] _byte_map_base: 0x00000196514e0000

Marking Bits (Prev, Next): (CMBitMap*) 0x00000196360dc3e0, (CMBitMap*) 0x00000196360dc420
 Prev Bits: [0x0000019658fe0000, 0x00000196767e0000)
 Next Bits: [0x0000019600000000, 0x000001961d800000)

Polling page: 0x0000019633d90000

Metaspace:

Usage:
  Non-class:     16.99 MB used.
      Class:      1.65 MB used.
       Both:     18.63 MB used.

Virtual space:
  Non-class space:       64.00 MB reserved,      17.12 MB ( 27%) committed,  1 nodes.
      Class space:        1.00 GB reserved,       1.81 MB ( <1%) committed,  1 nodes.
             Both:        1.06 GB reserved,      18.94 MB (  2%) committed. 

Chunk freelists:
   Non-Class:  2.39 MB
       Class:  2.16 MB
        Both:  4.55 MB

MaxMetaspaceSize: unlimited
CompressedClassSpaceSize: 1.00 GB
Initial GC threshold: 21.00 MB
Current GC threshold: 21.00 MB
CDS: on
MetaspaceReclaimPolicy: balanced
 - commit_granule_bytes: 65536.
 - commit_granule_words: 8192.
 - virtual_space_node_default_size: 8388608.
 - enlarge_chunks_in_place: 1.
 - new_chunks_are_fully_committed: 0.
 - uncommit_free_chunks: 1.
 - use_allocation_guard: 0.


Internal statistics:

num_allocs_failed_limit: 0.
num_arena_births: 324.
num_arena_deaths: 0.
num_vsnodes_births: 2.
num_vsnodes_deaths: 0.
num_space_committed: 301.
num_space_uncommitted: 0.
num_chunks_returned_to_freelist: 0.
num_chunks_taken_from_freelist: 846.
num_chunk_merges: 0.
num_chunk_splits: 574.
num_chunks_enlarged: 423.
num_inconsistent_stats: 0.

CodeHeap 'non-profiled nmethods': size=118848Kb used=919Kb max_used=919Kb free=117928Kb
 bounds [0x00000196455b0000, 0x0000019645820000, 0x000001964c9c0000]
CodeHeap 'profiled nmethods': size=118848Kb used=5067Kb max_used=5067Kb free=113780Kb
 bounds [0x000001963e1a0000, 0x000001963e6a0000, 0x00000196455b0000]
CodeHeap 'non-nmethods': size=8064Kb used=4181Kb max_used=4225Kb free=3882Kb
 bounds [0x000001963d9c0000, 0x000001963ddf0000, 0x000001963e1a0000]
 total_blobs=4082 nmethods=2728 adapters=1262
 compilation: enabled
              stopped_count=0, restarted_count=0
 full_count=0

Compilation events (20 events):
Event: 1.289 Thread 0x000001967a2c6820 nmethod 2718 0x000001963e68c110 code [0x000001963e68c4a0, 0x000001963e68dae8]
Event: 1.293 Thread 0x00000196270c1be0 2719       4       org.lwjgl.system.StructBuffer::get (20 bytes)
Event: 1.294 Thread 0x00000196270c1be0 nmethod 2719 0x0000019645695190 code [0x0000019645695320, 0x00000196456954b8]
Event: 1.294 Thread 0x000001967a2c6820 2720       3       java.util.concurrent.ConcurrentHashMap::isEmpty (15 bytes)
Event: 1.294 Thread 0x000001967a38fa70 2721       3       java.lang.ClassLoader::findNative (21 bytes)
Event: 1.294 Thread 0x000001967ed638b0 2722       3       jdk.internal.loader.NativeLibraries::find (72 bytes)
Event: 1.294 Thread 0x000001967a2c6820 nmethod 2720 0x000001963e68e190 code [0x000001963e68e340, 0x000001963e68e4e8]
Event: 1.294 Thread 0x000001967a38fa70 nmethod 2721 0x000001963e68e590 code [0x000001963e68e760, 0x000001963e68e998]
Event: 1.294 Thread 0x000001967ed638b0 nmethod 2722 0x000001963e68eb10 code [0x000001963e68ed40, 0x000001963e68f5f8]
Event: 1.301 Thread 0x000001967a41ef20 2723       1       org.joml.Vector3f::x (5 bytes)
Event: 1.301 Thread 0x000001967f49e430 2725       1       org.joml.Vector3f::z (5 bytes)
Event: 1.301 Thread 0x000001967a2c6820 2724       1       org.joml.Vector3f::y (5 bytes)
Event: 1.302 Thread 0x000001967a41ef20 nmethod 2723 0x0000019645695690 code [0x0000019645695820, 0x00000196456958f8]
Event: 1.302 Thread 0x000001967f49e430 nmethod 2725 0x0000019645695990 code [0x0000019645695b20, 0x0000019645695bf8]
Event: 1.302 Thread 0x000001967a2c6820 nmethod 2724 0x0000019645695c90 code [0x0000019645695e20, 0x0000019645695ef8]
Event: 1.302 Thread 0x000001967a2c6820 2726       3       java.lang.invoke.ClassSpecializer$SpeciesData::transformHelper (56 bytes)
Event: 1.303 Thread 0x000001967f49e430 2727       3       java.lang.ref.SoftReference::get (29 bytes)
Event: 1.303 Thread 0x000001967f49e430 nmethod 2727 0x000001963e68f890 code [0x000001963e68fa20, 0x000001963e68fbf8]
Event: 1.303 Thread 0x000001967a2c6820 nmethod 2726 0x000001963e68fc90 code [0x000001963e68ff40, 0x000001963e690f28]
Event: 1.303 Thread 0x000001967a38fa70 2728       3       com.engineersbox.quanta.resources.assets.shader.Uniforms::getUniformLocation (54 bytes)

GC Heap History (2 events):
Event: 1.250 GC heap before
{Heap before GC invocations=0 (full 0):
 garbage-first heap   total 2097152K, used 98304K [0x00000000a0000000, 0x0000000800000000)
  region size 16384K, 6 young (98304K), 0 survivors (0K)
 Metaspace       used 18354K, committed 18688K, reserved 1114112K
  class space    used 1660K, committed 1792K, reserved 1048576K
}
Event: 1.255 GC heap after
{Heap after GC invocations=1 (full 0):
 garbage-first heap   total 2097152K, used 7401K [0x00000000a0000000, 0x0000000800000000)
  region size 16384K, 1 young (16384K), 1 survivors (16384K)
 Metaspace       used 18354K, committed 18688K, reserved 1114112K
  class space    used 1660K, committed 1792K, reserved 1048576K
}

Deoptimization events (20 events):
Event: 1.263 Thread 0x00000196360a0470 Uncommon trap: trap_request=0xffffff3d fr.pc=0x0000019645686e4c relative=0x000000000000046c
Event: 1.263 Thread 0x00000196360a0470 Uncommon trap: reason=unstable_fused_if action=reinterpret pc=0x0000019645686e4c method=org.lwjgl.system.MultiReleaseTextDecoding.decodeUTF8(JI)Ljava/lang/String; @ 1 c2
Event: 1.263 Thread 0x00000196360a0470 DEOPT PACKING pc=0x0000019645686e4c sp=0x0000004a66dfebe0
Event: 1.263 Thread 0x00000196360a0470 DEOPT UNPACKING pc=0x000001963da123a3 sp=0x0000004a66dfec30 mode 2
Event: 1.269 Thread 0x00000196360a0470 Uncommon trap: trap_request=0xffffff45 fr.pc=0x000001964565c5e0 relative=0x00000000000000e0
Event: 1.269 Thread 0x00000196360a0470 Uncommon trap: reason=unstable_if action=reinterpret pc=0x000001964565c5e0 method=java.lang.ref.SoftReference.get()Ljava/lang/Object; @ 17 c2
Event: 1.269 Thread 0x00000196360a0470 DEOPT PACKING pc=0x000001964565c5e0 sp=0x0000004a66dfd980
Event: 1.269 Thread 0x00000196360a0470 DEOPT UNPACKING pc=0x000001963da123a3 sp=0x0000004a66dfd930 mode 2
Event: 1.280 Thread 0x00000196360a0470 Uncommon trap: trap_request=0xffffff54 fr.pc=0x0000019645692364 relative=0x0000000000000064
Event: 1.280 Thread 0x00000196360a0470 Uncommon trap: reason=speculate_null_assert action=make_not_entrant pc=0x0000019645692364 method=sun.misc.Unsafe.getLong(Ljava/lang/Object;J)J @ 5 c2
Event: 1.280 Thread 0x00000196360a0470 DEOPT PACKING pc=0x0000019645692364 sp=0x0000004a66dfec00
Event: 1.280 Thread 0x00000196360a0470 DEOPT UNPACKING pc=0x000001963da123a3 sp=0x0000004a66dfeb98 mode 2
Event: 1.288 Thread 0x00000196360a0470 Uncommon trap: trap_request=0xffffff76 fr.pc=0x000001964568c6d4 relative=0x00000000000007d4
Event: 1.288 Thread 0x00000196360a0470 Uncommon trap: reason=predicate action=maybe_recompile pc=0x000001964568c6d4 method=java.util.ArrayList$ArrayListSpliterator.forEachRemaining(Ljava/util/function/Consumer;)V @ 83 c2
Event: 1.288 Thread 0x00000196360a0470 DEOPT PACKING pc=0x000001964568c6d4 sp=0x0000004a66dfecf0
Event: 1.288 Thread 0x00000196360a0470 DEOPT UNPACKING pc=0x000001963da123a3 sp=0x0000004a66dfec30 mode 2
Event: 1.301 Thread 0x00000196360a0470 Uncommon trap: trap_request=0xffffff45 fr.pc=0x000001964568260c relative=0x000000000000014c
Event: 1.301 Thread 0x00000196360a0470 Uncommon trap: reason=unstable_if action=reinterpret pc=0x000001964568260c method=org.joml.Matrix4f.mul(Lorg/joml/Matrix4fc;Lorg/joml/Matrix4f;)Lorg/joml/Matrix4f; @ 66 c2
Event: 1.301 Thread 0x00000196360a0470 DEOPT PACKING pc=0x000001964568260c sp=0x0000004a66dfed50
Event: 1.301 Thread 0x00000196360a0470 DEOPT UNPACKING pc=0x000001963da123a3 sp=0x0000004a66dfece8 mode 2

Classes loaded (20 events):
Event: 1.296 Loading class org/lwjgl/opengl/GL33
Event: 1.296 Loading class org/lwjgl/opengl/GL33 done
Event: 1.297 Loading class org/lwjgl/opengl/GL32
Event: 1.297 Loading class org/lwjgl/opengl/GL32 done
Event: 1.297 Loading class org/lwjgl/opengl/GL31
Event: 1.297 Loading class org/lwjgl/opengl/GL31 done
Event: 1.298 Loading class org/lwjgl/opengl/GL43C
Event: 1.298 Loading class org/lwjgl/opengl/GL43C done
Event: 1.299 Loading class org/lwjgl/opengl/GL42C
Event: 1.299 Loading class org/lwjgl/opengl/GL42C done
Event: 1.299 Loading class org/lwjgl/opengl/GL41C
Event: 1.299 Loading class org/lwjgl/opengl/GL41C done
Event: 1.299 Loading class org/lwjgl/opengl/GL40C
Event: 1.299 Loading class org/lwjgl/opengl/GL40C done
Event: 1.300 Loading class org/lwjgl/opengl/GL33C
Event: 1.300 Loading class org/lwjgl/opengl/GL33C done
Event: 1.300 Loading class org/lwjgl/opengl/GL32C
Event: 1.300 Loading class org/lwjgl/opengl/GL32C done
Event: 1.300 Loading class org/lwjgl/opengl/GL31C
Event: 1.300 Loading class org/lwjgl/opengl/GL31C done

Classes unloaded (0 events):
No events

Classes redefined (0 events):
No events

Internal exceptions (20 events):
Event: 1.059 Thread 0x00000196360a0470 Exception <a 'sun/nio/fs/WindowsException'{0x000000011cea8a68}> (0x000000011cea8a68) 
thrown [s\open\src\hotspot\share\prims\jni.cpp, line 516]
Event: 1.065 Thread 0x00000196360a0470 Exception <a 'java/lang/NoClassDefFoundError'{0x000000011cf17190}: org/slf4j/impl/StaticLoggerBinder> (0x000000011cf17190) 
thrown [s\open\src\hotspot\share\classfile\systemDictionary.cpp, line 244]
Event: 1.068 Thread 0x00000196360a0470 Exception <a 'java/lang/NoSuchMethodError'{0x000000011cf69818}: 'int java.lang.invoke.DirectMethodHandle$Holder.invokeStaticInit(java.lang.Object, java.lang.Object)'> (0x000000011cf69818) 
thrown [s\open\src\hotspot\share\interpreter\linkResolver.cpp, line 759]
Event: 1.070 Thread 0x00000196360a0470 Exception <a 'java/lang/IncompatibleClassChangeError'{0x000000011cf8c4a8}: Found class java.lang.Object, but interface was expected> (0x000000011cf8c4a8) 
thrown [s\open\src\hotspot\share\interpreter\linkResolver.cpp, line 826]
Event: 1.079 Thread 0x00000196360a0470 Exception <a 'java/lang/NoSuchMethodError'{0x000000011b0173a8}: 'void java.lang.invoke.DirectMethodHandle$Holder.invokeVirtual(java.lang.Object, java.lang.Object)'> (0x000000011b0173a8) 
thrown [s\open\src\hotspot\share\interpreter\linkResolver.cpp, line 759]
Event: 1.081 Thread 0x00000196360a0470 Exception <a 'java/lang/IncompatibleClassChangeError'{0x000000011b036e98}: Found class java.lang.Object, but interface was expected> (0x000000011b036e98) 
thrown [s\open\src\hotspot\share\interpreter\linkResolver.cpp, line 826]
Event: 1.092 Thread 0x00000196360a0470 Exception <a 'java/lang/NoSuchMethodError'{0x000000011b188420}: 'int java.lang.invoke.DirectMethodHandle$Holder.invokeVirtual(java.lang.Object, java.lang.Object)'> (0x000000011b188420) 
thrown [s\open\src\hotspot\share\interpreter\linkResolver.cpp, line 759]
Event: 1.092 Thread 0x00000196360a0470 Exception <a 'java/lang/NoSuchMethodError'{0x000000011b18e2e0}: 'void java.lang.invoke.DirectMethodHandle$Holder.invokeSpecial(java.lang.Object, java.lang.Object, java.lang.Object, java.lang.Object, java.lang.Object)'> (0x000000011b18e2e0) 
thrown [s\open\src\hotspot\share\interpreter\linkResolver.cpp, line 759]
Event: 1.092 Thread 0x00000196360a0470 Exception <a 'java/lang/NoSuchMethodError'{0x000000011b196058}: 'java.lang.Object java.lang.invoke.DirectMethodHandle$Holder.invokeVirtual(java.lang.Object, java.lang.Object, java.lang.Object)'> (0x000000011b196058) 
thrown [s\open\src\hotspot\share\interpreter\linkResolver.cpp, line 759]
Event: 1.093 Thread 0x00000196360a0470 Exception <a 'java/lang/NoSuchMethodError'{0x000000011b1aa2c8}: 'java.lang.Object java.lang.invoke.DirectMethodHandle$Holder.invokeSpecialIFC(java.lang.Object, java.lang.Object, java.lang.Object, java.lang.Object)'> (0x000000011b1aa2c8) 
thrown [s\open\src\hotspot\share\interpreter\linkResolver.cpp, line 759]
Event: 1.145 Thread 0x00000196360a0470 Exception <a 'java/lang/NoSuchMethodError'{0x000000011b65ef40}: 'java.lang.Object java.lang.invoke.DirectMethodHandle$Holder.invokeInterface(java.lang.Object, java.lang.Object, java.lang.Object)'> (0x000000011b65ef40) 
thrown [s\open\src\hotspot\share\interpreter\linkResolver.cpp, line 759]
Event: 1.145 Thread 0x00000196360a0470 Exception <a 'java/lang/IncompatibleClassChangeError'{0x000000011b662358}: Found class java.lang.Object, but interface was expected> (0x000000011b662358) 
thrown [s\open\src\hotspot\share\interpreter\linkResolver.cpp, line 826]
Event: 1.146 Thread 0x00000196360a0470 Exception <a 'java/lang/IncompatibleClassChangeError'{0x000000011b678ae8}: Found class java.lang.Object, but interface was expected> (0x000000011b678ae8) 
thrown [s\open\src\hotspot\share\interpreter\linkResolver.cpp, line 826]
Event: 1.146 Thread 0x00000196360a0470 Exception <a 'java/lang/NoSuchMethodError'{0x000000011b67e480}: 'java.lang.Object java.lang.invoke.DirectMethodHandle$Holder.invokeSpecialIFC(java.lang.Object, java.lang.Object, java.lang.Object, java.lang.Object, java.lang.Object)'> (0x000000011b67e480) 
thrown [s\open\src\hotspot\share\interpreter\linkResolver.cpp, line 759]
Event: 1.147 Thread 0x00000196360a0470 Exception <a 'java/lang/NoSuchMethodError'{0x000000011b68d038}: 'java.lang.Object java.lang.invoke.DirectMethodHandle$Holder.invokeSpecialIFC(java.lang.Object, java.lang.Object, java.lang.Object, java.lang.Object, java.lang.Object, java.lang.Object)'> (0x000000011b68d038) 
thrown [s\open\src\hotspot\share\interpreter\linkResolver.cpp, line 759]
Event: 1.172 Thread 0x00000196360a0470 Exception <a 'sun/nio/fs/WindowsException'{0x000000011b715688}> (0x000000011b715688) 
thrown [s\open\src\hotspot\share\prims\jni.cpp, line 516]
Event: 1.172 Thread 0x00000196360a0470 Exception <a 'sun/nio/fs/WindowsException'{0x000000011b715a40}> (0x000000011b715a40) 
thrown [s\open\src\hotspot\share\prims\jni.cpp, line 516]
Event: 1.184 Thread 0x00000196360a0470 Exception <a 'java/lang/NoSuchMethodError'{0x000000011b7be700}: 'void java.lang.invoke.DirectMethodHandle$Holder.invokeStatic(java.lang.Object, long)'> (0x000000011b7be700) 
thrown [s\open\src\hotspot\share\interpreter\linkResolver.cpp, line 759]
Event: 1.270 Thread 0x00000196360a0470 Exception <a 'java/lang/NoSuchMethodError'{0x000000011f176f20}: 'int java.lang.invoke.DirectMethodHandle$Holder.invokeSpecialIFC(java.lang.Object, java.lang.Object, java.lang.Object)'> (0x000000011f176f20) 
thrown [s\open\src\hotspot\share\interpreter\linkResolver.cpp, line 759]
Event: 1.288 Thread 0x00000196360a0470 Exception <a 'java/lang/NoSuchMethodError'{0x000000011f342568}: 'void java.lang.invoke.DirectMethodHandle$Holder.invokeInterface(java.lang.Object, java.lang.Object)'> (0x000000011f342568) 
thrown [s\open\src\hotspot\share\interpreter\linkResolver.cpp, line 759]

VM Operations (20 events):
Event: 0.257 Executing VM operation: HandshakeAllThreads
Event: 0.257 Executing VM operation: HandshakeAllThreads done
Event: 0.296 Executing VM operation: HandshakeAllThreads
Event: 0.296 Executing VM operation: HandshakeAllThreads done
Event: 0.315 Executing VM operation: HandshakeAllThreads
Event: 0.315 Executing VM operation: HandshakeAllThreads done
Event: 0.384 Executing VM operation: ICBufferFull
Event: 0.384 Executing VM operation: ICBufferFull done
Event: 0.388 Executing VM operation: HandshakeAllThreads
Event: 0.388 Executing VM operation: HandshakeAllThreads done
Event: 0.534 Executing VM operation: HandshakeAllThreads
Event: 0.534 Executing VM operation: HandshakeAllThreads done
Event: 0.994 Executing VM operation: ICBufferFull
Event: 0.994 Executing VM operation: ICBufferFull done
Event: 1.010 Executing VM operation: HandshakeAllThreads
Event: 1.010 Executing VM operation: HandshakeAllThreads done
Event: 1.012 Executing VM operation: HandshakeAllThreads
Event: 1.012 Executing VM operation: HandshakeAllThreads done
Event: 1.250 Executing VM operation: G1CollectForAllocation
Event: 1.255 Executing VM operation: G1CollectForAllocation done

Events (20 events):
Event: 0.088 Loaded shared library C:\Users\DEG3NERAT3_\.jdks\openjdk-18.0.2.1\bin\zip.dll
Event: 0.100 Thread 0x000001967a5147e0 Thread added: 0x000001967a5147e0
Event: 0.118 Loaded shared library C:\Users\DEG3NERAT3_\.jdks\openjdk-18.0.2.1\bin\jimage.dll
Event: 0.250 Thread 0x000001967ed638b0 Thread added: 0x000001967ed638b0
Event: 0.261 Loaded shared library C:\Users\DEG3NERAT3_\.jdks\openjdk-18.0.2.1\bin\management.dll
Event: 0.264 Loaded shared library C:\Users\DEG3NERAT3_\.jdks\openjdk-18.0.2.1\bin\management_ext.dll
Event: 0.306 Thread 0x000001967f49e430 Thread added: 0x000001967f49e430
Event: 0.489 Loaded shared library C:\Users\DEG3NERAT3_\AppData\Local\Temp\lwjglDEG3NERAT3_\3.3.1-build-7\lwjgl.dll
Event: 0.769 Thread 0x000001967a5147e0 Thread exited: 0x000001967a5147e0
Event: 0.796 Loaded shared library C:\Users\DEG3NERAT3_\.jdks\openjdk-18.0.2.1\bin\verify.dll
Event: 0.805 Loaded shared library C:\Users\DEG3NERAT3_\AppData\Local\Temp\lwjglDEG3NERAT3_\3.3.1-build-7\lwjgl_opengl.dll
Event: 0.944 Loaded shared library C:\Users\DEG3NERAT3_\AppData\Local\Temp\imgui-java-natives_1668527443841\imgui-java64.dll
Event: 1.059 Loaded shared library C:\Users\DEG3NERAT3_\AppData\Local\Temp\lwjglDEG3NERAT3_\3.3.1-build-7\lwjgl_stb.dll
Event: 1.140 Thread 0x0000019627061650 Thread added: 0x0000019627061650
Event: 1.222 Thread 0x0000019626f56940 Thread added: 0x0000019626f56940
Event: 1.222 Thread 0x00000196270c16e0 Thread added: 0x00000196270c16e0
Event: 1.225 Thread 0x0000019626f72ad0 Thread added: 0x0000019626f72ad0
Event: 1.226 Thread 0x00000196270c1be0 Thread added: 0x00000196270c1be0
Event: 1.226 Thread 0x00000196270c20e0 Thread added: 0x00000196270c20e0
Event: 1.228 Thread 0x000001962709d5a0 Thread added: 0x000001962709d5a0


Dynamic libraries:
0x00007ff6bed60000 - 0x00007ff6bed6e000 	C:\Users\DEG3NERAT3_\.jdks\openjdk-18.0.2.1\bin\java.exe
0x00007ff9f0350000 - 0x00007ff9f0564000 	C:\WINDOWS\SYSTEM32\ntdll.dll
0x00007ff9eecd0000 - 0x00007ff9eed92000 	C:\WINDOWS\System32\KERNEL32.DLL
0x00007ff9ed840000 - 0x00007ff9edbdd000 	C:\WINDOWS\System32\KERNELBASE.dll
0x00007ff9edc60000 - 0x00007ff9edd71000 	C:\WINDOWS\System32\ucrtbase.dll
0x00007ff9cf110000 - 0x00007ff9cf127000 	C:\Users\DEG3NERAT3_\.jdks\openjdk-18.0.2.1\bin\jli.dll
0x00007ff9d9710000 - 0x00007ff9d972a000 	C:\Users\DEG3NERAT3_\.jdks\openjdk-18.0.2.1\bin\VCRUNTIME140.dll
0x00007ff9f0160000 - 0x00007ff9f030a000 	C:\WINDOWS\System32\USER32.dll
0x00007ff9ee000000 - 0x00007ff9ee026000 	C:\WINDOWS\System32\win32u.dll
0x00007ff9e0c40000 - 0x00007ff9e0ece000 	C:\WINDOWS\WinSxS\amd64_microsoft.windows.common-controls_6595b64144ccf1df_6.0.22621.608_none_a9444ca7c10bb01d\COMCTL32.dll
0x00007ff9efcd0000 - 0x00007ff9efcf9000 	C:\WINDOWS\System32\GDI32.dll
0x00007ff9efe20000 - 0x00007ff9efec7000 	C:\WINDOWS\System32\msvcrt.dll
0x00007ff9ee030000 - 0x00007ff9ee142000 	C:\WINDOWS\System32\gdi32full.dll
0x00007ff9edd80000 - 0x00007ff9ede1a000 	C:\WINDOWS\System32\msvcp_win.dll
0x00007ff9ef130000 - 0x00007ff9ef162000 	C:\WINDOWS\System32\IMM32.DLL
0x00007ff9d98b0000 - 0x00007ff9d98bc000 	C:\Users\DEG3NERAT3_\.jdks\openjdk-18.0.2.1\bin\vcruntime140_1.dll
0x00007ff9ae9b0000 - 0x00007ff9aea3d000 	C:\Users\DEG3NERAT3_\.jdks\openjdk-18.0.2.1\bin\msvcp140.dll
0x00007ff9a6b00000 - 0x00007ff9a7711000 	C:\Users\DEG3NERAT3_\.jdks\openjdk-18.0.2.1\bin\server\jvm.dll
0x00007ff9efd00000 - 0x00007ff9efdae000 	C:\WINDOWS\System32\ADVAPI32.dll
0x00007ff9ee390000 - 0x00007ff9ee434000 	C:\WINDOWS\System32\sechost.dll
0x00007ff9efff0000 - 0x00007ff9f0105000 	C:\WINDOWS\System32\RPCRT4.dll
0x00007ff9ee2f0000 - 0x00007ff9ee2f8000 	C:\WINDOWS\System32\PSAPI.DLL
0x00007ff9def90000 - 0x00007ff9defc4000 	C:\WINDOWS\SYSTEM32\WINMM.dll
0x00007ff9c8e80000 - 0x00007ff9c8e89000 	C:\WINDOWS\SYSTEM32\WSOCK32.dll
0x00007ff9e6500000 - 0x00007ff9e650a000 	C:\WINDOWS\SYSTEM32\VERSION.dll
0x00007ff9ee540000 - 0x00007ff9ee5b1000 	C:\WINDOWS\System32\WS2_32.dll
0x00007ff9ec8a0000 - 0x00007ff9ec8b8000 	C:\WINDOWS\SYSTEM32\kernel.appcore.dll
0x00007ff9d97f0000 - 0x00007ff9d97fa000 	C:\Users\DEG3NERAT3_\.jdks\openjdk-18.0.2.1\bin\jimage.dll
0x00007ff9eb210000 - 0x00007ff9eb43e000 	C:\WINDOWS\SYSTEM32\DBGHELP.DLL
0x00007ff9eeda0000 - 0x00007ff9ef12a000 	C:\WINDOWS\System32\combase.dll
0x00007ff9eeaf0000 - 0x00007ff9eebc7000 	C:\WINDOWS\System32\OLEAUT32.dll
0x00007ff9c5c70000 - 0x00007ff9c5ca2000 	C:\WINDOWS\SYSTEM32\dbgcore.DLL
0x00007ff9edbe0000 - 0x00007ff9edc5b000 	C:\WINDOWS\System32\bcryptPrimitives.dll
0x00007ff9ce7b0000 - 0x00007ff9ce7eb000 	C:\Users\DEG3NERAT3_\.jdks\openjdk-18.0.2.1\bin\jdwp.dll
0x00007ff9dc630000 - 0x00007ff9dc63e000 	C:\Users\DEG3NERAT3_\.jdks\openjdk-18.0.2.1\bin\instrument.dll
0x00007ff9c9630000 - 0x00007ff9c9655000 	C:\Users\DEG3NERAT3_\.jdks\openjdk-18.0.2.1\bin\java.dll
0x00007ff9bfe60000 - 0x00007ff9bfe78000 	C:\Users\DEG3NERAT3_\.jdks\openjdk-18.0.2.1\bin\zip.dll
0x00007ff9adbc0000 - 0x00007ff9adc96000 	C:\Users\DEG3NERAT3_\.jdks\openjdk-18.0.2.1\bin\jsvml.dll
0x00007ff9ef4e0000 - 0x00007ff9efcc0000 	C:\WINDOWS\System32\SHELL32.dll
0x00007ff9eb750000 - 0x00007ff9ec015000 	C:\WINDOWS\SYSTEM32\windows.storage.dll
0x00007ff9eb610000 - 0x00007ff9eb74e000 	C:\WINDOWS\SYSTEM32\wintypes.dll
0x00007ff9ee440000 - 0x00007ff9ee531000 	C:\WINDOWS\System32\SHCORE.dll
0x00007ff9ee330000 - 0x00007ff9ee38e000 	C:\WINDOWS\System32\shlwapi.dll
0x00007ff9ed6b0000 - 0x00007ff9ed6d1000 	C:\WINDOWS\SYSTEM32\profapi.dll
0x00007ff9dc620000 - 0x00007ff9dc62c000 	C:\Users\DEG3NERAT3_\.jdks\openjdk-18.0.2.1\bin\dt_socket.dll
0x00007ff9ec320000 - 0x00007ff9ec34d000 	C:\WINDOWS\SYSTEM32\IPHLPAPI.DLL
0x00007ff9eccf0000 - 0x00007ff9ecd59000 	C:\WINDOWS\system32\mswsock.dll
0x00007ff9c5cb0000 - 0x00007ff9c5cc3000 	C:\Users\DEG3NERAT3_\.jdks\openjdk-18.0.2.1\bin\net.dll
0x00007ff9e6b40000 - 0x00007ff9e6c6f000 	C:\WINDOWS\SYSTEM32\WINHTTP.dll
0x00007ff9c3310000 - 0x00007ff9c3326000 	C:\Users\DEG3NERAT3_\.jdks\openjdk-18.0.2.1\bin\nio.dll
0x00007ff9e5610000 - 0x00007ff9e5619000 	C:\Users\DEG3NERAT3_\.jdks\openjdk-18.0.2.1\bin\management.dll
0x00007ff9e5600000 - 0x00007ff9e560b000 	C:\Users\DEG3NERAT3_\.jdks\openjdk-18.0.2.1\bin\management_ext.dll
0x00007ff9b0fb0000 - 0x00007ff9b0fc7000 	C:\WINDOWS\system32\napinsp.dll
0x00007ff9b0f90000 - 0x00007ff9b0fab000 	C:\WINDOWS\system32\pnrpnsp.dll
0x00007ff9ec350000 - 0x00007ff9ec442000 	C:\WINDOWS\SYSTEM32\DNSAPI.dll
0x00007ff9eeac0000 - 0x00007ff9eeac9000 	C:\WINDOWS\System32\NSI.dll
0x00007ff9b0db0000 - 0x00007ff9b0dc1000 	C:\WINDOWS\System32\winrnr.dll
0x00007ff9e6670000 - 0x00007ff9e6685000 	C:\WINDOWS\system32\wshbth.dll
0x00007ff9b0d80000 - 0x00007ff9b0da1000 	C:\WINDOWS\system32\nlansp_c.dll
0x00007ff9e4970000 - 0x00007ff9e497a000 	C:\Windows\System32\rasadhlp.dll
0x00007ff9e6510000 - 0x00007ff9e6593000 	C:\WINDOWS\System32\fwpuclnt.dll
0x00007ff9cc1f0000 - 0x00007ff9cc265000 	C:\Users\DEG3NERAT3_\AppData\Local\Temp\lwjglDEG3NERAT3_\3.3.1-build-7\lwjgl.dll
0x00007ff9bfab0000 - 0x00007ff9bfb11000 	C:\Users\DEG3NE~1\AppData\Local\Temp\lwjglDEG3NERAT3_\3.3.1-build-7\glfw.dll
0x00007ff9cc3a0000 - 0x00007ff9cc3e6000 	C:\WINDOWS\SYSTEM32\dinput8.dll
0x00007ff95c0d0000 - 0x00007ff95c0e1000 	C:\WINDOWS\SYSTEM32\xinput1_4.dll
0x00007ff9ed470000 - 0x00007ff9ed4be000 	C:\WINDOWS\SYSTEM32\cfgmgr32.dll
0x00007ff9ed430000 - 0x00007ff9ed463000 	C:\WINDOWS\SYSTEM32\DEVOBJ.dll
0x00007ff9eaa50000 - 0x00007ff9eaa7b000 	C:\WINDOWS\SYSTEM32\dwmapi.dll
0x00007ff9d3a50000 - 0x00007ff9d3c51000 	C:\WINDOWS\SYSTEM32\inputhost.dll
0x00007ff9e9590000 - 0x00007ff9e96c3000 	C:\WINDOWS\SYSTEM32\CoreMessaging.dll
0x00007ff9ea7d0000 - 0x00007ff9ea87b000 	C:\WINDOWS\system32\uxtheme.dll
0x00007ff9ecfe0000 - 0x00007ff9ecfec000 	C:\WINDOWS\SYSTEM32\CRYPTBASE.DLL
0x00007ff9ef3c0000 - 0x00007ff9ef4de000 	C:\WINDOWS\System32\MSCTF.dll
0x00007ff9c9660000 - 0x00007ff9c9760000 	C:\WINDOWS\SYSTEM32\opengl32.dll
0x00007ff9dc5e0000 - 0x00007ff9dc60d000 	C:\WINDOWS\SYSTEM32\GLU32.dll
0x00007ff9eaac0000 - 0x00007ff9eaaf6000 	C:\WINDOWS\SYSTEM32\dxcore.dll
0x00007ff9eff30000 - 0x00007ff9effe7000 	C:\WINDOWS\System32\clbcatq.dll
0x00007ff989800000 - 0x00007ff98c9b9000 	C:\WINDOWS\System32\DriverStore\FileRepository\nv_dispi.inf_amd64_47917a79b8c7fd22\nvoglv64.dll
0x00007ff9ee640000 - 0x00007ff9eeaba000 	C:\WINDOWS\System32\SETUPAPI.dll
0x00007ff9ee150000 - 0x00007ff9ee2ec000 	C:\WINDOWS\System32\ole32.dll
0x00007ff9ea520000 - 0x00007ff9ea534000 	C:\WINDOWS\SYSTEM32\WTSAPI32.dll
0x00007ff9ed410000 - 0x00007ff9ed422000 	C:\WINDOWS\SYSTEM32\msasn1.dll
0x00007ff9e64c0000 - 0x00007ff9e64f2000 	C:\WINDOWS\SYSTEM32\cryptnet.dll
0x00007ff9ede90000 - 0x00007ff9edff6000 	C:\WINDOWS\System32\CRYPT32.dll
0x00007ff9e62f0000 - 0x00007ff9e6448000 	C:\WINDOWS\SYSTEM32\drvstore.dll
0x00007ff9ecf60000 - 0x00007ff9ecfa8000 	C:\WINDOWS\SYSTEM32\wldp.dll
0x00007ff9ede20000 - 0x00007ff9ede89000 	C:\WINDOWS\System32\WINTRUST.dll
0x00007ff9ec8c0000 - 0x00007ff9ec8f4000 	C:\WINDOWS\SYSTEM32\ntmarta.dll
0x00007ff979a70000 - 0x00007ff979d37000 	C:\WINDOWS\system32\nvspcap64.dll
0x00007ff9ec670000 - 0x00007ff9ec6bd000 	C:\WINDOWS\SYSTEM32\powrprof.dll
0x00007ff9ec650000 - 0x00007ff9ec663000 	C:\WINDOWS\SYSTEM32\UMPDC.dll
0x00007ff9ec2b0000 - 0x00007ff9ec316000 	C:\WINDOWS\SYSTEM32\WINSTA.dll
0x00007ff9d83e0000 - 0x00007ff9d850d000 	C:\WINDOWS\SYSTEM32\textinputframework.dll
0x00007ff9e5a60000 - 0x00007ff9e5dcc000 	C:\WINDOWS\SYSTEM32\CoreUIComponents.dll
0x00007ff9cc6e0000 - 0x00007ff9cc6f0000 	C:\Users\DEG3NERAT3_\.jdks\openjdk-18.0.2.1\bin\verify.dll
0x00007ff9ae950000 - 0x00007ff9ae9ad000 	C:\Users\DEG3NERAT3_\AppData\Local\Temp\lwjglDEG3NERAT3_\3.3.1-build-7\lwjgl_opengl.dll
0x0000000064a00000 - 0x000000006578a000 	C:\Users\DEG3NERAT3_\AppData\Local\Temp\imgui-java-natives_1668527443841\imgui-java64.dll
0x00007ff9ae4f0000 - 0x00007ff9ae571000 	C:\Users\DEG3NERAT3_\AppData\Local\Temp\lwjglDEG3NERAT3_\3.3.1-build-7\lwjgl_stb.dll
0x00007ff9acf70000 - 0x00007ff9ad519000 	C:\Users\DEG3NE~1\AppData\Local\Temp\lwjglDEG3NERAT3_\3.3.1-build-7\assimp.dll

dbghelp: loaded successfully - version: 4.0.5 - missing functions: none
symbol engine: initialized successfully - sym options: 0x614 - pdb path: .;C:\Users\DEG3NERAT3_\.jdks\openjdk-18.0.2.1\bin;C:\WINDOWS\SYSTEM32;C:\WINDOWS\WinSxS\amd64_microsoft.windows.common-controls_6595b64144ccf1df_6.0.22621.608_none_a9444ca7c10bb01d;C:\Users\DEG3NERAT3_\.jdks\openjdk-18.0.2.1\bin\server;C:\Users\DEG3NERAT3_\AppData\Local\Temp\lwjglDEG3NERAT3_\3.3.1-build-7;C:\Users\DEG3NE~1\AppData\Local\Temp\lwjglDEG3NERAT3_\3.3.1-build-7;C:\WINDOWS\System32\DriverStore\FileRepository\nv_dispi.inf_amd64_47917a79b8c7fd22;C:\Users\DEG3NERAT3_\AppData\Local\Temp\imgui-java-natives_1668527443841

VM Arguments:
jvm_args: -agentlib:jdwp=transport=dt_socket,address=127.0.0.1:64615,suspend=y,server=n -Dvisualvm.id=28399574906400 -Dvisualgc.id=28399574889500 -Dquanta.config=config/config.conf -javaagent:C:\Users\DEG3NERAT3_\AppData\Local\JetBrains\Toolbox\apps\IDEA-U\ch-0\222.4345.14\plugins\java\lib\rt\debugger-agent.jar -Dfile.encoding=UTF-8 -Dsun.stdout.encoding=UTF-8 -Dsun.stderr.encoding=UTF-8 
java_command: com.engineersbox.quanta.test.Main
java_class_path (initial): E:\Quanta\target\classes;C:\Users\DEG3NERAT3_\.m2\repository\org\apache\commons\commons-collections4\4.4\commons-collections4-4.4.jar;C:\Users\DEG3NERAT3_\.m2\repository\com\typesafe\config\1.4.2\config-1.4.2.jar;C:\Users\DEG3NERAT3_\.m2\repository\org\eclipse\collections\eclipse-collections-api\11.1.0\eclipse-collections-api-11.1.0.jar;C:\Users\DEG3NERAT3_\.m2\repository\org\eclipse\collections\eclipse-collections\11.1.0\eclipse-collections-11.1.0.jar;C:\Users\DEG3NERAT3_\.m2\repository\javax\xml\bind\jaxb-api\2.4.0-b180830.0359\jaxb-api-2.4.0-b180830.0359.jar;C:\Users\DEG3NERAT3_\.m2\repository\javax\activation\javax.activation-api\1.2.0\javax.activation-api-1.2.0.jar;C:\Users\DEG3NERAT3_\.m2\repository\org\glassfish\jaxb\jaxb-runtime\4.0.0\jaxb-runtime-4.0.0.jar;C:\Users\DEG3NERAT3_\.m2\repository\org\glassfish\jaxb\jaxb-core\4.0.0\jaxb-core-4.0.0.jar;C:\Users\DEG3NERAT3_\.m2\repository\jakarta\xml\bind\jakarta.xml.bind-api\4.0.0\jakarta.xml.bind-api-4.0.0.jar;C:\Users\DEG3NERAT3_\.m2\repository\jakarta\activation\jakarta.activation-api\2.1.0\jakarta.activation-api-2.1.0.jar;C:\Users\DEG3NERAT3_\.m2\repository\org\eclipse\angus\angus-activation\1.0.0\angus-activation-1.0.0.jar;C:\Users\DEG3NERAT3_\.m2\repository\org\glassfish\jaxb\txw2\4.0.0\txw2-4.0.0.jar;C:\Users\DEG3NERAT3_\.m2\repository\com\sun\istack\istack-commons-runtime\4.1.1\istack-commons-runtime-4.1.1.jar;C:\Users\DEG3NERAT3_\.m2\repository\org\apache\commons\commons-lang3\3.12.0\commons-lang3-3.12.0.jar;C:\Users\DEG3NERAT3_\.m2\repository\org\apache\logging\log4j\log4j-iostreams\2.19.0\log4j-iostreams-2.19.0.jar;C:\Users\DEG3NERAT3_\.m2\repository\org\apache\logging\log4j\log4j-api\2.19.0\log4j-api-2.19.0.jar;C:\Users\DEG3NERAT3_\.m2\repository\org\apache\logging\log4j\log4j-core\2.19.0\log4j-core-2.19.0.jar;C:\Users\DEG3NERAT3_\.m2\repository\org\apache\maven\plugins\maven-shade-plugin\3.4.1\maven-shade-plugin-3.4.1.jar;C:\Users\DEG3NERAT3_\.m2\repository\org\codehaus\plexus\plexus-utils\3.4.2\plexus-utils-3.4.2.jar;C:\Users\DEG3NERAT3_\.m2\repository\org\apache\maven\shared\maven-artifact-transfer\0.13.1\maven-artifact-transfer-0.13.1.jar;C:\Users\DEG3NERAT3_\.m2\repository\org\apache\maven\maven-core\3.0\maven-core-3.0.jar;C:\Users\DEG3NERAT3_\.m2\repository\org\apache\maven\maven-model\3.0\maven-model-3.0.jar;C:\Users\DEG3NERAT3_\.m2\repository\org\apache\maven\maven-settings\3.0\maven-settings-3.0.jar;C:\Users\DEG3NERAT3_\.m2\repository\org\apache\maven\maven-settings-builder\3.0\maven-settings-builder-3.0.jar;C:\Users\DEG3NERAT3_\.m2\repository\org\apache\maven\maven-repository-metadata\3.0\maven-repository-metadata-3.0.jar;C:\Users\DEG3NERAT3_\.m2\repository\org\apache\maven\maven-plugin-api\3.0\maven-plugin-api-3.0.jar;C:\Users\DEG3NERAT3_\.m2\repository\org\apache\maven\maven-model-builder\3.0\maven-model-builder-3.0.jar;C:\Users\DEG3NERAT3_\.m2\repository\org\apache\maven\maven-aether-provider\3.0\maven-aether-provider-3.0.jar;C:\Users\DEG3NERAT3_\.m2\repository\org\sonatype\aether\aether-impl\1.7\aether-impl-1.7.jar;C:\Users\DEG3NERAT3_\.m2\repository\org\sonatype\aether\aether-spi\1.7\aether-spi-1.7.jar;C:\Users\DEG3NERAT3_\.m2\repository\org\sonatype\aether\aether-api\1.7\aether-api-1.7.jar;C:\Users\DEG3NERAT3_\.m2\repository\org\sonatype\aether\aether-util\1.7\aether-util-1.7.jar;C:\Users\DEG3NERAT3_\.m2\repository\org\codehaus\plexus\plexus-interpolation\1.14\plexus-interpolation-1.14.jar;C:\Users\DEG3NERAT3_\.m2\repository\org\codehaus\plexus\plexus-classworlds\2.2.3\plexus-classworlds-2.2.3.jar;C:\Users\DEG3NERAT3_\.m2\repository\org\sonatype\plexus\plexus-sec-dispatcher\1.3\plexus-sec-dispatcher-1.3.jar;C:\Users\DEG3NERAT3_\.m2\repository\org\sonatype\plexus\plexus-cipher\1.4\plexus-cipher-1.4.jar;C:\Users\DEG3NERAT3_\.m2\repository\org\apache\maven\maven-artifact\3.0\maven-artifact-3.0.jar;C:\Users\DEG3NERAT3_\.m2\repository\org\codehaus\plexus\plexus-component-annotations\2.0.0\plexus-component-annotations-2.0.0.jar;C:\Users\DEG3NERAT3_\.m2\repository\org\apache\maven\shared\maven-common-artifact-filters\3.1.0\maven-common-artifact-filters-3.1.0.jar;C:\Users\DEG3NERAT3_\.m2\repository\org\apache\maven\shared\maven-shared-utils\3.1.0\maven-shared-utils-3.1.0.jar;C:\Users\DEG3NERAT3_\.m2\repository\org\slf4j\slf4j-api\1.7.32\slf4j-api-1.7.32.jar;C:\Users\DEG3NERAT3_\.m2\repository\org\ow2\asm\asm\9.4\asm-9.4.jar;C:\Users\DEG3NERAT3_\.m2\repository\org\ow2\asm\asm-commons\9.4\asm-commons-9.4.jar;C:\Users\DEG3NERAT3_\.m2\repository\org\ow2\asm\asm-tree\9.4\asm-tree-9.4.jar;C:\Users\DEG3NERAT3_\.m2\repository\org\jdom\jdom2\2.0.6.1\jdom2-2.0.6.1.jar;C:\Users\DEG3NERAT3_\.m2\repository\org\apache\maven\shared\maven-dependency-tree\3.2.0\maven-dependency-tree-3.2.0.jar;C:\Users\DEG3NERAT3_\.m2\repository\org\eclipse\aether\aether-util\1.0.0.v20140518\aether-util-1.0.0.v20140518.jar;C:\Users\DEG3NERAT3_\.m2\repository\org\eclipse\aether\aether-api\1.0.0.v20140518\aether-api-1.0.0.v20140518.jar;C:\Users\DEG3NERAT3_\.m2\repository\commons-io\commons-io\2.6\commons-io-2.6.jar;C:\Users\DEG3NERAT3_\.m2\repository\org\vafer\jdependency\2.8.0\jdependency-2.8.0.jar;C:\Users\DEG3NERAT3_\.m2\repository\org\lwjgl\lwjgl\3.3.1\lwjgl-3.3.1.jar;C:\Users\DEG3NERAT3_\.m2\repository\org\lwjgl\lwjgl-glfw\3.3.1\lwjgl-glfw-3.3.1.jar;C:\Users\DEG3NERAT3_\.m2\repository\org\lwjgl\lwjgl-opengl\3.3.1\lwjgl-opengl-3.3.1.jar;C:\Users\DEG3NERAT3_\.m2\repository\org\lwjgl\lwjgl\3.3.1\lwjgl-3.3.1-natives-windows.jar;C:\Users\DEG3NERAT3_\.m2\repository\org\lwjgl\lwjgl-opengl\3.3.1\lwjgl-opengl-3.3.1-natives-windows.jar;C:\Users\DEG3NERAT3_\.m2\repository\org\lwjgl\lwjgl-glfw\3.3.1\lwjgl-glfw-3.3.1-natives-windows.jar;C:\Users\DEG3NERAT3_\.m2\repository\org\lwjgl\lwjgl-stb\3.3.1\lwjgl-stb-3.3.1.jar;C:\Users\DEG3NERAT3_\.m2\repository\org\lwjgl\lwjgl-stb\3.3.1\lwjgl-stb-3.3.1-natives-windows.jar;C:\Users\DEG3NERAT3_\.m2\repository\org\lwjgl\lwjgl-assimp\3.3.1\lwjgl-assimp-3.3.1.jar;C:\Users\DEG3NERAT3_\.m2\repository\org\lwjgl\lwjgl-assimp\3.3.1\lwjgl-assimp-3.3.1-natives-windows.jar;C:\Users\DEG3NERAT3_\.m2\repository\org\lwjgl\lwjgl-openal\3.3.1\lwjgl-openal-3.3.1.jar;C:\Users\DEG3NERAT3_\.m2\repository\org\lwjgl\lwjgl-openal\3.3.1\lwjgl-openal-3.3.1-natives-windows.jar;C:\Users\DEG3NERAT3_\.m2\repository\io\github\spair\imgui-java-binding\1.86.4\imgui-java-binding-1.86.4.jar;C:\Users\DEG3NERAT3_\.m2\repository\io\github\spair\imgui-java-natives-windows\1.86.4\imgui-java-natives-windows-1.86.4.jar;C:\Users\DEG3NERAT3_\.m2\repository\io\github\spair\imgui-java-lwjgl3\1.86.4\imgui-java-lwjgl3-1.86.4.jar;C:\Users\DEG3NERAT3_\.m2\repository\org\joml\joml\1.10.4\joml-1.10.4.jar;C:\Users\DEG3NERAT3_\.m2\repository\org\reflections\reflections\0.10.2\reflections-0.10.2.jar;C:\Users\DEG3NERAT3_\.m2\repository\org\javassist\javassist\3.28.0-GA\javassist-3.28.0-GA.jar;C:\Users\DEG3NERAT3_\.m2\repository\com\google\code\findbugs\jsr305\3.0.2\jsr305-3.0.2.jar;C:\Users\DEG3NERAT3_\AppData\Local\JetBrains\Toolbox\apps\IDEA-U\ch-0\222.4345.14\lib\idea_rt.jar
Launcher Type: SUN_STANDARD

[Global flags]
     intx CICompilerCount                          = 15                                        {product} {ergonomic}
     uint ConcGCThreads                            = 6                                         {product} {ergonomic}
     uint G1ConcRefinementThreads                  = 23                                        {product} {ergonomic}
   size_t G1HeapRegionSize                         = 16777216                                  {product} {ergonomic}
    uintx GCDrainStackTargetSize                   = 64                                        {product} {ergonomic}
   size_t InitialHeapSize                          = 2147483648                                {product} {ergonomic}
   size_t MarkStackSize                            = 4194304                                   {product} {ergonomic}
   size_t MaxHeapSize                              = 31675383808                               {product} {ergonomic}
   size_t MaxNewSize                               = 18991808512                               {product} {ergonomic}
   size_t MinHeapDeltaBytes                        = 16777216                                  {product} {ergonomic}
   size_t MinHeapSize                              = 16777216                                  {product} {ergonomic}
    uintx NonNMethodCodeHeapSize                   = 8192380                                {pd product} {ergonomic}
    uintx NonProfiledCodeHeapSize                  = 121732930                              {pd product} {ergonomic}
    uintx ProfiledCodeHeapSize                     = 121732930                              {pd product} {ergonomic}
    uintx ReservedCodeCacheSize                    = 251658240                              {pd product} {ergonomic}
     bool SegmentedCodeCache                       = true                                      {product} {ergonomic}
   size_t SoftMaxHeapSize                          = 31675383808                            {manageable} {ergonomic}
     bool UseCompressedClassPointers               = true                           {product lp64_product} {ergonomic}
     bool UseCompressedOops                        = true                           {product lp64_product} {ergonomic}
     bool UseG1GC                                  = true                                      {product} {ergonomic}
     bool UseLargePagesIndividualAllocation        = false                                  {pd product} {ergonomic}

Logging:
Log output configuration:
 #0: stdout all=warning uptime,level,tags foldmultilines=false
 #1: stderr all=off uptime,level,tags foldmultilines=false

Environment Variables:
PATH=C:\Program Files\Common Files\Oracle\Java\javapath;C:\Program Files\NVIDIA GPU Computing Toolkit\CUDA\v11.4\bin;C:\Program Files\NVIDIA GPU Computing Toolkit\CUDA\v11.4\libnvvp;C:\Program Files (x86)\Razer Chroma SDK\bin;C:\Program Files\Razer Chroma SDK\bin;C:\Program Files (x86)\Razer\ChromaBroadcast\bin;C:\Program Files\Razer\ChromaBroadcast\bin;C:\Python27\;C:\Python27\Scripts;C:\Program Files (x86)\Common Files\Oracle\Java\javapath;C:\WINDOWS\system32;C:\WINDOWS;C:\WINDOWS\System32\Wbem;C:\WINDOWS\System32\WindowsPowerShell\v1.0\;C:\WINDOWS\System32\OpenSSH\;C:\Program Files (x86)\NVIDIA Corporation\PhysX\Common;C:\Program Files\NVIDIA Corporation\NVIDIA NvDLISR;C:\Program Files (x86)\Windows Kits\10\Windows Performance Toolkit\;C:\Program Files\Git\cmd;C:\Program Files\nodejs\;C:\ProgramData\chocolatey\bin;C:\Users\DEG3NERAT3_\AppData\Local\Programs\Python\Python38-32\Scripts\;C:\Users\DEG3NERAT3_\AppData\Local\Programs\Python\Python38-32\;C:\Users\DEG3NERAT3_\AppData\Local\Programs\Python\Python37-32\Scripts\;C:\Users\DEG3NERAT3_\AppData\Local\Programs\Python\Python37-32\;C:\Users\DEG3NERAT3_\AppData\Local\Microsoft\WindowsApps;C:\Users\DEG3NERAT3_\AppData\Local\Programs\Microsoft VS Code\bin;C:\Users\DEG3NERAT3_\AppData\Local\atom\bin;C:\Program Files\JetBrains\IntelliJ IDEA 2019.2.2\bin;C:\Users\DEG3NERAT3_\AppData\Roaming\npm;C:\WINDOWS\system32\config\systemprofile\AppData\Local\Microsoft\WindowsApps;C:\Program Files\NVIDIA Corporation\Nsight Compute 2021.2.0\;E:\cmake\bin;C:\Program Files\dotnet\;C:\Program Files\apache-maven-3.8.4\bin;;C:\Program Files\Docker\Docker\resources\bin;C:\ProgramData\DockerDesktop\version-bin;C:\Program Files\Go\bin;%SystemRoot%\system32;%SystemRoot%;%SystemRoot%\System32\Wbem;%SYSTEMROOT%\System32\WindowsPowerShell\v1.0\;%SYSTEMROOT%\System32\OpenSSH\;C:\Users\DEG3NERAT3_\.cargo\bin;C:\Users\DEG3NERAT3_\AppData\Local\Programs\Python\Python38-32\Scripts\;C:\Users\DEG3NERAT3_\AppData\Local\Programs\Python\Python38-32\;C:\Users\DEG3NERAT3_\AppData\Local\Programs\Python\Python37-32\Scripts\;C:\Users\DEG3NERAT3_\AppData\Local\Programs\Python\Python37-32\;C:\Users\DEG3NERAT3_\AppData\Local\Microsoft\WindowsApps;C:\Users\DEG3NERAT3_\AppData\Local\Programs\Microsoft VS Code\bin;C:\Users\DEG3NERAT3_\AppData\Local\atom\bin;C:\Program Files\JetBrains\IntelliJ IDEA 2019.2.2\bin;C:\Users\DEG3NERAT3_\AppData\Roaming\npm;C:\ProgramData\DEG3NERAT3_\GitHubDesktop\bin;C:\Users\DEG3NERAT3_\go\bin;C:\Users\DEG3NERAT3_\.dotnet\tools;C:\msys64\usr\bin\gcc.exe;C:\msys64\mingw64\bin;C:\Users\DEG3NERAT3_\vcpkg;C:\Program Files\qemu;;C:\Users\DEG3NERAT3_\AppData\Local\JetBrains\Toolbox\scripts;C:\Users\DEG3NERAT3_\go\bin;C:\Users\DEG3NERAT3_\AppData\Local\Microsoft\WindowsApps
USERNAME=DEG3NERAT3_
OS=Windows_NT
PROCESSOR_IDENTIFIER=AMD64 Family 25 Model 33 Stepping 0, AuthenticAMD



---------------  S Y S T E M  ---------------

OS:
 Windows 11 , 64 bit Build 22621 (10.0.22621.755)
OS uptime: 0 days 7:53 hours
Hyper-V role detected

CPU: total 32 (initial active 32) (32 cores per cpu, 2 threads per core) family 25 model 33 stepping 0 microcode 0x0, cx8, cmov, fxsr, ht, mmx, 3dnowpref, sse, sse2, sse3, ssse3, sse4a, sse4.1, sse4.2, popcnt, lzcnt, tsc, tscinvbit, avx, avx2, aes, erms, clmul, bmi1, bmi2, adx, sha, fma, vzeroupper, clflush, clflushopt, hv

Memory: 4k page, system-wide physical 130980M (103992M free)
TotalPageFile size 139172M (AvailPageFile size 104522M)
current process WorkingSet (physical memory assigned to process): 244M, peak: 258M
current process commit charge ("private bytes"): 2893M, peak: 2909M

vm_info: OpenJDK 64-Bit Server VM (18.0.2.1+1-1) for windows-amd64 JRE (18.0.2.1+1-1), built on Aug 16 2022 01:44:29 by "mach5one" with MS VC++ 16.8 / 16.9 (VS2019)

END.
