#
# A fatal error has been detected by the Java Runtime Environment:
#
#  EXCEPTION_ACCESS_VIOLATION (0xc0000005) at pc=0x00007ff9cd870051, pid=50480, tid=33896
#
# JRE version: OpenJDK Runtime Environment (18.0.2.1+1) (build 18.0.2.1+1-1)
# Java VM: OpenJDK 64-Bit Server VM (18.0.2.1+1-1, mixed mode, sharing, tiered, compressed oops, compressed class ptrs, g1 gc, windows-amd64)
# Problematic frame:
# C  [renderdoc.dll+0x860051]  RENDERDOC_EndProfileRegion+0x68e641
#
# No core dump will be written. Minidumps are not enabled by default on client versions of Windows
#
# If you would like to submit a bug report, please visit:
#   https://bugreport.java.com/bugreport/crash.jsp
# The crash happened outside the Java Virtual Machine in native code.
# See problematic frame for where to report the bug.
#

---------------  S U M M A R Y ------------

Command Line: -Dquanta.config=config/config.conf target/quanta-0.2.4-shaded.jar

Host: AMD Ryzen 9 5950X 16-Core Processor            , 32 cores, 127G,  Windows 11 , 64 bit Build 22621 (10.0.22621.755)
Time: Sun Nov 27 22:13:57 2022 AUS Eastern Daylight Time elapsed time: 4.091284 seconds (0d 0h 0m 4s)

---------------  T H R E A D  ---------------

Current thread (0x000001a8eb7ad6f0):  JavaThread "main" [_thread_in_native, id=33896, stack(0x0000006bf0200000,0x0000006bf0300000)]

Stack: [0x0000006bf0200000,0x0000006bf0300000],  sp=0x0000006bf02fe750,  free space=1017k
Native frames: (J=compiled Java code, j=interpreted, Vv=VM code, C=native code)
C  [renderdoc.dll+0x860051]  RENDERDOC_EndProfileRegion+0x68e641
C  [renderdoc.dll+0x931772]  RENDERDOC_EndProfileRegion+0x75fd62
C  [renderdoc.dll+0x75684c]  RENDERDOC_EndProfileRegion+0x584e3c
C  0x000001a88000d621

Java frames: (J=compiled Java code, j=interpreted, Vv=VM code)
j  org.lwjgl.opengl.GL30C.glBindFramebuffer(II)V+0
j  org.lwjgl.opengl.GL30.glBindFramebuffer(II)V+2
j  com.engineersbox.quanta.rendering.renderers.core.SSAORenderer.renderSSAOBlur(Lcom/engineersbox/quanta/rendering/RenderContext;)V+39
j  com.engineersbox.quanta.rendering.renderers.core.SSAORenderer.render(Lcom/engineersbox/quanta/rendering/RenderContext;)V+7
j  com.engineersbox.quanta.rendering.Renderer.lambda$12(Lcom/engineersbox/quanta/rendering/handler/ShaderStage;Lcom/engineersbox/quanta/rendering/RenderContext;Ljava/lang/String;Lcom/engineersbox/quanta/rendering/handler/ShaderRenderHandler;)V+89
j  com.engineersbox.quanta.rendering.Renderer$$Lambda$337+0x0000000800ea8eb8.accept(Ljava/lang/Object;Ljava/lang/Object;)V+16
j  java.util.Map.forEach(Ljava/util/function/BiConsumer;)V+72 java.base@18.0.2.1
j  com.engineersbox.quanta.rendering.Renderer.lambda$11(Lcom/engineersbox/quanta/rendering/handler/ShaderStage;Lorg/apache/commons/collections4/map/LinkedMap;)V+9
j  com.engineersbox.quanta.rendering.Renderer$$Lambda$336+0x0000000800ea8c98.accept(Ljava/lang/Object;Ljava/lang/Object;)V+12
j  com.engineersbox.quanta.utils.StreamUtils.lambda$2(Ljava/util/function/BiConsumer;Lorg/apache/commons/lang3/tuple/Pair;)V+9
j  com.engineersbox.quanta.utils.StreamUtils$$Lambda$301+0x0000000800e96880.accept(Ljava/lang/Object;)V+8
J 2452 c1 java.util.Iterator.forEachRemaining(Ljava/util/function/Consumer;)V java.base@18.0.2.1 (30 bytes) @ 0x000001a880bf5f4c [0x000001a880bf5d00+0x000000000000024c]
J 2451 c1 java.util.Spliterators$IteratorSpliterator.forEachRemaining(Ljava/util/function/Consumer;)V java.base@18.0.2.1 (58 bytes) @ 0x000001a880bf75cc [0x000001a880bf7280+0x000000000000034c]
j  java.util.stream.ReferencePipeline$Head.forEach(Ljava/util/function/Consumer;)V+12 java.base@18.0.2.1
j  com.engineersbox.quanta.utils.StreamUtils.zipForEach(Ljava/util/stream/Stream;Ljava/util/stream/Stream;Ljava/util/function/BiConsumer;)V+42
j  com.engineersbox.quanta.rendering.Renderer.render(Lcom/engineersbox/quanta/scene/Scene;Lcom/engineersbox/quanta/core/Window;)V+46
j  com.engineersbox.quanta.core.Engine.run()V+242
j  com.engineersbox.quanta.core.Engine.start()V+6
j  com.engineersbox.quanta.test.Main.main([Ljava/lang/String;)V+20
v  ~StubRoutines::call_stub

siginfo: EXCEPTION_ACCESS_VIOLATION (0xc0000005), reading address 0x00000000000000a0


Register to memory mapping:

RIP=0x00007ff9cd870051 renderdoc.dll::RENDERDOC_EndProfileRegion + 0x68e641
RAX=0x000001a8e2270c58 points into unknown readable memory: 0x000001a9150a8070 | 70 80 0a 15 a9 01 00 00
RBX=0x000001a8e846bd20 points into unknown readable memory: 0x000001a8e2270be0 | e0 0b 27 e2 a8 01 00 00
RCX=0x000001a8e2270c60 points into unknown readable memory: 0x6c754d2f73697379 | 79 73 69 73 2f 4d 75 6c
RDX=0x000001a8e2270be0 points into unknown readable memory: 0x000000000000002e | 2e 00 00 00 00 00 00 00
RSP=0x0000006bf02fe750 is pointing into the stack for thread: 0x000001a8eb7ad6f0
RBP=0x0000006bf02fe7e1 is pointing into the stack for thread: 0x000001a8eb7ad6f0
RSI=0x0000000000000de1 is an unknown value
RDI=0x0 is NULL
R8 =0x000001a8e2270be0 points into unknown readable memory: 0x000000000000002e | 2e 00 00 00 00 00 00 00
R9 =0x000001a8e2270be0 points into unknown readable memory: 0x000000000000002e | 2e 00 00 00 00 00 00 00
R10=0x0000000000000040 is an unknown value
R11=0x00decc8081385bf2 is an unknown value
R12=0x000001a9150a8070 points into unknown readable memory: 0x0031006400000000 | 00 00 00 00 64 00 31 00
R13=0x0 is NULL
R14=0x000001a8e846b9d0 points into unknown readable memory: 0x00007ff9cdf07268 | 68 72 f0 cd f9 7f 00 00
R15=0x000001a8e846b9d0 points into unknown readable memory: 0x00007ff9cdf07268 | 68 72 f0 cd f9 7f 00 00


Registers:
RAX=0x000001a8e2270c58, RBX=0x000001a8e846bd20, RCX=0x000001a8e2270c60, RDX=0x000001a8e2270be0
RSP=0x0000006bf02fe750, RBP=0x0000006bf02fe7e1, RSI=0x0000000000000de1, RDI=0x0000000000000000
R8 =0x000001a8e2270be0, R9 =0x000001a8e2270be0, R10=0x0000000000000040, R11=0x00decc8081385bf2
R12=0x000001a9150a8070, R13=0x0000000000000000, R14=0x000001a8e846b9d0, R15=0x000001a8e846b9d0
RIP=0x00007ff9cd870051, EFLAGS=0x0000000000010202

Top of Stack: (sp=0x0000006bf02fe750)
0x0000006bf02fe750:   000001a8e2270c50 0000006bf02fe7e1
0x0000006bf02fe760:   0000000000000de1 000001a8e846bd20
0x0000006bf02fe770:   00007ff9cbff05c8 00007ff9cbff05c4
0x0000006bf02fe780:   000001a8d66dbd98 00007ff9c99fcbf6
0x0000006bf02fe790:   0000000000000de1 000001a8ceb7d020
0x0000006bf02fe7a0:   0000006bf02fe810 00007ff9cd74301d
0x0000006bf02fe7b0:   000001a8eb7ad6f0 00007ff9c9a0662b
0x0000006bf02fe7c0:   000001a8e846b9d0 000001a9150a8070
0x0000006bf02fe7d0:   0000006bf02fe8a0 00007ff9cd2647e7
0x0000006bf02fe7e0:   fffffffffffffffe 0000000000000004
0x0000006bf02fe7f0:   fffffffffffffffe 000001a8eb7ad6f0
0x0000006bf02fe800:   000001a8e846b9d0 000001a8ceb7d020
0x0000006bf02fe810:   000000000000000b 00007ff9d13a4798
0x0000006bf02fe820:   0000000000000de1 000001a8e0a3c160
0x0000006bf02fe830:   0000006bf02fe8a0 00007ff9cd941772
0x0000006bf02fe840:   000001a8e0a3c160 0000000000000000 

Instructions: (pc=0x00007ff9cd870051)
0x00007ff9cd86ff51:   8d 55 67 48 8b cb e8 94 0b 00 00 eb 54 48 8b 53
0x00007ff9cd86ff61:   10 48 83 fa 10 72 3e 33 c0 48 8b 0b 48 85 c9 74
0x00007ff9cd86ff71:   09 48 c1 e2 04 48 03 d1 eb 03 49 8b d5 88 45 5f
0x00007ff9cd86ff81:   4c 8b c2 4c 2b c1 49 c1 f8 04 4c 8d 4d 5f e8 7c
0x00007ff9cd86ff91:   24 00 00 c6 43 18 01 48 8d 55 67 48 8b cb e8 4c
0x00007ff9cd86ffa1:   0b 00 00 eb 0c 48 8d 55 67 48 8b cb e8 0e 0a 00
0x00007ff9cd86ffb1:   00 4c 8b 20 4c 89 65 e7 4d 85 e4 0f 85 9c 00 00
0x00007ff9cd86ffc1:   00 41 8d 4c 24 20 e8 7c 0f 50 00 4c 8b e0 48 89
0x00007ff9cd86ffd1:   45 e7 48 89 45 6f 44 89 28 4c 89 68 08 4c 89 68
0x00007ff9cd86ffe1:   10 4c 89 68 18 44 38 6b 18 74 0e 48 8d 55 67 48
0x00007ff9cd86fff1:   8b cb e8 f8 0a 00 00 eb 54 48 8b 53 10 48 83 fa
0x00007ff9cd870001:   10 72 3e 33 c0 48 8b 0b 48 85 c9 74 09 48 c1 e2
0x00007ff9cd870011:   04 48 03 d1 eb 03 49 8b d5 88 45 6f 4c 8b c2 4c
0x00007ff9cd870021:   2b c1 49 c1 f8 04 4c 8d 4d 6f e8 e0 23 00 00 c6
0x00007ff9cd870031:   43 18 01 48 8d 55 67 48 8b cb e8 b0 0a 00 00 eb
0x00007ff9cd870041:   0c 48 8d 55 67 48 8b cb e8 72 09 00 00 4c 89 20
0x00007ff9cd870051:   8b 87 a0 00 00 00 83 f0 01 41 89 04 24 8b 87 a0
0x00007ff9cd870061:   00 00 00 41 39 04 24 0f 84 7f 04 00 00 41 89 04
0x00007ff9cd870071:   24 49 8d 74 24 08 4c 39 6e 10 74 04 4c 89 6e 10
0x00007ff9cd870081:   44 8b af bc 00 00 00 49 8b bf 70 03 00 00 48 8b
0x00007ff9cd870091:   9f 88 02 00 00 8b 0d 54 f7 b1 03 ff 15 c6 62 5a
0x00007ff9cd8700a1:   00 48 85 c0 74 1b 48 8d 4b ff 48 3b 48 10 73 11
0x00007ff9cd8700b1:   48 8b 00 4c 8b 74 d8 f8 4c 89 75 bf 4d 85 f6 75
0x00007ff9cd8700c1:   0b 4c 8d b7 70 02 00 00 4c 89 75 bf c7 45 b7 08
0x00007ff9cd8700d1:   00 00 00 48 8d 55 b7 b9 df 8c 00 00 ff 15 35 c7
0x00007ff9cd8700e1:   b2 03 c7 45 af 02 17 00 00 33 ff 89 7d 6f 39 7d
0x00007ff9cd8700f1:   b7 0f 8e b2 01 00 00 41 be e0 8c 00 00 4c 8b 65
0x00007ff9cd870101:   bf 0f 1f 40 00 66 66 0f 1f 84 00 00 00 00 00 4c
0x00007ff9cd870111:   8d 4d 6f 41 b8 d1 8c 00 00 41 8b d6 41 8b cd ff
0x00007ff9cd870121:   15 f2 d9 b2 03 83 7d 6f 00 0f 84 5f 01 00 00 4c
0x00007ff9cd870131:   8d 4d af 41 b8 d0 8c 00 00 41 8b d6 41 8b cd ff
0x00007ff9cd870141:   15 d2 d9 b2 03 49 8b 44 24 08 48 8d 55 cf 49 8d 


Stack slot to memory mapping:
stack at sp + 0 slots: 0x000001a8e2270c50 points into unknown readable memory: 0x0000000000000000 | 00 00 00 00 00 00 00 00
stack at sp + 1 slots: 0x0000006bf02fe7e1 is pointing into the stack for thread: 0x000001a8eb7ad6f0
stack at sp + 2 slots: 0x0000000000000de1 is an unknown value
stack at sp + 3 slots: 0x000001a8e846bd20 points into unknown readable memory: 0x000001a8e2270be0 | e0 0b 27 e2 a8 01 00 00
stack at sp + 4 slots: 0x00007ff9cbff05c8 nvoglv64.dll
stack at sp + 5 slots: 0x00007ff9cbff05c4 nvoglv64.dll
stack at sp + 6 slots: 0x000001a8d66dbd98 points into unknown readable memory: 0x0000008000000001 | 01 00 00 00 80 00 00 00
stack at sp + 7 slots: 0x00007ff9c99fcbf6 nvoglv64.dll


Compiled method (c1)    4169 2452       3       java.util.Iterator::forEachRemaining (30 bytes)
 total in heap  [0x000001a880bf5b10,0x000001a880bf63d8] = 2248
 relocation     [0x000001a880bf5c68,0x000001a880bf5cf0] = 136
 main code      [0x000001a880bf5d00,0x000001a880bf6200] = 1280
 stub code      [0x000001a880bf6200,0x000001a880bf6278] = 120
 metadata       [0x000001a880bf6278,0x000001a880bf6288] = 16
 scopes data    [0x000001a880bf6288,0x000001a880bf62f0] = 104
 scopes pcs     [0x000001a880bf62f0,0x000001a880bf63c0] = 208
 dependencies   [0x000001a880bf63c0,0x000001a880bf63c8] = 8
 nul chk table  [0x000001a880bf63c8,0x000001a880bf63d8] = 16

[Constant Pool (empty)]

[MachCode]
[Entry Point]
  # {method} {0x000000080013aaa0} 'forEachRemaining' '(Ljava/util/function/Consumer;)V' in 'java/util/Iterator'
  # this:     rdx:rdx   = 'java/util/Iterator'
  # parm0:    r8:r8     = 'java/util/function/Consumer'
  #           [sp+0x60]  (sp of caller)
  0x000001a880bf5d00: 448b 5208 | 49bb 0000 | 0000 0800 | 0000 4d03 | d34c 3bd0 

  0x000001a880bf5d14: ;   {runtime_call ic_miss_stub}
  0x000001a880bf5d14: 0f85 666d | 45ff 660f | 1f44 0000 
[Verified Entry Point]
  0x000001a880bf5d20: 8984 2400 | 90ff ff55 | 4883 ec50 | 4889 5424 | 304c 8944 

  0x000001a880bf5d34: ;   {metadata(method data for {method} {0x000000080013aaa0} 'forEachRemaining' '(Ljava/util/function/Consumer;)V' in 'java/util/Iterator')}
  0x000001a880bf5d34: 2438 48be | 6873 9cce | a801 0000 | 8bbe cc00 | 0000 83c7 | 0289 becc | 0000 0081 | e7fe 0700 
  0x000001a880bf5d54: 0083 ff00 | 0f84 c003 

  0x000001a880bf5d5c: ;   {metadata(method data for {method} {0x000000080013aaa0} 'forEachRemaining' '(Ljava/util/function/Consumer;)V' in 'java/util/Iterator')}
  0x000001a880bf5d5c: 0000 48be | 6873 9cce | a801 0000 | 4883 8610 | 0100 0001 

  0x000001a880bf5d70: ;   {metadata(method data for {method} {0x0000000800069d10} 'requireNonNull' '(Ljava/lang/Object;)Ljava/lang/Object;' in 'java/util/Objects')}
  0x000001a880bf5d70: 48be e8de | 00ce a801 | 0000 8bbe | cc00 0000 | 83c7 0289 | becc 0000 | 0081 e7fe | ff1f 0083 
  0x000001a880bf5d90: ff00 0f84 | a703 0000 | 4983 f800 

  0x000001a880bf5d9c: ;   {metadata(method data for {method} {0x0000000800069d10} 'requireNonNull' '(Ljava/lang/Object;)Ljava/lang/Object;' in 'java/util/Objects')}
  0x000001a880bf5d9c: 48be e8de | 00ce a801 | 0000 48bf | 1001 0000 | 0000 0000 | 0f85 0a00 | 0000 48bf | 2001 0000 
  0x000001a880bf5dbc: 0000 0000 | 488b 1c3e | 488d 5b01 | 4889 1c3e | 0f85 c101 | 0000 e9b9 | 0200 0090 | 488b 5424 
  0x000001a880bf5ddc: ;   {metadata(method data for {method} {0x000000080013aaa0} 'forEachRemaining' '(Ljava/util/function/Consumer;)V' in 'java/util/Iterator')}
  0x000001a880bf5ddc: 3048 be68 | 739c cea8 | 0100 008b | 5208 49ba | 0000 0000 | 0800 0000 | 4903 d248 | 3b96 8801 
  0x000001a880bf5dfc: 0000 750d | 4883 8690 | 0100 0001 | e966 0000 | 0048 3b96 | 9801 0000 | 750d 4883 | 86a0 0100 
  0x000001a880bf5e1c: 0001 e950 | 0000 0048 | 81be 8801 | 0000 0000 | 0000 7517 | 4889 9688 | 0100 0048 | c786 9001 
  0x000001a880bf5e3c: 0000 0100 | 0000 e92c | 0000 0048 | 81be 9801 | 0000 0000 | 0000 7517 | 4889 9698 | 0100 0048 
  0x000001a880bf5e5c: c786 a001 | 0000 0100 | 0000 e908 | 0000 0048 | 8386 7801 | 0000 0148 | 8b54 2430 | 0f1f 4400 
  0x000001a880bf5e7c: 0048 b870 | 057f e1a8 

  0x000001a880bf5e84: ;   {virtual_call}
  0x000001a880bf5e84: 0100 00e8 

  0x000001a880bf5e88: ; ImmutableOopMap {[48]=Oop [56]=Oop }
                      ;*invokeinterface next {reexecute=0 rethrow=0 return_oop=0}
                      ; - java.util.Iterator::forEachRemaining@16 (line 133)
  0x000001a880bf5e88: 44fa 50ff | 4c8b 4424 | 3849 3b00 

  0x000001a880bf5e94: ;   {metadata(method data for {method} {0x000000080013aaa0} 'forEachRemaining' '(Ljava/util/function/Consumer;)V' in 'java/util/Iterator')}
  0x000001a880bf5e94: 498b d048 | be68 739c | cea8 0100 | 008b 5208 | 49ba 0000 | 0000 0800 | 0000 4903 | d248 3b96 
  0x000001a880bf5eb4: c001 0000 | 750d 4883 | 86c8 0100 | 0001 e966 | 0000 0048 | 3b96 d001 | 0000 750d | 4883 86d8 
  0x000001a880bf5ed4: 0100 0001 | e950 0000 | 0048 81be | c001 0000 | 0000 0000 | 7517 4889 | 96c0 0100 | 0048 c786 
  0x000001a880bf5ef4: c801 0000 | 0100 0000 | e92c 0000 | 0048 81be | d001 0000 | 0000 0000 | 7517 4889 | 96d0 0100 
  0x000001a880bf5f14: 0048 c786 | d801 0000 | 0100 0000 | e908 0000 | 0048 8386 | b001 0000 | 0149 8bf0 | 4c8b c048 
  0x000001a880bf5f34: 8bd6 0f1f | 8000 0000 | 0048 b8f0 | d534 e1a8 

  0x000001a880bf5f44: ;   {virtual_call}
  0x000001a880bf5f44: 0100 00e8 

  0x000001a880bf5f48: ; ImmutableOopMap {[48]=Oop [56]=Oop }
                      ;*invokeinterface accept {reexecute=0 rethrow=0 return_oop=0}
                      ; - java.util.Iterator::forEachRemaining@21 (line 133)
  0x000001a880bf5f48: c4f4 50ff 

  0x000001a880bf5f4c: ;   {metadata(method data for {method} {0x000000080013aaa0} 'forEachRemaining' '(Ljava/util/function/Consumer;)V' in 'java/util/Iterator')}
  0x000001a880bf5f4c: 48ba 6873 | 9cce a801 | 0000 8bb2 | d000 0000 | 83c6 0289 | b2d0 0000 | 0081 e6fe | 3f00 0083 
  0x000001a880bf5f6c: fe00 0f84 | f101 0000 | 4d8b 9740 

  0x000001a880bf5f78: ; ImmutableOopMap {[48]=Oop [56]=Oop }
                      ;*goto {reexecute=1 rethrow=0 return_oop=0}
                      ; - (reexecute) java.util.Iterator::forEachRemaining@26 (line 133)
                      ;   {poll}
  0x000001a880bf5f78: 0300 0041 

  0x000001a880bf5f7c: ;   {metadata(method data for {method} {0x000000080013aaa0} 'forEachRemaining' '(Ljava/util/function/Consumer;)V' in 'java/util/Iterator')}
  0x000001a880bf5f7c: 8502 48ba | 6873 9cce | a801 0000 | ff82 e801 | 0000 488b | 5424 3048 

  0x000001a880bf5f94: ;   {metadata(method data for {method} {0x000000080013aaa0} 'forEachRemaining' '(Ljava/util/function/Consumer;)V' in 'java/util/Iterator')}
  0x000001a880bf5f94: 8bf2 48bf | 6873 9cce | a801 0000 | 8b76 0849 | ba00 0000 | 0008 0000 | 0049 03f2 | 483b b730 
  0x000001a880bf5fb4: 0100 0075 | 0d48 8387 | 3801 0000 | 01e9 6600 | 0000 483b | b740 0100 | 0075 0d48 | 8387 4801 
  0x000001a880bf5fd4: 0000 01e9 | 5000 0000 | 4881 bf30 | 0100 0000 | 0000 0075 | 1748 89b7 | 3001 0000 | 48c7 8738 
  0x000001a880bf5ff4: 0100 0001 | 0000 00e9 | 2c00 0000 | 4881 bf40 | 0100 0000 | 0000 0075 | 1748 89b7 | 4001 0000 
  0x000001a880bf6014: 48c7 8748 | 0100 0001 | 0000 00e9 | 0800 0000 | 4883 8720 | 0100 0001 | 488b f248 | 8bd6 6666 
  0x000001a880bf6034: 9048 b810 | 027f e1a8 

  0x000001a880bf603c: ;   {virtual_call}
  0x000001a880bf603c: 0100 00e8 

  0x000001a880bf6040: ; ImmutableOopMap {[56]=Oop [48]=Oop }
                      ;*invokeinterface hasNext {reexecute=0 rethrow=0 return_oop=0}
                      ; - java.util.Iterator::forEachRemaining@6 (line 132)
  0x000001a880bf6040: dcf4 50ff 

  0x000001a880bf6044: ;   {metadata(method data for {method} {0x000000080013aaa0} 'forEachRemaining' '(Ljava/util/function/Consumer;)V' in 'java/util/Iterator')}
  0x000001a880bf6044: 83f8 0048 | ba68 739c | cea8 0100 | 0048 be68 | 0100 0000 | 0000 000f | 850a 0000 | 0048 be58 
  0x000001a880bf6064: 0100 0000 | 0000 0048 | 8b3c 3248 | 8d7f 0148 | 893c 320f | 855b fdff | ff48 83c4 

  0x000001a880bf6080: ;   {poll_return}
  0x000001a880bf6080: 505d 493b | a738 0300 | 000f 87f7 | 0000 00c3 

  0x000001a880bf6090: ;   {no_reloc}
  0x000001a880bf6090: e916 0100 | 0000 0000 | 0000 498b | 87f0 0000 | 0048 8d78 | 3049 3bbf | 0001 0000 | 0f87 0301 
  0x000001a880bf60b0: 0000 4989 | bff0 0000 | 0048 c700 | 0100 0000 | 488b ca49 | ba00 0000 | 0008 0000 | 0049 2bca 
  0x000001a880bf60d0: 8948 0848 | 33c9 8948 | 0c48 33c9 | 4889 4810 | 4889 4818 | 4889 4820 | 4889 4828 

  0x000001a880bf60ec: ;   {metadata(method data for {method} {0x0000000800069d10} 'requireNonNull' '(Ljava/lang/Object;)Ljava/lang/Object;' in 'java/util/Objects')}
  0x000001a880bf60ec: 488b d048 | bee8 de00 | cea8 0100 | 0048 8386 | 3001 0000 | 0148 8bd0 | 4889 4424 | 4066 0f1f 
  0x000001a880bf610c: ;   {optimized virtual_call}
  0x000001a880bf610c: 4400 00e8 

  0x000001a880bf6110: ; ImmutableOopMap {[56]=Oop [64]=Oop [48]=Oop }
                      ;*invokespecial <init> {reexecute=0 rethrow=0 return_oop=0}
                      ; - java.util.Objects::requireNonNull@8 (line 208)
                      ; - java.util.Iterator::forEachRemaining@1 (line 131)
  0x000001a880bf6110: 6c6c 45ff | 488b 4424 | 40e9 c300 

  0x000001a880bf611c: ;   {metadata({method} {0x000000080013aaa0} 'forEachRemaining' '(Ljava/util/function/Consumer;)V' in 'java/util/Iterator')}
  0x000001a880bf611c: 0000 49ba | 98aa 1300 | 0800 0000 | 4c89 5424 | 0848 c704 | 24ff ffff 

  0x000001a880bf6134: ;   {runtime_call counter_overflow Runtime1 stub}
  0x000001a880bf6134: ffe8 c65e 

  0x000001a880bf6138: ; ImmutableOopMap {rdx=Oop [48]=Oop r8=Oop [56]=Oop }
                      ;*synchronization entry
                      ; - java.util.Iterator::forEachRemaining@-1 (line 131)
  0x000001a880bf6138: 50ff e91f 

  0x000001a880bf613c: ;   {metadata({method} {0x0000000800069d10} 'requireNonNull' '(Ljava/lang/Object;)Ljava/lang/Object;' in 'java/util/Objects')}
  0x000001a880bf613c: fcff ff49 | ba08 9d06 | 0008 0000 | 004c 8954 | 2408 48c7 | 0424 ffff 

  0x000001a880bf6154: ;   {runtime_call counter_overflow Runtime1 stub}
  0x000001a880bf6154: ffff e8a5 

  0x000001a880bf6158: ; ImmutableOopMap {rdx=Oop [48]=Oop r8=Oop [56]=Oop }
                      ;*synchronization entry
                      ; - java.util.Objects::requireNonNull@-1 (line 207)
                      ; - java.util.Iterator::forEachRemaining@1 (line 131)
  0x000001a880bf6158: 5e50 ffe9 | 38fc ffff 

  0x000001a880bf6160: ;   {runtime_call throw_null_pointer_exception Runtime1 stub}
  0x000001a880bf6160: e8bb 0450 

  0x000001a880bf6164: ; ImmutableOopMap {[48]=Oop rax=Oop r8=Oop [56]=Oop }
                      ;*invokeinterface accept {reexecute=0 rethrow=0 return_oop=0}
                      ; - java.util.Iterator::forEachRemaining@21 (line 133)
                      ;   {metadata({method} {0x000000080013aaa0} 'forEachRemaining' '(Ljava/util/function/Consumer;)V' in 'java/util/Iterator')}
  0x000001a880bf6164: ff49 ba98 | aa13 0008 | 0000 004c | 8954 2408 | 48c7 0424 | 1a00 0000 

  0x000001a880bf617c: ;   {runtime_call counter_overflow Runtime1 stub}
  0x000001a880bf617c: e87f 5e50 

  0x000001a880bf6180: ; ImmutableOopMap {[48]=Oop [56]=Oop }
                      ;*goto {reexecute=1 rethrow=0 return_oop=0}
                      ; - (reexecute) java.util.Iterator::forEachRemaining@26 (line 133)
  0x000001a880bf6180: ffe9 eefd 

  0x000001a880bf6184: ;   {internal_word}
  0x000001a880bf6184: ffff 49ba | 8260 bf80 | a801 0000 | 4d89 9750 

  0x000001a880bf6194: ;   {runtime_call SafepointBlob}
  0x000001a880bf6194: 0300 00e9 | 64d2 45ff 

  0x000001a880bf619c: ;   {metadata(NULL)}
  0x000001a880bf619c: 48ba 0000 | 0000 0000 | 0000 b800 

  0x000001a880bf61a8: ;   {runtime_call load_klass_patching Runtime1 stub}
  0x000001a880bf61a8: 0f05 0ae8 

  0x000001a880bf61ac: ; ImmutableOopMap {[56]=Oop [48]=Oop }
                      ;*new {reexecute=1 rethrow=0 return_oop=0}
                      ; - (reexecute) java.util.Objects::requireNonNull@4 (line 208)
                      ; - java.util.Iterator::forEachRemaining@1 (line 131)
  0x000001a880bf61ac: d04d 50ff | e9db feff | ff48 8bd2 

  0x000001a880bf61b8: ;   {runtime_call fast_new_instance Runtime1 stub}
  0x000001a880bf61b8: e843 0d50 

  0x000001a880bf61bc: ; ImmutableOopMap {[56]=Oop [48]=Oop }
                      ;*new {reexecute=0 rethrow=0 return_oop=0}
                      ; - java.util.Objects::requireNonNull@4 (line 208)
                      ; - java.util.Iterator::forEachRemaining@1 (line 131)
  0x000001a880bf61bc: ffe9 2aff | ffff 9090 | 498b 87c8 | 0300 0049 | c787 c803 | 0000 0000 | 0000 49c7 | 87d0 0300 
  0x000001a880bf61dc: 0000 0000 | 0048 83c4 

  0x000001a880bf61e4: ;   {runtime_call unwind_exception Runtime1 stub}
  0x000001a880bf61e4: 505d e995 | 2447 fff4 | f4f4 f4f4 | f4f4 f4f4 | f4f4 f4f4 | f4f4 f4f4 | f4f4 f4f4 
[Stub Code]
  0x000001a880bf6200: ;   {no_reloc}
  0x000001a880bf6200: 0f1f 4400 

  0x000001a880bf6204: ;   {static_stub}
  0x000001a880bf6204: 0048 bb00 | 0000 0000 

  0x000001a880bf620c: ;   {runtime_call}
  0x000001a880bf620c: 0000 00e9 | fbff ffff 

  0x000001a880bf6214: ;   {static_stub}
  0x000001a880bf6214: 9048 bb00 | 0000 0000 

  0x000001a880bf621c: ;   {runtime_call}
  0x000001a880bf621c: 0000 00e9 | fbff ffff 

  0x000001a880bf6224: ;   {static_stub}
  0x000001a880bf6224: 9048 bb00 | 0000 0000 

  0x000001a880bf622c: ;   {runtime_call}
  0x000001a880bf622c: 0000 00e9 | fbff ffff 

  0x000001a880bf6234: ;   {static_stub}
  0x000001a880bf6234: 9048 bb00 | 0000 0000 

  0x000001a880bf623c: ;   {runtime_call}
  0x000001a880bf623c: 0000 00e9 | fbff ffff 
[Exception Handler]
  0x000001a880bf6244: ;   {runtime_call handle_exception_from_callee Runtime1 stub}
  0x000001a880bf6244: e8b7 2a50 

  0x000001a880bf6248: ;   {external_word}
  0x000001a880bf6248: ff48 b928 | 3f46 d5f9 | 7f00 0048 

  0x000001a880bf6254: ;   {runtime_call}
  0x000001a880bf6254: 83e4 f049 | ba60 e113 | d5f9 7f00 | 0041 ffd2 

  0x000001a880bf6264: ;   {section_word}
  0x000001a880bf6264: f449 ba65 | 62bf 80a8 | 0100 0041 

  0x000001a880bf6270: ;   {runtime_call DeoptimizationBlob}
  0x000001a880bf6270: 52e9 2ac4 | 45ff f4f4 
[/MachCode]


Compiled method (c1)    4180 2451       3       java.util.Spliterators$IteratorSpliterator::forEachRemaining (58 bytes)
 total in heap  [0x000001a880bf7090,0x000001a880bf7908] = 2168
 relocation     [0x000001a880bf71e8,0x000001a880bf7268] = 128
 main code      [0x000001a880bf7280,0x000001a880bf7740] = 1216
 stub code      [0x000001a880bf7740,0x000001a880bf77b8] = 120
 metadata       [0x000001a880bf77b8,0x000001a880bf77c0] = 8
 scopes data    [0x000001a880bf77c0,0x000001a880bf7820] = 96
 scopes pcs     [0x000001a880bf7820,0x000001a880bf78e0] = 192
 dependencies   [0x000001a880bf78e0,0x000001a880bf78e8] = 8
 nul chk table  [0x000001a880bf78e8,0x000001a880bf7908] = 32

[Constant Pool (empty)]

[MachCode]
[Entry Point]
  # {method} {0x00000008002f4ea0} 'forEachRemaining' '(Ljava/util/function/Consumer;)V' in 'java/util/Spliterators$IteratorSpliterator'
  # this:     rdx:rdx   = 'java/util/Spliterators$IteratorSpliterator'
  # parm0:    r8:r8     = 'java/util/function/Consumer'
  #           [sp+0x60]  (sp of caller)
  0x000001a880bf7280: 448b 5208 | 49bb 0000 | 0000 0800 | 0000 4d03 | d34c 3bd0 

  0x000001a880bf7294: ;   {runtime_call ic_miss_stub}
  0x000001a880bf7294: 0f85 e657 | 45ff 660f | 1f44 0000 
[Verified Entry Point]
  0x000001a880bf72a0: 8984 2400 | 90ff ff55 | 4883 ec50 | 4889 5424 

  0x000001a880bf72b0: ;   {metadata(method data for {method} {0x00000008002f4ea0} 'forEachRemaining' '(Ljava/util/function/Consumer;)V' in 'java/util/Spliterators$IteratorSpliterator')}
  0x000001a880bf72b0: 2048 be58 | 7a9c cea8 | 0100 008b | becc 0000 | 0083 c702 | 89be cc00 | 0000 81e7 | fe07 0000 
  0x000001a880bf72d0: 83ff 000f | 8495 0300 | 0049 83f8 

  0x000001a880bf72dc: ;   {metadata(method data for {method} {0x00000008002f4ea0} 'forEachRemaining' '(Ljava/util/function/Consumer;)V' in 'java/util/Spliterators$IteratorSpliterator')}
  0x000001a880bf72dc: 0048 be58 | 7a9c cea8 | 0100 0048 | bf20 0100 | 0000 0000 | 000f 840a | 0000 0048 | bf10 0100 
  0x000001a880bf72fc: 0000 0000 | 0048 8b1c | 3e48 8d5b | 0148 891c | 3e0f 84cc | 0200 008b | 7220 48c1 | e603 4883 
  0x000001a880bf731c: ;   {metadata(method data for {method} {0x00000008002f4ea0} 'forEachRemaining' '(Ljava/util/function/Consumer;)V' in 'java/util/Spliterators$IteratorSpliterator')}
  0x000001a880bf731c: fe00 48bf | 587a 9cce | a801 0000 | 48bb 4001 | 0000 0000 | 0000 0f85 | 0a00 0000 | 48bb 5001 
  0x000001a880bf733c: 0000 0000 | 0000 488b | 041f 488d | 4001 4889 | 041f 0f85 | c601 0000 | 4c89 4424 | 288b 721c 
  0x000001a880bf735c: 48c1 e603 

  0x000001a880bf7360: ; implicit exception: dispatches to 0x000001a880bf768f
  0x000001a880bf7360: 483b 0648 

  0x000001a880bf7364: ;   {metadata(method data for {method} {0x00000008002f4ea0} 'forEachRemaining' '(Ljava/util/function/Consumer;)V' in 'java/util/Spliterators$IteratorSpliterator')}
  0x000001a880bf7364: 8bfe 48bb | 587a 9cce | a801 0000 | 8b7f 0849 | ba00 0000 | 0008 0000 | 0049 03fa | 483b bb70 
  0x000001a880bf7384: 0100 0075 | 0d48 8383 | 7801 0000 | 01e9 6600 | 0000 483b | bb80 0100 | 0075 0d48 | 8383 8801 
  0x000001a880bf73a4: 0000 01e9 | 5000 0000 | 4881 bb70 | 0100 0000 | 0000 0075 | 1748 89bb | 7001 0000 | 48c7 8378 
  0x000001a880bf73c4: 0100 0001 | 0000 00e9 | 2c00 0000 | 4881 bb80 | 0100 0000 | 0000 0075 | 1748 89bb | 8001 0000 
  0x000001a880bf73e4: 48c7 8388 | 0100 0001 | 0000 00e9 | 0800 0000 | 4883 8360 | 0100 0001 | 488b d666 | 0f1f 4400 
  0x000001a880bf7404: 0048 b8d0 | a910 0008 

  0x000001a880bf740c: ;   {virtual_call}
  0x000001a880bf740c: 0000 00e8 

  0x000001a880bf7410: ; ImmutableOopMap {[40]=Oop [32]=Oop }
                      ;*invokeinterface iterator {reexecute=0 rethrow=0 return_oop=0}
                      ; - java.util.Spliterators$IteratorSpliterator::forEachRemaining@26 (line 1842)
  0x000001a880bf7410: ace9 1b07 | 410f be57 | 3883 fa00 | 488b 5424 | 200f 856d | 0200 004c | 8bd0 49c1 | ea03 4489 
  0x000001a880bf7430: 5220 488b | f248 33f0 | 48c1 ee18 | 4883 fe00 | 0f85 6d02 | 0000 8b72 | 1c48 c1e6 | 0348 3b06 
  0x000001a880bf7450: ;   {metadata(method data for {method} {0x00000008002f4ea0} 'forEachRemaining' '(Ljava/util/function/Consumer;)V' in 'java/util/Spliterators$IteratorSpliterator')}
  0x000001a880bf7450: 488b fe48 | bb58 7a9c | cea8 0100 | 008b 7f08 | 49ba 0000 | 0000 0800 | 0000 4903 | fa48 3bbb 
  0x000001a880bf7470: a801 0000 | 750d 4883 | 83b0 0100 | 0001 e966 | 0000 0048 | 3bbb b801 | 0000 750d | 4883 83c0 
  0x000001a880bf7490: 0100 0001 | e950 0000 | 0048 81bb | a801 0000 | 0000 0000 | 7517 4889 | bba8 0100 | 0048 c783 
  0x000001a880bf74b0: b001 0000 | 0100 0000 | e92c 0000 | 0048 81bb | b801 0000 | 0000 0000 | 7517 4889 | bbb8 0100 
  0x000001a880bf74d0: 0048 c783 | c001 0000 | 0100 0000 | e908 0000 | 0048 8383 | 9801 0000 | 0148 8bd6 | 4889 4424 
  0x000001a880bf74f0: 300f 1f40 | 0048 b8d0 | a910 0008 

  0x000001a880bf74fc: ;   {virtual_call}
  0x000001a880bf74fc: 0000 00e8 

  0x000001a880bf7500: ; ImmutableOopMap {[40]=Oop [32]=Oop [48]=Oop }
                      ;*invokeinterface size {reexecute=0 rethrow=0 return_oop=0}
                      ; - java.util.Spliterators$IteratorSpliterator::forEachRemaining@41 (line 1843)
  0x000001a880bf7500: fcd9 1c07 | 4863 c048 | 8b54 2420 | 4889 4210 | 488b 7424 | 304c 8b44 | 2428 483b | 0648 8bd6 
  0x000001a880bf7520: ;   {metadata(method data for {method} {0x00000008002f4ea0} 'forEachRemaining' '(Ljava/util/function/Consumer;)V' in 'java/util/Spliterators$IteratorSpliterator')}
  0x000001a880bf7520: 48bf 587a | 9cce a801 | 0000 8b52 | 0849 ba00 | 0000 0008 | 0000 0049 | 03d2 483b | 97e0 0100 
  0x000001a880bf7540: 0075 0d48 | 8387 e801 | 0000 01e9 | 6600 0000 | 483b 97f0 | 0100 0075 | 0d48 8387 | f801 0000 
  0x000001a880bf7560: 01e9 5000 | 0000 4881 | bfe0 0100 | 0000 0000 | 0075 1748 | 8997 e001 | 0000 48c7 | 87e8 0100 
  0x000001a880bf7580: 0001 0000 | 00e9 2c00 | 0000 4881 | bff0 0100 | 0000 0000 | 0075 1748 | 8997 f001 | 0000 48c7 
  0x000001a880bf75a0: 87f8 0100 | 0001 0000 | 00e9 0800 | 0000 4883 | 87d0 0100 | 0001 488b | d60f 1f40 | 0048 b870 
  0x000001a880bf75c0: ff7e e1a8 

  0x000001a880bf75c4: ;   {virtual_call}
  0x000001a880bf75c4: 0100 00e8 

  0x000001a880bf75c8: ; ImmutableOopMap {}
                      ;*invokeinterface forEachRemaining {reexecute=0 rethrow=0 return_oop=0}
                      ; - java.util.Spliterators$IteratorSpliterator::forEachRemaining@52 (line 1845)
  0x000001a880bf75c8: 4474 76ff | 4883 c450 

  0x000001a880bf75d0: ;   {poll_return}
  0x000001a880bf75d0: 5d49 3ba7 | 3803 0000 | 0f87 f700 | 0000 c390 

  0x000001a880bf75e0: ;   {no_reloc}
  0x000001a880bf75e0: e915 0100 | 0000 0000 | 0000 498b | 87f0 0000 | 0048 8d78 | 3049 3bbf | 0001 0000 | 0f87 0201 
  0x000001a880bf7600: 0000 4989 | bff0 0000 | 0048 c700 | 0100 0000 | 488b ca49 | ba00 0000 | 0008 0000 | 0049 2bca 
  0x000001a880bf7620: 8948 0848 | 33c9 8948 | 0c48 33c9 | 4889 4810 | 4889 4818 | 4889 4820 | 4889 4828 

  0x000001a880bf763c: ;   {metadata(method data for {method} {0x00000008002f4ea0} 'forEachRemaining' '(Ljava/util/function/Consumer;)V' in 'java/util/Spliterators$IteratorSpliterator')}
  0x000001a880bf763c: 488b d048 | be58 7a9c | cea8 0100 | 0048 8386 | 3001 0000 | 0148 8bd0 | 4889 4424 | 3866 0f1f 
  0x000001a880bf765c: ;   {optimized virtual_call}
  0x000001a880bf765c: 4400 00e8 

  0x000001a880bf7660: ; ImmutableOopMap {[56]=Oop }
                      ;*invokespecial <init> {reexecute=0 rethrow=0 return_oop=0}
                      ; - java.util.Spliterators$IteratorSpliterator::forEachRemaining@8 (line 1839)
  0x000001a880bf7660: 1c57 45ff | 488b 4424 | 38e9 c200 

  0x000001a880bf766c: ;   {metadata({method} {0x00000008002f4ea0} 'forEachRemaining' '(Ljava/util/function/Consumer;)V' in 'java/util/Spliterators$IteratorSpliterator')}
  0x000001a880bf766c: 0000 49ba | 984e 2f00 | 0800 0000 | 4c89 5424 | 0848 c704 | 24ff ffff 

  0x000001a880bf7684: ;   {runtime_call counter_overflow Runtime1 stub}
  0x000001a880bf7684: ffe8 7649 

  0x000001a880bf7688: ; ImmutableOopMap {rdx=Oop [32]=Oop r8=Oop }
                      ;*synchronization entry
                      ; - java.util.Spliterators$IteratorSpliterator::forEachRemaining@-1 (line 1839)
  0x000001a880bf7688: 50ff e94a 

  0x000001a880bf768c: ;   {runtime_call throw_null_pointer_exception Runtime1 stub}
  0x000001a880bf768c: fcff ffe8 

  0x000001a880bf7690: ; ImmutableOopMap {[40]=Oop rdx=Oop [32]=Oop rsi=Oop }
                      ;*invokeinterface iterator {reexecute=0 rethrow=0 return_oop=0}
                      ; - java.util.Spliterators$IteratorSpliterator::forEachRemaining@26 (line 1842)
  0x000001a880bf7690: 8cef 4fff | 8b72 2048 | c1e6 0348 | 83fe 000f | 8482 fdff | ff48 8934 

  0x000001a880bf76a8: ;   {runtime_call g1_pre_barrier_slow}
  0x000001a880bf76a8: 24e8 524f | 50ff e974 | fdff ff48 | 83f8 000f | 8489 fdff | ff48 8914 

  0x000001a880bf76c0: ;   {runtime_call g1_post_barrier_slow}
  0x000001a880bf76c0: 24e8 3a52 | 50ff e97b 

  0x000001a880bf76c8: ;   {runtime_call throw_null_pointer_exception Runtime1 stub}
  0x000001a880bf76c8: fdff ffe8 

  0x000001a880bf76cc: ; ImmutableOopMap {[40]=Oop rax=Oop rdx=Oop [32]=Oop rsi=Oop }
                      ;*invokeinterface size {reexecute=0 rethrow=0 return_oop=0}
                      ; - java.util.Spliterators$IteratorSpliterator::forEachRemaining@41 (line 1843)
  0x000001a880bf76cc: 50ef 4fff 

  0x000001a880bf76d0: ;   {runtime_call throw_null_pointer_exception Runtime1 stub}
  0x000001a880bf76d0: e84b ef4f 

  0x000001a880bf76d4: ; ImmutableOopMap {rsi=Oop r8=Oop }
                      ;*invokeinterface forEachRemaining {reexecute=0 rethrow=0 return_oop=0}
                      ; - java.util.Spliterators$IteratorSpliterator::forEachRemaining@52 (line 1845)
                      ;   {internal_word}
  0x000001a880bf76d4: ff49 bad1 | 75bf 80a8 | 0100 004d | 8997 5003 

  0x000001a880bf76e4: ;   {runtime_call SafepointBlob}
  0x000001a880bf76e4: 0000 e915 

  0x000001a880bf76e8: ;   {metadata(NULL)}
  0x000001a880bf76e8: bd45 ff48 | ba00 0000 | 0000 0000 | 00b8 000f 

  0x000001a880bf76f8: ;   {runtime_call load_klass_patching Runtime1 stub}
  0x000001a880bf76f8: 050a e881 

  0x000001a880bf76fc: ; ImmutableOopMap {}
                      ;*new {reexecute=1 rethrow=0 return_oop=0}
                      ; - (reexecute) java.util.Spliterators$IteratorSpliterator::forEachRemaining@4 (line 1839)
  0x000001a880bf76fc: 3850 ffe9 | dcfe ffff 

  0x000001a880bf7704: ;   {runtime_call fast_new_instance Runtime1 stub}
  0x000001a880bf7704: 488b d2e8 

  0x000001a880bf7708: ; ImmutableOopMap {}
                      ;*new {reexecute=0 rethrow=0 return_oop=0}
                      ; - java.util.Spliterators$IteratorSpliterator::forEachRemaining@4 (line 1839)
  0x000001a880bf7708: f4f7 4fff | e92b ffff | ff90 9049 | 8b87 c803 | 0000 49c7 | 87c8 0300 | 0000 0000 | 0049 c787 
  0x000001a880bf7728: d003 0000 | 0000 0000 | 4883 c450 

  0x000001a880bf7734: ;   {runtime_call unwind_exception Runtime1 stub}
  0x000001a880bf7734: 5de9 460f | 47ff f4f4 | f4f4 f4f4 
[Stub Code]
  0x000001a880bf7740: ;   {no_reloc}
  0x000001a880bf7740: 0f1f 4400 

  0x000001a880bf7744: ;   {static_stub}
  0x000001a880bf7744: 0048 bb00 | 0000 0000 

  0x000001a880bf774c: ;   {runtime_call}
  0x000001a880bf774c: 0000 00e9 | fbff ffff 

  0x000001a880bf7754: ;   {static_stub}
  0x000001a880bf7754: 9048 bb00 | 0000 0000 

  0x000001a880bf775c: ;   {runtime_call}
  0x000001a880bf775c: 0000 00e9 | fbff ffff 

  0x000001a880bf7764: ;   {static_stub}
  0x000001a880bf7764: 9048 bb00 | 0000 0000 

  0x000001a880bf776c: ;   {runtime_call}
  0x000001a880bf776c: 0000 00e9 | fbff ffff 

  0x000001a880bf7774: ;   {static_stub}
  0x000001a880bf7774: 9048 bb00 | 0000 0000 

  0x000001a880bf777c: ;   {runtime_call}
  0x000001a880bf777c: 0000 00e9 | fbff ffff 
[Exception Handler]
  0x000001a880bf7784: ;   {runtime_call handle_exception_from_callee Runtime1 stub}
  0x000001a880bf7784: e877 1550 

  0x000001a880bf7788: ;   {external_word}
  0x000001a880bf7788: ff48 b928 | 3f46 d5f9 | 7f00 0048 

  0x000001a880bf7794: ;   {runtime_call}
  0x000001a880bf7794: 83e4 f049 | ba60 e113 | d5f9 7f00 | 0041 ffd2 

  0x000001a880bf77a4: ;   {section_word}
  0x000001a880bf77a4: f449 baa5 | 77bf 80a8 | 0100 0041 

  0x000001a880bf77b0: ;   {runtime_call DeoptimizationBlob}
  0x000001a880bf77b0: 52e9 eaae | 45ff f4f4 
[/MachCode]


---------------  P R O C E S S  ---------------

Threads class SMR info:
_java_thread_list=0x000001a8d2d29ce0, length=14, elements={
0x000001a8eb7ad6f0, 0x000001a8ebbc0050, 0x000001a8ebbc0cb0, 0x000001a8ebbcfc20,
0x000001a8ebbd40f0, 0x000001a8ebbd6d60, 0x000001a8ebbd89d0, 0x000001a8ebbdf400,
0x000001a8ebbe04b0, 0x000001a8ebc11920, 0x000001a8ebda0880, 0x000001a8ebda3c00,
0x000001a8e3fbe2f0, 0x000001a8ebd5f1f0
}

Java Threads: ( => current thread )
=>0x000001a8eb7ad6f0 JavaThread "main" [_thread_in_native, id=33896, stack(0x0000006bf0200000,0x0000006bf0300000)]
  0x000001a8ebbc0050 JavaThread "Reference Handler" daemon [_thread_blocked, id=45796, stack(0x0000006bf0d00000,0x0000006bf0e00000)]
  0x000001a8ebbc0cb0 JavaThread "Finalizer" daemon [_thread_blocked, id=4672, stack(0x0000006bf0e00000,0x0000006bf0f00000)]
  0x000001a8ebbcfc20 JavaThread "Signal Dispatcher" daemon [_thread_blocked, id=50852, stack(0x0000006bf0f00000,0x0000006bf1000000)]
  0x000001a8ebbd40f0 JavaThread "Attach Listener" daemon [_thread_blocked, id=40408, stack(0x0000006bf1000000,0x0000006bf1100000)]
  0x000001a8ebbd6d60 JavaThread "Service Thread" daemon [_thread_blocked, id=30880, stack(0x0000006bf1100000,0x0000006bf1200000)]
  0x000001a8ebbd89d0 JavaThread "Monitor Deflation Thread" daemon [_thread_blocked, id=5044, stack(0x0000006bf1200000,0x0000006bf1300000)]
  0x000001a8ebbdf400 JavaThread "C2 CompilerThread0" daemon [_thread_blocked, id=32312, stack(0x0000006bf1300000,0x0000006bf1400000)]
  0x000001a8ebbe04b0 JavaThread "C1 CompilerThread0" daemon [_thread_blocked, id=45768, stack(0x0000006bf1400000,0x0000006bf1500000)]
  0x000001a8ebc11920 JavaThread "Sweeper thread" daemon [_thread_blocked, id=37364, stack(0x0000006bf1500000,0x0000006bf1600000)]
  0x000001a8ebda0880 JavaThread "Notification Thread" daemon [_thread_blocked, id=10672, stack(0x0000006bf1800000,0x0000006bf1900000)]
  0x000001a8ebda3c00 JavaThread "Common-Cleaner" daemon [_thread_blocked, id=17260, stack(0x0000006bf1a00000,0x0000006bf1b00000)]
  0x000001a8e3fbe2f0 JavaThread "C2 CompilerThread1" daemon [_thread_blocked, id=25380, stack(0x0000006bf1700000,0x0000006bf1800000)]
  0x000001a8ebd5f1f0 JavaThread "C2 CompilerThread2" daemon [_thread_blocked, id=27492, stack(0x0000006bf1600000,0x0000006bf1700000)]

Other Threads:
  0x000001a8eb9dccc0 VMThread "VM Thread" [stack: 0x0000006bf0c00000,0x0000006bf0d00000] [id=36736]
  0x000001a8ebda1150 WatcherThread "VM Periodic Task Thread" [stack: 0x0000006bf1900000,0x0000006bf1a00000] [id=14348]
  0x000001a8eb96bc60 WorkerThread "GC Thread#0" [stack: 0x0000006bf0700000,0x0000006bf0800000] [id=15004]
  0x000001a8d2a8f770 WorkerThread "GC Thread#1" [stack: 0x0000006bf2a00000,0x0000006bf2b00000] [id=29620]
  0x000001a8d2a93130 WorkerThread "GC Thread#2" [stack: 0x0000006bf2b00000,0x0000006bf2c00000] [id=45716]
  0x000001a8d2a933d0 WorkerThread "GC Thread#3" [stack: 0x0000006bf2c00000,0x0000006bf2d00000] [id=51336]
  0x000001a8d2a8fa10 WorkerThread "GC Thread#4" [stack: 0x0000006bf2d00000,0x0000006bf2e00000] [id=52764]
  0x000001a8d2a90c70 WorkerThread "GC Thread#5" [stack: 0x0000006bf2e00000,0x0000006bf2f00000] [id=45524]
  0x000001a8d2a926b0 WorkerThread "GC Thread#6" [stack: 0x0000006bf2f00000,0x0000006bf3000000] [id=46888]
  0x000001a8d2a90f10 WorkerThread "GC Thread#7" [stack: 0x0000006bf3000000,0x0000006bf3100000] [id=6112]
  0x000001a8d2a92e90 WorkerThread "GC Thread#8" [stack: 0x0000006bf3100000,0x0000006bf3200000] [id=45596]
  0x000001a8d2a92410 WorkerThread "GC Thread#9" [stack: 0x0000006bf3200000,0x0000006bf3300000] [id=32304]
  0x000001a8d2a909d0 WorkerThread "GC Thread#10" [stack: 0x0000006bf3300000,0x0000006bf3400000] [id=27544]
  0x000001a8d2a911b0 WorkerThread "GC Thread#11" [stack: 0x0000006bf3400000,0x0000006bf3500000] [id=16868]
  0x000001a8d2a901f0 WorkerThread "GC Thread#12" [stack: 0x0000006bf3500000,0x0000006bf3600000] [id=21672]
  0x000001a8d2a90490 WorkerThread "GC Thread#13" [stack: 0x0000006bf3600000,0x0000006bf3700000] [id=31380]
  0x000001a8d2a92950 WorkerThread "GC Thread#14" [stack: 0x0000006bf3700000,0x0000006bf3800000] [id=6080]
  0x000001a8d2a92bf0 WorkerThread "GC Thread#15" [stack: 0x0000006bf3800000,0x0000006bf3900000] [id=26944]
  0x000001a8d2a90730 WorkerThread "GC Thread#16" [stack: 0x0000006bf3900000,0x0000006bf3a00000] [id=33456]
  0x000001a8d2a91450 WorkerThread "GC Thread#17" [stack: 0x0000006bf3a00000,0x0000006bf3b00000] [id=25008]
  0x000001a8d2a8fcb0 WorkerThread "GC Thread#18" [stack: 0x0000006bf3b00000,0x0000006bf3c00000] [id=39020]
  0x000001a8d2a916f0 WorkerThread "GC Thread#19" [stack: 0x0000006bf3c00000,0x0000006bf3d00000] [id=40056]
  0x000001a8d2a91990 WorkerThread "GC Thread#20" [stack: 0x0000006bf3d00000,0x0000006bf3e00000] [id=39068]
  0x000001a8d2a91c30 WorkerThread "GC Thread#21" [stack: 0x0000006bf3e00000,0x0000006bf3f00000] [id=43556]
  0x000001a8d2a91ed0 WorkerThread "GC Thread#22" [stack: 0x0000006bf3f00000,0x0000006bf4000000] [id=42344]
  0x000001a8eb997f50 ConcurrentGCThread "G1 Main Marker" [stack: 0x0000006bf0800000,0x0000006bf0900000] [id=18040]
  0x000001a8eb99b850 WorkerThread "G1 Conc#0" [stack: 0x0000006bf0900000,0x0000006bf0a00000] [id=35056]
  0x000001a8e379f9e0 WorkerThread "G1 Conc#1" [stack: 0x0000006bf4000000,0x0000006bf4100000] [id=34948]
  0x000001a8e379fc80 WorkerThread "G1 Conc#2" [stack: 0x0000006bf4100000,0x0000006bf4200000] [id=41716]
  0x000001a8e3396d10 WorkerThread "G1 Conc#3" [stack: 0x0000006bf4200000,0x0000006bf4300000] [id=52648]
  0x000001a8e33967d0 WorkerThread "G1 Conc#4" [stack: 0x0000006bf4300000,0x0000006bf4400000] [id=43348]
  0x000001a8e3397250 WorkerThread "G1 Conc#5" [stack: 0x0000006bf4400000,0x0000006bf4500000] [id=53040]
  0x000001a8eb7e9d60 ConcurrentGCThread "G1 Refine#0" [stack: 0x0000006bf0a00000,0x0000006bf0b00000] [id=50644]
  0x000001a8eba58c10 ConcurrentGCThread "G1 Service" [stack: 0x0000006bf0b00000,0x0000006bf0c00000] [id=22700]

Threads with active compile tasks:

VM state: not at safepoint (normal execution)

VM Mutex/Monitor currently owned by a thread: None

Heap address: 0x00000000a0000000, size: 30208 MB, Compressed Oops mode: Zero based, Oop shift amount: 3

CDS archive(s) mapped at: [0x0000000800000000-0x0000000800ba0000-0x0000000800ba0000), size 12189696, SharedBaseAddress: 0x0000000800000000, ArchiveRelocationMode: 0.
Compressed class space mapped at: 0x0000000800c00000-0x0000000840c00000, reserved size: 1073741824
Narrow klass base: 0x0000000800000000, Narrow klass shift: 0, Narrow klass range: 0x100000000

GC Precious Log:
 CardTable entry size: 512
 Card Set container configuration: InlinePtr #cards 3 size 8 Array Of Cards #cards 128 size 272 Howl #buckets 8 coarsen threshold 29491 Howl Bitmap #cards 4096 size 528 coarsen threshold 3686 Card regions per heap region 1 cards per card region 32768
 CPUs: 32 total, 32 available
 Memory: 127G
 Large Page Support: Disabled
 NUMA Support: Disabled
 Compressed Oops: Enabled (Zero based)
 Heap Region Size: 16M
 Heap Min Capacity: 16M
 Heap Initial Capacity: 2G
 Heap Max Capacity: 30208M
 Pre-touch: Disabled
 Parallel Workers: 23
 Concurrent Workers: 6
 Concurrent Refinement Workers: 23
 Periodic GC: Disabled

Heap:
 garbage-first heap   total 1130496K, used 227449K [0x00000000a0000000, 0x0000000800000000)
  region size 16384K, 15 young (245760K), 1 survivors (16384K)
 Metaspace       used 24201K, committed 24512K, reserved 1114112K
  class space    used 2549K, committed 2688K, reserved 1048576K

Heap Regions: E=young(eden), S=young(survivor), O=old, HS=humongous(starts), HC=humongous(continues), CS=collection set, F=free, OA=open archive, CA=closed archive, TAMS=top-at-mark-start (previous, next)
|   0|0x00000000a0000000, 0x00000000a0cd1200, 0x00000000a1000000| 80%| O|  |TAMS 0x00000000a0000000, 0x00000000a0000000| Untracked 
|   1|0x00000000a1000000, 0x00000000a1000000, 0x00000000a2000000|  0%| F|  |TAMS 0x00000000a1000000, 0x00000000a1000000| Untracked 
|   2|0x00000000a2000000, 0x00000000a2000000, 0x00000000a3000000|  0%| F|  |TAMS 0x00000000a2000000, 0x00000000a2000000| Untracked 
|   3|0x00000000a3000000, 0x00000000a3000000, 0x00000000a4000000|  0%| F|  |TAMS 0x00000000a3000000, 0x00000000a3000000| Untracked 
|   4|0x00000000a4000000, 0x00000000a4000000, 0x00000000a5000000|  0%| F|  |TAMS 0x00000000a4000000, 0x00000000a4000000| Untracked 
|   5|0x00000000a5000000, 0x00000000a5000000, 0x00000000a6000000|  0%| F|  |TAMS 0x00000000a5000000, 0x00000000a5000000| Untracked 
|   6|0x00000000a6000000, 0x00000000a6000000, 0x00000000a7000000|  0%| F|  |TAMS 0x00000000a6000000, 0x00000000a6000000| Untracked 
|   7|0x00000000a7000000, 0x00000000a7000000, 0x00000000a8000000|  0%| F|  |TAMS 0x00000000a7000000, 0x00000000a7000000| Untracked 
|   8|0x00000000a8000000, 0x00000000a8000000, 0x00000000a9000000|  0%| F|  |TAMS 0x00000000a8000000, 0x00000000a8000000| Untracked 
|   9|0x00000000a9000000, 0x00000000a9000000, 0x00000000aa000000|  0%| F|  |TAMS 0x00000000a9000000, 0x00000000a9000000| Untracked 
|  10|0x00000000aa000000, 0x00000000aa000000, 0x00000000ab000000|  0%| F|  |TAMS 0x00000000aa000000, 0x00000000aa000000| Untracked 
|  11|0x00000000ab000000, 0x00000000ab000000, 0x00000000ac000000|  0%| F|  |TAMS 0x00000000ab000000, 0x00000000ab000000| Untracked 
|  12|0x00000000ac000000, 0x00000000ac000000, 0x00000000ad000000|  0%| F|  |TAMS 0x00000000ac000000, 0x00000000ac000000| Untracked 
|  13|0x00000000ad000000, 0x00000000ad000000, 0x00000000ae000000|  0%| F|  |TAMS 0x00000000ad000000, 0x00000000ad000000| Untracked 
|  14|0x00000000ae000000, 0x00000000ae000000, 0x00000000af000000|  0%| F|  |TAMS 0x00000000ae000000, 0x00000000ae000000| Untracked 
|  15|0x00000000af000000, 0x00000000af000000, 0x00000000b0000000|  0%| F|  |TAMS 0x00000000af000000, 0x00000000af000000| Untracked 
|  16|0x00000000b0000000, 0x00000000b0000000, 0x00000000b1000000|  0%| F|  |TAMS 0x00000000b0000000, 0x00000000b0000000| Untracked 
|  17|0x00000000b1000000, 0x00000000b1000000, 0x00000000b2000000|  0%| F|  |TAMS 0x00000000b1000000, 0x00000000b1000000| Untracked 
|  18|0x00000000b2000000, 0x00000000b2000000, 0x00000000b3000000|  0%| F|  |TAMS 0x00000000b2000000, 0x00000000b2000000| Untracked 
|  19|0x00000000b3000000, 0x00000000b3000000, 0x00000000b4000000|  0%| F|  |TAMS 0x00000000b3000000, 0x00000000b3000000| Untracked 
|  20|0x00000000b4000000, 0x00000000b4000000, 0x00000000b5000000|  0%| F|  |TAMS 0x00000000b4000000, 0x00000000b4000000| Untracked 
|  21|0x00000000b5000000, 0x00000000b5000000, 0x00000000b6000000|  0%| F|  |TAMS 0x00000000b5000000, 0x00000000b5000000| Untracked 
|  22|0x00000000b6000000, 0x00000000b6000000, 0x00000000b7000000|  0%| F|  |TAMS 0x00000000b6000000, 0x00000000b6000000| Untracked 
|  23|0x00000000b7000000, 0x00000000b7000000, 0x00000000b8000000|  0%| F|  |TAMS 0x00000000b7000000, 0x00000000b7000000| Untracked 
|  24|0x00000000b8000000, 0x00000000b8000000, 0x00000000b9000000|  0%| F|  |TAMS 0x00000000b8000000, 0x00000000b8000000| Untracked 
|  25|0x00000000b9000000, 0x00000000b9000000, 0x00000000ba000000|  0%| F|  |TAMS 0x00000000b9000000, 0x00000000b9000000| Untracked 
|  26|0x00000000ba000000, 0x00000000ba000000, 0x00000000bb000000|  0%| F|  |TAMS 0x00000000ba000000, 0x00000000ba000000| Untracked 
|  27|0x00000000bb000000, 0x00000000bb000000, 0x00000000bc000000|  0%| F|  |TAMS 0x00000000bb000000, 0x00000000bb000000| Untracked 
|  28|0x00000000bc000000, 0x00000000bc14d230, 0x00000000bd000000|  8%| S|CS|TAMS 0x00000000bc000000, 0x00000000bc000000| Complete 
|  29|0x00000000bd000000, 0x00000000bd000000, 0x00000000be000000|  0%| F|  |TAMS 0x00000000bd000000, 0x00000000bd000000| Untracked 
|  30|0x00000000be000000, 0x00000000be000000, 0x00000000bf000000|  0%| F|  |TAMS 0x00000000be000000, 0x00000000be000000| Untracked 
|  31|0x00000000bf000000, 0x00000000bf000000, 0x00000000c0000000|  0%| F|  |TAMS 0x00000000bf000000, 0x00000000bf000000| Untracked 
|  32|0x00000000c0000000, 0x00000000c0000000, 0x00000000c1000000|  0%| F|  |TAMS 0x00000000c0000000, 0x00000000c0000000| Untracked 
|  33|0x00000000c1000000, 0x00000000c1000000, 0x00000000c2000000|  0%| F|  |TAMS 0x00000000c1000000, 0x00000000c1000000| Untracked 
|  34|0x00000000c2000000, 0x00000000c2000000, 0x00000000c3000000|  0%| F|  |TAMS 0x00000000c2000000, 0x00000000c2000000| Untracked 
|  35|0x00000000c3000000, 0x00000000c3000000, 0x00000000c4000000|  0%| F|  |TAMS 0x00000000c3000000, 0x00000000c3000000| Untracked 
|  36|0x00000000c4000000, 0x00000000c4000000, 0x00000000c5000000|  0%| F|  |TAMS 0x00000000c4000000, 0x00000000c4000000| Untracked 
|  37|0x00000000c5000000, 0x00000000c5000000, 0x00000000c6000000|  0%| F|  |TAMS 0x00000000c5000000, 0x00000000c5000000| Untracked 
|  38|0x00000000c6000000, 0x00000000c6000000, 0x00000000c7000000|  0%| F|  |TAMS 0x00000000c6000000, 0x00000000c6000000| Untracked 
|  39|0x00000000c7000000, 0x00000000c7000000, 0x00000000c8000000|  0%| F|  |TAMS 0x00000000c7000000, 0x00000000c7000000| Untracked 
|  40|0x00000000c8000000, 0x00000000c8000000, 0x00000000c9000000|  0%| F|  |TAMS 0x00000000c8000000, 0x00000000c8000000| Untracked 
|  41|0x00000000c9000000, 0x00000000c9000000, 0x00000000ca000000|  0%| F|  |TAMS 0x00000000c9000000, 0x00000000c9000000| Untracked 
|  42|0x00000000ca000000, 0x00000000ca000000, 0x00000000cb000000|  0%| F|  |TAMS 0x00000000ca000000, 0x00000000ca000000| Untracked 
|  43|0x00000000cb000000, 0x00000000cb000000, 0x00000000cc000000|  0%| F|  |TAMS 0x00000000cb000000, 0x00000000cb000000| Untracked 
|  44|0x00000000cc000000, 0x00000000cc000000, 0x00000000cd000000|  0%| F|  |TAMS 0x00000000cc000000, 0x00000000cc000000| Untracked 
|  45|0x00000000cd000000, 0x00000000cd000000, 0x00000000ce000000|  0%| F|  |TAMS 0x00000000cd000000, 0x00000000cd000000| Untracked 
|  46|0x00000000ce000000, 0x00000000ce000000, 0x00000000cf000000|  0%| F|  |TAMS 0x00000000ce000000, 0x00000000ce000000| Untracked 
|  47|0x00000000cf000000, 0x00000000cf000000, 0x00000000d0000000|  0%| F|  |TAMS 0x00000000cf000000, 0x00000000cf000000| Untracked 
|  48|0x00000000d0000000, 0x00000000d0000000, 0x00000000d1000000|  0%| F|  |TAMS 0x00000000d0000000, 0x00000000d0000000| Untracked 
|  49|0x00000000d1000000, 0x00000000d1000000, 0x00000000d2000000|  0%| F|  |TAMS 0x00000000d1000000, 0x00000000d1000000| Untracked 
|  50|0x00000000d2000000, 0x00000000d2000000, 0x00000000d3000000|  0%| F|  |TAMS 0x00000000d2000000, 0x00000000d2000000| Untracked 
|  51|0x00000000d3000000, 0x00000000d3000000, 0x00000000d4000000|  0%| F|  |TAMS 0x00000000d3000000, 0x00000000d3000000| Untracked 
|  52|0x00000000d4000000, 0x00000000d4000000, 0x00000000d5000000|  0%| F|  |TAMS 0x00000000d4000000, 0x00000000d4000000| Untracked 
|  53|0x00000000d5000000, 0x00000000d5000000, 0x00000000d6000000|  0%| F|  |TAMS 0x00000000d5000000, 0x00000000d5000000| Untracked 
|  54|0x00000000d6000000, 0x00000000d6000000, 0x00000000d7000000|  0%| F|  |TAMS 0x00000000d6000000, 0x00000000d6000000| Untracked 
|  55|0x00000000d7000000, 0x00000000d7000800, 0x00000000d8000000|  0%| E|  |TAMS 0x00000000d7000000, 0x00000000d7000000| Complete 
|  56|0x00000000d8000000, 0x00000000d9000000, 0x00000000d9000000|100%| E|CS|TAMS 0x00000000d8000000, 0x00000000d8000000| Complete 
|  57|0x00000000d9000000, 0x00000000da000000, 0x00000000da000000|100%| E|CS|TAMS 0x00000000d9000000, 0x00000000d9000000| Complete 
|  58|0x00000000da000000, 0x00000000db000000, 0x00000000db000000|100%| E|CS|TAMS 0x00000000da000000, 0x00000000da000000| Complete 
|  59|0x00000000db000000, 0x00000000dc000000, 0x00000000dc000000|100%| E|CS|TAMS 0x00000000db000000, 0x00000000db000000| Complete 
|  60|0x00000000dc000000, 0x00000000dd000000, 0x00000000dd000000|100%| E|CS|TAMS 0x00000000dc000000, 0x00000000dc000000| Complete 
|  61|0x00000000dd000000, 0x00000000de000000, 0x00000000de000000|100%| E|CS|TAMS 0x00000000dd000000, 0x00000000dd000000| Complete 
|  62|0x00000000de000000, 0x00000000df000000, 0x00000000df000000|100%| E|CS|TAMS 0x00000000de000000, 0x00000000de000000| Complete 
|  63|0x00000000df000000, 0x00000000e0000000, 0x00000000e0000000|100%| E|CS|TAMS 0x00000000df000000, 0x00000000df000000| Complete 
|  64|0x00000000e0000000, 0x00000000e1000000, 0x00000000e1000000|100%| E|CS|TAMS 0x00000000e0000000, 0x00000000e0000000| Complete 
|  65|0x00000000e1000000, 0x00000000e2000000, 0x00000000e2000000|100%| E|CS|TAMS 0x00000000e1000000, 0x00000000e1000000| Complete 
|  66|0x00000000e2000000, 0x00000000e3000000, 0x00000000e3000000|100%| E|CS|TAMS 0x00000000e2000000, 0x00000000e2000000| Complete 
| 103|0x0000000107000000, 0x0000000108000000, 0x0000000108000000|100%| E|CS|TAMS 0x0000000107000000, 0x0000000107000000| Complete 
| 127|0x000000011f000000, 0x0000000120000000, 0x0000000120000000|100%| E|CS|TAMS 0x000000011f000000, 0x000000011f000000| Complete 

Card table byte_map: [0x000001a8f8f50000,0x000001a8fca50000] _byte_map_base: 0x000001a8f8a50000

Marking Bits (Prev, Next): (CMBitMap*) 0x000001a8eb96bf50, (CMBitMap*) 0x000001a8eb96bf10
 Prev Bits: [0x000001a8b0300000, 0x000001a8cdb00000)
 Next Bits: [0x000001a892b00000, 0x000001a8b0300000)

Polling page: 0x000001a8e8610000

Metaspace:

Usage:
  Non-class:     21.14 MB used.
      Class:      2.49 MB used.
       Both:     23.63 MB used.

Virtual space:
  Non-class space:       64.00 MB reserved,      21.31 MB ( 33%) committed,  1 nodes.
      Class space:        1.00 GB reserved,       2.62 MB ( <1%) committed,  1 nodes.
             Both:        1.06 GB reserved,      23.94 MB (  2%) committed. 

Chunk freelists:
   Non-Class:  2.44 MB
       Class:  1.33 MB
        Both:  3.77 MB

MaxMetaspaceSize: unlimited
CompressedClassSpaceSize: 1.00 GB
Initial GC threshold: 21.00 MB
Current GC threshold: 35.12 MB
CDS: on
MetaspaceReclaimPolicy: balanced
 - commit_granule_bytes: 65536.
 - commit_granule_words: 8192.
 - virtual_space_node_default_size: 8388608.
 - enlarge_chunks_in_place: 1.
 - new_chunks_are_fully_committed: 0.
 - uncommit_free_chunks: 1.
 - use_allocation_guard: 0.


Internal statistics:

num_allocs_failed_limit: 3.
num_arena_births: 342.
num_arena_deaths: 0.
num_vsnodes_births: 2.
num_vsnodes_deaths: 0.
num_space_committed: 381.
num_space_uncommitted: 0.
num_chunks_returned_to_freelist: 3.
num_chunks_taken_from_freelist: 1078.
num_chunk_merges: 3.
num_chunk_splits: 753.
num_chunks_enlarged: 576.
num_inconsistent_stats: 0.

CodeHeap 'non-profiled nmethods': size=118848Kb used=3009Kb max_used=3009Kb free=115838Kb
 bounds [0x000001a887bf0000, 0x000001a887ef0000, 0x000001a88f000000]
CodeHeap 'profiled nmethods': size=118848Kb used=6923Kb max_used=6923Kb free=111924Kb
 bounds [0x000001a8807e0000, 0x000001a880eb0000, 0x000001a887bf0000]
CodeHeap 'non-nmethods': size=8064Kb used=1872Kb max_used=4042Kb free=6191Kb
 bounds [0x000001a880000000, 0x000001a880400000, 0x000001a8807e0000]
 total_blobs=5340 nmethods=3973 adapters=1279
 compilation: enabled
              stopped_count=0, restarted_count=0
 full_count=0

Compilation events (20 events):
Event: 4.044 Thread 0x000001a8ebbe04b0 3963       3       com.engineersbox.quanta.resources.assets.shader.Uniforms::getUniformLocation (54 bytes)
Event: 4.044 Thread 0x000001a8ebbdf400 3964       4       java.util.HashMap::putVal (300 bytes)
Event: 4.044 Thread 0x000001a8ebbe04b0 nmethod 3963 0x000001a880ea0010 code [0x000001a880ea02e0, 0x000001a880ea1468]
Event: 4.044 Thread 0x000001a8ebbe04b0 3968       3       org.joml.Matrix4f::mul (139 bytes)
Event: 4.044 Thread 0x000001a8ebd5f1f0 3969       4       org.lwjgl.system.MemoryUtil::memAddress0 (11 bytes)
Event: 4.044 Thread 0x000001a8ebbe04b0 nmethod 3968 0x000001a880ea1a10 code [0x000001a880ea1c80, 0x000001a880ea23e8]
Event: 4.044 Thread 0x000001a8ebbe04b0 3965       1       org.joml.Vector3f::x (5 bytes)
Event: 4.044 Thread 0x000001a8ebbe04b0 nmethod 3965 0x000001a887edde10 code [0x000001a887eddfa0, 0x000001a887ede078]
Event: 4.044 Thread 0x000001a8ebbe04b0 3966       1       org.joml.Vector3f::y (5 bytes)
Event: 4.044 Thread 0x000001a8ebbe04b0 nmethod 3966 0x000001a887ede110 code [0x000001a887ede2a0, 0x000001a887ede378]
Event: 4.044 Thread 0x000001a8ebbe04b0 3967       1       org.joml.Vector3f::z (5 bytes)
Event: 4.044 Thread 0x000001a8ebd5f1f0 nmethod 3969 0x000001a887ede410 code [0x000001a887ede580, 0x000001a887ede5d8]
Event: 4.044 Thread 0x000001a8ebbe04b0 nmethod 3967 0x000001a887ede710 code [0x000001a887ede8a0, 0x000001a887ede978]
Event: 4.049 Thread 0x000001a8ebbdf400 nmethod 3964 0x000001a887edea10 code [0x000001a887edec40, 0x000001a887edf720]
Event: 4.088 Thread 0x000001a8ebbe04b0 3970       3       org.lwjgl.opengl.GL20::glUniform1i (6 bytes)
Event: 4.088 Thread 0x000001a8ebbe04b0 nmethod 3970 0x000001a880ea2610 code [0x000001a880ea27a0, 0x000001a880ea28a8]
Event: 4.088 Thread 0x000001a8ebbe04b0 3972       3       com.engineersbox.quanta.resources.assets.shader.Uniforms::setUniform (10 bytes)
Event: 4.088 Thread 0x000001a8ebbe04b0 nmethod 3972 0x000001a880ea2990 code [0x000001a880ea2b40, 0x000001a880ea2d18]
Event: 4.088 Thread 0x000001a8ebbdf400 3973       4       java.lang.String::valueOf (15 bytes)
Event: 4.088 Thread 0x000001a8ebbdf400 nmethod 3973 0x000001a887ee0190 code [0x000001a887ee0320, 0x000001a887ee03b8]

GC Heap History (20 events):
Event: 0.914 GC heap before
{Heap before GC invocations=1 (full 0):
 garbage-first heap   total 2097152K, used 89036K [0x00000000a0000000, 0x0000000800000000)
  region size 16384K, 6 young (98304K), 1 survivors (16384K)
 Metaspace       used 14014K, committed 14272K, reserved 1114112K
  class space    used 1423K, committed 1536K, reserved 1048576K
}
Event: 0.917 GC heap after
{Heap after GC invocations=2 (full 0):
 garbage-first heap   total 2097152K, used 7673K [0x00000000a0000000, 0x0000000800000000)
  region size 16384K, 1 young (16384K), 1 survivors (16384K)
 Metaspace       used 14014K, committed 14272K, reserved 1114112K
  class space    used 1423K, committed 1536K, reserved 1048576K
}
Event: 1.043 GC heap before
{Heap before GC invocations=2 (full 0):
 garbage-first heap   total 2097152K, used 122361K [0x00000000a0000000, 0x0000000800000000)
  region size 16384K, 8 young (131072K), 1 survivors (16384K)
 Metaspace       used 14016K, committed 14272K, reserved 1114112K
  class space    used 1423K, committed 1536K, reserved 1048576K
}
Event: 1.047 GC heap after
{Heap after GC invocations=3 (full 0):
 garbage-first heap   total 2097152K, used 8487K [0x00000000a0000000, 0x0000000800000000)
  region size 16384K, 1 young (16384K), 1 survivors (16384K)
 Metaspace       used 14016K, committed 14272K, reserved 1114112K
  class space    used 1423K, committed 1536K, reserved 1048576K
}
Event: 1.817 GC heap before
{Heap before GC invocations=3 (full 0):
 garbage-first heap   total 2097152K, used 368935K [0x00000000a0000000, 0x0000000800000000)
  region size 16384K, 24 young (393216K), 1 survivors (16384K)
 Metaspace       used 21290K, committed 21504K, reserved 1114112K
  class space    used 2267K, committed 2368K, reserved 1048576K
}
Event: 1.821 GC heap after
{Heap after GC invocations=4 (full 0):
 garbage-first heap   total 2097152K, used 11123K [0x00000000a0000000, 0x0000000800000000)
  region size 16384K, 1 young (16384K), 1 survivors (16384K)
 Metaspace       used 21290K, committed 21504K, reserved 1114112K
  class space    used 2267K, committed 2368K, reserved 1048576K
}
Event: 2.942 GC heap before
{Heap before GC invocations=5 (full 0):
 garbage-first heap   total 114688K, used 109427K [0x00000000a0000000, 0x0000000800000000)
  region size 16384K, 7 young (114688K), 1 survivors (16384K)
 Metaspace       used 23080K, committed 23424K, reserved 1114112K
  class space    used 2439K, committed 2624K, reserved 1048576K
}
Event: 2.948 GC heap after
{Heap after GC invocations=6 (full 0):
 garbage-first heap   total 147456K, used 19296K [0x00000000a0000000, 0x0000000800000000)
  region size 16384K, 2 young (32768K), 2 survivors (32768K)
 Metaspace       used 23080K, committed 23424K, reserved 1114112K
  class space    used 2439K, committed 2624K, reserved 1048576K
}
Event: 2.967 GC heap before
{Heap before GC invocations=6 (full 0):
 garbage-first heap   total 147456K, used 68448K [0x00000000a0000000, 0x0000000800000000)
  region size 16384K, 5 young (81920K), 2 survivors (32768K)
 Metaspace       used 23080K, committed 23424K, reserved 1114112K
  class space    used 2439K, committed 2624K, reserved 1048576K
}
Event: 2.972 GC heap after
{Heap after GC invocations=7 (full 0):
 garbage-first heap   total 147456K, used 28370K [0x00000000a0000000, 0x0000000800000000)
  region size 16384K, 1 young (16384K), 1 survivors (16384K)
 Metaspace       used 23080K, committed 23424K, reserved 1114112K
  class space    used 2439K, committed 2624K, reserved 1048576K
}
Event: 3.144 GC heap before
{Heap before GC invocations=7 (full 0):
 garbage-first heap   total 147456K, used 93906K [0x00000000a0000000, 0x0000000800000000)
  region size 16384K, 5 young (81920K), 1 survivors (16384K)
 Metaspace       used 23738K, committed 24064K, reserved 1114112K
  class space    used 2514K, committed 2688K, reserved 1048576K
}
Event: 3.145 GC heap after
{Heap after GC invocations=8 (full 0):
 garbage-first heap   total 147456K, used 14247K [0x00000000a0000000, 0x0000000800000000)
  region size 16384K, 1 young (16384K), 1 survivors (16384K)
 Metaspace       used 23738K, committed 24064K, reserved 1114112K
  class space    used 2514K, committed 2688K, reserved 1048576K
}
Event: 3.199 GC heap before
{Heap before GC invocations=8 (full 0):
 garbage-first heap   total 147456K, used 79783K [0x00000000a0000000, 0x0000000800000000)
  region size 16384K, 5 young (81920K), 1 survivors (16384K)
 Metaspace       used 23743K, committed 24064K, reserved 1114112K
  class space    used 2514K, committed 2688K, reserved 1048576K
}
Event: 3.199 GC heap after
{Heap after GC invocations=9 (full 0):
 garbage-first heap   total 147456K, used 13438K [0x00000000a0000000, 0x0000000800000000)
  region size 16384K, 1 young (16384K), 1 survivors (16384K)
 Metaspace       used 23743K, committed 24064K, reserved 1114112K
  class space    used 2514K, committed 2688K, reserved 1048576K
}
Event: 3.241 GC heap before
{Heap before GC invocations=9 (full 0):
 garbage-first heap   total 147456K, used 78974K [0x00000000a0000000, 0x0000000800000000)
  region size 16384K, 5 young (81920K), 1 survivors (16384K)
 Metaspace       used 23750K, committed 24128K, reserved 1114112K
  class space    used 2514K, committed 2688K, reserved 1048576K
}
Event: 3.242 GC heap after
{Heap after GC invocations=10 (full 0):
 garbage-first heap   total 147456K, used 13600K [0x00000000a0000000, 0x0000000800000000)
  region size 16384K, 1 young (16384K), 1 survivors (16384K)
 Metaspace       used 23750K, committed 24128K, reserved 1114112K
  class space    used 2514K, committed 2688K, reserved 1048576K
}
Event: 3.288 GC heap before
{Heap before GC invocations=10 (full 0):
 garbage-first heap   total 147456K, used 79136K [0x00000000a0000000, 0x0000000800000000)
  region size 16384K, 5 young (81920K), 1 survivors (16384K)
 Metaspace       used 23750K, committed 24128K, reserved 1114112K
  class space    used 2514K, committed 2688K, reserved 1048576K
}
Event: 3.290 GC heap after
{Heap after GC invocations=11 (full 0):
 garbage-first heap   total 1130496K, used 13410K [0x00000000a0000000, 0x0000000800000000)
  region size 16384K, 1 young (16384K), 1 survivors (16384K)
 Metaspace       used 23750K, committed 24128K, reserved 1114112K
  class space    used 2514K, committed 2688K, reserved 1048576K
}
Event: 3.891 GC heap before
{Heap before GC invocations=11 (full 0):
 garbage-first heap   total 1130496K, used 668770K [0x00000000a0000000, 0x0000000800000000)
  region size 16384K, 41 young (671744K), 1 survivors (16384K)
 Metaspace       used 23751K, committed 24128K, reserved 1114112K
  class space    used 2514K, committed 2688K, reserved 1048576K
}
Event: 3.893 GC heap after
{Heap after GC invocations=12 (full 0):
 garbage-first heap   total 1130496K, used 14457K [0x00000000a0000000, 0x0000000800000000)
  region size 16384K, 1 young (16384K), 1 survivors (16384K)
 Metaspace       used 23751K, committed 24128K, reserved 1114112K
  class space    used 2514K, committed 2688K, reserved 1048576K
}

Deoptimization events (20 events):
Event: 4.030 Thread 0x000001a8eb7ad6f0 Uncommon trap: trap_request=0xffffffde fr.pc=0x000001a887e83354 relative=0x00000000000007d4
Event: 4.031 Thread 0x000001a8eb7ad6f0 Uncommon trap: reason=class_check action=maybe_recompile pc=0x000001a887e83354 method=java.lang.String.join(Ljava/lang/CharSequence;Ljava/lang/Iterable;)Ljava/lang/String; @ 27 c2
Event: 4.031 Thread 0x000001a8eb7ad6f0 DEOPT PACKING pc=0x000001a887e83354 sp=0x0000006bf02fdeb0
Event: 4.031 Thread 0x000001a8eb7ad6f0 DEOPT UNPACKING pc=0x000001a8800523a3 sp=0x0000006bf02fde78 mode 2
Event: 4.031 Thread 0x000001a8eb7ad6f0 Uncommon trap: trap_request=0xffffff66 fr.pc=0x000001a887e63b04 relative=0x0000000000000264
Event: 4.031 Thread 0x000001a8eb7ad6f0 Uncommon trap: reason=speculate_class_check action=maybe_recompile pc=0x000001a887e63b04 method=java.util.ArrayList.<init>(Ljava/util/Collection;)V @ 29 c2
Event: 4.031 Thread 0x000001a8eb7ad6f0 DEOPT PACKING pc=0x000001a887e63b04 sp=0x0000006bf02fe070
Event: 4.031 Thread 0x000001a8eb7ad6f0 DEOPT UNPACKING pc=0x000001a8800523a3 sp=0x0000006bf02fe020 mode 2
Event: 4.034 Thread 0x000001a8eb7ad6f0 Uncommon trap: trap_request=0xffffffde fr.pc=0x000001a887e83354 relative=0x00000000000007d4
Event: 4.034 Thread 0x000001a8eb7ad6f0 Uncommon trap: reason=class_check action=maybe_recompile pc=0x000001a887e83354 method=java.lang.String.join(Ljava/lang/CharSequence;Ljava/lang/Iterable;)Ljava/lang/String; @ 27 c2
Event: 4.034 Thread 0x000001a8eb7ad6f0 DEOPT PACKING pc=0x000001a887e83354 sp=0x0000006bf02fdf10
Event: 4.034 Thread 0x000001a8eb7ad6f0 DEOPT UNPACKING pc=0x000001a8800523a3 sp=0x0000006bf02fded8 mode 2
Event: 4.035 Thread 0x000001a8eb7ad6f0 Uncommon trap: trap_request=0xffffff66 fr.pc=0x000001a887e63b04 relative=0x0000000000000264
Event: 4.035 Thread 0x000001a8eb7ad6f0 Uncommon trap: reason=speculate_class_check action=maybe_recompile pc=0x000001a887e63b04 method=java.util.ArrayList.<init>(Ljava/util/Collection;)V @ 29 c2
Event: 4.035 Thread 0x000001a8eb7ad6f0 DEOPT PACKING pc=0x000001a887e63b04 sp=0x0000006bf02fe0d0
Event: 4.035 Thread 0x000001a8eb7ad6f0 DEOPT UNPACKING pc=0x000001a8800523a3 sp=0x0000006bf02fe080 mode 2
Event: 4.044 Thread 0x000001a8eb7ad6f0 Uncommon trap: trap_request=0xffffff45 fr.pc=0x000001a887dfe9f0 relative=0x0000000000000130
Event: 4.044 Thread 0x000001a8eb7ad6f0 Uncommon trap: reason=unstable_if action=reinterpret pc=0x000001a887dfe9f0 method=org.joml.Matrix4f.mul(Lorg/joml/Matrix4fc;Lorg/joml/Matrix4f;)Lorg/joml/Matrix4f; @ 66 c2
Event: 4.044 Thread 0x000001a8eb7ad6f0 DEOPT PACKING pc=0x000001a887dfe9f0 sp=0x0000006bf02fe890
Event: 4.044 Thread 0x000001a8eb7ad6f0 DEOPT UNPACKING pc=0x000001a8800523a3 sp=0x0000006bf02fe828 mode 2

Classes loaded (20 events):
Event: 4.033 Loading class java/util/stream/MatchOps$1MatchSink
Event: 4.033 Loading class java/util/stream/MatchOps$1MatchSink done
Event: 4.033 Loading class java/lang/invoke/VarHandleBooleans$FieldInstanceReadWrite
Event: 4.033 Loading class java/lang/invoke/VarHandleBooleans$FieldInstanceReadOnly
Event: 4.033 Loading class java/lang/invoke/VarHandleBooleans$FieldInstanceReadOnly done
Event: 4.033 Loading class java/lang/invoke/VarHandleBooleans$FieldInstanceReadWrite done
Event: 4.034 Loading class java/lang/invoke/VarHandleBooleans$FieldStaticReadWrite
Event: 4.034 Loading class java/lang/invoke/VarHandleBooleans$FieldStaticReadOnly
Event: 4.034 Loading class java/lang/invoke/VarHandleBooleans$FieldStaticReadOnly done
Event: 4.034 Loading class java/lang/invoke/VarHandleBooleans$FieldStaticReadWrite done
Event: 4.034 Loading class java/lang/invoke/VarHandleFloats$FieldStaticReadWrite
Event: 4.034 Loading class java/lang/invoke/VarHandleFloats$FieldStaticReadOnly
Event: 4.034 Loading class java/lang/invoke/VarHandleFloats$FieldStaticReadOnly done
Event: 4.034 Loading class java/lang/invoke/VarHandleFloats$FieldStaticReadWrite done
Event: 4.034 Loading class java/lang/invoke/VarHandleReferences$FieldStaticReadWrite
Event: 4.034 Loading class java/lang/invoke/VarHandleReferences$FieldStaticReadOnly
Event: 4.034 Loading class java/lang/invoke/VarHandleReferences$FieldStaticReadOnly done
Event: 4.034 Loading class java/lang/invoke/VarHandleReferences$FieldStaticReadWrite done
Event: 4.036 Loading class java/util/Vector$1
Event: 4.036 Loading class java/util/Vector$1 done

Classes unloaded (0 events):
No events

Classes redefined (0 events):
No events

Internal exceptions (20 events):
Event: 1.768 Thread 0x000001a8eb7ad6f0 Exception <a 'sun/nio/fs/WindowsException'{0x00000001089858f8}> (0x00000001089858f8) 
thrown [s\open\src\hotspot\share\prims\jni.cpp, line 516]
Event: 1.774 Thread 0x000001a8eb7ad6f0 Exception <a 'java/lang/NoSuchMethodError'{0x000000010899ff70}: 'void java.lang.invoke.DirectMethodHandle$Holder.invokeSpecial(java.lang.Object, java.lang.Object, int)'> (0x000000010899ff70) 
thrown [s\open\src\hotspot\share\interpreter\linkResolver.cpp, line 759]
Event: 1.807 Thread 0x000001a8eb7ad6f0 Exception <a 'sun/nio/fs/WindowsException'{0x0000000108a51c00}> (0x0000000108a51c00) 
thrown [s\open\src\hotspot\share\prims\jni.cpp, line 516]
Event: 1.807 Thread 0x000001a8eb7ad6f0 Exception <a 'sun/nio/fs/WindowsException'{0x0000000108a51fc0}> (0x0000000108a51fc0) 
thrown [s\open\src\hotspot\share\prims\jni.cpp, line 516]
Event: 1.887 Thread 0x000001a8eb7ad6f0 Exception <a 'java/lang/NoSuchMethodError'{0x00000000a4a002b8}: 'void java.lang.invoke.DirectMethodHandle$Holder.invokeStatic(java.lang.Object, long)'> (0x00000000a4a002b8) 
thrown [s\open\src\hotspot\share\interpreter\linkResolver.cpp, line 759]
Event: 1.912 Thread 0x000001a8eb7ad6f0 Exception <a 'java/lang/NoSuchMethodError'{0x00000000a4a945a8}: 'double java.lang.invoke.DirectMethodHandle$Holder.invokeStaticInit(java.lang.Object, double, double)'> (0x00000000a4a945a8) 
thrown [s\open\src\hotspot\share\interpreter\linkResolver.cpp, line 759]
Event: 1.913 Thread 0x000001a8eb7ad6f0 Exception <a 'java/lang/NoSuchMethodError'{0x00000000a4a9df60}: 'double java.lang.invoke.DirectMethodHandle$Holder.invokeStaticInit(java.lang.Object, double, double, double)'> (0x00000000a4a9df60) 
thrown [s\open\src\hotspot\share\interpreter\linkResolver.cpp, line 759]
Event: 1.913 Thread 0x000001a8eb7ad6f0 Exception <a 'java/lang/NoSuchMethodError'{0x00000000a4aa45d8}: 'double java.lang.invoke.DirectMethodHandle$Holder.invokeStatic(java.lang.Object, java.lang.Object)'> (0x00000000a4aa45d8) 
thrown [s\open\src\hotspot\share\interpreter\linkResolver.cpp, line 759]
Event: 1.913 Thread 0x000001a8eb7ad6f0 Exception <a 'java/lang/NoSuchMethodError'{0x00000000a4aa7c40}: 'double java.lang.invoke.DirectMethodHandle$Holder.invokeStaticInit(java.lang.Object, java.lang.Object)'> (0x00000000a4aa7c40) 
thrown [s\open\src\hotspot\share\interpreter\linkResolver.cpp, line 759]
Event: 3.000 Thread 0x000001a8eb7ad6f0 Exception <a 'java/lang/NoSuchMethodError'{0x0000000107764590}: 'int java.lang.invoke.DirectMethodHandle$Holder.invokeVirtual(java.lang.Object, java.lang.Object)'> (0x0000000107764590) 
thrown [s\open\src\hotspot\share\interpreter\linkResolver.cpp, line 759]
Event: 3.000 Thread 0x000001a8eb7ad6f0 Exception <a 'java/lang/NoSuchMethodError'{0x000000010776a5b0}: 'int java.lang.invoke.DirectMethodHandle$Holder.invokeSpecialIFC(java.lang.Object, java.lang.Object, java.lang.Object)'> (0x000000010776a5b0) 
thrown [s\open\src\hotspot\share\interpreter\linkResolver.cpp, line 759]
Event: 3.046 Thread 0x000001a8eb7ad6f0 Exception <a 'java/lang/NoSuchMethodError'{0x00000000a54b51d0}: 'void java.lang.invoke.DirectMethodHandle$Holder.invokeSpecial(java.lang.Object, java.lang.Object, java.lang.Object, java.lang.Object, java.lang.Object)'> (0x00000000a54b51d0) 
thrown [s\open\src\hotspot\share\interpreter\linkResolver.cpp, line 759]
Event: 3.052 Thread 0x000001a8eb7ad6f0 Exception <a 'sun/nio/fs/WindowsException'{0x00000000a5542c60}> (0x00000000a5542c60) 
thrown [s\open\src\hotspot\share\prims\jni.cpp, line 516]
Event: 3.116 Thread 0x000001a8eb7ad6f0 Exception <a 'java/lang/NoSuchMethodError'{0x00000000a55a3910}: 'void java.lang.invoke.DirectMethodHandle$Holder.invokeVirtual(java.lang.Object, java.lang.Object, long, int)'> (0x00000000a55a3910) 
thrown [s\open\src\hotspot\share\interpreter\linkResolver.cpp, line 759]
Event: 3.117 Thread 0x000001a8eb7ad6f0 Exception <a 'java/lang/NoSuchMethodError'{0x00000000a55aeb20}: 'void java.lang.invoke.DirectMethodHandle$Holder.invokeVirtual(java.lang.Object, java.lang.Object, long, int, int, int)'> (0x00000000a55aeb20) 
thrown [s\open\src\hotspot\share\interpreter\linkResolver.cpp, line 759]
Event: 3.117 Thread 0x000001a8eb7ad6f0 Exception <a 'java/lang/NoSuchMethodError'{0x00000000a55b46c8}: 'void java.lang.invoke.DirectMethodHandle$Holder.invokeVirtual(java.lang.Object, java.lang.Object, long, double, double)'> (0x00000000a55b46c8) 
thrown [s\open\src\hotspot\share\interpreter\linkResolver.cpp, line 759]
Event: 3.121 Thread 0x000001a8eb7ad6f0 Exception <a 'java/lang/NoSuchMethodError'{0x00000000a55db928}: 'void java.lang.invoke.DirectMethodHandle$Holder.invokeInterface(java.lang.Object, java.lang.Object)'> (0x00000000a55db928) 
thrown [s\open\src\hotspot\share\interpreter\linkResolver.cpp, line 759]
Event: 3.128 Thread 0x000001a8eb7ad6f0 Implicit null exception at 0x000001a887d22106 to 0x000001a887d22dcc
Event: 3.129 Thread 0x000001a8eb7ad6f0 Exception <a 'java/lang/NoSuchMethodError'{0x00000000a56f2168}: 'java.lang.Object java.lang.invoke.DirectMethodHandle$Holder.invokeVirtual(java.lang.Object, java.lang.Object, java.lang.Object)'> (0x00000000a56f2168) 
thrown [s\open\src\hotspot\share\interpreter\linkResolver.cpp, line 759]
Event: 4.031 Thread 0x000001a8eb7ad6f0 Exception <a 'java/lang/NoSuchMethodError'{0x00000000d87a0670}: 'int java.lang.invoke.DirectMethodHandle$Holder.invokeStaticInit(java.lang.Object, int, java.lang.Object)'> (0x00000000d87a0670) 
thrown [s\open\src\hotspot\share\interpreter\linkResolver.cpp, line 759]

VM Operations (20 events):
Event: 1.846 Executing VM operation: HandshakeAllThreads
Event: 1.846 Executing VM operation: HandshakeAllThreads done
Event: 1.851 Executing VM operation: HandshakeAllThreads
Event: 1.851 Executing VM operation: HandshakeAllThreads done
Event: 1.969 Executing VM operation: ICBufferFull
Event: 1.969 Executing VM operation: ICBufferFull done
Event: 2.942 Executing VM operation: G1CollectForAllocation
Event: 2.948 Executing VM operation: G1CollectForAllocation done
Event: 2.967 Executing VM operation: G1CollectForAllocation
Event: 2.972 Executing VM operation: G1CollectForAllocation done
Event: 3.144 Executing VM operation: G1CollectForAllocation
Event: 3.145 Executing VM operation: G1CollectForAllocation done
Event: 3.199 Executing VM operation: G1CollectForAllocation
Event: 3.199 Executing VM operation: G1CollectForAllocation done
Event: 3.241 Executing VM operation: G1CollectForAllocation
Event: 3.242 Executing VM operation: G1CollectForAllocation done
Event: 3.288 Executing VM operation: G1CollectForAllocation
Event: 3.290 Executing VM operation: G1CollectForAllocation done
Event: 3.891 Executing VM operation: G1CollectForAllocation
Event: 3.893 Executing VM operation: G1CollectForAllocation done

Events (20 events):
Event: 2.633 Thread 0x000001a8e3fbec00 Thread exited: 0x000001a8e3fbec00
Event: 2.633 Thread 0x000001a8e3fbe2f0 Thread exited: 0x000001a8e3fbe2f0
Event: 2.633 Thread 0x000001a8ec0b1840 Thread exited: 0x000001a8ec0b1840
Event: 2.666 Thread 0x000001a8e1b292d0 Thread exited: 0x000001a8e1b292d0
Event: 2.666 Thread 0x000001a8e2d35bf0 Thread exited: 0x000001a8e2d35bf0
Event: 2.666 Thread 0x000001a8ebd6b350 Thread exited: 0x000001a8ebd6b350
Event: 2.666 Thread 0x000001a8e2f6de30 Thread exited: 0x000001a8e2f6de30
Event: 2.750 Thread 0x000001a8d2c539a0 Thread exited: 0x000001a8d2c539a0
Event: 2.750 Thread 0x000001a8e0a22230 Thread exited: 0x000001a8e0a22230
Event: 2.750 Thread 0x000001a8d2d299c0 Thread exited: 0x000001a8d2d299c0
Event: 2.964 Thread 0x000001a8e3fbe2f0 Thread added: 0x000001a8e3fbe2f0
Event: 2.964 Thread 0x000001a8ec0d6060 Thread added: 0x000001a8ec0d6060
Event: 3.111 Loaded shared library C:\Users\DEG3NERAT3_\AppData\Local\Temp\imgui-java-natives_1669547636010\imgui-java64.dll
Event: 3.150 Thread 0x000001a91099aab0 Thread added: 0x000001a91099aab0
Event: 3.152 Thread 0x000001a8e5309390 Thread added: 0x000001a8e5309390
Event: 3.858 Thread 0x000001a8ebd5f1f0 Thread exited: 0x000001a8ebd5f1f0
Event: 3.858 Thread 0x000001a8e5309390 Thread exited: 0x000001a8e5309390
Event: 3.858 Thread 0x000001a91099aab0 Thread exited: 0x000001a91099aab0
Event: 3.867 Thread 0x000001a8ec0d6060 Thread exited: 0x000001a8ec0d6060
Event: 3.936 Thread 0x000001a8ebd5f1f0 Thread added: 0x000001a8ebd5f1f0


Dynamic libraries:
0x00007ff797060000 - 0x00007ff79706e000 	C:\Users\DEG3NERAT3_\.jdks\openjdk-18.0.2.1\bin\java.exe
0x00007ffa6ffb0000 - 0x00007ffa701c4000 	C:\WINDOWS\SYSTEM32\ntdll.dll
0x00007ffa6f1b0000 - 0x00007ffa6f272000 	C:\WINDOWS\System32\KERNEL32.DLL
0x00007ffa6d580000 - 0x00007ffa6d91d000 	C:\WINDOWS\System32\KERNELBASE.dll
0x00007ffa6d990000 - 0x00007ffa6daa1000 	C:\WINDOWS\System32\ucrtbase.dll
0x00007ffa104a0000 - 0x00007ffa104b7000 	C:\Users\DEG3NERAT3_\.jdks\openjdk-18.0.2.1\bin\jli.dll
0x00007ffa0d820000 - 0x00007ffa0d83a000 	C:\Users\DEG3NERAT3_\.jdks\openjdk-18.0.2.1\bin\VCRUNTIME140.dll
0x00007ffa6df80000 - 0x00007ffa6e12a000 	C:\WINDOWS\System32\USER32.dll
0x00007ffa6d550000 - 0x00007ffa6d576000 	C:\WINDOWS\System32\win32u.dll
0x00007ffa5f4c0000 - 0x00007ffa5f74e000 	C:\WINDOWS\WinSxS\amd64_microsoft.windows.common-controls_6595b64144ccf1df_6.0.22621.608_none_a9444ca7c10bb01d\COMCTL32.dll
0x00007ffa6e710000 - 0x00007ffa6e739000 	C:\WINDOWS\System32\GDI32.dll
0x00007ffa6e920000 - 0x00007ffa6e9c7000 	C:\WINDOWS\System32\msvcrt.dll
0x00007ffa6dab0000 - 0x00007ffa6dbc2000 	C:\WINDOWS\System32\gdi32full.dll
0x00007ffa6dd10000 - 0x00007ffa6ddaa000 	C:\WINDOWS\System32\msvcp_win.dll
0x00007ffa6fdf0000 - 0x00007ffa6fe22000 	C:\WINDOWS\System32\IMM32.DLL
0x00007ff9cd010000 - 0x00007ff9d1492000 	C:\Program Files\RenderDoc\renderdoc.dll
0x00007ffa6f9e0000 - 0x00007ffa6fa51000 	C:\WINDOWS\System32\WS2_32.dll
0x00007ffa6f730000 - 0x00007ffa6f845000 	C:\WINDOWS\System32\RPCRT4.dll
0x00007ffa6fee0000 - 0x00007ffa6ff3e000 	C:\WINDOWS\System32\SHLWAPI.dll
0x00007ffa6e1a0000 - 0x00007ffa6e61a000 	C:\WINDOWS\System32\SETUPAPI.dll
0x00007ffa6f280000 - 0x00007ffa6f376000 	C:\WINDOWS\System32\COMDLG32.dll
0x00007ffa6fa60000 - 0x00007ffa6fdea000 	C:\WINDOWS\System32\combase.dll
0x00007ffa6f850000 - 0x00007ffa6f941000 	C:\WINDOWS\System32\shcore.dll
0x00007ffa6e9d0000 - 0x00007ffa6f1b0000 	C:\WINDOWS\System32\SHELL32.dll
0x00007ffa6fe30000 - 0x00007ffa6fede000 	C:\WINDOWS\System32\ADVAPI32.dll
0x00007ffa6e740000 - 0x00007ffa6e7e4000 	C:\WINDOWS\System32\sechost.dll
0x00007ffa6f420000 - 0x00007ffa6f5bc000 	C:\WINDOWS\System32\ole32.dll
0x00007ffa6e620000 - 0x00007ffa6e6f7000 	C:\WINDOWS\System32\OLEAUT32.dll
0x00007ff9ebf70000 - 0x00007ff9ebffd000 	C:\Users\DEG3NERAT3_\.jdks\openjdk-18.0.2.1\bin\MSVCP140.dll
0x00007ffa1ad70000 - 0x00007ffa1ad7c000 	C:\Users\DEG3NERAT3_\.jdks\openjdk-18.0.2.1\bin\VCRUNTIME140_1.dll
0x00007ffa331a0000 - 0x00007ffa33310000 	C:\Program Files\RenderDoc\dbghelp.dll
0x00007ffa6c950000 - 0x00007ffa6c9b9000 	C:\WINDOWS\system32\mswsock.dll
0x00007ffa6b3b0000 - 0x00007ffa6bc75000 	C:\WINDOWS\SYSTEM32\windows.storage.dll
0x00007ffa6b270000 - 0x00007ffa6b3ae000 	C:\WINDOWS\SYSTEM32\wintypes.dll
0x00007ffa67d60000 - 0x00007ffa68146000 	C:\WINDOWS\SYSTEM32\d3dcompiler_47.dll
0x00007ffa6cc60000 - 0x00007ffa6cc7b000 	C:\WINDOWS\SYSTEM32\CRYPTSP.dll
0x00007ffa0d5f0000 - 0x00007ffa0d6f0000 	C:\WINDOWS\SYSTEM32\opengl32.dll
0x00007ffa51e60000 - 0x00007ffa51e8d000 	C:\WINDOWS\SYSTEM32\GLU32.dll
0x00007ffa6a720000 - 0x00007ffa6a756000 	C:\WINDOWS\SYSTEM32\dxcore.dll
0x00007ff9d4b70000 - 0x00007ff9d5781000 	C:\Users\DEG3NERAT3_\.jdks\openjdk-18.0.2.1\bin\server\jvm.dll
0x00007ffa6ddb0000 - 0x00007ffa6ddb8000 	C:\WINDOWS\System32\PSAPI.DLL
0x00007ffa46490000 - 0x00007ffa46499000 	C:\WINDOWS\SYSTEM32\WSOCK32.dll
0x00007ffa64550000 - 0x00007ffa6455a000 	C:\WINDOWS\SYSTEM32\VERSION.dll
0x00007ffa61ac0000 - 0x00007ffa61af4000 	C:\WINDOWS\SYSTEM32\WINMM.dll
0x00007ffa6c500000 - 0x00007ffa6c518000 	C:\WINDOWS\SYSTEM32\kernel.appcore.dll
0x00007ffa11470000 - 0x00007ffa1147a000 	C:\Users\DEG3NERAT3_\.jdks\openjdk-18.0.2.1\bin\jimage.dll
0x00007ff9ebaf0000 - 0x00007ff9ebb15000 	C:\Users\DEG3NERAT3_\.jdks\openjdk-18.0.2.1\bin\java.dll
0x00007ff9d6960000 - 0x00007ff9d6a36000 	C:\Users\DEG3NERAT3_\.jdks\openjdk-18.0.2.1\bin\jsvml.dll
0x00007ffa6d310000 - 0x00007ffa6d331000 	C:\WINDOWS\SYSTEM32\profapi.dll
0x00007ffa0d800000 - 0x00007ffa0d813000 	C:\Users\DEG3NERAT3_\.jdks\openjdk-18.0.2.1\bin\net.dll
0x00007ffa664e0000 - 0x00007ffa6660f000 	C:\WINDOWS\SYSTEM32\WINHTTP.dll
0x00007ffa0d250000 - 0x00007ffa0d266000 	C:\Users\DEG3NERAT3_\.jdks\openjdk-18.0.2.1\bin\nio.dll
0x00007ffa0ad10000 - 0x00007ffa0ad28000 	C:\Users\DEG3NERAT3_\.jdks\openjdk-18.0.2.1\bin\zip.dll
0x00007ffa69b40000 - 0x00007ffa69b49000 	C:\Users\DEG3NERAT3_\.jdks\openjdk-18.0.2.1\bin\management.dll
0x00007ffa69270000 - 0x00007ffa6927b000 	C:\Users\DEG3NERAT3_\.jdks\openjdk-18.0.2.1\bin\management_ext.dll
0x00007ffa54650000 - 0x00007ffa54667000 	C:\WINDOWS\system32\napinsp.dll
0x00007ffa542f0000 - 0x00007ffa5430b000 	C:\WINDOWS\system32\pnrpnsp.dll
0x00007ffa6bfb0000 - 0x00007ffa6c0a2000 	C:\WINDOWS\SYSTEM32\DNSAPI.dll
0x00007ffa6bf80000 - 0x00007ffa6bfad000 	C:\WINDOWS\SYSTEM32\IPHLPAPI.DLL
0x00007ffa6e8b0000 - 0x00007ffa6e8b9000 	C:\WINDOWS\System32\NSI.dll
0x00007ffa51a50000 - 0x00007ffa51a61000 	C:\WINDOWS\System32\winrnr.dll
0x00007ffa663f0000 - 0x00007ffa66405000 	C:\WINDOWS\system32\wshbth.dll
0x00007ffa49630000 - 0x00007ffa49651000 	C:\WINDOWS\system32\nlansp_c.dll
0x00007ffa648e0000 - 0x00007ffa648ea000 	C:\Windows\System32\rasadhlp.dll
0x00007ffa66170000 - 0x00007ffa661f3000 	C:\WINDOWS\System32\fwpuclnt.dll
0x00007ffa61700000 - 0x00007ffa61775000 	C:\Users\DEG3NERAT3_\AppData\Local\Temp\lwjglDEG3NERAT3_\3.3.1-SNAPSHOT\lwjgl.dll
0x00007ffa49930000 - 0x00007ffa49991000 	C:\Users\DEG3NE~1\AppData\Local\Temp\lwjglDEG3NERAT3_\3.3.1-SNAPSHOT\glfw.dll
0x00007ffa61020000 - 0x00007ffa61066000 	C:\WINDOWS\SYSTEM32\dinput8.dll
0x00007ffa569e0000 - 0x00007ffa56be1000 	C:\WINDOWS\SYSTEM32\inputhost.dll
0x00007ffa69760000 - 0x00007ffa69893000 	C:\WINDOWS\SYSTEM32\CoreMessaging.dll
0x00007ffa19170000 - 0x00007ffa19181000 	C:\WINDOWS\SYSTEM32\xinput1_4.dll
0x00007ffa6d0d0000 - 0x00007ffa6d11e000 	C:\WINDOWS\SYSTEM32\cfgmgr32.dll
0x00007ffa6d090000 - 0x00007ffa6d0c3000 	C:\WINDOWS\SYSTEM32\DEVOBJ.dll
0x00007ffa6dc90000 - 0x00007ffa6dd0b000 	C:\WINDOWS\System32\bcryptPrimitives.dll
0x00007ffa6cc40000 - 0x00007ffa6cc4c000 	C:\WINDOWS\SYSTEM32\CRYPTBASE.DLL
0x00007ffa6a6f0000 - 0x00007ffa6a71b000 	C:\WINDOWS\SYSTEM32\dwmapi.dll
0x00007ffa6a430000 - 0x00007ffa6a4db000 	C:\WINDOWS\system32\uxtheme.dll
0x00007ffa6f610000 - 0x00007ffa6f72e000 	C:\WINDOWS\System32\MSCTF.dll
0x00007ffa6e7f0000 - 0x00007ffa6e8a7000 	C:\WINDOWS\System32\clbcatq.dll
0x00007ff9c8aa0000 - 0x00007ff9cc3d1000 	C:\WINDOWS\System32\DriverStore\FileRepository\nv_dispi.inf_amd64_009debfbd2e1619b\nvoglv64.dll
0x00007ffa6cd80000 - 0x00007ffa6cda8000 	C:\WINDOWS\SYSTEM32\bcrypt.dll
0x00007ffa69f10000 - 0x00007ffa69f24000 	C:\WINDOWS\SYSTEM32\WTSAPI32.dll
0x00007ffa6d070000 - 0x00007ffa6d082000 	C:\WINDOWS\SYSTEM32\msasn1.dll
0x00007ffa645d0000 - 0x00007ffa64602000 	C:\WINDOWS\SYSTEM32\cryptnet.dll
0x00007ffa6d3e0000 - 0x00007ffa6d546000 	C:\WINDOWS\System32\CRYPT32.dll
0x00007ffa641f0000 - 0x00007ffa64348000 	C:\WINDOWS\SYSTEM32\drvstore.dll
0x00007ffa6cbc0000 - 0x00007ffa6cc08000 	C:\WINDOWS\SYSTEM32\wldp.dll
0x00007ffa6d920000 - 0x00007ffa6d989000 	C:\WINDOWS\System32\WINTRUST.dll
0x00007ffa6c520000 - 0x00007ffa6c554000 	C:\WINDOWS\SYSTEM32\ntmarta.dll
0x00007ffa2f690000 - 0x00007ffa2f95f000 	C:\WINDOWS\system32\nvspcap64.dll
0x00007ffa6c2d0000 - 0x00007ffa6c31d000 	C:\WINDOWS\SYSTEM32\powrprof.dll
0x00007ffa6c2b0000 - 0x00007ffa6c2c3000 	C:\WINDOWS\SYSTEM32\UMPDC.dll
0x00007ffa6bf10000 - 0x00007ffa6bf76000 	C:\WINDOWS\SYSTEM32\WINSTA.dll
0x00007ffa54bd0000 - 0x00007ffa54cfd000 	C:\WINDOWS\SYSTEM32\textinputframework.dll
0x00007ffa65a00000 - 0x00007ffa65d6c000 	C:\WINDOWS\SYSTEM32\CoreUIComponents.dll
0x00007ffa0b760000 - 0x00007ffa0b770000 	C:\Users\DEG3NERAT3_\.jdks\openjdk-18.0.2.1\bin\verify.dll
0x00007ffa2f030000 - 0x00007ffa2f08d000 	C:\Users\DEG3NERAT3_\AppData\Local\Temp\lwjglDEG3NERAT3_\3.3.1-SNAPSHOT\lwjgl_opengl.dll
0x00007ffa2efa0000 - 0x00007ffa2f021000 	C:\Users\DEG3NERAT3_\AppData\Local\Temp\lwjglDEG3NERAT3_\3.3.1-SNAPSHOT\lwjgl_stb.dll
0x00007ffa05cb0000 - 0x00007ffa06259000 	C:\Users\DEG3NE~1\AppData\Local\Temp\lwjglDEG3NERAT3_\3.3.1-SNAPSHOT\assimp.dll
0x0000000064a00000 - 0x000000006578a000 	C:\Users\DEG3NERAT3_\AppData\Local\Temp\imgui-java-natives_1669547636010\imgui-java64.dll

dbghelp: loaded successfully - version: 4.0.5 - missing functions: none
symbol engine: initialization error.

VM Arguments:
jvm_args: -Dquanta.config=config/config.conf 
java_command: target/quanta-0.2.4-shaded.jar
java_class_path (initial): target/quanta-0.2.4-shaded.jar
Launcher Type: SUN_STANDARD

[Global flags]
     intx CICompilerCount                          = 15                                        {product} {ergonomic}
     uint ConcGCThreads                            = 6                                         {product} {ergonomic}
     uint G1ConcRefinementThreads                  = 23                                        {product} {ergonomic}
   size_t G1HeapRegionSize                         = 16777216                                  {product} {ergonomic}
    uintx GCDrainStackTargetSize                   = 64                                        {product} {ergonomic}
   size_t InitialHeapSize                          = 2147483648                                {product} {ergonomic}
   size_t MarkStackSize                            = 4194304                                   {product} {ergonomic}
   size_t MaxHeapSize                              = 31675383808                               {product} {ergonomic}
   size_t MaxNewSize                               = 18991808512                               {product} {ergonomic}
   size_t MinHeapDeltaBytes                        = 16777216                                  {product} {ergonomic}
   size_t MinHeapSize                              = 16777216                                  {product} {ergonomic}
    uintx NonNMethodCodeHeapSize                   = 8192380                                {pd product} {ergonomic}
    uintx NonProfiledCodeHeapSize                  = 121732930                              {pd product} {ergonomic}
    uintx ProfiledCodeHeapSize                     = 121732930                              {pd product} {ergonomic}
    uintx ReservedCodeCacheSize                    = 251658240                              {pd product} {ergonomic}
     bool SegmentedCodeCache                       = true                                      {product} {ergonomic}
   size_t SoftMaxHeapSize                          = 31675383808                            {manageable} {ergonomic}
     bool UseCompressedClassPointers               = true                           {product lp64_product} {ergonomic}
     bool UseCompressedOops                        = true                           {product lp64_product} {ergonomic}
     bool UseG1GC                                  = true                                      {product} {ergonomic}
     bool UseLargePagesIndividualAllocation        = false                                  {pd product} {ergonomic}

Logging:
Log output configuration:
 #0: stdout all=warning uptime,level,tags foldmultilines=false
 #1: stderr all=off uptime,level,tags foldmultilines=false

Environment Variables:
PATH=C:\Program Files\Common Files\Oracle\Java\javapath;C:\Program Files\NVIDIA GPU Computing Toolkit\CUDA\v11.4\bin;C:\Program Files\NVIDIA GPU Computing Toolkit\CUDA\v11.4\libnvvp;C:\Program Files (x86)\Razer Chroma SDK\bin;C:\Program Files\Razer Chroma SDK\bin;C:\Program Files (x86)\Razer\ChromaBroadcast\bin;C:\Program Files\Razer\ChromaBroadcast\bin;C:\Python27\;C:\Python27\Scripts;C:\Program Files (x86)\Common Files\Oracle\Java\javapath;C:\WINDOWS\system32;C:\WINDOWS;C:\WINDOWS\System32\Wbem;C:\WINDOWS\System32\WindowsPowerShell\v1.0\;C:\WINDOWS\System32\OpenSSH\;C:\Program Files (x86)\NVIDIA Corporation\PhysX\Common;C:\Program Files\NVIDIA Corporation\NVIDIA NvDLISR;C:\Program Files (x86)\Windows Kits\10\Windows Performance Toolkit\;C:\Program Files\Git\cmd;C:\Program Files\nodejs\;C:\ProgramData\chocolatey\bin;C:\Users\DEG3NERAT3_\AppData\Local\Programs\Python\Python38-32\Scripts\;C:\Users\DEG3NERAT3_\AppData\Local\Programs\Python\Python38-32\;C:\Users\DEG3NERAT3_\AppData\Local\Programs\Python\Python37-32\Scripts\;C:\Users\DEG3NERAT3_\AppData\Local\Programs\Python\Python37-32\;C:\Users\DEG3NERAT3_\AppData\Local\Microsoft\WindowsApps;C:\Users\DEG3NERAT3_\AppData\Local\Programs\Microsoft VS Code\bin;C:\Users\DEG3NERAT3_\AppData\Local\atom\bin;C:\Program Files\JetBrains\IntelliJ IDEA 2019.2.2\bin;C:\Users\DEG3NERAT3_\AppData\Roaming\npm;C:\WINDOWS\system32\config\systemprofile\AppData\Local\Microsoft\WindowsApps;C:\Program Files\NVIDIA Corporation\Nsight Compute 2021.2.0\;E:\cmake\bin;C:\Program Files\dotnet\;C:\Program Files\apache-maven-3.8.4\bin;;C:\Program Files\Docker\Docker\resources\bin;C:\ProgramData\DockerDesktop\version-bin;C:\Program Files\Go\bin;%SystemRoot%\system32;%SystemRoot%;%SystemRoot%\System32\Wbem;%SYSTEMROOT%\System32\WindowsPowerShell\v1.0\;%SYSTEMROOT%\System32\OpenSSH\;C:\Users\DEG3NERAT3_\.cargo\bin;C:\Users\DEG3NERAT3_\AppData\Local\Programs\Python\Python38-32\Scripts\;C:\Users\DEG3NERAT3_\AppData\Local\Programs\Python\Python38-32\;C:\Users\DEG3NERAT3_\AppData\Local\Programs\Python\Python37-32\Scripts\;C:\Users\DEG3NERAT3_\AppData\Local\Programs\Python\Python37-32\;C:\Users\DEG3NERAT3_\AppData\Local\Microsoft\WindowsApps;C:\Users\DEG3NERAT3_\AppData\Local\Programs\Microsoft VS Code\bin;C:\Users\DEG3NERAT3_\AppData\Local\atom\bin;C:\Program Files\JetBrains\IntelliJ IDEA 2019.2.2\bin;C:\Users\DEG3NERAT3_\AppData\Roaming\npm;C:\ProgramData\DEG3NERAT3_\GitHubDesktop\bin;C:\Users\DEG3NERAT3_\go\bin;C:\Users\DEG3NERAT3_\.dotnet\tools;C:\msys64\usr\bin\gcc.exe;C:\msys64\mingw64\bin;C:\Users\DEG3NERAT3_\vcpkg;C:\Program Files\qemu;;C:\Users\DEG3NERAT3_\AppData\Local\JetBrains\Toolbox\scripts;C:\Users\DEG3NERAT3_\go\bin;C:\Users\DEG3NERAT3_\AppData\Local\Microsoft\WindowsApps
USERNAME=DEG3NERAT3_
OS=Windows_NT
PROCESSOR_IDENTIFIER=AMD64 Family 25 Model 33 Stepping 0, AuthenticAMD



---------------  S Y S T E M  ---------------

OS:
 Windows 11 , 64 bit Build 22621 (10.0.22621.755)
OS uptime: 1 days 8:44 hours
Hyper-V role detected

CPU: total 32 (initial active 32) (32 cores per cpu, 2 threads per core) family 25 model 33 stepping 0 microcode 0x0, cx8, cmov, fxsr, ht, mmx, 3dnowpref, sse, sse2, sse3, ssse3, sse4a, sse4.1, sse4.2, popcnt, lzcnt, tsc, tscinvbit, avx, avx2, aes, erms, clmul, bmi1, bmi2, adx, sha, fma, vzeroupper, clflush, clflushopt, hv

Memory: 4k page, system-wide physical 130980M (104323M free)
TotalPageFile size 139172M (AvailPageFile size 107729M)
current process WorkingSet (physical memory assigned to process): 1190M, peak: 1190M
current process commit charge ("private bytes"): 3250M, peak: 3315M

vm_info: OpenJDK 64-Bit Server VM (18.0.2.1+1-1) for windows-amd64 JRE (18.0.2.1+1-1), built on Aug 16 2022 01:44:29 by "mach5one" with MS VC++ 16.8 / 16.9 (VS2019)

END.
