#
# A fatal error has been detected by the Java Runtime Environment:
#
#  EXCEPTION_ACCESS_VIOLATION (0xc0000005) at pc=0x00007ff9cd870051, pid=30092, tid=44944
#
# JRE version: OpenJDK Runtime Environment (18.0.2.1+1) (build 18.0.2.1+1-1)
# Java VM: OpenJDK 64-Bit Server VM (18.0.2.1+1-1, mixed mode, sharing, tiered, compressed oops, compressed class ptrs, g1 gc, windows-amd64)
# Problematic frame:
# C  [renderdoc.dll+0x860051]  RENDERDOC_EndProfileRegion+0x68e641
#
# No core dump will be written. Minidumps are not enabled by default on client versions of Windows
#
# If you would like to submit a bug report, please visit:
#   https://bugreport.java.com/bugreport/crash.jsp
# The crash happened outside the Java Virtual Machine in native code.
# See problematic frame for where to report the bug.
#

---------------  S U M M A R Y ------------

Command Line: -Dquanta.config=config/config.conf target/quanta-0.2.4-shaded.jar

Host: AMD Ryzen 9 5950X 16-Core Processor            , 32 cores, 127G,  Windows 11 , 64 bit Build 22621 (10.0.22621.755)
Time: Sun Nov 27 21:08:52 2022 AUS Eastern Daylight Time elapsed time: 4.106571 seconds (0d 0h 0m 4s)

---------------  T H R E A D  ---------------

Current thread (0x0000027c13f9c4d0):  JavaThread "main" [_thread_in_native, id=44944, stack(0x0000009676200000,0x0000009676300000)]

Stack: [0x0000009676200000,0x0000009676300000],  sp=0x00000096762fec60,  free space=1019k
Native frames: (J=compiled Java code, j=interpreted, Vv=VM code, C=native code)
C  [renderdoc.dll+0x860051]  RENDERDOC_EndProfileRegion+0x68e641
C  [renderdoc.dll+0x931772]  RENDERDOC_EndProfileRegion+0x75fd62
C  [renderdoc.dll+0x75684c]  RENDERDOC_EndProfileRegion+0x584e3c
C  0x0000027c1f92d621

Java frames: (J=compiled Java code, j=interpreted, Vv=VM code)
j  org.lwjgl.opengl.GL30C.glBindFramebuffer(II)V+0
j  org.lwjgl.opengl.GL30.glBindFramebuffer(II)V+2
j  com.engineersbox.quanta.rendering.renderers.core.SSAORenderer.renderSSAOBlur(Lcom/engineersbox/quanta/rendering/RenderContext;)V+39
j  com.engineersbox.quanta.rendering.renderers.core.SSAORenderer.render(Lcom/engineersbox/quanta/rendering/RenderContext;)V+7
j  com.engineersbox.quanta.rendering.Renderer.lambda$12(Lcom/engineersbox/quanta/rendering/handler/ShaderStage;Lcom/engineersbox/quanta/rendering/RenderContext;Ljava/lang/String;Lcom/engineersbox/quanta/rendering/handler/ShaderRenderHandler;)V+89
j  com.engineersbox.quanta.rendering.Renderer$$Lambda$335+0x0000000800ea6d98.accept(Ljava/lang/Object;Ljava/lang/Object;)V+16
j  java.util.Map.forEach(Ljava/util/function/BiConsumer;)V+72 java.base@18.0.2.1
j  com.engineersbox.quanta.rendering.Renderer.lambda$11(Lcom/engineersbox/quanta/rendering/handler/ShaderStage;Lorg/apache/commons/collections4/map/LinkedMap;)V+9
j  com.engineersbox.quanta.rendering.Renderer$$Lambda$334+0x0000000800ea6b78.accept(Ljava/lang/Object;Ljava/lang/Object;)V+12
j  com.engineersbox.quanta.utils.StreamUtils.lambda$2(Ljava/util/function/BiConsumer;Lorg/apache/commons/lang3/tuple/Pair;)V+9
j  com.engineersbox.quanta.utils.StreamUtils$$Lambda$299+0x0000000800e8eca0.accept(Ljava/lang/Object;)V+8
J 2386 c1 java.util.Iterator.forEachRemaining(Ljava/util/function/Consumer;)V java.base@18.0.2.1 (30 bytes) @ 0x0000027c204f4e4c [0x0000027c204f4c00+0x000000000000024c]
J 2385 c1 java.util.Spliterators$IteratorSpliterator.forEachRemaining(Ljava/util/function/Consumer;)V java.base@18.0.2.1 (58 bytes) @ 0x0000027c204f5d4c [0x0000027c204f5a00+0x000000000000034c]
j  java.util.stream.ReferencePipeline$Head.forEach(Ljava/util/function/Consumer;)V+12 java.base@18.0.2.1
j  com.engineersbox.quanta.utils.StreamUtils.zipForEach(Ljava/util/stream/Stream;Ljava/util/stream/Stream;Ljava/util/function/BiConsumer;)V+42
j  com.engineersbox.quanta.rendering.Renderer.render(Lcom/engineersbox/quanta/scene/Scene;Lcom/engineersbox/quanta/core/Window;)V+46
j  com.engineersbox.quanta.core.Engine.run()V+242
j  com.engineersbox.quanta.core.Engine.start()V+6
j  com.engineersbox.quanta.test.Main.main([Ljava/lang/String;)V+20
v  ~StubRoutines::call_stub

siginfo: EXCEPTION_ACCESS_VIOLATION (0xc0000005), reading address 0x00000000000000a0


Register to memory mapping:

RIP=0x00007ff9cd870051 renderdoc.dll::RENDERDOC_EndProfileRegion + 0x68e641
RAX=0x0000027c0eff2b98 points into unknown readable memory: 0x0000027c108a31a0 | a0 31 8a 10 7c 02 00 00
RBX=0x0000027c13febcb0 points into unknown readable memory: 0x0000027c0eff2b20 | 20 2b ff 0e 7c 02 00 00
RCX=0x0000027c0eff2ba0 points into unknown readable memory: 0x6c754d2f73697379 | 79 73 69 73 2f 4d 75 6c
RDX=0x0000027c0eff2b20 points into unknown readable memory: 0x000000000000002e | 2e 00 00 00 00 00 00 00
RSP=0x00000096762fec60 is pointing into the stack for thread: 0x0000027c13f9c4d0
RBP=0x00000096762fecf1 is pointing into the stack for thread: 0x0000027c13f9c4d0
RSI=0x0000000000000de1 is an unknown value
RDI=0x0 is NULL
R8 =0x0000027c0eff2b20 points into unknown readable memory: 0x000000000000002e | 2e 00 00 00 00 00 00 00
R9 =0x0000027c0eff2b20 points into unknown readable memory: 0x000000000000002e | 2e 00 00 00 00 00 00 00
R10=0x0 is NULL
R11=0x95f2b010dbd036ed is an unknown value
R12=0x0000027c108a31a0 points into unknown readable memory: 0x0067006200000000 | 00 00 00 00 62 00 67 00
R13=0x0 is NULL
R14=0x0000027c13feb960 points into unknown readable memory: 0x00007ff9cdf07268 | 68 72 f0 cd f9 7f 00 00
R15=0x0000027c13feb960 points into unknown readable memory: 0x00007ff9cdf07268 | 68 72 f0 cd f9 7f 00 00


Registers:
RAX=0x0000027c0eff2b98, RBX=0x0000027c13febcb0, RCX=0x0000027c0eff2ba0, RDX=0x0000027c0eff2b20
RSP=0x00000096762fec60, RBP=0x00000096762fecf1, RSI=0x0000000000000de1, RDI=0x0000000000000000
R8 =0x0000027c0eff2b20, R9 =0x0000027c0eff2b20, R10=0x0000000000000000, R11=0x95f2b010dbd036ed
R12=0x0000027c108a31a0, R13=0x0000000000000000, R14=0x0000027c13feb960, R15=0x0000027c13feb960
RIP=0x00007ff9cd870051, EFLAGS=0x0000000000010206

Top of Stack: (sp=0x00000096762fec60)
0x00000096762fec60:   0000027c0eff2b90 00000096762fecf1
0x00000096762fec70:   0000000000000de1 0000027c13febcb0
0x00000096762fec80:   00007ff9cbff05c8 00007ff9cbff05c4
0x00000096762fec90:   0000027c0210bd98 00007ff9c99fcbf6
0x00000096762feca0:   0000000000000de1 0000027c7ac8a110
0x00000096762fecb0:   00000096762fed20 00007ff9cd74301d
0x00000096762fecc0:   0000027c13f9c4d0 00007ff9c9a0662b
0x00000096762fecd0:   0000027c13feb960 0000027c108a31a0
0x00000096762fece0:   00000096762fedb0 00007ff9cd2647e7
0x00000096762fecf0:   fffffffffffffffe 0000000000000004
0x00000096762fed00:   fffffffffffffffe 0000027c13f9c4d0
0x00000096762fed10:   0000027c13feb960 0000027c7ac8a110
0x00000096762fed20:   000000000000000a 00007ff9d13a4798
0x00000096762fed30:   0000000000000de1 0000027c0ca29310
0x00000096762fed40:   00000096762fedb0 00007ff9cd941772
0x00000096762fed50:   0000027c0ca29310 0000000000000000 

Instructions: (pc=0x00007ff9cd870051)
0x00007ff9cd86ff51:   8d 55 67 48 8b cb e8 94 0b 00 00 eb 54 48 8b 53
0x00007ff9cd86ff61:   10 48 83 fa 10 72 3e 33 c0 48 8b 0b 48 85 c9 74
0x00007ff9cd86ff71:   09 48 c1 e2 04 48 03 d1 eb 03 49 8b d5 88 45 5f
0x00007ff9cd86ff81:   4c 8b c2 4c 2b c1 49 c1 f8 04 4c 8d 4d 5f e8 7c
0x00007ff9cd86ff91:   24 00 00 c6 43 18 01 48 8d 55 67 48 8b cb e8 4c
0x00007ff9cd86ffa1:   0b 00 00 eb 0c 48 8d 55 67 48 8b cb e8 0e 0a 00
0x00007ff9cd86ffb1:   00 4c 8b 20 4c 89 65 e7 4d 85 e4 0f 85 9c 00 00
0x00007ff9cd86ffc1:   00 41 8d 4c 24 20 e8 7c 0f 50 00 4c 8b e0 48 89
0x00007ff9cd86ffd1:   45 e7 48 89 45 6f 44 89 28 4c 89 68 08 4c 89 68
0x00007ff9cd86ffe1:   10 4c 89 68 18 44 38 6b 18 74 0e 48 8d 55 67 48
0x00007ff9cd86fff1:   8b cb e8 f8 0a 00 00 eb 54 48 8b 53 10 48 83 fa
0x00007ff9cd870001:   10 72 3e 33 c0 48 8b 0b 48 85 c9 74 09 48 c1 e2
0x00007ff9cd870011:   04 48 03 d1 eb 03 49 8b d5 88 45 6f 4c 8b c2 4c
0x00007ff9cd870021:   2b c1 49 c1 f8 04 4c 8d 4d 6f e8 e0 23 00 00 c6
0x00007ff9cd870031:   43 18 01 48 8d 55 67 48 8b cb e8 b0 0a 00 00 eb
0x00007ff9cd870041:   0c 48 8d 55 67 48 8b cb e8 72 09 00 00 4c 89 20
0x00007ff9cd870051:   8b 87 a0 00 00 00 83 f0 01 41 89 04 24 8b 87 a0
0x00007ff9cd870061:   00 00 00 41 39 04 24 0f 84 7f 04 00 00 41 89 04
0x00007ff9cd870071:   24 49 8d 74 24 08 4c 39 6e 10 74 04 4c 89 6e 10
0x00007ff9cd870081:   44 8b af bc 00 00 00 49 8b bf 70 03 00 00 48 8b
0x00007ff9cd870091:   9f 88 02 00 00 8b 0d 54 f7 b1 03 ff 15 c6 62 5a
0x00007ff9cd8700a1:   00 48 85 c0 74 1b 48 8d 4b ff 48 3b 48 10 73 11
0x00007ff9cd8700b1:   48 8b 00 4c 8b 74 d8 f8 4c 89 75 bf 4d 85 f6 75
0x00007ff9cd8700c1:   0b 4c 8d b7 70 02 00 00 4c 89 75 bf c7 45 b7 08
0x00007ff9cd8700d1:   00 00 00 48 8d 55 b7 b9 df 8c 00 00 ff 15 35 c7
0x00007ff9cd8700e1:   b2 03 c7 45 af 02 17 00 00 33 ff 89 7d 6f 39 7d
0x00007ff9cd8700f1:   b7 0f 8e b2 01 00 00 41 be e0 8c 00 00 4c 8b 65
0x00007ff9cd870101:   bf 0f 1f 40 00 66 66 0f 1f 84 00 00 00 00 00 4c
0x00007ff9cd870111:   8d 4d 6f 41 b8 d1 8c 00 00 41 8b d6 41 8b cd ff
0x00007ff9cd870121:   15 f2 d9 b2 03 83 7d 6f 00 0f 84 5f 01 00 00 4c
0x00007ff9cd870131:   8d 4d af 41 b8 d0 8c 00 00 41 8b d6 41 8b cd ff
0x00007ff9cd870141:   15 d2 d9 b2 03 49 8b 44 24 08 48 8d 55 cf 49 8d 


Stack slot to memory mapping:
stack at sp + 0 slots: 0x0000027c0eff2b90 points into unknown readable memory: 0x0000000000000000 | 00 00 00 00 00 00 00 00
stack at sp + 1 slots: 0x00000096762fecf1 is pointing into the stack for thread: 0x0000027c13f9c4d0
stack at sp + 2 slots: 0x0000000000000de1 is an unknown value
stack at sp + 3 slots: 0x0000027c13febcb0 points into unknown readable memory: 0x0000027c0eff2b20 | 20 2b ff 0e 7c 02 00 00
stack at sp + 4 slots: 0x00007ff9cbff05c8 nvoglv64.dll
stack at sp + 5 slots: 0x00007ff9cbff05c4 nvoglv64.dll
stack at sp + 6 slots: 0x0000027c0210bd98 points into unknown readable memory: 0x0000008000000001 | 01 00 00 00 80 00 00 00
stack at sp + 7 slots: 0x00007ff9c99fcbf6 nvoglv64.dll


Compiled method (c1)    4175 2386       3       java.util.Iterator::forEachRemaining (30 bytes)
 total in heap  [0x0000027c204f4a10,0x0000027c204f52d8] = 2248
 relocation     [0x0000027c204f4b68,0x0000027c204f4bf0] = 136
 main code      [0x0000027c204f4c00,0x0000027c204f5100] = 1280
 stub code      [0x0000027c204f5100,0x0000027c204f5178] = 120
 metadata       [0x0000027c204f5178,0x0000027c204f5188] = 16
 scopes data    [0x0000027c204f5188,0x0000027c204f51f0] = 104
 scopes pcs     [0x0000027c204f51f0,0x0000027c204f52c0] = 208
 dependencies   [0x0000027c204f52c0,0x0000027c204f52c8] = 8
 nul chk table  [0x0000027c204f52c8,0x0000027c204f52d8] = 16

[Constant Pool (empty)]

[MachCode]
[Entry Point]
  # {method} {0x000000080013aaa0} 'forEachRemaining' '(Ljava/util/function/Consumer;)V' in 'java/util/Iterator'
  # this:     rdx:rdx   = 'java/util/Iterator'
  # parm0:    r8:r8     = 'java/util/function/Consumer'
  #           [sp+0x60]  (sp of caller)
  0x0000027c204f4c00: 448b 5208 | 49bb 0000 | 0000 0800 | 0000 4d03 | d34c 3bd0 

  0x0000027c204f4c14: ;   {runtime_call ic_miss_stub}
  0x0000027c204f4c14: 0f85 667e | 47ff 660f | 1f44 0000 
[Verified Entry Point]
  0x0000027c204f4c20: 8984 2400 | 90ff ff55 | 4883 ec50 | 4889 5424 | 304c 8944 

  0x0000027c204f4c34: ;   {metadata(method data for {method} {0x000000080013aaa0} 'forEachRemaining' '(Ljava/util/function/Consumer;)V' in 'java/util/Iterator')}
  0x0000027c204f4c34: 2438 48be | 405f 5b7a | 7c02 0000 | 8bbe cc00 | 0000 83c7 | 0289 becc | 0000 0081 | e7fe 0700 
  0x0000027c204f4c54: 0083 ff00 | 0f84 c003 

  0x0000027c204f4c5c: ;   {metadata(method data for {method} {0x000000080013aaa0} 'forEachRemaining' '(Ljava/util/function/Consumer;)V' in 'java/util/Iterator')}
  0x0000027c204f4c5c: 0000 48be | 405f 5b7a | 7c02 0000 | 4883 8610 | 0100 0001 

  0x0000027c204f4c70: ;   {metadata(method data for {method} {0x0000000800069d10} 'requireNonNull' '(Ljava/lang/Object;)Ljava/lang/Object;' in 'java/util/Objects')}
  0x0000027c204f4c70: 48be c8de | c079 7c02 | 0000 8bbe | cc00 0000 | 83c7 0289 | becc 0000 | 0081 e7fe | ff1f 0083 
  0x0000027c204f4c90: ff00 0f84 | a703 0000 | 4983 f800 

  0x0000027c204f4c9c: ;   {metadata(method data for {method} {0x0000000800069d10} 'requireNonNull' '(Ljava/lang/Object;)Ljava/lang/Object;' in 'java/util/Objects')}
  0x0000027c204f4c9c: 48be c8de | c079 7c02 | 0000 48bf | 1001 0000 | 0000 0000 | 0f85 0a00 | 0000 48bf | 2001 0000 
  0x0000027c204f4cbc: 0000 0000 | 488b 1c3e | 488d 5b01 | 4889 1c3e | 0f85 c101 | 0000 e9b9 | 0200 0090 | 488b 5424 
  0x0000027c204f4cdc: ;   {metadata(method data for {method} {0x000000080013aaa0} 'forEachRemaining' '(Ljava/util/function/Consumer;)V' in 'java/util/Iterator')}
  0x0000027c204f4cdc: 3048 be40 | 5f5b 7a7c | 0200 008b | 5208 49ba | 0000 0000 | 0800 0000 | 4903 d248 | 3b96 8801 
  0x0000027c204f4cfc: 0000 750d | 4883 8690 | 0100 0001 | e966 0000 | 0048 3b96 | 9801 0000 | 750d 4883 | 86a0 0100 
  0x0000027c204f4d1c: 0001 e950 | 0000 0048 | 81be 8801 | 0000 0000 | 0000 7517 | 4889 9688 | 0100 0048 | c786 9001 
  0x0000027c204f4d3c: 0000 0100 | 0000 e92c | 0000 0048 | 81be 9801 | 0000 0000 | 0000 7517 | 4889 9698 | 0100 0048 
  0x0000027c204f4d5c: c786 a001 | 0000 0100 | 0000 e908 | 0000 0048 | 8386 7801 | 0000 0148 | 8b54 2430 | 0f1f 4400 
  0x0000027c204f4d7c: 0048 b8b0 | e699 0e7c 

  0x0000027c204f4d84: ;   {virtual_call}
  0x0000027c204f4d84: 0200 00e8 

  0x0000027c204f4d88: ; ImmutableOopMap {[48]=Oop [56]=Oop }
                      ;*invokeinterface next {reexecute=0 rethrow=0 return_oop=0}
                      ; - java.util.Iterator::forEachRemaining@16 (line 133)
  0x0000027c204f4d88: 44d3 52ff | 4c8b 4424 | 3849 3b00 

  0x0000027c204f4d94: ;   {metadata(method data for {method} {0x000000080013aaa0} 'forEachRemaining' '(Ljava/util/function/Consumer;)V' in 'java/util/Iterator')}
  0x0000027c204f4d94: 498b d048 | be40 5f5b | 7a7c 0200 | 008b 5208 | 49ba 0000 | 0000 0800 | 0000 4903 | d248 3b96 
  0x0000027c204f4db4: c001 0000 | 750d 4883 | 86c8 0100 | 0001 e966 | 0000 0048 | 3b96 d001 | 0000 750d | 4883 86d8 
  0x0000027c204f4dd4: 0100 0001 | e950 0000 | 0048 81be | c001 0000 | 0000 0000 | 7517 4889 | 96c0 0100 | 0048 c786 
  0x0000027c204f4df4: c801 0000 | 0100 0000 | e92c 0000 | 0048 81be | d001 0000 | 0000 0000 | 7517 4889 | 96d0 0100 
  0x0000027c204f4e14: 0048 c786 | d801 0000 | 0100 0000 | e908 0000 | 0048 8386 | b001 0000 | 0149 8bf0 | 4c8b c048 
  0x0000027c204f4e34: 8bd6 0f1f | 8000 0000 | 0048 b8f0 | c619 0f7c 

  0x0000027c204f4e44: ;   {virtual_call}
  0x0000027c204f4e44: 0200 00e8 

  0x0000027c204f4e48: ; ImmutableOopMap {[48]=Oop [56]=Oop }
                      ;*invokeinterface accept {reexecute=0 rethrow=0 return_oop=0}
                      ; - java.util.Iterator::forEachRemaining@21 (line 133)
  0x0000027c204f4e48: c4cd 52ff 

  0x0000027c204f4e4c: ;   {metadata(method data for {method} {0x000000080013aaa0} 'forEachRemaining' '(Ljava/util/function/Consumer;)V' in 'java/util/Iterator')}
  0x0000027c204f4e4c: 48ba 405f | 5b7a 7c02 | 0000 8bb2 | d000 0000 | 83c6 0289 | b2d0 0000 | 0081 e6fe | 3f00 0083 
  0x0000027c204f4e6c: fe00 0f84 | f101 0000 | 4d8b 9740 

  0x0000027c204f4e78: ; ImmutableOopMap {[48]=Oop [56]=Oop }
                      ;*goto {reexecute=1 rethrow=0 return_oop=0}
                      ; - (reexecute) java.util.Iterator::forEachRemaining@26 (line 133)
                      ;   {poll}
  0x0000027c204f4e78: 0300 0041 

  0x0000027c204f4e7c: ;   {metadata(method data for {method} {0x000000080013aaa0} 'forEachRemaining' '(Ljava/util/function/Consumer;)V' in 'java/util/Iterator')}
  0x0000027c204f4e7c: 8502 48ba | 405f 5b7a | 7c02 0000 | ff82 e801 | 0000 488b | 5424 3048 

  0x0000027c204f4e94: ;   {metadata(method data for {method} {0x000000080013aaa0} 'forEachRemaining' '(Ljava/util/function/Consumer;)V' in 'java/util/Iterator')}
  0x0000027c204f4e94: 8bf2 48bf | 405f 5b7a | 7c02 0000 | 8b76 0849 | ba00 0000 | 0008 0000 | 0049 03f2 | 483b b730 
  0x0000027c204f4eb4: 0100 0075 | 0d48 8387 | 3801 0000 | 01e9 6600 | 0000 483b | b740 0100 | 0075 0d48 | 8387 4801 
  0x0000027c204f4ed4: 0000 01e9 | 5000 0000 | 4881 bf30 | 0100 0000 | 0000 0075 | 1748 89b7 | 3001 0000 | 48c7 8738 
  0x0000027c204f4ef4: 0100 0001 | 0000 00e9 | 2c00 0000 | 4881 bf40 | 0100 0000 | 0000 0075 | 1748 89b7 | 4001 0000 
  0x0000027c204f4f14: 48c7 8748 | 0100 0001 | 0000 00e9 | 0800 0000 | 4883 8720 | 0100 0001 | 488b f248 | 8bd6 6666 
  0x0000027c204f4f34: 9048 b8c0 | eb99 0e7c 

  0x0000027c204f4f3c: ;   {virtual_call}
  0x0000027c204f4f3c: 0200 00e8 

  0x0000027c204f4f40: ; ImmutableOopMap {[56]=Oop [48]=Oop }
                      ;*invokeinterface hasNext {reexecute=0 rethrow=0 return_oop=0}
                      ; - java.util.Iterator::forEachRemaining@6 (line 132)
  0x0000027c204f4f40: dccd 52ff 

  0x0000027c204f4f44: ;   {metadata(method data for {method} {0x000000080013aaa0} 'forEachRemaining' '(Ljava/util/function/Consumer;)V' in 'java/util/Iterator')}
  0x0000027c204f4f44: 83f8 0048 | ba40 5f5b | 7a7c 0200 | 0048 be68 | 0100 0000 | 0000 000f | 850a 0000 | 0048 be58 
  0x0000027c204f4f64: 0100 0000 | 0000 0048 | 8b3c 3248 | 8d7f 0148 | 893c 320f | 855b fdff | ff48 83c4 

  0x0000027c204f4f80: ;   {poll_return}
  0x0000027c204f4f80: 505d 493b | a738 0300 | 000f 87f7 | 0000 00c3 

  0x0000027c204f4f90: ;   {no_reloc}
  0x0000027c204f4f90: e916 0100 | 0000 0000 | 0000 498b | 87f0 0000 | 0048 8d78 | 3049 3bbf | 0001 0000 | 0f87 0301 
  0x0000027c204f4fb0: 0000 4989 | bff0 0000 | 0048 c700 | 0100 0000 | 488b ca49 | ba00 0000 | 0008 0000 | 0049 2bca 
  0x0000027c204f4fd0: 8948 0848 | 33c9 8948 | 0c48 33c9 | 4889 4810 | 4889 4818 | 4889 4820 | 4889 4828 

  0x0000027c204f4fec: ;   {metadata(method data for {method} {0x0000000800069d10} 'requireNonNull' '(Ljava/lang/Object;)Ljava/lang/Object;' in 'java/util/Objects')}
  0x0000027c204f4fec: 488b d048 | bec8 dec0 | 797c 0200 | 0048 8386 | 3001 0000 | 0148 8bd0 | 4889 4424 | 4066 0f1f 
  0x0000027c204f500c: ;   {optimized virtual_call}
  0x0000027c204f500c: 4400 00e8 

  0x0000027c204f5010: ; ImmutableOopMap {[56]=Oop [64]=Oop [48]=Oop }
                      ;*invokespecial <init> {reexecute=0 rethrow=0 return_oop=0}
                      ; - java.util.Objects::requireNonNull@8 (line 208)
                      ; - java.util.Iterator::forEachRemaining@1 (line 131)
  0x0000027c204f5010: 6c7d 47ff | 488b 4424 | 40e9 c300 

  0x0000027c204f501c: ;   {metadata({method} {0x000000080013aaa0} 'forEachRemaining' '(Ljava/util/function/Consumer;)V' in 'java/util/Iterator')}
  0x0000027c204f501c: 0000 49ba | 98aa 1300 | 0800 0000 | 4c89 5424 | 0848 c704 | 24ff ffff 

  0x0000027c204f5034: ;   {runtime_call counter_overflow Runtime1 stub}
  0x0000027c204f5034: ffe8 c678 

  0x0000027c204f5038: ; ImmutableOopMap {rdx=Oop [48]=Oop r8=Oop [56]=Oop }
                      ;*synchronization entry
                      ; - java.util.Iterator::forEachRemaining@-1 (line 131)
  0x0000027c204f5038: 52ff e91f 

  0x0000027c204f503c: ;   {metadata({method} {0x0000000800069d10} 'requireNonNull' '(Ljava/lang/Object;)Ljava/lang/Object;' in 'java/util/Objects')}
  0x0000027c204f503c: fcff ff49 | ba08 9d06 | 0008 0000 | 004c 8954 | 2408 48c7 | 0424 ffff 

  0x0000027c204f5054: ;   {runtime_call counter_overflow Runtime1 stub}
  0x0000027c204f5054: ffff e8a5 

  0x0000027c204f5058: ; ImmutableOopMap {rdx=Oop [48]=Oop r8=Oop [56]=Oop }
                      ;*synchronization entry
                      ; - java.util.Objects::requireNonNull@-1 (line 207)
                      ; - java.util.Iterator::forEachRemaining@1 (line 131)
  0x0000027c204f5058: 7852 ffe9 | 38fc ffff 

  0x0000027c204f5060: ;   {runtime_call throw_null_pointer_exception Runtime1 stub}
  0x0000027c204f5060: e8bb 1e52 

  0x0000027c204f5064: ; ImmutableOopMap {[48]=Oop rax=Oop r8=Oop [56]=Oop }
                      ;*invokeinterface accept {reexecute=0 rethrow=0 return_oop=0}
                      ; - java.util.Iterator::forEachRemaining@21 (line 133)
                      ;   {metadata({method} {0x000000080013aaa0} 'forEachRemaining' '(Ljava/util/function/Consumer;)V' in 'java/util/Iterator')}
  0x0000027c204f5064: ff49 ba98 | aa13 0008 | 0000 004c | 8954 2408 | 48c7 0424 | 1a00 0000 

  0x0000027c204f507c: ;   {runtime_call counter_overflow Runtime1 stub}
  0x0000027c204f507c: e87f 7852 

  0x0000027c204f5080: ; ImmutableOopMap {[48]=Oop [56]=Oop }
                      ;*goto {reexecute=1 rethrow=0 return_oop=0}
                      ; - (reexecute) java.util.Iterator::forEachRemaining@26 (line 133)
  0x0000027c204f5080: ffe9 eefd 

  0x0000027c204f5084: ;   {internal_word}
  0x0000027c204f5084: ffff 49ba | 824f 4f20 | 7c02 0000 | 4d89 9750 

  0x0000027c204f5094: ;   {runtime_call SafepointBlob}
  0x0000027c204f5094: 0300 00e9 | 64e3 47ff 

  0x0000027c204f509c: ;   {metadata(NULL)}
  0x0000027c204f509c: 48ba 0000 | 0000 0000 | 0000 b800 

  0x0000027c204f50a8: ;   {runtime_call load_klass_patching Runtime1 stub}
  0x0000027c204f50a8: 0f05 0ae8 

  0x0000027c204f50ac: ; ImmutableOopMap {[56]=Oop [48]=Oop }
                      ;*new {reexecute=1 rethrow=0 return_oop=0}
                      ; - (reexecute) java.util.Objects::requireNonNull@4 (line 208)
                      ; - java.util.Iterator::forEachRemaining@1 (line 131)
  0x0000027c204f50ac: d05e 52ff | e9db feff | ff48 8bd2 

  0x0000027c204f50b8: ;   {runtime_call fast_new_instance Runtime1 stub}
  0x0000027c204f50b8: e843 2752 

  0x0000027c204f50bc: ; ImmutableOopMap {[56]=Oop [48]=Oop }
                      ;*new {reexecute=0 rethrow=0 return_oop=0}
                      ; - java.util.Objects::requireNonNull@4 (line 208)
                      ; - java.util.Iterator::forEachRemaining@1 (line 131)
  0x0000027c204f50bc: ffe9 2aff | ffff 9090 | 498b 87c8 | 0300 0049 | c787 c803 | 0000 0000 | 0000 49c7 | 87d0 0300 
  0x0000027c204f50dc: 0000 0000 | 0048 83c4 

  0x0000027c204f50e4: ;   {runtime_call unwind_exception Runtime1 stub}
  0x0000027c204f50e4: 505d e915 | 1252 fff4 | f4f4 f4f4 | f4f4 f4f4 | f4f4 f4f4 | f4f4 f4f4 | f4f4 f4f4 
[Stub Code]
  0x0000027c204f5100: ;   {no_reloc}
  0x0000027c204f5100: 0f1f 4400 

  0x0000027c204f5104: ;   {static_stub}
  0x0000027c204f5104: 0048 bb00 | 0000 0000 

  0x0000027c204f510c: ;   {runtime_call}
  0x0000027c204f510c: 0000 00e9 | fbff ffff 

  0x0000027c204f5114: ;   {static_stub}
  0x0000027c204f5114: 9048 bb00 | 0000 0000 

  0x0000027c204f511c: ;   {runtime_call}
  0x0000027c204f511c: 0000 00e9 | fbff ffff 

  0x0000027c204f5124: ;   {static_stub}
  0x0000027c204f5124: 9048 bb00 | 0000 0000 

  0x0000027c204f512c: ;   {runtime_call}
  0x0000027c204f512c: 0000 00e9 | fbff ffff 

  0x0000027c204f5134: ;   {static_stub}
  0x0000027c204f5134: 9048 bb00 | 0000 0000 

  0x0000027c204f513c: ;   {runtime_call}
  0x0000027c204f513c: 0000 00e9 | fbff ffff 
[Exception Handler]
  0x0000027c204f5144: ;   {runtime_call handle_exception_from_callee Runtime1 stub}
  0x0000027c204f5144: e8b7 3b52 

  0x0000027c204f5148: ;   {external_word}
  0x0000027c204f5148: ff48 b928 | 3f46 d5f9 | 7f00 0048 

  0x0000027c204f5154: ;   {runtime_call}
  0x0000027c204f5154: 83e4 f049 | ba60 e113 | d5f9 7f00 | 0041 ffd2 

  0x0000027c204f5164: ;   {section_word}
  0x0000027c204f5164: f449 ba65 | 514f 207c | 0200 0041 

  0x0000027c204f5170: ;   {runtime_call DeoptimizationBlob}
  0x0000027c204f5170: 52e9 2ad5 | 47ff f4f4 
[/MachCode]


Compiled method (c1)    4182 2385       3       java.util.Spliterators$IteratorSpliterator::forEachRemaining (58 bytes)
 total in heap  [0x0000027c204f5810,0x0000027c204f6088] = 2168
 relocation     [0x0000027c204f5968,0x0000027c204f59e8] = 128
 main code      [0x0000027c204f5a00,0x0000027c204f5ec0] = 1216
 stub code      [0x0000027c204f5ec0,0x0000027c204f5f38] = 120
 metadata       [0x0000027c204f5f38,0x0000027c204f5f40] = 8
 scopes data    [0x0000027c204f5f40,0x0000027c204f5fa0] = 96
 scopes pcs     [0x0000027c204f5fa0,0x0000027c204f6060] = 192
 dependencies   [0x0000027c204f6060,0x0000027c204f6068] = 8
 nul chk table  [0x0000027c204f6068,0x0000027c204f6088] = 32

[Constant Pool (empty)]

[MachCode]
[Entry Point]
  # {method} {0x00000008002f4ea0} 'forEachRemaining' '(Ljava/util/function/Consumer;)V' in 'java/util/Spliterators$IteratorSpliterator'
  # this:     rdx:rdx   = 'java/util/Spliterators$IteratorSpliterator'
  # parm0:    r8:r8     = 'java/util/function/Consumer'
  #           [sp+0x60]  (sp of caller)
  0x0000027c204f5a00: 448b 5208 | 49bb 0000 | 0000 0800 | 0000 4d03 | d34c 3bd0 

  0x0000027c204f5a14: ;   {runtime_call ic_miss_stub}
  0x0000027c204f5a14: 0f85 6670 | 47ff 660f | 1f44 0000 
[Verified Entry Point]
  0x0000027c204f5a20: 8984 2400 | 90ff ff55 | 4883 ec50 | 4889 5424 

  0x0000027c204f5a30: ;   {metadata(method data for {method} {0x00000008002f4ea0} 'forEachRemaining' '(Ljava/util/function/Consumer;)V' in 'java/util/Spliterators$IteratorSpliterator')}
  0x0000027c204f5a30: 2048 be30 | 665b 7a7c | 0200 008b | becc 0000 | 0083 c702 | 89be cc00 | 0000 81e7 | fe07 0000 
  0x0000027c204f5a50: 83ff 000f | 8495 0300 | 0049 83f8 

  0x0000027c204f5a5c: ;   {metadata(method data for {method} {0x00000008002f4ea0} 'forEachRemaining' '(Ljava/util/function/Consumer;)V' in 'java/util/Spliterators$IteratorSpliterator')}
  0x0000027c204f5a5c: 0048 be30 | 665b 7a7c | 0200 0048 | bf20 0100 | 0000 0000 | 000f 840a | 0000 0048 | bf10 0100 
  0x0000027c204f5a7c: 0000 0000 | 0048 8b1c | 3e48 8d5b | 0148 891c | 3e0f 84cc | 0200 008b | 7220 48c1 | e603 4883 
  0x0000027c204f5a9c: ;   {metadata(method data for {method} {0x00000008002f4ea0} 'forEachRemaining' '(Ljava/util/function/Consumer;)V' in 'java/util/Spliterators$IteratorSpliterator')}
  0x0000027c204f5a9c: fe00 48bf | 3066 5b7a | 7c02 0000 | 48bb 4001 | 0000 0000 | 0000 0f85 | 0a00 0000 | 48bb 5001 
  0x0000027c204f5abc: 0000 0000 | 0000 488b | 041f 488d | 4001 4889 | 041f 0f85 | c601 0000 | 4c89 4424 | 288b 721c 
  0x0000027c204f5adc: 48c1 e603 

  0x0000027c204f5ae0: ; implicit exception: dispatches to 0x0000027c204f5e0f
  0x0000027c204f5ae0: 483b 0648 

  0x0000027c204f5ae4: ;   {metadata(method data for {method} {0x00000008002f4ea0} 'forEachRemaining' '(Ljava/util/function/Consumer;)V' in 'java/util/Spliterators$IteratorSpliterator')}
  0x0000027c204f5ae4: 8bfe 48bb | 3066 5b7a | 7c02 0000 | 8b7f 0849 | ba00 0000 | 0008 0000 | 0049 03fa | 483b bb70 
  0x0000027c204f5b04: 0100 0075 | 0d48 8383 | 7801 0000 | 01e9 6600 | 0000 483b | bb80 0100 | 0075 0d48 | 8383 8801 
  0x0000027c204f5b24: 0000 01e9 | 5000 0000 | 4881 bb70 | 0100 0000 | 0000 0075 | 1748 89bb | 7001 0000 | 48c7 8378 
  0x0000027c204f5b44: 0100 0001 | 0000 00e9 | 2c00 0000 | 4881 bb80 | 0100 0000 | 0000 0075 | 1748 89bb | 8001 0000 
  0x0000027c204f5b64: 48c7 8388 | 0100 0001 | 0000 00e9 | 0800 0000 | 4883 8360 | 0100 0001 | 488b d666 | 0f1f 4400 
  0x0000027c204f5b84: 0048 b8d0 | a910 0008 

  0x0000027c204f5b8c: ;   {virtual_call}
  0x0000027c204f5b8c: 0000 00e8 

  0x0000027c204f5b90: ; ImmutableOopMap {[40]=Oop [32]=Oop }
                      ;*invokeinterface iterator {reexecute=0 rethrow=0 return_oop=0}
                      ; - java.util.Spliterators$IteratorSpliterator::forEachRemaining@26 (line 1842)
  0x0000027c204f5b90: 2c34 1e07 | 410f be57 | 3883 fa00 | 488b 5424 | 200f 856d | 0200 004c | 8bd0 49c1 | ea03 4489 
  0x0000027c204f5bb0: 5220 488b | f248 33f0 | 48c1 ee18 | 4883 fe00 | 0f85 6d02 | 0000 8b72 | 1c48 c1e6 | 0348 3b06 
  0x0000027c204f5bd0: ;   {metadata(method data for {method} {0x00000008002f4ea0} 'forEachRemaining' '(Ljava/util/function/Consumer;)V' in 'java/util/Spliterators$IteratorSpliterator')}
  0x0000027c204f5bd0: 488b fe48 | bb30 665b | 7a7c 0200 | 008b 7f08 | 49ba 0000 | 0000 0800 | 0000 4903 | fa48 3bbb 
  0x0000027c204f5bf0: a801 0000 | 750d 4883 | 83b0 0100 | 0001 e966 | 0000 0048 | 3bbb b801 | 0000 750d | 4883 83c0 
  0x0000027c204f5c10: 0100 0001 | e950 0000 | 0048 81bb | a801 0000 | 0000 0000 | 7517 4889 | bba8 0100 | 0048 c783 
  0x0000027c204f5c30: b001 0000 | 0100 0000 | e92c 0000 | 0048 81bb | b801 0000 | 0000 0000 | 7517 4889 | bbb8 0100 
  0x0000027c204f5c50: 0048 c783 | c001 0000 | 0100 0000 | e908 0000 | 0048 8383 | 9801 0000 | 0148 8bd6 | 4889 4424 
  0x0000027c204f5c70: 300f 1f40 | 0048 b8d0 | a910 0008 

  0x0000027c204f5c7c: ;   {virtual_call}
  0x0000027c204f5c7c: 0000 00e8 

  0x0000027c204f5c80: ; ImmutableOopMap {[40]=Oop [32]=Oop [48]=Oop }
                      ;*invokeinterface size {reexecute=0 rethrow=0 return_oop=0}
                      ; - java.util.Spliterators$IteratorSpliterator::forEachRemaining@41 (line 1843)
  0x0000027c204f5c80: 7ccf 1e07 | 4863 c048 | 8b54 2420 | 4889 4210 | 488b 7424 | 304c 8b44 | 2428 483b | 0648 8bd6 
  0x0000027c204f5ca0: ;   {metadata(method data for {method} {0x00000008002f4ea0} 'forEachRemaining' '(Ljava/util/function/Consumer;)V' in 'java/util/Spliterators$IteratorSpliterator')}
  0x0000027c204f5ca0: 48bf 3066 | 5b7a 7c02 | 0000 8b52 | 0849 ba00 | 0000 0008 | 0000 0049 | 03d2 483b | 97e0 0100 
  0x0000027c204f5cc0: 0075 0d48 | 8387 e801 | 0000 01e9 | 6600 0000 | 483b 97f0 | 0100 0075 | 0d48 8387 | f801 0000 
  0x0000027c204f5ce0: 01e9 5000 | 0000 4881 | bfe0 0100 | 0000 0000 | 0075 1748 | 8997 e001 | 0000 48c7 | 87e8 0100 
  0x0000027c204f5d00: 0001 0000 | 00e9 2c00 | 0000 4881 | bff0 0100 | 0000 0000 | 0075 1748 | 8997 f001 | 0000 48c7 
  0x0000027c204f5d20: 87f8 0100 | 0001 0000 | 00e9 0800 | 0000 4883 | 87d0 0100 | 0001 488b | d60f 1f40 | 0048 b8a0 
  0x0000027c204f5d40: ed99 0e7c 

  0x0000027c204f5d44: ;   {virtual_call}
  0x0000027c204f5d44: 0200 00e8 

  0x0000027c204f5d48: ; ImmutableOopMap {}
                      ;*invokeinterface forEachRemaining {reexecute=0 rethrow=0 return_oop=0}
                      ; - java.util.Spliterators$IteratorSpliterator::forEachRemaining@52 (line 1845)
  0x0000027c204f5d48: 54c7 52ff | 4883 c450 

  0x0000027c204f5d50: ;   {poll_return}
  0x0000027c204f5d50: 5d49 3ba7 | 3803 0000 | 0f87 f700 | 0000 c390 

  0x0000027c204f5d60: ;   {no_reloc}
  0x0000027c204f5d60: e915 0100 | 0000 0000 | 0000 498b | 87f0 0000 | 0048 8d78 | 3049 3bbf | 0001 0000 | 0f87 0201 
  0x0000027c204f5d80: 0000 4989 | bff0 0000 | 0048 c700 | 0100 0000 | 488b ca49 | ba00 0000 | 0008 0000 | 0049 2bca 
  0x0000027c204f5da0: 8948 0848 | 33c9 8948 | 0c48 33c9 | 4889 4810 | 4889 4818 | 4889 4820 | 4889 4828 

  0x0000027c204f5dbc: ;   {metadata(method data for {method} {0x00000008002f4ea0} 'forEachRemaining' '(Ljava/util/function/Consumer;)V' in 'java/util/Spliterators$IteratorSpliterator')}
  0x0000027c204f5dbc: 488b d048 | be30 665b | 7a7c 0200 | 0048 8386 | 3001 0000 | 0148 8bd0 | 4889 4424 | 3866 0f1f 
  0x0000027c204f5ddc: ;   {optimized virtual_call}
  0x0000027c204f5ddc: 4400 00e8 

  0x0000027c204f5de0: ; ImmutableOopMap {[56]=Oop }
                      ;*invokespecial <init> {reexecute=0 rethrow=0 return_oop=0}
                      ; - java.util.Spliterators$IteratorSpliterator::forEachRemaining@8 (line 1839)
  0x0000027c204f5de0: 9c6f 47ff | 488b 4424 | 38e9 c200 

  0x0000027c204f5dec: ;   {metadata({method} {0x00000008002f4ea0} 'forEachRemaining' '(Ljava/util/function/Consumer;)V' in 'java/util/Spliterators$IteratorSpliterator')}
  0x0000027c204f5dec: 0000 49ba | 984e 2f00 | 0800 0000 | 4c89 5424 | 0848 c704 | 24ff ffff 

  0x0000027c204f5e04: ;   {runtime_call counter_overflow Runtime1 stub}
  0x0000027c204f5e04: ffe8 f66a 

  0x0000027c204f5e08: ; ImmutableOopMap {rdx=Oop [32]=Oop r8=Oop }
                      ;*synchronization entry
                      ; - java.util.Spliterators$IteratorSpliterator::forEachRemaining@-1 (line 1839)
  0x0000027c204f5e08: 52ff e94a 

  0x0000027c204f5e0c: ;   {runtime_call throw_null_pointer_exception Runtime1 stub}
  0x0000027c204f5e0c: fcff ffe8 

  0x0000027c204f5e10: ; ImmutableOopMap {[40]=Oop rdx=Oop [32]=Oop rsi=Oop }
                      ;*invokeinterface iterator {reexecute=0 rethrow=0 return_oop=0}
                      ; - java.util.Spliterators$IteratorSpliterator::forEachRemaining@26 (line 1842)
  0x0000027c204f5e10: 0c11 52ff | 8b72 2048 | c1e6 0348 | 83fe 000f | 8482 fdff | ff48 8934 

  0x0000027c204f5e28: ;   {runtime_call g1_pre_barrier_slow}
  0x0000027c204f5e28: 24e8 d270 | 52ff e974 | fdff ff48 | 83f8 000f | 8489 fdff | ff48 8914 

  0x0000027c204f5e40: ;   {runtime_call g1_post_barrier_slow}
  0x0000027c204f5e40: 24e8 ba73 | 52ff e97b 

  0x0000027c204f5e48: ;   {runtime_call throw_null_pointer_exception Runtime1 stub}
  0x0000027c204f5e48: fdff ffe8 

  0x0000027c204f5e4c: ; ImmutableOopMap {[40]=Oop rax=Oop rdx=Oop [32]=Oop rsi=Oop }
                      ;*invokeinterface size {reexecute=0 rethrow=0 return_oop=0}
                      ; - java.util.Spliterators$IteratorSpliterator::forEachRemaining@41 (line 1843)
  0x0000027c204f5e4c: d010 52ff 

  0x0000027c204f5e50: ;   {runtime_call throw_null_pointer_exception Runtime1 stub}
  0x0000027c204f5e50: e8cb 1052 

  0x0000027c204f5e54: ; ImmutableOopMap {rsi=Oop r8=Oop }
                      ;*invokeinterface forEachRemaining {reexecute=0 rethrow=0 return_oop=0}
                      ; - java.util.Spliterators$IteratorSpliterator::forEachRemaining@52 (line 1845)
                      ;   {internal_word}
  0x0000027c204f5e54: ff49 ba51 | 5d4f 207c | 0200 004d | 8997 5003 

  0x0000027c204f5e64: ;   {runtime_call SafepointBlob}
  0x0000027c204f5e64: 0000 e995 

  0x0000027c204f5e68: ;   {metadata(NULL)}
  0x0000027c204f5e68: d547 ff48 | ba00 0000 | 0000 0000 | 00b8 000f 

  0x0000027c204f5e78: ;   {runtime_call load_klass_patching Runtime1 stub}
  0x0000027c204f5e78: 050a e801 

  0x0000027c204f5e7c: ; ImmutableOopMap {}
                      ;*new {reexecute=1 rethrow=0 return_oop=0}
                      ; - (reexecute) java.util.Spliterators$IteratorSpliterator::forEachRemaining@4 (line 1839)
  0x0000027c204f5e7c: 5152 ffe9 | dcfe ffff 

  0x0000027c204f5e84: ;   {runtime_call fast_new_instance Runtime1 stub}
  0x0000027c204f5e84: 488b d2e8 

  0x0000027c204f5e88: ; ImmutableOopMap {}
                      ;*new {reexecute=0 rethrow=0 return_oop=0}
                      ; - java.util.Spliterators$IteratorSpliterator::forEachRemaining@4 (line 1839)
  0x0000027c204f5e88: 7419 52ff | e92b ffff | ff90 9049 | 8b87 c803 | 0000 49c7 | 87c8 0300 | 0000 0000 | 0049 c787 
  0x0000027c204f5ea8: d003 0000 | 0000 0000 | 4883 c450 

  0x0000027c204f5eb4: ;   {runtime_call unwind_exception Runtime1 stub}
  0x0000027c204f5eb4: 5de9 4604 | 52ff f4f4 | f4f4 f4f4 
[Stub Code]
  0x0000027c204f5ec0: ;   {no_reloc}
  0x0000027c204f5ec0: 0f1f 4400 

  0x0000027c204f5ec4: ;   {static_stub}
  0x0000027c204f5ec4: 0048 bb00 | 0000 0000 

  0x0000027c204f5ecc: ;   {runtime_call}
  0x0000027c204f5ecc: 0000 00e9 | fbff ffff 

  0x0000027c204f5ed4: ;   {static_stub}
  0x0000027c204f5ed4: 9048 bb00 | 0000 0000 

  0x0000027c204f5edc: ;   {runtime_call}
  0x0000027c204f5edc: 0000 00e9 | fbff ffff 

  0x0000027c204f5ee4: ;   {static_stub}
  0x0000027c204f5ee4: 9048 bb00 | 0000 0000 

  0x0000027c204f5eec: ;   {runtime_call}
  0x0000027c204f5eec: 0000 00e9 | fbff ffff 

  0x0000027c204f5ef4: ;   {static_stub}
  0x0000027c204f5ef4: 9048 bb00 | 0000 0000 

  0x0000027c204f5efc: ;   {runtime_call}
  0x0000027c204f5efc: 0000 00e9 | fbff ffff 
[Exception Handler]
  0x0000027c204f5f04: ;   {runtime_call handle_exception_from_callee Runtime1 stub}
  0x0000027c204f5f04: e8f7 2d52 

  0x0000027c204f5f08: ;   {external_word}
  0x0000027c204f5f08: ff48 b928 | 3f46 d5f9 | 7f00 0048 

  0x0000027c204f5f14: ;   {runtime_call}
  0x0000027c204f5f14: 83e4 f049 | ba60 e113 | d5f9 7f00 | 0041 ffd2 

  0x0000027c204f5f24: ;   {section_word}
  0x0000027c204f5f24: f449 ba25 | 5f4f 207c | 0200 0041 

  0x0000027c204f5f30: ;   {runtime_call DeoptimizationBlob}
  0x0000027c204f5f30: 52e9 6ac7 | 47ff f4f4 
[/MachCode]


---------------  P R O C E S S  ---------------

Threads class SMR info:
_java_thread_list=0x0000027c0d029990, length=17, elements={
0x0000027c13f9c4d0, 0x0000027c17711dc0, 0x0000027c17712280, 0x0000027c1771ecf0,
0x0000027c177231c0, 0x0000027c177276a0, 0x0000027c17727d70, 0x0000027c1772be70,
0x0000027c17738390, 0x0000027c177628a0, 0x0000027c17935620, 0x0000027c179368c0,
0x0000027c7e625420, 0x0000027c7eaa9d50, 0x0000027c7e3c1c90, 0x0000027c7e3c30d0,
0x0000027c7e3c0850
}

Java Threads: ( => current thread )
=>0x0000027c13f9c4d0 JavaThread "main" [_thread_in_native, id=44944, stack(0x0000009676200000,0x0000009676300000)]
  0x0000027c17711dc0 JavaThread "Reference Handler" daemon [_thread_blocked, id=51284, stack(0x0000009676d00000,0x0000009676e00000)]
  0x0000027c17712280 JavaThread "Finalizer" daemon [_thread_blocked, id=53140, stack(0x0000009676e00000,0x0000009676f00000)]
  0x0000027c1771ecf0 JavaThread "Signal Dispatcher" daemon [_thread_blocked, id=22380, stack(0x0000009676f00000,0x0000009677000000)]
  0x0000027c177231c0 JavaThread "Attach Listener" daemon [_thread_blocked, id=49188, stack(0x0000009677000000,0x0000009677100000)]
  0x0000027c177276a0 JavaThread "Service Thread" daemon [_thread_blocked, id=33600, stack(0x0000009677100000,0x0000009677200000)]
  0x0000027c17727d70 JavaThread "Monitor Deflation Thread" daemon [_thread_blocked, id=31852, stack(0x0000009677200000,0x0000009677300000)]
  0x0000027c1772be70 JavaThread "C2 CompilerThread0" daemon [_thread_blocked, id=15600, stack(0x0000009677300000,0x0000009677400000)]
  0x0000027c17738390 JavaThread "C1 CompilerThread0" daemon [_thread_blocked, id=47664, stack(0x0000009677400000,0x0000009677500000)]
  0x0000027c177628a0 JavaThread "Sweeper thread" daemon [_thread_blocked, id=42316, stack(0x0000009677500000,0x0000009677600000)]
  0x0000027c17935620 JavaThread "Notification Thread" daemon [_thread_blocked, id=34152, stack(0x0000009677800000,0x0000009677900000)]
  0x0000027c179368c0 JavaThread "Common-Cleaner" daemon [_thread_blocked, id=51348, stack(0x0000009677a00000,0x0000009677b00000)]
  0x0000027c7e625420 JavaThread "C2 CompilerThread1" daemon [_thread_blocked, id=52604, stack(0x0000009677b00000,0x0000009677c00000)]
  0x0000027c7eaa9d50 JavaThread "C2 CompilerThread2" daemon [_thread_blocked, id=24968, stack(0x0000009678500000,0x0000009678600000)]
  0x0000027c7e3c1c90 JavaThread "C2 CompilerThread3" daemon [_thread_blocked, id=11832, stack(0x0000009677d00000,0x0000009677e00000)]
  0x0000027c7e3c30d0 JavaThread "C2 CompilerThread4" daemon [_thread_blocked, id=49072, stack(0x0000009677e00000,0x0000009677f00000)]
  0x0000027c7e3c0850 JavaThread "C2 CompilerThread5" daemon [_thread_blocked, id=31600, stack(0x0000009678600000,0x0000009678700000)]

Other Threads:
  0x0000027c1757d250 VMThread "VM Thread" [stack: 0x0000009676c00000,0x0000009676d00000] [id=32892]
  0x0000027c178f5bf0 WatcherThread "VM Periodic Task Thread" [stack: 0x0000009677900000,0x0000009677a00000] [id=51656]
  0x0000027c174e7d20 WorkerThread "GC Thread#0" [stack: 0x0000009676700000,0x0000009676800000] [id=51792]
  0x0000027c7e58a5d0 WorkerThread "GC Thread#1" [stack: 0x0000009678a00000,0x0000009678b00000] [id=27932]
  0x0000027c7e58ab10 WorkerThread "GC Thread#2" [stack: 0x0000009678b00000,0x0000009678c00000] [id=52636]
  0x0000027c7e58bad0 WorkerThread "GC Thread#3" [stack: 0x0000009678c00000,0x0000009678d00000] [id=7136]
  0x0000027c7e58adb0 WorkerThread "GC Thread#4" [stack: 0x0000009678d00000,0x0000009678e00000] [id=42564]
  0x0000027c7e58b050 WorkerThread "GC Thread#5" [stack: 0x0000009678e00000,0x0000009678f00000] [id=8272]
  0x0000027c7e58b2f0 WorkerThread "GC Thread#6" [stack: 0x0000009678f00000,0x0000009679000000] [id=42496]
  0x0000027c7e58b590 WorkerThread "GC Thread#7" [stack: 0x0000009679000000,0x0000009679100000] [id=52776]
  0x0000027c7e58c010 WorkerThread "GC Thread#8" [stack: 0x0000009679100000,0x0000009679200000] [id=52108]
  0x0000027c7e589df0 WorkerThread "GC Thread#9" [stack: 0x0000009679200000,0x0000009679300000] [id=32684]
  0x0000027c7e58a330 WorkerThread "GC Thread#10" [stack: 0x0000009679300000,0x0000009679400000] [id=37364]
  0x0000027c7e58b830 WorkerThread "GC Thread#11" [stack: 0x0000009679400000,0x0000009679500000] [id=49292]
  0x0000027c7e58c2b0 WorkerThread "GC Thread#12" [stack: 0x0000009679500000,0x0000009679600000] [id=52640]
  0x0000027c7e58bd70 WorkerThread "GC Thread#13" [stack: 0x0000009679600000,0x0000009679700000] [id=7316]
  0x0000027c7e58c550 WorkerThread "GC Thread#14" [stack: 0x0000009679700000,0x0000009679800000] [id=44840]
  0x0000027c7e58c7f0 WorkerThread "GC Thread#15" [stack: 0x0000009679800000,0x0000009679900000] [id=42508]
  0x0000027c7e58ca90 WorkerThread "GC Thread#16" [stack: 0x0000009679900000,0x0000009679a00000] [id=5508]
  0x0000027c7e58cd30 WorkerThread "GC Thread#17" [stack: 0x0000009679a00000,0x0000009679b00000] [id=12380]
  0x0000027c7e589370 WorkerThread "GC Thread#18" [stack: 0x0000009679b00000,0x0000009679c00000] [id=35136]
  0x0000027c7e589610 WorkerThread "GC Thread#19" [stack: 0x0000009679c00000,0x0000009679d00000] [id=18860]
  0x0000027c7e5898b0 WorkerThread "GC Thread#20" [stack: 0x0000009679d00000,0x0000009679e00000] [id=19640]
  0x0000027c7e589b50 WorkerThread "GC Thread#21" [stack: 0x0000009679e00000,0x0000009679f00000] [id=20888]
  0x0000027c7e58a090 WorkerThread "GC Thread#22" [stack: 0x0000009679f00000,0x000000967a000000] [id=13444]
  0x0000027c174f7500 ConcurrentGCThread "G1 Main Marker" [stack: 0x0000009676800000,0x0000009676900000] [id=18036]
  0x0000027c174f8340 WorkerThread "G1 Conc#0" [stack: 0x0000009676900000,0x0000009676a00000] [id=15072]
  0x0000027c0e949e80 WorkerThread "G1 Conc#1" [stack: 0x0000009678900000,0x0000009678a00000] [id=32528]
  0x0000027c0e94a120 WorkerThread "G1 Conc#2" [stack: 0x000000967a000000,0x000000967a100000] [id=37840]
  0x0000027c0e9471e0 WorkerThread "G1 Conc#3" [stack: 0x000000967a100000,0x000000967a200000] [id=31880]
  0x0000027c0e948440 WorkerThread "G1 Conc#4" [stack: 0x000000967a200000,0x000000967a300000] [id=28796]
  0x0000027c0e949940 WorkerThread "G1 Conc#5" [stack: 0x000000967a300000,0x000000967a400000] [id=6228]
  0x0000027c17370270 ConcurrentGCThread "G1 Refine#0" [stack: 0x0000009676a00000,0x0000009676b00000] [id=30728]
  0x0000027c175a9d90 ConcurrentGCThread "G1 Service" [stack: 0x0000009676b00000,0x0000009676c00000] [id=31140]

Threads with active compile tasks:

VM state: not at safepoint (normal execution)

VM Mutex/Monitor currently owned by a thread: None

Heap address: 0x00000000a0000000, size: 30208 MB, Compressed Oops mode: Zero based, Oop shift amount: 3

CDS archive(s) mapped at: [0x0000000800000000-0x0000000800ba0000-0x0000000800ba0000), size 12189696, SharedBaseAddress: 0x0000000800000000, ArchiveRelocationMode: 0.
Compressed class space mapped at: 0x0000000800c00000-0x0000000840c00000, reserved size: 1073741824
Narrow klass base: 0x0000000800000000, Narrow klass shift: 0, Narrow klass range: 0x100000000

GC Precious Log:
 CardTable entry size: 512
 Card Set container configuration: InlinePtr #cards 3 size 8 Array Of Cards #cards 128 size 272 Howl #buckets 8 coarsen threshold 29491 Howl Bitmap #cards 4096 size 528 coarsen threshold 3686 Card regions per heap region 1 cards per card region 32768
 CPUs: 32 total, 32 available
 Memory: 127G
 Large Page Support: Disabled
 NUMA Support: Disabled
 Compressed Oops: Enabled (Zero based)
 Heap Region Size: 16M
 Heap Min Capacity: 16M
 Heap Initial Capacity: 2G
 Heap Max Capacity: 30208M
 Pre-touch: Disabled
 Parallel Workers: 23
 Concurrent Workers: 6
 Concurrent Refinement Workers: 23
 Periodic GC: Disabled

Heap:
 garbage-first heap   total 1130496K, used 209607K [0x00000000a0000000, 0x0000000800000000)
  region size 16384K, 14 young (229376K), 1 survivors (16384K)
 Metaspace       used 24042K, committed 24384K, reserved 1114112K
  class space    used 2531K, committed 2688K, reserved 1048576K

Heap Regions: E=young(eden), S=young(survivor), O=old, HS=humongous(starts), HC=humongous(continues), CS=collection set, F=free, OA=open archive, CA=closed archive, TAMS=top-at-mark-start (previous, next)
|   0|0x00000000a0000000, 0x00000000a0b73c00, 0x00000000a1000000| 71%| O|  |TAMS 0x00000000a0000000, 0x00000000a0000000| Untracked 
|   1|0x00000000a1000000, 0x00000000a1000000, 0x00000000a2000000|  0%| F|  |TAMS 0x00000000a1000000, 0x00000000a1000000| Untracked 
|   2|0x00000000a2000000, 0x00000000a2000000, 0x00000000a3000000|  0%| F|  |TAMS 0x00000000a2000000, 0x00000000a2000000| Untracked 
|   3|0x00000000a3000000, 0x00000000a3000000, 0x00000000a4000000|  0%| F|  |TAMS 0x00000000a3000000, 0x00000000a3000000| Untracked 
|   4|0x00000000a4000000, 0x00000000a4000000, 0x00000000a5000000|  0%| F|  |TAMS 0x00000000a4000000, 0x00000000a4000000| Untracked 
|   5|0x00000000a5000000, 0x00000000a5000000, 0x00000000a6000000|  0%| F|  |TAMS 0x00000000a5000000, 0x00000000a5000000| Untracked 
|   6|0x00000000a6000000, 0x00000000a6000000, 0x00000000a7000000|  0%| F|  |TAMS 0x00000000a6000000, 0x00000000a6000000| Untracked 
|   7|0x00000000a7000000, 0x00000000a7000000, 0x00000000a8000000|  0%| F|  |TAMS 0x00000000a7000000, 0x00000000a7000000| Untracked 
|   8|0x00000000a8000000, 0x00000000a8000000, 0x00000000a9000000|  0%| F|  |TAMS 0x00000000a8000000, 0x00000000a8000000| Untracked 
|   9|0x00000000a9000000, 0x00000000a9000000, 0x00000000aa000000|  0%| F|  |TAMS 0x00000000a9000000, 0x00000000a9000000| Untracked 
|  10|0x00000000aa000000, 0x00000000aa000000, 0x00000000ab000000|  0%| F|  |TAMS 0x00000000aa000000, 0x00000000aa000000| Untracked 
|  11|0x00000000ab000000, 0x00000000ab000000, 0x00000000ac000000|  0%| F|  |TAMS 0x00000000ab000000, 0x00000000ab000000| Untracked 
|  12|0x00000000ac000000, 0x00000000ac000000, 0x00000000ad000000|  0%| F|  |TAMS 0x00000000ac000000, 0x00000000ac000000| Untracked 
|  13|0x00000000ad000000, 0x00000000ad000000, 0x00000000ae000000|  0%| F|  |TAMS 0x00000000ad000000, 0x00000000ad000000| Untracked 
|  14|0x00000000ae000000, 0x00000000ae000000, 0x00000000af000000|  0%| F|  |TAMS 0x00000000ae000000, 0x00000000ae000000| Untracked 
|  15|0x00000000af000000, 0x00000000af000000, 0x00000000b0000000|  0%| F|  |TAMS 0x00000000af000000, 0x00000000af000000| Untracked 
|  16|0x00000000b0000000, 0x00000000b0000000, 0x00000000b1000000|  0%| F|  |TAMS 0x00000000b0000000, 0x00000000b0000000| Untracked 
|  17|0x00000000b1000000, 0x00000000b1000000, 0x00000000b2000000|  0%| F|  |TAMS 0x00000000b1000000, 0x00000000b1000000| Untracked 
|  18|0x00000000b2000000, 0x00000000b2000000, 0x00000000b3000000|  0%| F|  |TAMS 0x00000000b2000000, 0x00000000b2000000| Untracked 
|  19|0x00000000b3000000, 0x00000000b3000000, 0x00000000b4000000|  0%| F|  |TAMS 0x00000000b3000000, 0x00000000b3000000| Untracked 
|  20|0x00000000b4000000, 0x00000000b4000000, 0x00000000b5000000|  0%| F|  |TAMS 0x00000000b4000000, 0x00000000b4000000| Untracked 
|  21|0x00000000b5000000, 0x00000000b5000000, 0x00000000b6000000|  0%| F|  |TAMS 0x00000000b5000000, 0x00000000b5000000| Untracked 
|  22|0x00000000b6000000, 0x00000000b6000000, 0x00000000b7000000|  0%| F|  |TAMS 0x00000000b6000000, 0x00000000b6000000| Untracked 
|  23|0x00000000b7000000, 0x00000000b7000000, 0x00000000b8000000|  0%| F|  |TAMS 0x00000000b7000000, 0x00000000b7000000| Untracked 
|  24|0x00000000b8000000, 0x00000000b8000000, 0x00000000b9000000|  0%| F|  |TAMS 0x00000000b8000000, 0x00000000b8000000| Untracked 
|  25|0x00000000b9000000, 0x00000000b9000000, 0x00000000ba000000|  0%| F|  |TAMS 0x00000000b9000000, 0x00000000b9000000| Untracked 
|  26|0x00000000ba000000, 0x00000000ba000000, 0x00000000bb000000|  0%| F|  |TAMS 0x00000000ba000000, 0x00000000ba000000| Untracked 
|  27|0x00000000bb000000, 0x00000000bb000000, 0x00000000bc000000|  0%| F|  |TAMS 0x00000000bb000000, 0x00000000bb000000| Untracked 
|  28|0x00000000bc000000, 0x00000000bc13e2d0, 0x00000000bd000000|  7%| S|CS|TAMS 0x00000000bc000000, 0x00000000bc000000| Complete 
|  29|0x00000000bd000000, 0x00000000bd000000, 0x00000000be000000|  0%| F|  |TAMS 0x00000000bd000000, 0x00000000bd000000| Untracked 
|  30|0x00000000be000000, 0x00000000be000000, 0x00000000bf000000|  0%| F|  |TAMS 0x00000000be000000, 0x00000000be000000| Untracked 
|  31|0x00000000bf000000, 0x00000000bf000000, 0x00000000c0000000|  0%| F|  |TAMS 0x00000000bf000000, 0x00000000bf000000| Untracked 
|  32|0x00000000c0000000, 0x00000000c0000000, 0x00000000c1000000|  0%| F|  |TAMS 0x00000000c0000000, 0x00000000c0000000| Untracked 
|  33|0x00000000c1000000, 0x00000000c1000000, 0x00000000c2000000|  0%| F|  |TAMS 0x00000000c1000000, 0x00000000c1000000| Untracked 
|  34|0x00000000c2000000, 0x00000000c2000000, 0x00000000c3000000|  0%| F|  |TAMS 0x00000000c2000000, 0x00000000c2000000| Untracked 
|  35|0x00000000c3000000, 0x00000000c3000000, 0x00000000c4000000|  0%| F|  |TAMS 0x00000000c3000000, 0x00000000c3000000| Untracked 
|  36|0x00000000c4000000, 0x00000000c4000000, 0x00000000c5000000|  0%| F|  |TAMS 0x00000000c4000000, 0x00000000c4000000| Untracked 
|  37|0x00000000c5000000, 0x00000000c5000000, 0x00000000c6000000|  0%| F|  |TAMS 0x00000000c5000000, 0x00000000c5000000| Untracked 
|  38|0x00000000c6000000, 0x00000000c6000000, 0x00000000c7000000|  0%| F|  |TAMS 0x00000000c6000000, 0x00000000c6000000| Untracked 
|  39|0x00000000c7000000, 0x00000000c7000000, 0x00000000c8000000|  0%| F|  |TAMS 0x00000000c7000000, 0x00000000c7000000| Untracked 
|  40|0x00000000c8000000, 0x00000000c8000000, 0x00000000c9000000|  0%| F|  |TAMS 0x00000000c8000000, 0x00000000c8000000| Untracked 
|  41|0x00000000c9000000, 0x00000000c9000000, 0x00000000ca000000|  0%| F|  |TAMS 0x00000000c9000000, 0x00000000c9000000| Untracked 
|  42|0x00000000ca000000, 0x00000000ca000000, 0x00000000cb000000|  0%| F|  |TAMS 0x00000000ca000000, 0x00000000ca000000| Untracked 
|  43|0x00000000cb000000, 0x00000000cb000000, 0x00000000cc000000|  0%| F|  |TAMS 0x00000000cb000000, 0x00000000cb000000| Untracked 
|  44|0x00000000cc000000, 0x00000000cc000000, 0x00000000cd000000|  0%| F|  |TAMS 0x00000000cc000000, 0x00000000cc000000| Untracked 
|  45|0x00000000cd000000, 0x00000000cd000000, 0x00000000ce000000|  0%| F|  |TAMS 0x00000000cd000000, 0x00000000cd000000| Untracked 
|  46|0x00000000ce000000, 0x00000000ce000000, 0x00000000cf000000|  0%| F|  |TAMS 0x00000000ce000000, 0x00000000ce000000| Untracked 
|  47|0x00000000cf000000, 0x00000000cf000000, 0x00000000d0000000|  0%| F|  |TAMS 0x00000000cf000000, 0x00000000cf000000| Untracked 
|  48|0x00000000d0000000, 0x00000000d0000000, 0x00000000d1000000|  0%| F|  |TAMS 0x00000000d0000000, 0x00000000d0000000| Untracked 
|  49|0x00000000d1000000, 0x00000000d1000000, 0x00000000d2000000|  0%| F|  |TAMS 0x00000000d1000000, 0x00000000d1000000| Untracked 
|  50|0x00000000d2000000, 0x00000000d2000000, 0x00000000d3000000|  0%| F|  |TAMS 0x00000000d2000000, 0x00000000d2000000| Untracked 
|  51|0x00000000d3000000, 0x00000000d3000000, 0x00000000d4000000|  0%| F|  |TAMS 0x00000000d3000000, 0x00000000d3000000| Untracked 
|  52|0x00000000d4000000, 0x00000000d4000000, 0x00000000d5000000|  0%| F|  |TAMS 0x00000000d4000000, 0x00000000d4000000| Untracked 
|  53|0x00000000d5000000, 0x00000000d5000000, 0x00000000d6000000|  0%| F|  |TAMS 0x00000000d5000000, 0x00000000d5000000| Untracked 
|  54|0x00000000d6000000, 0x00000000d6000000, 0x00000000d7000000|  0%| F|  |TAMS 0x00000000d6000000, 0x00000000d6000000| Untracked 
|  55|0x00000000d7000000, 0x00000000d7000000, 0x00000000d8000000|  0%| F|  |TAMS 0x00000000d7000000, 0x00000000d7000000| Untracked 
|  56|0x00000000d8000000, 0x00000000d9000000, 0x00000000d9000000|100%| E|  |TAMS 0x00000000d8000000, 0x00000000d8000000| Complete 
|  57|0x00000000d9000000, 0x00000000da000000, 0x00000000da000000|100%| E|CS|TAMS 0x00000000d9000000, 0x00000000d9000000| Complete 
|  58|0x00000000da000000, 0x00000000db000000, 0x00000000db000000|100%| E|CS|TAMS 0x00000000da000000, 0x00000000da000000| Complete 
|  59|0x00000000db000000, 0x00000000dc000000, 0x00000000dc000000|100%| E|CS|TAMS 0x00000000db000000, 0x00000000db000000| Complete 
|  60|0x00000000dc000000, 0x00000000dd000000, 0x00000000dd000000|100%| E|CS|TAMS 0x00000000dc000000, 0x00000000dc000000| Complete 
|  61|0x00000000dd000000, 0x00000000de000000, 0x00000000de000000|100%| E|CS|TAMS 0x00000000dd000000, 0x00000000dd000000| Complete 
|  62|0x00000000de000000, 0x00000000df000000, 0x00000000df000000|100%| E|CS|TAMS 0x00000000de000000, 0x00000000de000000| Complete 
|  63|0x00000000df000000, 0x00000000e0000000, 0x00000000e0000000|100%| E|CS|TAMS 0x00000000df000000, 0x00000000df000000| Complete 
|  64|0x00000000e0000000, 0x00000000e1000000, 0x00000000e1000000|100%| E|CS|TAMS 0x00000000e0000000, 0x00000000e0000000| Complete 
|  65|0x00000000e1000000, 0x00000000e2000000, 0x00000000e2000000|100%| E|CS|TAMS 0x00000000e1000000, 0x00000000e1000000| Complete 
|  66|0x00000000e2000000, 0x00000000e3000000, 0x00000000e3000000|100%| E|CS|TAMS 0x00000000e2000000, 0x00000000e2000000| Complete 
| 103|0x0000000107000000, 0x0000000108000000, 0x0000000108000000|100%| E|CS|TAMS 0x0000000107000000, 0x0000000107000000| Complete 
| 127|0x000000011f000000, 0x0000000120000000, 0x0000000120000000|100%| E|CS|TAMS 0x000000011f000000, 0x000000011f000000| Complete 

Card table byte_map: [0x0000027c33a90000,0x0000027c37590000] _byte_map_base: 0x0000027c33590000

Marking Bits (Prev, Next): (CMBitMap*) 0x0000027c174e8010, (CMBitMap*) 0x0000027c174e7fd0
 Prev Bits: [0x0000027c58890000, 0x0000027c76090000)
 Next Bits: [0x0000027c3b090000, 0x0000027c58890000)

Polling page: 0x0000027c14110000

Metaspace:

Usage:
  Non-class:     21.01 MB used.
      Class:      2.47 MB used.
       Both:     23.48 MB used.

Virtual space:
  Non-class space:       64.00 MB reserved,      21.19 MB ( 33%) committed,  1 nodes.
      Class space:        1.00 GB reserved,       2.62 MB ( <1%) committed,  1 nodes.
             Both:        1.06 GB reserved,      23.81 MB (  2%) committed. 

Chunk freelists:
   Non-Class:  2.53 MB
       Class:  1.35 MB
        Both:  3.88 MB

MaxMetaspaceSize: unlimited
CompressedClassSpaceSize: 1.00 GB
Initial GC threshold: 21.00 MB
Current GC threshold: 35.12 MB
CDS: on
MetaspaceReclaimPolicy: balanced
 - commit_granule_bytes: 65536.
 - commit_granule_words: 8192.
 - virtual_space_node_default_size: 8388608.
 - enlarge_chunks_in_place: 1.
 - new_chunks_are_fully_committed: 0.
 - uncommit_free_chunks: 1.
 - use_allocation_guard: 0.


Internal statistics:

num_allocs_failed_limit: 3.
num_arena_births: 338.
num_arena_deaths: 0.
num_vsnodes_births: 2.
num_vsnodes_deaths: 0.
num_space_committed: 379.
num_space_uncommitted: 0.
num_chunks_returned_to_freelist: 3.
num_chunks_taken_from_freelist: 1053.
num_chunk_merges: 3.
num_chunk_splits: 737.
num_chunks_enlarged: 575.
num_inconsistent_stats: 0.

CodeHeap 'non-profiled nmethods': size=118848Kb used=2992Kb max_used=2992Kb free=115855Kb
 bounds [0x0000027c27510000, 0x0000027c27800000, 0x0000027c2e920000]
CodeHeap 'profiled nmethods': size=118848Kb used=6789Kb max_used=6789Kb free=112058Kb
 bounds [0x0000027c20100000, 0x0000027c207b0000, 0x0000027c27510000]
CodeHeap 'non-nmethods': size=8064Kb used=1868Kb max_used=4036Kb free=6195Kb
 bounds [0x0000027c1f920000, 0x0000027c1fd20000, 0x0000027c20100000]
 total_blobs=5277 nmethods=3914 adapters=1275
 compilation: enabled
              stopped_count=0, restarted_count=0
 full_count=0

Compilation events (20 events):
Event: 4.043 Thread 0x0000027c17738390 3910       1       javax.swing.tree.DefaultMutableTreeNode::getParent (5 bytes)
Event: 4.043 Thread 0x0000027c17738390 nmethod 3910 0x0000027c277f3390 code [0x0000027c277f3520, 0x0000027c277f35f8]
Event: 4.043 Thread 0x0000027c17738390 3911       3       java.util.Vector::elementData (7 bytes)
Event: 4.043 Thread 0x0000027c17738390 nmethod 3911 0x0000027c2079eb90 code [0x0000027c2079ed20, 0x0000027c2079ee58]
Event: 4.043 Thread 0x0000027c17738390 3912       3       java.nio.charset.CoderResult::isUnderflow (13 bytes)
Event: 4.043 Thread 0x0000027c17738390 nmethod 3912 0x0000027c2079ef10 code [0x0000027c2079f0a0, 0x0000027c2079f218]
Event: 4.048 Thread 0x0000027c7e3c0850 nmethod 3901% 0x0000027c277f3690 code [0x0000027c277f3aa0, 0x0000027c277f71f8]
Event: 4.052 Thread 0x0000027c7e625420 nmethod 3904 0x0000027c277f9790 code [0x0000027c277f9980, 0x0000027c277fad48]
Event: 4.055 Thread 0x0000027c17738390 3913       3       com.engineersbox.quanta.resources.assets.shader.Uniforms::getUniformLocation (54 bytes)
Event: 4.056 Thread 0x0000027c17738390 nmethod 3913 0x0000027c2079f290 code [0x0000027c2079f560, 0x0000027c207a06e8]
Event: 4.056 Thread 0x0000027c17738390 3914       1       org.joml.Vector3f::x (5 bytes)
Event: 4.056 Thread 0x0000027c17738390 nmethod 3914 0x0000027c277fb610 code [0x0000027c277fb7a0, 0x0000027c277fb878]
Event: 4.056 Thread 0x0000027c17738390 3915       1       org.joml.Vector3f::y (5 bytes)
Event: 4.056 Thread 0x0000027c17738390 nmethod 3915 0x0000027c277fb910 code [0x0000027c277fbaa0, 0x0000027c277fbb78]
Event: 4.056 Thread 0x0000027c17738390 3916       1       org.joml.Vector3f::z (5 bytes)
Event: 4.056 Thread 0x0000027c17738390 nmethod 3916 0x0000027c277fbc10 code [0x0000027c277fbda0, 0x0000027c277fbe78]
Event: 4.100 Thread 0x0000027c17738390 3917       3       org.lwjgl.opengl.GL20::glUniform1i (6 bytes)
Event: 4.100 Thread 0x0000027c17738390 nmethod 3917 0x0000027c207a0c90 code [0x0000027c207a0e20, 0x0000027c207a0f28]
Event: 4.100 Thread 0x0000027c17738390 3919       3       com.engineersbox.quanta.resources.assets.shader.Uniforms::setUniform (10 bytes)
Event: 4.101 Thread 0x0000027c17738390 nmethod 3919 0x0000027c207a1010 code [0x0000027c207a11c0, 0x0000027c207a1398]

GC Heap History (20 events):
Event: 0.913 GC heap before
{Heap before GC invocations=1 (full 0):
 garbage-first heap   total 2097152K, used 89022K [0x00000000a0000000, 0x0000000800000000)
  region size 16384K, 6 young (98304K), 1 survivors (16384K)
 Metaspace       used 13406K, committed 13696K, reserved 1114112K
  class space    used 1397K, committed 1536K, reserved 1048576K
}
Event: 0.916 GC heap after
{Heap after GC invocations=2 (full 0):
 garbage-first heap   total 2097152K, used 7610K [0x00000000a0000000, 0x0000000800000000)
  region size 16384K, 1 young (16384K), 1 survivors (16384K)
 Metaspace       used 13406K, committed 13696K, reserved 1114112K
  class space    used 1397K, committed 1536K, reserved 1048576K
}
Event: 1.043 GC heap before
{Heap before GC invocations=2 (full 0):
 garbage-first heap   total 2097152K, used 122298K [0x00000000a0000000, 0x0000000800000000)
  region size 16384K, 8 young (131072K), 1 survivors (16384K)
 Metaspace       used 13408K, committed 13696K, reserved 1114112K
  class space    used 1397K, committed 1536K, reserved 1048576K
}
Event: 1.047 GC heap after
{Heap after GC invocations=3 (full 0):
 garbage-first heap   total 2097152K, used 8495K [0x00000000a0000000, 0x0000000800000000)
  region size 16384K, 1 young (16384K), 1 survivors (16384K)
 Metaspace       used 13408K, committed 13696K, reserved 1114112K
  class space    used 1397K, committed 1536K, reserved 1048576K
}
Event: 1.882 GC heap before
{Heap before GC invocations=3 (full 0):
 garbage-first heap   total 2097152K, used 368943K [0x00000000a0000000, 0x0000000800000000)
  region size 16384K, 24 young (393216K), 1 survivors (16384K)
 Metaspace       used 21201K, committed 21504K, reserved 1114112K
  class space    used 2271K, committed 2432K, reserved 1048576K
}
Event: 1.887 GC heap after
{Heap after GC invocations=4 (full 0):
 garbage-first heap   total 2097152K, used 11119K [0x00000000a0000000, 0x0000000800000000)
  region size 16384K, 1 young (16384K), 1 survivors (16384K)
 Metaspace       used 21201K, committed 21504K, reserved 1114112K
  class space    used 2271K, committed 2432K, reserved 1048576K
}
Event: 2.944 GC heap before
{Heap before GC invocations=5 (full 0):
 garbage-first heap   total 114688K, used 109423K [0x00000000a0000000, 0x0000000800000000)
  region size 16384K, 7 young (114688K), 1 survivors (16384K)
 Metaspace       used 22655K, committed 22976K, reserved 1114112K
  class space    used 2418K, committed 2560K, reserved 1048576K
}
Event: 2.949 GC heap after
{Heap after GC invocations=6 (full 0):
 garbage-first heap   total 147456K, used 17706K [0x00000000a0000000, 0x0000000800000000)
  region size 16384K, 2 young (32768K), 2 survivors (32768K)
 Metaspace       used 22655K, committed 22976K, reserved 1114112K
  class space    used 2418K, committed 2560K, reserved 1048576K
}
Event: 2.970 GC heap before
{Heap before GC invocations=6 (full 0):
 garbage-first heap   total 147456K, used 66858K [0x00000000a0000000, 0x0000000800000000)
  region size 16384K, 5 young (81920K), 2 survivors (32768K)
 Metaspace       used 22664K, committed 22976K, reserved 1114112K
  class space    used 2418K, committed 2560K, reserved 1048576K
}
Event: 2.975 GC heap after
{Heap after GC invocations=7 (full 0):
 garbage-first heap   total 147456K, used 26430K [0x00000000a0000000, 0x0000000800000000)
  region size 16384K, 1 young (16384K), 1 survivors (16384K)
 Metaspace       used 22664K, committed 22976K, reserved 1114112K
  class space    used 2418K, committed 2560K, reserved 1048576K
}
Event: 3.150 GC heap before
{Heap before GC invocations=7 (full 0):
 garbage-first heap   total 147456K, used 75582K [0x00000000a0000000, 0x0000000800000000)
  region size 16384K, 5 young (81920K), 1 survivors (16384K)
 Metaspace       used 23346K, committed 23616K, reserved 1114112K
  class space    used 2493K, committed 2624K, reserved 1048576K
}
Event: 3.150 GC heap after
{Heap after GC invocations=8 (full 0):
 garbage-first heap   total 147456K, used 12683K [0x00000000a0000000, 0x0000000800000000)
  region size 16384K, 1 young (16384K), 1 survivors (16384K)
 Metaspace       used 23346K, committed 23616K, reserved 1114112K
  class space    used 2493K, committed 2624K, reserved 1048576K
}
Event: 3.207 GC heap before
{Heap before GC invocations=8 (full 0):
 garbage-first heap   total 147456K, used 78219K [0x00000000a0000000, 0x0000000800000000)
  region size 16384K, 5 young (81920K), 1 survivors (16384K)
 Metaspace       used 23350K, committed 23616K, reserved 1114112K
  class space    used 2493K, committed 2624K, reserved 1048576K
}
Event: 3.208 GC heap after
{Heap after GC invocations=9 (full 0):
 garbage-first heap   total 147456K, used 12182K [0x00000000a0000000, 0x0000000800000000)
  region size 16384K, 1 young (16384K), 1 survivors (16384K)
 Metaspace       used 23350K, committed 23616K, reserved 1114112K
  class space    used 2493K, committed 2624K, reserved 1048576K
}
Event: 3.251 GC heap before
{Heap before GC invocations=9 (full 0):
 garbage-first heap   total 147456K, used 77718K [0x00000000a0000000, 0x0000000800000000)
  region size 16384K, 5 young (81920K), 1 survivors (16384K)
 Metaspace       used 23357K, committed 23680K, reserved 1114112K
  class space    used 2493K, committed 2624K, reserved 1048576K
}
Event: 3.252 GC heap after
{Heap after GC invocations=10 (full 0):
 garbage-first heap   total 147456K, used 11981K [0x00000000a0000000, 0x0000000800000000)
  region size 16384K, 1 young (16384K), 1 survivors (16384K)
 Metaspace       used 23357K, committed 23680K, reserved 1114112K
  class space    used 2493K, committed 2624K, reserved 1048576K
}
Event: 3.297 GC heap before
{Heap before GC invocations=10 (full 0):
 garbage-first heap   total 147456K, used 77517K [0x00000000a0000000, 0x0000000800000000)
  region size 16384K, 5 young (81920K), 1 survivors (16384K)
 Metaspace       used 23358K, committed 23680K, reserved 1114112K
  class space    used 2493K, committed 2624K, reserved 1048576K
}
Event: 3.300 GC heap after
{Heap after GC invocations=11 (full 0):
 garbage-first heap   total 1130496K, used 11941K [0x00000000a0000000, 0x0000000800000000)
  region size 16384K, 1 young (16384K), 1 survivors (16384K)
 Metaspace       used 23358K, committed 23680K, reserved 1114112K
  class space    used 2493K, committed 2624K, reserved 1048576K
}
Event: 3.897 GC heap before
{Heap before GC invocations=11 (full 0):
 garbage-first heap   total 1130496K, used 667301K [0x00000000a0000000, 0x0000000800000000)
  region size 16384K, 41 young (671744K), 1 survivors (16384K)
 Metaspace       used 23359K, committed 23680K, reserved 1114112K
  class space    used 2493K, committed 2624K, reserved 1048576K
}
Event: 3.898 GC heap after
{Heap after GC invocations=12 (full 0):
 garbage-first heap   total 1130496K, used 12999K [0x00000000a0000000, 0x0000000800000000)
  region size 16384K, 1 young (16384K), 1 survivors (16384K)
 Metaspace       used 23359K, committed 23680K, reserved 1114112K
  class space    used 2493K, committed 2624K, reserved 1048576K
}

Deoptimization events (20 events):
Event: 4.037 Thread 0x0000027c13f9c4d0 Uncommon trap: trap_request=0xffffff66 fr.pc=0x0000027c27785104 relative=0x0000000000000264
Event: 4.037 Thread 0x0000027c13f9c4d0 Uncommon trap: reason=speculate_class_check action=maybe_recompile pc=0x0000027c27785104 method=java.util.ArrayList.<init>(Ljava/util/Collection;)V @ 29 c2
Event: 4.037 Thread 0x0000027c13f9c4d0 DEOPT PACKING pc=0x0000027c27785104 sp=0x00000096762fe580
Event: 4.037 Thread 0x0000027c13f9c4d0 DEOPT UNPACKING pc=0x0000027c1f9723a3 sp=0x00000096762fe530 mode 2
Event: 4.041 Thread 0x0000027c13f9c4d0 Uncommon trap: trap_request=0xffffffde fr.pc=0x0000027c277a3088 relative=0x00000000000007e8
Event: 4.041 Thread 0x0000027c13f9c4d0 Uncommon trap: reason=class_check action=maybe_recompile pc=0x0000027c277a3088 method=java.lang.String.join(Ljava/lang/CharSequence;Ljava/lang/Iterable;)Ljava/lang/String; @ 27 c2
Event: 4.041 Thread 0x0000027c13f9c4d0 DEOPT PACKING pc=0x0000027c277a3088 sp=0x00000096762fe420
Event: 4.041 Thread 0x0000027c13f9c4d0 DEOPT UNPACKING pc=0x0000027c1f9723a3 sp=0x00000096762fe3e8 mode 2
Event: 4.041 Thread 0x0000027c13f9c4d0 Uncommon trap: trap_request=0xffffff66 fr.pc=0x0000027c27785104 relative=0x0000000000000264
Event: 4.041 Thread 0x0000027c13f9c4d0 Uncommon trap: reason=speculate_class_check action=maybe_recompile pc=0x0000027c27785104 method=java.util.ArrayList.<init>(Ljava/util/Collection;)V @ 29 c2
Event: 4.041 Thread 0x0000027c13f9c4d0 DEOPT PACKING pc=0x0000027c27785104 sp=0x00000096762fe5e0
Event: 4.041 Thread 0x0000027c13f9c4d0 DEOPT UNPACKING pc=0x0000027c1f9723a3 sp=0x00000096762fe590 mode 2
Event: 4.048 Thread 0x0000027c13f9c4d0 Uncommon trap: trap_request=0xffffff45 fr.pc=0x0000027c2757e934 relative=0x0000000000001574
Event: 4.048 Thread 0x0000027c13f9c4d0 Uncommon trap: reason=unstable_if action=reinterpret pc=0x0000027c2757e934 method=java.util.concurrent.ConcurrentHashMap.transfer([Ljava/util/concurrent/ConcurrentHashMap$Node;[Ljava/util/concurrent/ConcurrentHashMap$Node;)V @ 26 c2
Event: 4.048 Thread 0x0000027c13f9c4d0 DEOPT PACKING pc=0x0000027c2757e934 sp=0x00000096762fab50
Event: 4.048 Thread 0x0000027c13f9c4d0 DEOPT UNPACKING pc=0x0000027c1f9723a3 sp=0x00000096762faac0 mode 2
Event: 4.055 Thread 0x0000027c13f9c4d0 Uncommon trap: trap_request=0xffffff45 fr.pc=0x0000027c277208f0 relative=0x0000000000000130
Event: 4.055 Thread 0x0000027c13f9c4d0 Uncommon trap: reason=unstable_if action=reinterpret pc=0x0000027c277208f0 method=org.joml.Matrix4f.mul(Lorg/joml/Matrix4fc;Lorg/joml/Matrix4f;)Lorg/joml/Matrix4f; @ 66 c2
Event: 4.055 Thread 0x0000027c13f9c4d0 DEOPT PACKING pc=0x0000027c277208f0 sp=0x00000096762feda0
Event: 4.055 Thread 0x0000027c13f9c4d0 DEOPT UNPACKING pc=0x0000027c1f9723a3 sp=0x00000096762fed38 mode 2

Classes loaded (20 events):
Event: 4.040 Loading class java/util/stream/MatchOps$1MatchSink
Event: 4.040 Loading class java/util/stream/MatchOps$1MatchSink done
Event: 4.040 Loading class java/lang/invoke/VarHandleBooleans$FieldInstanceReadWrite
Event: 4.040 Loading class java/lang/invoke/VarHandleBooleans$FieldInstanceReadOnly
Event: 4.040 Loading class java/lang/invoke/VarHandleBooleans$FieldInstanceReadOnly done
Event: 4.040 Loading class java/lang/invoke/VarHandleBooleans$FieldInstanceReadWrite done
Event: 4.040 Loading class java/lang/invoke/VarHandleBooleans$FieldStaticReadWrite
Event: 4.040 Loading class java/lang/invoke/VarHandleBooleans$FieldStaticReadOnly
Event: 4.041 Loading class java/lang/invoke/VarHandleBooleans$FieldStaticReadOnly done
Event: 4.041 Loading class java/lang/invoke/VarHandleBooleans$FieldStaticReadWrite done
Event: 4.041 Loading class java/lang/invoke/VarHandleFloats$FieldStaticReadWrite
Event: 4.041 Loading class java/lang/invoke/VarHandleFloats$FieldStaticReadOnly
Event: 4.041 Loading class java/lang/invoke/VarHandleFloats$FieldStaticReadOnly done
Event: 4.041 Loading class java/lang/invoke/VarHandleFloats$FieldStaticReadWrite done
Event: 4.041 Loading class java/lang/invoke/VarHandleReferences$FieldStaticReadWrite
Event: 4.041 Loading class java/lang/invoke/VarHandleReferences$FieldStaticReadOnly
Event: 4.041 Loading class java/lang/invoke/VarHandleReferences$FieldStaticReadOnly done
Event: 4.041 Loading class java/lang/invoke/VarHandleReferences$FieldStaticReadWrite done
Event: 4.043 Loading class java/util/Vector$1
Event: 4.043 Loading class java/util/Vector$1 done

Classes unloaded (0 events):
No events

Classes redefined (0 events):
No events

Internal exceptions (20 events):
Event: 1.798 Thread 0x0000027c13f9c4d0 Exception <a 'sun/nio/fs/WindowsException'{0x00000001089c99a8}> (0x00000001089c99a8) 
thrown [s\open\src\hotspot\share\prims\jni.cpp, line 516]
Event: 1.804 Thread 0x0000027c13f9c4d0 Exception <a 'java/lang/NoSuchMethodError'{0x00000001089e4140}: 'void java.lang.invoke.DirectMethodHandle$Holder.invokeSpecial(java.lang.Object, java.lang.Object, int)'> (0x00000001089e4140) 
thrown [s\open\src\hotspot\share\interpreter\linkResolver.cpp, line 759]
Event: 1.836 Thread 0x0000027c13f9c4d0 Exception <a 'sun/nio/fs/WindowsException'{0x0000000108a960a8}> (0x0000000108a960a8) 
thrown [s\open\src\hotspot\share\prims\jni.cpp, line 516]
Event: 1.836 Thread 0x0000027c13f9c4d0 Exception <a 'sun/nio/fs/WindowsException'{0x0000000108a96468}> (0x0000000108a96468) 
thrown [s\open\src\hotspot\share\prims\jni.cpp, line 516]
Event: 1.918 Thread 0x0000027c13f9c4d0 Exception <a 'java/lang/NoSuchMethodError'{0x00000000a48f2210}: 'void java.lang.invoke.DirectMethodHandle$Holder.invokeStatic(java.lang.Object, long)'> (0x00000000a48f2210) 
thrown [s\open\src\hotspot\share\interpreter\linkResolver.cpp, line 759]
Event: 1.942 Thread 0x0000027c13f9c4d0 Exception <a 'java/lang/NoSuchMethodError'{0x00000000a4986500}: 'double java.lang.invoke.DirectMethodHandle$Holder.invokeStaticInit(java.lang.Object, double, double)'> (0x00000000a4986500) 
thrown [s\open\src\hotspot\share\interpreter\linkResolver.cpp, line 759]
Event: 1.943 Thread 0x0000027c13f9c4d0 Exception <a 'java/lang/NoSuchMethodError'{0x00000000a498feb8}: 'double java.lang.invoke.DirectMethodHandle$Holder.invokeStaticInit(java.lang.Object, double, double, double)'> (0x00000000a498feb8) 
thrown [s\open\src\hotspot\share\interpreter\linkResolver.cpp, line 759]
Event: 1.943 Thread 0x0000027c13f9c4d0 Exception <a 'java/lang/NoSuchMethodError'{0x00000000a4996530}: 'double java.lang.invoke.DirectMethodHandle$Holder.invokeStatic(java.lang.Object, java.lang.Object)'> (0x00000000a4996530) 
thrown [s\open\src\hotspot\share\interpreter\linkResolver.cpp, line 759]
Event: 1.943 Thread 0x0000027c13f9c4d0 Exception <a 'java/lang/NoSuchMethodError'{0x00000000a4999b98}: 'double java.lang.invoke.DirectMethodHandle$Holder.invokeStaticInit(java.lang.Object, java.lang.Object)'> (0x00000000a4999b98) 
thrown [s\open\src\hotspot\share\interpreter\linkResolver.cpp, line 759]
Event: 3.001 Thread 0x0000027c13f9c4d0 Exception <a 'java/lang/NoSuchMethodError'{0x00000001078e5148}: 'int java.lang.invoke.DirectMethodHandle$Holder.invokeVirtual(java.lang.Object, java.lang.Object)'> (0x00000001078e5148) 
thrown [s\open\src\hotspot\share\interpreter\linkResolver.cpp, line 759]
Event: 3.001 Thread 0x0000027c13f9c4d0 Exception <a 'java/lang/NoSuchMethodError'{0x00000001078eb168}: 'int java.lang.invoke.DirectMethodHandle$Holder.invokeSpecialIFC(java.lang.Object, java.lang.Object, java.lang.Object)'> (0x00000001078eb168) 
thrown [s\open\src\hotspot\share\interpreter\linkResolver.cpp, line 759]
Event: 3.050 Thread 0x0000027c13f9c4d0 Exception <a 'java/lang/NoSuchMethodError'{0x00000000a577de28}: 'void java.lang.invoke.DirectMethodHandle$Holder.invokeSpecial(java.lang.Object, java.lang.Object, java.lang.Object, java.lang.Object, java.lang.Object)'> (0x00000000a577de28) 
thrown [s\open\src\hotspot\share\interpreter\linkResolver.cpp, line 759]
Event: 3.056 Thread 0x0000027c13f9c4d0 Exception <a 'sun/nio/fs/WindowsException'{0x00000000a580b8b0}> (0x00000000a580b8b0) 
thrown [s\open\src\hotspot\share\prims\jni.cpp, line 516]
Event: 3.122 Thread 0x0000027c13f9c4d0 Exception <a 'java/lang/NoSuchMethodError'{0x00000000a586c5c8}: 'void java.lang.invoke.DirectMethodHandle$Holder.invokeVirtual(java.lang.Object, java.lang.Object, long, int)'> (0x00000000a586c5c8) 
thrown [s\open\src\hotspot\share\interpreter\linkResolver.cpp, line 759]
Event: 3.122 Thread 0x0000027c13f9c4d0 Exception <a 'java/lang/NoSuchMethodError'{0x00000000a58777d8}: 'void java.lang.invoke.DirectMethodHandle$Holder.invokeVirtual(java.lang.Object, java.lang.Object, long, int, int, int)'> (0x00000000a58777d8) 
thrown [s\open\src\hotspot\share\interpreter\linkResolver.cpp, line 759]
Event: 3.123 Thread 0x0000027c13f9c4d0 Exception <a 'java/lang/NoSuchMethodError'{0x00000000a587d380}: 'void java.lang.invoke.DirectMethodHandle$Holder.invokeVirtual(java.lang.Object, java.lang.Object, long, double, double)'> (0x00000000a587d380) 
thrown [s\open\src\hotspot\share\interpreter\linkResolver.cpp, line 759]
Event: 3.127 Thread 0x0000027c13f9c4d0 Exception <a 'java/lang/NoSuchMethodError'{0x00000000a58a45e0}: 'void java.lang.invoke.DirectMethodHandle$Holder.invokeInterface(java.lang.Object, java.lang.Object)'> (0x00000000a58a45e0) 
thrown [s\open\src\hotspot\share\interpreter\linkResolver.cpp, line 759]
Event: 3.134 Thread 0x0000027c13f9c4d0 Implicit null exception at 0x0000027c2763b102 to 0x0000027c2763b4d0
Event: 3.134 Thread 0x0000027c13f9c4d0 Exception <a 'java/lang/NoSuchMethodError'{0x00000000a5900560}: 'java.lang.Object java.lang.invoke.DirectMethodHandle$Holder.invokeVirtual(java.lang.Object, java.lang.Object, java.lang.Object)'> (0x00000000a5900560) 
thrown [s\open\src\hotspot\share\interpreter\linkResolver.cpp, line 759]
Event: 4.038 Thread 0x0000027c13f9c4d0 Exception <a 'java/lang/NoSuchMethodError'{0x00000000d8d82688}: 'int java.lang.invoke.DirectMethodHandle$Holder.invokeStaticInit(java.lang.Object, int, java.lang.Object)'> (0x00000000d8d82688) 
thrown [s\open\src\hotspot\share\interpreter\linkResolver.cpp, line 759]

VM Operations (20 events):
Event: 1.890 Executing VM operation: G1Concurrent
Event: 1.891 Executing VM operation: G1Concurrent done
Event: 1.891 Executing VM operation: G1Concurrent
Event: 1.891 Executing VM operation: G1Concurrent done
Event: 2.005 Executing VM operation: ICBufferFull
Event: 2.005 Executing VM operation: ICBufferFull done
Event: 2.944 Executing VM operation: G1CollectForAllocation
Event: 2.949 Executing VM operation: G1CollectForAllocation done
Event: 2.970 Executing VM operation: G1CollectForAllocation
Event: 2.975 Executing VM operation: G1CollectForAllocation done
Event: 3.150 Executing VM operation: G1CollectForAllocation
Event: 3.150 Executing VM operation: G1CollectForAllocation done
Event: 3.207 Executing VM operation: G1CollectForAllocation
Event: 3.208 Executing VM operation: G1CollectForAllocation done
Event: 3.251 Executing VM operation: G1CollectForAllocation
Event: 3.252 Executing VM operation: G1CollectForAllocation done
Event: 3.297 Executing VM operation: G1CollectForAllocation
Event: 3.300 Executing VM operation: G1CollectForAllocation done
Event: 3.897 Executing VM operation: G1CollectForAllocation
Event: 3.898 Executing VM operation: G1CollectForAllocation done

Events (20 events):
Event: 1.866 Thread 0x0000027c0d283910 Thread exited: 0x0000027c0d283910
Event: 1.895 Thread 0x0000027c7e959030 Thread added: 0x0000027c7e959030
Event: 1.895 Thread 0x0000027c7e959530 Thread added: 0x0000027c7e959530
Event: 1.895 Thread 0x0000027c107e2c30 Thread added: 0x0000027c107e2c30
Event: 2.667 Thread 0x0000027c107e2c30 Thread exited: 0x0000027c107e2c30
Event: 2.667 Thread 0x0000027c17bf3da0 Thread exited: 0x0000027c17bf3da0
Event: 2.697 Thread 0x0000027c17bdb300 Thread exited: 0x0000027c17bdb300
Event: 2.697 Thread 0x0000027c7e959530 Thread exited: 0x0000027c7e959530
Event: 2.770 Thread 0x0000027c7e959030 Thread exited: 0x0000027c7e959030
Event: 2.873 Thread 0x0000027c7eb6b870 Thread exited: 0x0000027c7eb6b870
Event: 2.900 Thread 0x0000027c0dc4f730 Thread exited: 0x0000027c0dc4f730
Event: 2.901 Thread 0x0000027c0ce2c880 Thread exited: 0x0000027c0ce2c880
Event: 3.116 Loaded shared library C:\Users\DEG3NERAT3_\AppData\Local\Temp\imgui-java-natives_1669543731484\imgui-java64.dll
Event: 3.159 Thread 0x0000027c7e3c1c90 Thread added: 0x0000027c7e3c1c90
Event: 3.159 Thread 0x0000027c7e3c30d0 Thread added: 0x0000027c7e3c30d0
Event: 3.159 Thread 0x0000027c7e3c0850 Thread added: 0x0000027c7e3c0850
Event: 3.159 Thread 0x0000027c7e3c35e0 Thread added: 0x0000027c7e3c35e0
Event: 3.460 Thread 0x0000027c7e3c35e0 Thread exited: 0x0000027c7e3c35e0
Event: 3.874 Thread 0x0000027c17b38550 Thread exited: 0x0000027c17b38550
Event: 3.911 Thread 0x0000027c17841670 Thread exited: 0x0000027c17841670


Dynamic libraries:
0x00007ff797060000 - 0x00007ff79706e000 	C:\Users\DEG3NERAT3_\.jdks\openjdk-18.0.2.1\bin\java.exe
0x00007ffa6ffb0000 - 0x00007ffa701c4000 	C:\WINDOWS\SYSTEM32\ntdll.dll
0x00007ffa6f1b0000 - 0x00007ffa6f272000 	C:\WINDOWS\System32\KERNEL32.DLL
0x00007ffa6d580000 - 0x00007ffa6d91d000 	C:\WINDOWS\System32\KERNELBASE.dll
0x00007ffa6d990000 - 0x00007ffa6daa1000 	C:\WINDOWS\System32\ucrtbase.dll
0x00007ffa104a0000 - 0x00007ffa104b7000 	C:\Users\DEG3NERAT3_\.jdks\openjdk-18.0.2.1\bin\jli.dll
0x00007ffa0d820000 - 0x00007ffa0d83a000 	C:\Users\DEG3NERAT3_\.jdks\openjdk-18.0.2.1\bin\VCRUNTIME140.dll
0x00007ffa6df80000 - 0x00007ffa6e12a000 	C:\WINDOWS\System32\USER32.dll
0x00007ffa6d550000 - 0x00007ffa6d576000 	C:\WINDOWS\System32\win32u.dll
0x00007ffa5f4c0000 - 0x00007ffa5f74e000 	C:\WINDOWS\WinSxS\amd64_microsoft.windows.common-controls_6595b64144ccf1df_6.0.22621.608_none_a9444ca7c10bb01d\COMCTL32.dll
0x00007ffa6e710000 - 0x00007ffa6e739000 	C:\WINDOWS\System32\GDI32.dll
0x00007ffa6e920000 - 0x00007ffa6e9c7000 	C:\WINDOWS\System32\msvcrt.dll
0x00007ffa6dab0000 - 0x00007ffa6dbc2000 	C:\WINDOWS\System32\gdi32full.dll
0x00007ffa6dd10000 - 0x00007ffa6ddaa000 	C:\WINDOWS\System32\msvcp_win.dll
0x00007ffa6fdf0000 - 0x00007ffa6fe22000 	C:\WINDOWS\System32\IMM32.DLL
0x00007ff9cd010000 - 0x00007ff9d1492000 	C:\Program Files\RenderDoc\renderdoc.dll
0x00007ffa6f9e0000 - 0x00007ffa6fa51000 	C:\WINDOWS\System32\WS2_32.dll
0x00007ffa6f730000 - 0x00007ffa6f845000 	C:\WINDOWS\System32\RPCRT4.dll
0x00007ffa6fee0000 - 0x00007ffa6ff3e000 	C:\WINDOWS\System32\SHLWAPI.dll
0x00007ffa6e1a0000 - 0x00007ffa6e61a000 	C:\WINDOWS\System32\SETUPAPI.dll
0x00007ffa6f280000 - 0x00007ffa6f376000 	C:\WINDOWS\System32\COMDLG32.dll
0x00007ffa6fa60000 - 0x00007ffa6fdea000 	C:\WINDOWS\System32\combase.dll
0x00007ffa6f850000 - 0x00007ffa6f941000 	C:\WINDOWS\System32\shcore.dll
0x00007ffa6e9d0000 - 0x00007ffa6f1b0000 	C:\WINDOWS\System32\SHELL32.dll
0x00007ffa6fe30000 - 0x00007ffa6fede000 	C:\WINDOWS\System32\ADVAPI32.dll
0x00007ffa6e740000 - 0x00007ffa6e7e4000 	C:\WINDOWS\System32\sechost.dll
0x00007ffa6f420000 - 0x00007ffa6f5bc000 	C:\WINDOWS\System32\ole32.dll
0x00007ffa6e620000 - 0x00007ffa6e6f7000 	C:\WINDOWS\System32\OLEAUT32.dll
0x00007ff9ebf70000 - 0x00007ff9ebffd000 	C:\Users\DEG3NERAT3_\.jdks\openjdk-18.0.2.1\bin\MSVCP140.dll
0x00007ffa1ad70000 - 0x00007ffa1ad7c000 	C:\Users\DEG3NERAT3_\.jdks\openjdk-18.0.2.1\bin\VCRUNTIME140_1.dll
0x00007ffa499c0000 - 0x00007ffa49b30000 	C:\Program Files\RenderDoc\dbghelp.dll
0x00007ffa6c950000 - 0x00007ffa6c9b9000 	C:\WINDOWS\system32\mswsock.dll
0x00007ffa6b3b0000 - 0x00007ffa6bc75000 	C:\WINDOWS\SYSTEM32\windows.storage.dll
0x00007ffa6b270000 - 0x00007ffa6b3ae000 	C:\WINDOWS\SYSTEM32\wintypes.dll
0x00007ffa67d60000 - 0x00007ffa68146000 	C:\WINDOWS\SYSTEM32\d3dcompiler_47.dll
0x00007ffa6cc60000 - 0x00007ffa6cc7b000 	C:\WINDOWS\SYSTEM32\CRYPTSP.dll
0x00007ffa0d5f0000 - 0x00007ffa0d6f0000 	C:\WINDOWS\SYSTEM32\opengl32.dll
0x00007ffa51e60000 - 0x00007ffa51e8d000 	C:\WINDOWS\SYSTEM32\GLU32.dll
0x00007ffa6a720000 - 0x00007ffa6a756000 	C:\WINDOWS\SYSTEM32\dxcore.dll
0x00007ff9d4b70000 - 0x00007ff9d5781000 	C:\Users\DEG3NERAT3_\.jdks\openjdk-18.0.2.1\bin\server\jvm.dll
0x00007ffa6ddb0000 - 0x00007ffa6ddb8000 	C:\WINDOWS\System32\PSAPI.DLL
0x00007ffa61ac0000 - 0x00007ffa61af4000 	C:\WINDOWS\SYSTEM32\WINMM.dll
0x00007ffa46490000 - 0x00007ffa46499000 	C:\WINDOWS\SYSTEM32\WSOCK32.dll
0x00007ffa64550000 - 0x00007ffa6455a000 	C:\WINDOWS\SYSTEM32\VERSION.dll
0x00007ffa6c500000 - 0x00007ffa6c518000 	C:\WINDOWS\SYSTEM32\kernel.appcore.dll
0x00007ffa11470000 - 0x00007ffa1147a000 	C:\Users\DEG3NERAT3_\.jdks\openjdk-18.0.2.1\bin\jimage.dll
0x00007ff9ebaf0000 - 0x00007ff9ebb15000 	C:\Users\DEG3NERAT3_\.jdks\openjdk-18.0.2.1\bin\java.dll
0x00007ff9d6960000 - 0x00007ff9d6a36000 	C:\Users\DEG3NERAT3_\.jdks\openjdk-18.0.2.1\bin\jsvml.dll
0x00007ffa6d310000 - 0x00007ffa6d331000 	C:\WINDOWS\SYSTEM32\profapi.dll
0x00007ffa0d800000 - 0x00007ffa0d813000 	C:\Users\DEG3NERAT3_\.jdks\openjdk-18.0.2.1\bin\net.dll
0x00007ffa664e0000 - 0x00007ffa6660f000 	C:\WINDOWS\SYSTEM32\WINHTTP.dll
0x00007ffa0d250000 - 0x00007ffa0d266000 	C:\Users\DEG3NERAT3_\.jdks\openjdk-18.0.2.1\bin\nio.dll
0x00007ffa0ad10000 - 0x00007ffa0ad28000 	C:\Users\DEG3NERAT3_\.jdks\openjdk-18.0.2.1\bin\zip.dll
0x00007ffa61570000 - 0x00007ffa61579000 	C:\Users\DEG3NERAT3_\.jdks\openjdk-18.0.2.1\bin\management.dll
0x00007ffa61560000 - 0x00007ffa6156b000 	C:\Users\DEG3NERAT3_\.jdks\openjdk-18.0.2.1\bin\management_ext.dll
0x00007ffa54650000 - 0x00007ffa54667000 	C:\WINDOWS\system32\napinsp.dll
0x00007ffa542f0000 - 0x00007ffa5430b000 	C:\WINDOWS\system32\pnrpnsp.dll
0x00007ffa6bfb0000 - 0x00007ffa6c0a2000 	C:\WINDOWS\SYSTEM32\DNSAPI.dll
0x00007ffa6bf80000 - 0x00007ffa6bfad000 	C:\WINDOWS\SYSTEM32\IPHLPAPI.DLL
0x00007ffa6e8b0000 - 0x00007ffa6e8b9000 	C:\WINDOWS\System32\NSI.dll
0x00007ffa51a50000 - 0x00007ffa51a61000 	C:\WINDOWS\System32\winrnr.dll
0x00007ffa663f0000 - 0x00007ffa66405000 	C:\WINDOWS\system32\wshbth.dll
0x00007ffa49630000 - 0x00007ffa49651000 	C:\WINDOWS\system32\nlansp_c.dll
0x00007ffa648e0000 - 0x00007ffa648ea000 	C:\Windows\System32\rasadhlp.dll
0x00007ffa66170000 - 0x00007ffa661f3000 	C:\WINDOWS\System32\fwpuclnt.dll
0x00007ffa614e0000 - 0x00007ffa61555000 	C:\Users\DEG3NERAT3_\AppData\Local\Temp\lwjglDEG3NERAT3_\3.3.1-SNAPSHOT\lwjgl.dll
0x00007ffa53200000 - 0x00007ffa53261000 	C:\Users\DEG3NE~1\AppData\Local\Temp\lwjglDEG3NERAT3_\3.3.1-SNAPSHOT\glfw.dll
0x00007ffa61490000 - 0x00007ffa614d6000 	C:\WINDOWS\SYSTEM32\dinput8.dll
0x00007ffa569e0000 - 0x00007ffa56be1000 	C:\WINDOWS\SYSTEM32\inputhost.dll
0x00007ffa69760000 - 0x00007ffa69893000 	C:\WINDOWS\SYSTEM32\CoreMessaging.dll
0x00007ffa19170000 - 0x00007ffa19181000 	C:\WINDOWS\SYSTEM32\xinput1_4.dll
0x00007ffa6d0d0000 - 0x00007ffa6d11e000 	C:\WINDOWS\SYSTEM32\cfgmgr32.dll
0x00007ffa6d090000 - 0x00007ffa6d0c3000 	C:\WINDOWS\SYSTEM32\DEVOBJ.dll
0x00007ffa6dc90000 - 0x00007ffa6dd0b000 	C:\WINDOWS\System32\bcryptPrimitives.dll
0x00007ffa6cc40000 - 0x00007ffa6cc4c000 	C:\WINDOWS\SYSTEM32\CRYPTBASE.DLL
0x00007ffa6a6f0000 - 0x00007ffa6a71b000 	C:\WINDOWS\SYSTEM32\dwmapi.dll
0x00007ffa6a430000 - 0x00007ffa6a4db000 	C:\WINDOWS\system32\uxtheme.dll
0x00007ffa6f610000 - 0x00007ffa6f72e000 	C:\WINDOWS\System32\MSCTF.dll
0x00007ffa6e7f0000 - 0x00007ffa6e8a7000 	C:\WINDOWS\System32\clbcatq.dll
0x00007ff9c8aa0000 - 0x00007ff9cc3d1000 	C:\WINDOWS\System32\DriverStore\FileRepository\nv_dispi.inf_amd64_009debfbd2e1619b\nvoglv64.dll
0x00007ffa69f10000 - 0x00007ffa69f24000 	C:\WINDOWS\SYSTEM32\WTSAPI32.dll
0x00007ffa6cd80000 - 0x00007ffa6cda8000 	C:\WINDOWS\SYSTEM32\bcrypt.dll
0x00007ffa6d070000 - 0x00007ffa6d082000 	C:\WINDOWS\SYSTEM32\msasn1.dll
0x00007ffa645d0000 - 0x00007ffa64602000 	C:\WINDOWS\SYSTEM32\cryptnet.dll
0x00007ffa6d3e0000 - 0x00007ffa6d546000 	C:\WINDOWS\System32\CRYPT32.dll
0x00007ffa641f0000 - 0x00007ffa64348000 	C:\WINDOWS\SYSTEM32\drvstore.dll
0x00007ffa6cbc0000 - 0x00007ffa6cc08000 	C:\WINDOWS\SYSTEM32\wldp.dll
0x00007ffa6d920000 - 0x00007ffa6d989000 	C:\WINDOWS\System32\WINTRUST.dll
0x00007ffa6c520000 - 0x00007ffa6c554000 	C:\WINDOWS\SYSTEM32\ntmarta.dll
0x00007ffa2f690000 - 0x00007ffa2f95f000 	C:\WINDOWS\system32\nvspcap64.dll
0x00007ffa6c2d0000 - 0x00007ffa6c31d000 	C:\WINDOWS\SYSTEM32\powrprof.dll
0x00007ffa6c2b0000 - 0x00007ffa6c2c3000 	C:\WINDOWS\SYSTEM32\UMPDC.dll
0x00007ffa6bf10000 - 0x00007ffa6bf76000 	C:\WINDOWS\SYSTEM32\WINSTA.dll
0x00007ffa54bd0000 - 0x00007ffa54cfd000 	C:\WINDOWS\SYSTEM32\textinputframework.dll
0x00007ffa65a00000 - 0x00007ffa65d6c000 	C:\WINDOWS\SYSTEM32\CoreUIComponents.dll
0x00007ffa0b760000 - 0x00007ffa0b770000 	C:\Users\DEG3NERAT3_\.jdks\openjdk-18.0.2.1\bin\verify.dll
0x00007ffa531a0000 - 0x00007ffa531fd000 	C:\Users\DEG3NERAT3_\AppData\Local\Temp\lwjglDEG3NERAT3_\3.3.1-SNAPSHOT\lwjgl_opengl.dll
0x00007ffa49930000 - 0x00007ffa499b1000 	C:\Users\DEG3NERAT3_\AppData\Local\Temp\lwjglDEG3NERAT3_\3.3.1-SNAPSHOT\lwjgl_stb.dll
0x00007ffa32f40000 - 0x00007ffa334e9000 	C:\Users\DEG3NE~1\AppData\Local\Temp\lwjglDEG3NERAT3_\3.3.1-SNAPSHOT\assimp.dll
0x0000000064a00000 - 0x000000006578a000 	C:\Users\DEG3NERAT3_\AppData\Local\Temp\imgui-java-natives_1669543731484\imgui-java64.dll

dbghelp: loaded successfully - version: 4.0.5 - missing functions: none
symbol engine: initialization error.

VM Arguments:
jvm_args: -Dquanta.config=config/config.conf 
java_command: target/quanta-0.2.4-shaded.jar
java_class_path (initial): target/quanta-0.2.4-shaded.jar
Launcher Type: SUN_STANDARD

[Global flags]
     intx CICompilerCount                          = 15                                        {product} {ergonomic}
     uint ConcGCThreads                            = 6                                         {product} {ergonomic}
     uint G1ConcRefinementThreads                  = 23                                        {product} {ergonomic}
   size_t G1HeapRegionSize                         = 16777216                                  {product} {ergonomic}
    uintx GCDrainStackTargetSize                   = 64                                        {product} {ergonomic}
   size_t InitialHeapSize                          = 2147483648                                {product} {ergonomic}
   size_t MarkStackSize                            = 4194304                                   {product} {ergonomic}
   size_t MaxHeapSize                              = 31675383808                               {product} {ergonomic}
   size_t MaxNewSize                               = 18991808512                               {product} {ergonomic}
   size_t MinHeapDeltaBytes                        = 16777216                                  {product} {ergonomic}
   size_t MinHeapSize                              = 16777216                                  {product} {ergonomic}
    uintx NonNMethodCodeHeapSize                   = 8192380                                {pd product} {ergonomic}
    uintx NonProfiledCodeHeapSize                  = 121732930                              {pd product} {ergonomic}
    uintx ProfiledCodeHeapSize                     = 121732930                              {pd product} {ergonomic}
    uintx ReservedCodeCacheSize                    = 251658240                              {pd product} {ergonomic}
     bool SegmentedCodeCache                       = true                                      {product} {ergonomic}
   size_t SoftMaxHeapSize                          = 31675383808                            {manageable} {ergonomic}
     bool UseCompressedClassPointers               = true                           {product lp64_product} {ergonomic}
     bool UseCompressedOops                        = true                           {product lp64_product} {ergonomic}
     bool UseG1GC                                  = true                                      {product} {ergonomic}
     bool UseLargePagesIndividualAllocation        = false                                  {pd product} {ergonomic}

Logging:
Log output configuration:
 #0: stdout all=warning uptime,level,tags foldmultilines=false
 #1: stderr all=off uptime,level,tags foldmultilines=false

Environment Variables:
PATH=C:\Program Files\Common Files\Oracle\Java\javapath;C:\Program Files\NVIDIA GPU Computing Toolkit\CUDA\v11.4\bin;C:\Program Files\NVIDIA GPU Computing Toolkit\CUDA\v11.4\libnvvp;C:\Program Files (x86)\Razer Chroma SDK\bin;C:\Program Files\Razer Chroma SDK\bin;C:\Program Files (x86)\Razer\ChromaBroadcast\bin;C:\Program Files\Razer\ChromaBroadcast\bin;C:\Python27\;C:\Python27\Scripts;C:\Program Files (x86)\Common Files\Oracle\Java\javapath;C:\WINDOWS\system32;C:\WINDOWS;C:\WINDOWS\System32\Wbem;C:\WINDOWS\System32\WindowsPowerShell\v1.0\;C:\WINDOWS\System32\OpenSSH\;C:\Program Files (x86)\NVIDIA Corporation\PhysX\Common;C:\Program Files\NVIDIA Corporation\NVIDIA NvDLISR;C:\Program Files (x86)\Windows Kits\10\Windows Performance Toolkit\;C:\Program Files\Git\cmd;C:\Program Files\nodejs\;C:\ProgramData\chocolatey\bin;C:\Users\DEG3NERAT3_\AppData\Local\Programs\Python\Python38-32\Scripts\;C:\Users\DEG3NERAT3_\AppData\Local\Programs\Python\Python38-32\;C:\Users\DEG3NERAT3_\AppData\Local\Programs\Python\Python37-32\Scripts\;C:\Users\DEG3NERAT3_\AppData\Local\Programs\Python\Python37-32\;C:\Users\DEG3NERAT3_\AppData\Local\Microsoft\WindowsApps;C:\Users\DEG3NERAT3_\AppData\Local\Programs\Microsoft VS Code\bin;C:\Users\DEG3NERAT3_\AppData\Local\atom\bin;C:\Program Files\JetBrains\IntelliJ IDEA 2019.2.2\bin;C:\Users\DEG3NERAT3_\AppData\Roaming\npm;C:\WINDOWS\system32\config\systemprofile\AppData\Local\Microsoft\WindowsApps;C:\Program Files\NVIDIA Corporation\Nsight Compute 2021.2.0\;E:\cmake\bin;C:\Program Files\dotnet\;C:\Program Files\apache-maven-3.8.4\bin;;C:\Program Files\Docker\Docker\resources\bin;C:\ProgramData\DockerDesktop\version-bin;C:\Program Files\Go\bin;%SystemRoot%\system32;%SystemRoot%;%SystemRoot%\System32\Wbem;%SYSTEMROOT%\System32\WindowsPowerShell\v1.0\;%SYSTEMROOT%\System32\OpenSSH\;C:\Users\DEG3NERAT3_\.cargo\bin;C:\Users\DEG3NERAT3_\AppData\Local\Programs\Python\Python38-32\Scripts\;C:\Users\DEG3NERAT3_\AppData\Local\Programs\Python\Python38-32\;C:\Users\DEG3NERAT3_\AppData\Local\Programs\Python\Python37-32\Scripts\;C:\Users\DEG3NERAT3_\AppData\Local\Programs\Python\Python37-32\;C:\Users\DEG3NERAT3_\AppData\Local\Microsoft\WindowsApps;C:\Users\DEG3NERAT3_\AppData\Local\Programs\Microsoft VS Code\bin;C:\Users\DEG3NERAT3_\AppData\Local\atom\bin;C:\Program Files\JetBrains\IntelliJ IDEA 2019.2.2\bin;C:\Users\DEG3NERAT3_\AppData\Roaming\npm;C:\ProgramData\DEG3NERAT3_\GitHubDesktop\bin;C:\Users\DEG3NERAT3_\go\bin;C:\Users\DEG3NERAT3_\.dotnet\tools;C:\msys64\usr\bin\gcc.exe;C:\msys64\mingw64\bin;C:\Users\DEG3NERAT3_\vcpkg;C:\Program Files\qemu;;C:\Users\DEG3NERAT3_\AppData\Local\JetBrains\Toolbox\scripts;C:\Users\DEG3NERAT3_\go\bin;C:\Users\DEG3NERAT3_\AppData\Local\Microsoft\WindowsApps
USERNAME=DEG3NERAT3_
OS=Windows_NT
PROCESSOR_IDENTIFIER=AMD64 Family 25 Model 33 Stepping 0, AuthenticAMD



---------------  S Y S T E M  ---------------

OS:
 Windows 11 , 64 bit Build 22621 (10.0.22621.755)
OS uptime: 1 days 7:39 hours
Hyper-V role detected

CPU: total 32 (initial active 32) (32 cores per cpu, 2 threads per core) family 25 model 33 stepping 0 microcode 0x0, cx8, cmov, fxsr, ht, mmx, 3dnowpref, sse, sse2, sse3, ssse3, sse4a, sse4.1, sse4.2, popcnt, lzcnt, tsc, tscinvbit, avx, avx2, aes, erms, clmul, bmi1, bmi2, adx, sha, fma, vzeroupper, clflush, clflushopt, hv

Memory: 4k page, system-wide physical 130980M (108344M free)
TotalPageFile size 139172M (AvailPageFile size 111377M)
current process WorkingSet (physical memory assigned to process): 1179M, peak: 1180M
current process commit charge ("private bytes"): 3220M, peak: 3286M

vm_info: OpenJDK 64-Bit Server VM (18.0.2.1+1-1) for windows-amd64 JRE (18.0.2.1+1-1), built on Aug 16 2022 01:44:29 by "mach5one" with MS VC++ 16.8 / 16.9 (VS2019)

END.
