#
# A fatal error has been detected by the Java Runtime Environment:
#
#  EXCEPTION_ACCESS_VIOLATION (0xc0000005) at pc=0x00007ffa00530051, pid=1976, tid=36692
#
# JRE version: OpenJDK Runtime Environment (18.0.2.1+1) (build 18.0.2.1+1-1)
# Java VM: OpenJDK 64-Bit Server VM (18.0.2.1+1-1, mixed mode, sharing, tiered, compressed oops, compressed class ptrs, g1 gc, windows-amd64)
# Problematic frame:
# C  [renderdoc.dll+0x860051]  RENDERDOC_EndProfileRegion+0x68e641
#
# No core dump will be written. Minidumps are not enabled by default on client versions of Windows
#
# If you would like to submit a bug report, please visit:
#   https://bugreport.java.com/bugreport/crash.jsp
# The crash happened outside the Java Virtual Machine in native code.
# See problematic frame for where to report the bug.
#

---------------  S U M M A R Y ------------

Command Line: -Dquanta.config=config/config.conf target/quanta-0.2.4-shaded.jar

Host: AMD Ryzen 9 5950X 16-Core Processor            , 32 cores, 127G,  Windows 11 , 64 bit Build 22621 (10.0.22621.755)
Time: Sun Nov 27 18:55:51 2022 AUS Eastern Daylight Time elapsed time: 4.219738 seconds (0d 0h 0m 4s)

---------------  T H R E A D  ---------------

Current thread (0x0000026e0747e160):  JavaThread "main" [_thread_in_native, id=36692, stack(0x000000dbb6900000,0x000000dbb6a00000)]

Stack: [0x000000dbb6900000,0x000000dbb6a00000],  sp=0x000000dbb69fecf0,  free space=1019k
Native frames: (J=compiled Java code, j=interpreted, Vv=VM code, C=native code)
C  [renderdoc.dll+0x860051]  RENDERDOC_EndProfileRegion+0x68e641
C  [renderdoc.dll+0x931772]  RENDERDOC_EndProfileRegion+0x75fd62
C  [renderdoc.dll+0x75684c]  RENDERDOC_EndProfileRegion+0x584e3c
C  0x0000026e12e6d621

Java frames: (J=compiled Java code, j=interpreted, Vv=VM code)
j  org.lwjgl.opengl.GL30C.glBindFramebuffer(II)V+0
j  org.lwjgl.opengl.GL30.glBindFramebuffer(II)V+2
j  com.engineersbox.quanta.rendering.renderers.core.SSAORenderer.renderSSAOBlur(Lcom/engineersbox/quanta/rendering/RenderContext;)V+39
j  com.engineersbox.quanta.rendering.renderers.core.SSAORenderer.render(Lcom/engineersbox/quanta/rendering/RenderContext;)V+7
j  com.engineersbox.quanta.rendering.Renderer.lambda$12(Lcom/engineersbox/quanta/rendering/handler/ShaderStage;Lcom/engineersbox/quanta/rendering/RenderContext;Ljava/lang/String;Lcom/engineersbox/quanta/rendering/handler/ShaderRenderHandler;)V+89
j  com.engineersbox.quanta.rendering.Renderer$$Lambda$335+0x0000000800ea6d98.accept(Ljava/lang/Object;Ljava/lang/Object;)V+16
j  java.util.Map.forEach(Ljava/util/function/BiConsumer;)V+72 java.base@18.0.2.1
j  com.engineersbox.quanta.rendering.Renderer.lambda$11(Lcom/engineersbox/quanta/rendering/handler/ShaderStage;Lorg/apache/commons/collections4/map/LinkedMap;)V+9
j  com.engineersbox.quanta.rendering.Renderer$$Lambda$334+0x0000000800ea6b78.accept(Ljava/lang/Object;Ljava/lang/Object;)V+12
j  com.engineersbox.quanta.utils.StreamUtils.lambda$2(Ljava/util/function/BiConsumer;Lorg/apache/commons/lang3/tuple/Pair;)V+9
j  com.engineersbox.quanta.utils.StreamUtils$$Lambda$299+0x0000000800e8eca0.accept(Ljava/lang/Object;)V+8
J 2392 c1 java.util.Iterator.forEachRemaining(Ljava/util/function/Consumer;)V java.base@18.0.2.1 (30 bytes) @ 0x0000026e13a3e4cc [0x0000026e13a3e280+0x000000000000024c]
J 2391 c1 java.util.Spliterators$IteratorSpliterator.forEachRemaining(Ljava/util/function/Consumer;)V java.base@18.0.2.1 (58 bytes) @ 0x0000026e13a3f3cc [0x0000026e13a3f080+0x000000000000034c]
j  java.util.stream.ReferencePipeline$Head.forEach(Ljava/util/function/Consumer;)V+12 java.base@18.0.2.1
j  com.engineersbox.quanta.utils.StreamUtils.zipForEach(Ljava/util/stream/Stream;Ljava/util/stream/Stream;Ljava/util/function/BiConsumer;)V+42
j  com.engineersbox.quanta.rendering.Renderer.render(Lcom/engineersbox/quanta/scene/Scene;Lcom/engineersbox/quanta/core/Window;)V+46
j  com.engineersbox.quanta.core.Engine.run()V+242
j  com.engineersbox.quanta.core.Engine.start()V+6
j  com.engineersbox.quanta.test.Main.main([Ljava/lang/String;)V+20
v  ~StubRoutines::call_stub

siginfo: EXCEPTION_ACCESS_VIOLATION (0xc0000005), reading address 0x00000000000000a0


Register to memory mapping:

RIP=0x00007ffa00530051 renderdoc.dll::RENDERDOC_EndProfileRegion + 0x68e641
RAX=0x0000026e03c0b938 points into unknown readable memory: 0x0000026e01e58830 | 30 88 e5 01 6e 02 00 00
RBX=0x0000026e074d5970 points into unknown readable memory: 0x0000026e03c0b8c0 | c0 b8 c0 03 6e 02 00 00
RCX=0x0000026e03c0b940 points into unknown readable memory: 0x9302900094028600 | 00 86 02 94 00 90 02 93
RDX=0x0000026e03c0b8c0 points into unknown readable memory: 0x000000000000002e | 2e 00 00 00 00 00 00 00
RSP=0x000000dbb69fecf0 is pointing into the stack for thread: 0x0000026e0747e160
RBP=0x000000dbb69fed81 is pointing into the stack for thread: 0x0000026e0747e160
RSI=0x0000000000000de1 is an unknown value
RDI=0x0 is NULL
R8 =0x0000026e03c0b8c0 points into unknown readable memory: 0x000000000000002e | 2e 00 00 00 00 00 00 00
R9 =0x0000026e03c0b8c0 points into unknown readable memory: 0x000000000000002e | 2e 00 00 00 00 00 00 00
R10=0x0 is NULL
R11=0xf7be3f75ff98efb7 is an unknown value
R12=0x0000026e01e58830 points into unknown readable memory: 0x0067006200000000 | 00 00 00 00 62 00 67 00
R13=0x0 is NULL
R14=0x0000026e074d5620 points into unknown readable memory: 0x00007ffa00bc7268 | 68 72 bc 00 fa 7f 00 00
R15=0x0000026e074d5620 points into unknown readable memory: 0x00007ffa00bc7268 | 68 72 bc 00 fa 7f 00 00


Registers:
RAX=0x0000026e03c0b938, RBX=0x0000026e074d5970, RCX=0x0000026e03c0b940, RDX=0x0000026e03c0b8c0
RSP=0x000000dbb69fecf0, RBP=0x000000dbb69fed81, RSI=0x0000000000000de1, RDI=0x0000000000000000
R8 =0x0000026e03c0b8c0, R9 =0x0000026e03c0b8c0, R10=0x0000000000000000, R11=0xf7be3f75ff98efb7
R12=0x0000026e01e58830, R13=0x0000000000000000, R14=0x0000026e074d5620, R15=0x0000026e074d5620
RIP=0x00007ffa00530051, EFLAGS=0x0000000000010202

Top of Stack: (sp=0x000000dbb69fecf0)
0x000000dbb69fecf0:   0000026e03c0b930 000000dbb69fed81
0x000000dbb69fed00:   0000000000000de1 0000026e074d5970
0x000000dbb69fed10:   0000026e6e0fea30 0000026e0747e160
0x000000dbb69fed20:   0000026e6e0ff9fc 0000026e000000b6
0x000000dbb69fed30:   0000026e6e0ffa40 0000000000000000
0x000000dbb69fed40:   000000dbb69fedb0 00007ffa0040301d
0x000000dbb69fed50:   000000dbb69fefd8 0000026e12e79de6
0x000000dbb69fed60:   0000026e074d5620 0000026e01e58830
0x000000dbb69fed70:   000000dbb69fee40 00007ff9fff247e7
0x000000dbb69fed80:   fffffffffffffffe 0000000000000004
0x000000dbb69fed90:   fffffffffffffffe 0000026e0747e160
0x000000dbb69feda0:   0000026e074d5620 0000026e6e08a110
0x000000dbb69fedb0:   000000000000000a 00007ffa04064798
0x000000dbb69fedc0:   0000000000000de1 0000026e00acc310
0x000000dbb69fedd0:   000000dbb69fee40 00007ffa00601772
0x000000dbb69fede0:   0000026e00acc310 0000000000000000 

Instructions: (pc=0x00007ffa00530051)
0x00007ffa0052ff51:   8d 55 67 48 8b cb e8 94 0b 00 00 eb 54 48 8b 53
0x00007ffa0052ff61:   10 48 83 fa 10 72 3e 33 c0 48 8b 0b 48 85 c9 74
0x00007ffa0052ff71:   09 48 c1 e2 04 48 03 d1 eb 03 49 8b d5 88 45 5f
0x00007ffa0052ff81:   4c 8b c2 4c 2b c1 49 c1 f8 04 4c 8d 4d 5f e8 7c
0x00007ffa0052ff91:   24 00 00 c6 43 18 01 48 8d 55 67 48 8b cb e8 4c
0x00007ffa0052ffa1:   0b 00 00 eb 0c 48 8d 55 67 48 8b cb e8 0e 0a 00
0x00007ffa0052ffb1:   00 4c 8b 20 4c 89 65 e7 4d 85 e4 0f 85 9c 00 00
0x00007ffa0052ffc1:   00 41 8d 4c 24 20 e8 7c 0f 50 00 4c 8b e0 48 89
0x00007ffa0052ffd1:   45 e7 48 89 45 6f 44 89 28 4c 89 68 08 4c 89 68
0x00007ffa0052ffe1:   10 4c 89 68 18 44 38 6b 18 74 0e 48 8d 55 67 48
0x00007ffa0052fff1:   8b cb e8 f8 0a 00 00 eb 54 48 8b 53 10 48 83 fa
0x00007ffa00530001:   10 72 3e 33 c0 48 8b 0b 48 85 c9 74 09 48 c1 e2
0x00007ffa00530011:   04 48 03 d1 eb 03 49 8b d5 88 45 6f 4c 8b c2 4c
0x00007ffa00530021:   2b c1 49 c1 f8 04 4c 8d 4d 6f e8 e0 23 00 00 c6
0x00007ffa00530031:   43 18 01 48 8d 55 67 48 8b cb e8 b0 0a 00 00 eb
0x00007ffa00530041:   0c 48 8d 55 67 48 8b cb e8 72 09 00 00 4c 89 20
0x00007ffa00530051:   8b 87 a0 00 00 00 83 f0 01 41 89 04 24 8b 87 a0
0x00007ffa00530061:   00 00 00 41 39 04 24 0f 84 7f 04 00 00 41 89 04
0x00007ffa00530071:   24 49 8d 74 24 08 4c 39 6e 10 74 04 4c 89 6e 10
0x00007ffa00530081:   44 8b af bc 00 00 00 49 8b bf 70 03 00 00 48 8b
0x00007ffa00530091:   9f 88 02 00 00 8b 0d 54 f7 b1 03 ff 15 c6 62 5a
0x00007ffa005300a1:   00 48 85 c0 74 1b 48 8d 4b ff 48 3b 48 10 73 11
0x00007ffa005300b1:   48 8b 00 4c 8b 74 d8 f8 4c 89 75 bf 4d 85 f6 75
0x00007ffa005300c1:   0b 4c 8d b7 70 02 00 00 4c 89 75 bf c7 45 b7 08
0x00007ffa005300d1:   00 00 00 48 8d 55 b7 b9 df 8c 00 00 ff 15 35 c7
0x00007ffa005300e1:   b2 03 c7 45 af 02 17 00 00 33 ff 89 7d 6f 39 7d
0x00007ffa005300f1:   b7 0f 8e b2 01 00 00 41 be e0 8c 00 00 4c 8b 65
0x00007ffa00530101:   bf 0f 1f 40 00 66 66 0f 1f 84 00 00 00 00 00 4c
0x00007ffa00530111:   8d 4d 6f 41 b8 d1 8c 00 00 41 8b d6 41 8b cd ff
0x00007ffa00530121:   15 f2 d9 b2 03 83 7d 6f 00 0f 84 5f 01 00 00 4c
0x00007ffa00530131:   8d 4d af 41 b8 d0 8c 00 00 41 8b d6 41 8b cd ff
0x00007ffa00530141:   15 d2 d9 b2 03 49 8b 44 24 08 48 8d 55 cf 49 8d 


Stack slot to memory mapping:
stack at sp + 0 slots: 0x0000026e03c0b930 points into unknown readable memory: 0x0000000000000000 | 00 00 00 00 00 00 00 00
stack at sp + 1 slots: 0x000000dbb69fed81 is pointing into the stack for thread: 0x0000026e0747e160
stack at sp + 2 slots: 0x0000000000000de1 is an unknown value
stack at sp + 3 slots: 0x0000026e074d5970 points into unknown readable memory: 0x0000026e03c0b8c0 | c0 b8 c0 03 6e 02 00 00
stack at sp + 4 slots: 0x0000026e6e0fea30 is pointing into metadata
stack at sp + 5 slots: 0x0000026e0747e160 is a thread
stack at sp + 6 slots: 0x0000026e6e0ff9fc is pointing into metadata
stack at sp + 7 slots: 0x0000026e000000b6 points into unknown readable memory: ff ff


Compiled method (c1)    4283 2392       3       java.util.Iterator::forEachRemaining (30 bytes)
 total in heap  [0x0000026e13a3e090,0x0000026e13a3e958] = 2248
 relocation     [0x0000026e13a3e1e8,0x0000026e13a3e270] = 136
 main code      [0x0000026e13a3e280,0x0000026e13a3e780] = 1280
 stub code      [0x0000026e13a3e780,0x0000026e13a3e7f8] = 120
 metadata       [0x0000026e13a3e7f8,0x0000026e13a3e808] = 16
 scopes data    [0x0000026e13a3e808,0x0000026e13a3e870] = 104
 scopes pcs     [0x0000026e13a3e870,0x0000026e13a3e940] = 208
 dependencies   [0x0000026e13a3e940,0x0000026e13a3e948] = 8
 nul chk table  [0x0000026e13a3e948,0x0000026e13a3e958] = 16

[Constant Pool (empty)]

[MachCode]
[Entry Point]
  # {method} {0x000000080013aaa0} 'forEachRemaining' '(Ljava/util/function/Consumer;)V' in 'java/util/Iterator'
  # this:     rdx:rdx   = 'java/util/Iterator'
  # parm0:    r8:r8     = 'java/util/function/Consumer'
  #           [sp+0x60]  (sp of caller)
  0x0000026e13a3e280: 448b 5208 | 49bb 0000 | 0000 0800 | 0000 4d03 | d34c 3bd0 

  0x0000026e13a3e294: ;   {runtime_call ic_miss_stub}
  0x0000026e13a3e294: 0f85 e6e7 | 46ff 660f | 1f44 0000 
[Verified Entry Point]
  0x0000026e13a3e2a0: 8984 2400 | 90ff ff55 | 4883 ec50 | 4889 5424 | 304c 8944 

  0x0000026e13a3e2b4: ;   {metadata(method data for {method} {0x000000080013aaa0} 'forEachRemaining' '(Ljava/util/function/Consumer;)V' in 'java/util/Iterator')}
  0x0000026e13a3e2b4: 2438 48be | 7061 9b6d | 6e02 0000 | 8bbe cc00 | 0000 83c7 | 0289 becc | 0000 0081 | e7fe 0700 
  0x0000026e13a3e2d4: 0083 ff00 | 0f84 c003 

  0x0000026e13a3e2dc: ;   {metadata(method data for {method} {0x000000080013aaa0} 'forEachRemaining' '(Ljava/util/function/Consumer;)V' in 'java/util/Iterator')}
  0x0000026e13a3e2dc: 0000 48be | 7061 9b6d | 6e02 0000 | 4883 8610 | 0100 0001 

  0x0000026e13a3e2f0: ;   {metadata(method data for {method} {0x0000000800069d10} 'requireNonNull' '(Ljava/lang/Object;)Ljava/lang/Object;' in 'java/util/Objects')}
  0x0000026e13a3e2f0: 48be 10de | 006d 6e02 | 0000 8bbe | cc00 0000 | 83c7 0289 | becc 0000 | 0081 e7fe | ff1f 0083 
  0x0000026e13a3e310: ff00 0f84 | a703 0000 | 4983 f800 

  0x0000026e13a3e31c: ;   {metadata(method data for {method} {0x0000000800069d10} 'requireNonNull' '(Ljava/lang/Object;)Ljava/lang/Object;' in 'java/util/Objects')}
  0x0000026e13a3e31c: 48be 10de | 006d 6e02 | 0000 48bf | 1001 0000 | 0000 0000 | 0f85 0a00 | 0000 48bf | 2001 0000 
  0x0000026e13a3e33c: 0000 0000 | 488b 1c3e | 488d 5b01 | 4889 1c3e | 0f85 c101 | 0000 e9b9 | 0200 0090 | 488b 5424 
  0x0000026e13a3e35c: ;   {metadata(method data for {method} {0x000000080013aaa0} 'forEachRemaining' '(Ljava/util/function/Consumer;)V' in 'java/util/Iterator')}
  0x0000026e13a3e35c: 3048 be70 | 619b 6d6e | 0200 008b | 5208 49ba | 0000 0000 | 0800 0000 | 4903 d248 | 3b96 8801 
  0x0000026e13a3e37c: 0000 750d | 4883 8690 | 0100 0001 | e966 0000 | 0048 3b96 | 9801 0000 | 750d 4883 | 86a0 0100 
  0x0000026e13a3e39c: 0001 e950 | 0000 0048 | 81be 8801 | 0000 0000 | 0000 7517 | 4889 9688 | 0100 0048 | c786 9001 
  0x0000026e13a3e3bc: 0000 0100 | 0000 e92c | 0000 0048 | 81be 9801 | 0000 0000 | 0000 7517 | 4889 9698 | 0100 0048 
  0x0000026e13a3e3dc: c786 a001 | 0000 0100 | 0000 e908 | 0000 0048 | 8386 7801 | 0000 0148 | 8b54 2430 | 0f1f 4400 
  0x0000026e13a3e3fc: 0048 b8b0 | 2286 016e 

  0x0000026e13a3e404: ;   {virtual_call}
  0x0000026e13a3e404: 0200 00e8 

  0x0000026e13a3e408: ; ImmutableOopMap {[48]=Oop [56]=Oop }
                      ;*invokeinterface next {reexecute=0 rethrow=0 return_oop=0}
                      ; - java.util.Iterator::forEachRemaining@16 (line 133)
  0x0000026e13a3e408: cc30 52ff | 4c8b 4424 | 3849 3b00 

  0x0000026e13a3e414: ;   {metadata(method data for {method} {0x000000080013aaa0} 'forEachRemaining' '(Ljava/util/function/Consumer;)V' in 'java/util/Iterator')}
  0x0000026e13a3e414: 498b d048 | be70 619b | 6d6e 0200 | 008b 5208 | 49ba 0000 | 0000 0800 | 0000 4903 | d248 3b96 
  0x0000026e13a3e434: c001 0000 | 750d 4883 | 86c8 0100 | 0001 e966 | 0000 0048 | 3b96 d001 | 0000 750d | 4883 86d8 
  0x0000026e13a3e454: 0100 0001 | e950 0000 | 0048 81be | c001 0000 | 0000 0000 | 7517 4889 | 96c0 0100 | 0048 c786 
  0x0000026e13a3e474: c801 0000 | 0100 0000 | e92c 0000 | 0048 81be | d001 0000 | 0000 0000 | 7517 4889 | 96d0 0100 
  0x0000026e13a3e494: 0048 c786 | d801 0000 | 0100 0000 | e908 0000 | 0048 8386 | b001 0000 | 0149 8bf0 | 4c8b c048 
  0x0000026e13a3e4b4: 8bd6 0f1f | 8000 0000 | 0048 b8f0 | 17ea 006e 

  0x0000026e13a3e4c4: ;   {virtual_call}
  0x0000026e13a3e4c4: 0200 00e8 

  0x0000026e13a3e4c8: ; ImmutableOopMap {[48]=Oop [56]=Oop }
                      ;*invokeinterface accept {reexecute=0 rethrow=0 return_oop=0}
                      ; - java.util.Iterator::forEachRemaining@21 (line 133)
  0x0000026e13a3e4c8: 442e 52ff 

  0x0000026e13a3e4cc: ;   {metadata(method data for {method} {0x000000080013aaa0} 'forEachRemaining' '(Ljava/util/function/Consumer;)V' in 'java/util/Iterator')}
  0x0000026e13a3e4cc: 48ba 7061 | 9b6d 6e02 | 0000 8bb2 | d000 0000 | 83c6 0289 | b2d0 0000 | 0081 e6fe | 3f00 0083 
  0x0000026e13a3e4ec: fe00 0f84 | f101 0000 | 4d8b 9740 

  0x0000026e13a3e4f8: ; ImmutableOopMap {[48]=Oop [56]=Oop }
                      ;*goto {reexecute=1 rethrow=0 return_oop=0}
                      ; - (reexecute) java.util.Iterator::forEachRemaining@26 (line 133)
                      ;   {poll}
  0x0000026e13a3e4f8: 0300 0041 

  0x0000026e13a3e4fc: ;   {metadata(method data for {method} {0x000000080013aaa0} 'forEachRemaining' '(Ljava/util/function/Consumer;)V' in 'java/util/Iterator')}
  0x0000026e13a3e4fc: 8502 48ba | 7061 9b6d | 6e02 0000 | ff82 e801 | 0000 488b | 5424 3048 

  0x0000026e13a3e514: ;   {metadata(method data for {method} {0x000000080013aaa0} 'forEachRemaining' '(Ljava/util/function/Consumer;)V' in 'java/util/Iterator')}
  0x0000026e13a3e514: 8bf2 48bf | 7061 9b6d | 6e02 0000 | 8b76 0849 | ba00 0000 | 0008 0000 | 0049 03f2 | 483b b730 
  0x0000026e13a3e534: 0100 0075 | 0d48 8387 | 3801 0000 | 01e9 6600 | 0000 483b | b740 0100 | 0075 0d48 | 8387 4801 
  0x0000026e13a3e554: 0000 01e9 | 5000 0000 | 4881 bf30 | 0100 0000 | 0000 0075 | 1748 89b7 | 3001 0000 | 48c7 8738 
  0x0000026e13a3e574: 0100 0001 | 0000 00e9 | 2c00 0000 | 4881 bf40 | 0100 0000 | 0000 0075 | 1748 89b7 | 4001 0000 
  0x0000026e13a3e594: 48c7 8748 | 0100 0001 | 0000 00e9 | 0800 0000 | 4883 8720 | 0100 0001 | 488b f248 | 8bd6 6666 
  0x0000026e13a3e5b4: 9048 b820 | 1c86 016e 

  0x0000026e13a3e5bc: ;   {virtual_call}
  0x0000026e13a3e5bc: 0200 00e8 

  0x0000026e13a3e5c0: ; ImmutableOopMap {[56]=Oop [48]=Oop }
                      ;*invokeinterface hasNext {reexecute=0 rethrow=0 return_oop=0}
                      ; - java.util.Iterator::forEachRemaining@6 (line 132)
  0x0000026e13a3e5c0: 5c2e 52ff 

  0x0000026e13a3e5c4: ;   {metadata(method data for {method} {0x000000080013aaa0} 'forEachRemaining' '(Ljava/util/function/Consumer;)V' in 'java/util/Iterator')}
  0x0000026e13a3e5c4: 83f8 0048 | ba70 619b | 6d6e 0200 | 0048 be68 | 0100 0000 | 0000 000f | 850a 0000 | 0048 be58 
  0x0000026e13a3e5e4: 0100 0000 | 0000 0048 | 8b3c 3248 | 8d7f 0148 | 893c 320f | 855b fdff | ff48 83c4 

  0x0000026e13a3e600: ;   {poll_return}
  0x0000026e13a3e600: 505d 493b | a738 0300 | 000f 87f7 | 0000 00c3 

  0x0000026e13a3e610: ;   {no_reloc}
  0x0000026e13a3e610: e916 0100 | 0000 0000 | 0000 498b | 87f0 0000 | 0048 8d78 | 3049 3bbf | 0001 0000 | 0f87 0301 
  0x0000026e13a3e630: 0000 4989 | bff0 0000 | 0048 c700 | 0100 0000 | 488b ca49 | ba00 0000 | 0008 0000 | 0049 2bca 
  0x0000026e13a3e650: 8948 0848 | 33c9 8948 | 0c48 33c9 | 4889 4810 | 4889 4818 | 4889 4820 | 4889 4828 

  0x0000026e13a3e66c: ;   {metadata(method data for {method} {0x0000000800069d10} 'requireNonNull' '(Ljava/lang/Object;)Ljava/lang/Object;' in 'java/util/Objects')}
  0x0000026e13a3e66c: 488b d048 | be10 de00 | 6d6e 0200 | 0048 8386 | 3001 0000 | 0148 8bd0 | 4889 4424 | 4066 0f1f 
  0x0000026e13a3e68c: ;   {optimized virtual_call}
  0x0000026e13a3e68c: 4400 00e8 

  0x0000026e13a3e690: ; ImmutableOopMap {[56]=Oop [64]=Oop [48]=Oop }
                      ;*invokespecial <init> {reexecute=0 rethrow=0 return_oop=0}
                      ; - java.util.Objects::requireNonNull@8 (line 208)
                      ; - java.util.Iterator::forEachRemaining@1 (line 131)
  0x0000026e13a3e690: ece6 46ff | 488b 4424 | 40e9 c300 

  0x0000026e13a3e69c: ;   {metadata({method} {0x000000080013aaa0} 'forEachRemaining' '(Ljava/util/function/Consumer;)V' in 'java/util/Iterator')}
  0x0000026e13a3e69c: 0000 49ba | 98aa 1300 | 0800 0000 | 4c89 5424 | 0848 c704 | 24ff ffff 

  0x0000026e13a3e6b4: ;   {runtime_call counter_overflow Runtime1 stub}
  0x0000026e13a3e6b4: ffe8 46f7 

  0x0000026e13a3e6b8: ; ImmutableOopMap {rdx=Oop [48]=Oop r8=Oop [56]=Oop }
                      ;*synchronization entry
                      ; - java.util.Iterator::forEachRemaining@-1 (line 131)
  0x0000026e13a3e6b8: 51ff e91f 

  0x0000026e13a3e6bc: ;   {metadata({method} {0x0000000800069d10} 'requireNonNull' '(Ljava/lang/Object;)Ljava/lang/Object;' in 'java/util/Objects')}
  0x0000026e13a3e6bc: fcff ff49 | ba08 9d06 | 0008 0000 | 004c 8954 | 2408 48c7 | 0424 ffff 

  0x0000026e13a3e6d4: ;   {runtime_call counter_overflow Runtime1 stub}
  0x0000026e13a3e6d4: ffff e825 

  0x0000026e13a3e6d8: ; ImmutableOopMap {rdx=Oop [48]=Oop r8=Oop [56]=Oop }
                      ;*synchronization entry
                      ; - java.util.Objects::requireNonNull@-1 (line 207)
                      ; - java.util.Iterator::forEachRemaining@1 (line 131)
  0x0000026e13a3e6d8: f751 ffe9 | 38fc ffff 

  0x0000026e13a3e6e0: ;   {runtime_call throw_null_pointer_exception Runtime1 stub}
  0x0000026e13a3e6e0: e83b 8851 

  0x0000026e13a3e6e4: ; ImmutableOopMap {[48]=Oop rax=Oop r8=Oop [56]=Oop }
                      ;*invokeinterface accept {reexecute=0 rethrow=0 return_oop=0}
                      ; - java.util.Iterator::forEachRemaining@21 (line 133)
                      ;   {metadata({method} {0x000000080013aaa0} 'forEachRemaining' '(Ljava/util/function/Consumer;)V' in 'java/util/Iterator')}
  0x0000026e13a3e6e4: ff49 ba98 | aa13 0008 | 0000 004c | 8954 2408 | 48c7 0424 | 1a00 0000 

  0x0000026e13a3e6fc: ;   {runtime_call counter_overflow Runtime1 stub}
  0x0000026e13a3e6fc: e8ff f651 

  0x0000026e13a3e700: ; ImmutableOopMap {[48]=Oop [56]=Oop }
                      ;*goto {reexecute=1 rethrow=0 return_oop=0}
                      ; - (reexecute) java.util.Iterator::forEachRemaining@26 (line 133)
  0x0000026e13a3e700: ffe9 eefd 

  0x0000026e13a3e704: ;   {internal_word}
  0x0000026e13a3e704: ffff 49ba | 02e6 a313 | 6e02 0000 | 4d89 9750 

  0x0000026e13a3e714: ;   {runtime_call SafepointBlob}
  0x0000026e13a3e714: 0300 00e9 | e44c 47ff 

  0x0000026e13a3e71c: ;   {metadata(NULL)}
  0x0000026e13a3e71c: 48ba 0000 | 0000 0000 | 0000 b800 

  0x0000026e13a3e728: ;   {runtime_call load_klass_patching Runtime1 stub}
  0x0000026e13a3e728: 0f05 0ae8 

  0x0000026e13a3e72c: ; ImmutableOopMap {[56]=Oop [48]=Oop }
                      ;*new {reexecute=1 rethrow=0 return_oop=0}
                      ; - (reexecute) java.util.Objects::requireNonNull@4 (line 208)
                      ; - java.util.Iterator::forEachRemaining@1 (line 131)
  0x0000026e13a3e72c: 50e0 51ff | e9db feff | ff48 8bd2 

  0x0000026e13a3e738: ;   {runtime_call fast_new_instance Runtime1 stub}
  0x0000026e13a3e738: e8c3 9051 

  0x0000026e13a3e73c: ; ImmutableOopMap {[56]=Oop [48]=Oop }
                      ;*new {reexecute=0 rethrow=0 return_oop=0}
                      ; - java.util.Objects::requireNonNull@4 (line 208)
                      ; - java.util.Iterator::forEachRemaining@1 (line 131)
  0x0000026e13a3e73c: ffe9 2aff | ffff 9090 | 498b 87c8 | 0300 0049 | c787 c803 | 0000 0000 | 0000 49c7 | 87d0 0300 
  0x0000026e13a3e75c: 0000 0000 | 0048 83c4 

  0x0000026e13a3e764: ;   {runtime_call unwind_exception Runtime1 stub}
  0x0000026e13a3e764: 505d e915 | a848 fff4 | f4f4 f4f4 | f4f4 f4f4 | f4f4 f4f4 | f4f4 f4f4 | f4f4 f4f4 
[Stub Code]
  0x0000026e13a3e780: ;   {no_reloc}
  0x0000026e13a3e780: 0f1f 4400 

  0x0000026e13a3e784: ;   {static_stub}
  0x0000026e13a3e784: 0048 bb00 | 0000 0000 

  0x0000026e13a3e78c: ;   {runtime_call}
  0x0000026e13a3e78c: 0000 00e9 | fbff ffff 

  0x0000026e13a3e794: ;   {static_stub}
  0x0000026e13a3e794: 9048 bb00 | 0000 0000 

  0x0000026e13a3e79c: ;   {runtime_call}
  0x0000026e13a3e79c: 0000 00e9 | fbff ffff 

  0x0000026e13a3e7a4: ;   {static_stub}
  0x0000026e13a3e7a4: 9048 bb00 | 0000 0000 

  0x0000026e13a3e7ac: ;   {runtime_call}
  0x0000026e13a3e7ac: 0000 00e9 | fbff ffff 

  0x0000026e13a3e7b4: ;   {static_stub}
  0x0000026e13a3e7b4: 9048 bb00 | 0000 0000 

  0x0000026e13a3e7bc: ;   {runtime_call}
  0x0000026e13a3e7bc: 0000 00e9 | fbff ffff 
[Exception Handler]
  0x0000026e13a3e7c4: ;   {runtime_call handle_exception_from_callee Runtime1 stub}
  0x0000026e13a3e7c4: e837 ae51 

  0x0000026e13a3e7c8: ;   {external_word}
  0x0000026e13a3e7c8: ff48 b928 | 3f02 05fa | 7f00 0048 

  0x0000026e13a3e7d4: ;   {runtime_call}
  0x0000026e13a3e7d4: 83e4 f049 | ba60 e1cf | 04fa 7f00 | 0041 ffd2 

  0x0000026e13a3e7e4: ;   {section_word}
  0x0000026e13a3e7e4: f449 bae5 | e7a3 136e | 0200 0041 

  0x0000026e13a3e7f0: ;   {runtime_call DeoptimizationBlob}
  0x0000026e13a3e7f0: 52e9 aa3e | 47ff f4f4 
[/MachCode]


Compiled method (c1)    4293 2391       3       java.util.Spliterators$IteratorSpliterator::forEachRemaining (58 bytes)
 total in heap  [0x0000026e13a3ee90,0x0000026e13a3f708] = 2168
 relocation     [0x0000026e13a3efe8,0x0000026e13a3f068] = 128
 main code      [0x0000026e13a3f080,0x0000026e13a3f540] = 1216
 stub code      [0x0000026e13a3f540,0x0000026e13a3f5b8] = 120
 metadata       [0x0000026e13a3f5b8,0x0000026e13a3f5c0] = 8
 scopes data    [0x0000026e13a3f5c0,0x0000026e13a3f620] = 96
 scopes pcs     [0x0000026e13a3f620,0x0000026e13a3f6e0] = 192
 dependencies   [0x0000026e13a3f6e0,0x0000026e13a3f6e8] = 8
 nul chk table  [0x0000026e13a3f6e8,0x0000026e13a3f708] = 32

[Constant Pool (empty)]

[MachCode]
[Entry Point]
  # {method} {0x00000008002f4ea0} 'forEachRemaining' '(Ljava/util/function/Consumer;)V' in 'java/util/Spliterators$IteratorSpliterator'
  # this:     rdx:rdx   = 'java/util/Spliterators$IteratorSpliterator'
  # parm0:    r8:r8     = 'java/util/function/Consumer'
  #           [sp+0x60]  (sp of caller)
  0x0000026e13a3f080: 448b 5208 | 49bb 0000 | 0000 0800 | 0000 4d03 | d34c 3bd0 

  0x0000026e13a3f094: ;   {runtime_call ic_miss_stub}
  0x0000026e13a3f094: 0f85 e6d9 | 46ff 660f | 1f44 0000 
[Verified Entry Point]
  0x0000026e13a3f0a0: 8984 2400 | 90ff ff55 | 4883 ec50 | 4889 5424 

  0x0000026e13a3f0b0: ;   {metadata(method data for {method} {0x00000008002f4ea0} 'forEachRemaining' '(Ljava/util/function/Consumer;)V' in 'java/util/Spliterators$IteratorSpliterator')}
  0x0000026e13a3f0b0: 2048 beb8 | 639b 6d6e | 0200 008b | becc 0000 | 0083 c702 | 89be cc00 | 0000 81e7 | fe07 0000 
  0x0000026e13a3f0d0: 83ff 000f | 8495 0300 | 0049 83f8 

  0x0000026e13a3f0dc: ;   {metadata(method data for {method} {0x00000008002f4ea0} 'forEachRemaining' '(Ljava/util/function/Consumer;)V' in 'java/util/Spliterators$IteratorSpliterator')}
  0x0000026e13a3f0dc: 0048 beb8 | 639b 6d6e | 0200 0048 | bf20 0100 | 0000 0000 | 000f 840a | 0000 0048 | bf10 0100 
  0x0000026e13a3f0fc: 0000 0000 | 0048 8b1c | 3e48 8d5b | 0148 891c | 3e0f 84cc | 0200 008b | 7220 48c1 | e603 4883 
  0x0000026e13a3f11c: ;   {metadata(method data for {method} {0x00000008002f4ea0} 'forEachRemaining' '(Ljava/util/function/Consumer;)V' in 'java/util/Spliterators$IteratorSpliterator')}
  0x0000026e13a3f11c: fe00 48bf | b863 9b6d | 6e02 0000 | 48bb 4001 | 0000 0000 | 0000 0f85 | 0a00 0000 | 48bb 5001 
  0x0000026e13a3f13c: 0000 0000 | 0000 488b | 041f 488d | 4001 4889 | 041f 0f85 | c601 0000 | 4c89 4424 | 288b 721c 
  0x0000026e13a3f15c: 48c1 e603 

  0x0000026e13a3f160: ; implicit exception: dispatches to 0x0000026e13a3f48f
  0x0000026e13a3f160: 483b 0648 

  0x0000026e13a3f164: ;   {metadata(method data for {method} {0x00000008002f4ea0} 'forEachRemaining' '(Ljava/util/function/Consumer;)V' in 'java/util/Spliterators$IteratorSpliterator')}
  0x0000026e13a3f164: 8bfe 48bb | b863 9b6d | 6e02 0000 | 8b7f 0849 | ba00 0000 | 0008 0000 | 0049 03fa | 483b bb70 
  0x0000026e13a3f184: 0100 0075 | 0d48 8383 | 7801 0000 | 01e9 6600 | 0000 483b | bb80 0100 | 0075 0d48 | 8383 8801 
  0x0000026e13a3f1a4: 0000 01e9 | 5000 0000 | 4881 bb70 | 0100 0000 | 0000 0075 | 1748 89bb | 7001 0000 | 48c7 8378 
  0x0000026e13a3f1c4: 0100 0001 | 0000 00e9 | 2c00 0000 | 4881 bb80 | 0100 0000 | 0000 0075 | 1748 89bb | 8001 0000 
  0x0000026e13a3f1e4: 48c7 8388 | 0100 0001 | 0000 00e9 | 0800 0000 | 4883 8360 | 0100 0001 | 488b d666 | 0f1f 4400 
  0x0000026e13a3f204: 0048 b8d0 | a910 0008 

  0x0000026e13a3f20c: ;   {virtual_call}
  0x0000026e13a3f20c: 0000 00e8 

  0x0000026e13a3f210: ; ImmutableOopMap {[40]=Oop [32]=Oop }
                      ;*invokeinterface iterator {reexecute=0 rethrow=0 return_oop=0}
                      ; - java.util.Spliterators$IteratorSpliterator::forEachRemaining@26 (line 1842)
  0x0000026e13a3f210: acf8 1c07 | 410f be57 | 3883 fa00 | 488b 5424 | 200f 856d | 0200 004c | 8bd0 49c1 | ea03 4489 
  0x0000026e13a3f230: 5220 488b | f248 33f0 | 48c1 ee18 | 4883 fe00 | 0f85 6d02 | 0000 8b72 | 1c48 c1e6 | 0348 3b06 
  0x0000026e13a3f250: ;   {metadata(method data for {method} {0x00000008002f4ea0} 'forEachRemaining' '(Ljava/util/function/Consumer;)V' in 'java/util/Spliterators$IteratorSpliterator')}
  0x0000026e13a3f250: 488b fe48 | bbb8 639b | 6d6e 0200 | 008b 7f08 | 49ba 0000 | 0000 0800 | 0000 4903 | fa48 3bbb 
  0x0000026e13a3f270: a801 0000 | 750d 4883 | 83b0 0100 | 0001 e966 | 0000 0048 | 3bbb b801 | 0000 750d | 4883 83c0 
  0x0000026e13a3f290: 0100 0001 | e950 0000 | 0048 81bb | a801 0000 | 0000 0000 | 7517 4889 | bba8 0100 | 0048 c783 
  0x0000026e13a3f2b0: b001 0000 | 0100 0000 | e92c 0000 | 0048 81bb | b801 0000 | 0000 0000 | 7517 4889 | bbb8 0100 
  0x0000026e13a3f2d0: 0048 c783 | c001 0000 | 0100 0000 | e908 0000 | 0048 8383 | 9801 0000 | 0148 8bd6 | 4889 4424 
  0x0000026e13a3f2f0: 300f 1f40 | 0048 b8d0 | a910 0008 

  0x0000026e13a3f2fc: ;   {virtual_call}
  0x0000026e13a3f2fc: 0000 00e8 

  0x0000026e13a3f300: ; ImmutableOopMap {[40]=Oop [32]=Oop [48]=Oop }
                      ;*invokeinterface size {reexecute=0 rethrow=0 return_oop=0}
                      ; - java.util.Spliterators$IteratorSpliterator::forEachRemaining@41 (line 1843)
  0x0000026e13a3f300: 7cf2 1d07 | 4863 c048 | 8b54 2420 | 4889 4210 | 488b 7424 | 304c 8b44 | 2428 483b | 0648 8bd6 
  0x0000026e13a3f320: ;   {metadata(method data for {method} {0x00000008002f4ea0} 'forEachRemaining' '(Ljava/util/function/Consumer;)V' in 'java/util/Spliterators$IteratorSpliterator')}
  0x0000026e13a3f320: 48bf b863 | 9b6d 6e02 | 0000 8b52 | 0849 ba00 | 0000 0008 | 0000 0049 | 03d2 483b | 97e0 0100 
  0x0000026e13a3f340: 0075 0d48 | 8387 e801 | 0000 01e9 | 6600 0000 | 483b 97f0 | 0100 0075 | 0d48 8387 | f801 0000 
  0x0000026e13a3f360: 01e9 5000 | 0000 4881 | bfe0 0100 | 0000 0000 | 0075 1748 | 8997 e001 | 0000 48c7 | 87e8 0100 
  0x0000026e13a3f380: 0001 0000 | 00e9 2c00 | 0000 4881 | bff0 0100 | 0000 0000 | 0075 1748 | 8997 f001 | 0000 48c7 
  0x0000026e13a3f3a0: 87f8 0100 | 0001 0000 | 00e9 0800 | 0000 4883 | 87d0 0100 | 0001 488b | d60f 1f40 | 0048 b890 
  0x0000026e13a3f3c0: 2486 016e 

  0x0000026e13a3f3c4: ;   {virtual_call}
  0x0000026e13a3f3c4: 0200 00e8 

  0x0000026e13a3f3c8: ; ImmutableOopMap {}
                      ;*invokeinterface forEachRemaining {reexecute=0 rethrow=0 return_oop=0}
                      ; - java.util.Spliterators$IteratorSpliterator::forEachRemaining@52 (line 1845)
  0x0000026e13a3f3c8: d427 52ff | 4883 c450 

  0x0000026e13a3f3d0: ;   {poll_return}
  0x0000026e13a3f3d0: 5d49 3ba7 | 3803 0000 | 0f87 f700 | 0000 c390 

  0x0000026e13a3f3e0: ;   {no_reloc}
  0x0000026e13a3f3e0: e915 0100 | 0000 0000 | 0000 498b | 87f0 0000 | 0048 8d78 | 3049 3bbf | 0001 0000 | 0f87 0201 
  0x0000026e13a3f400: 0000 4989 | bff0 0000 | 0048 c700 | 0100 0000 | 488b ca49 | ba00 0000 | 0008 0000 | 0049 2bca 
  0x0000026e13a3f420: 8948 0848 | 33c9 8948 | 0c48 33c9 | 4889 4810 | 4889 4818 | 4889 4820 | 4889 4828 

  0x0000026e13a3f43c: ;   {metadata(method data for {method} {0x00000008002f4ea0} 'forEachRemaining' '(Ljava/util/function/Consumer;)V' in 'java/util/Spliterators$IteratorSpliterator')}
  0x0000026e13a3f43c: 488b d048 | beb8 639b | 6d6e 0200 | 0048 8386 | 3001 0000 | 0148 8bd0 | 4889 4424 | 3866 0f1f 
  0x0000026e13a3f45c: ;   {optimized virtual_call}
  0x0000026e13a3f45c: 4400 00e8 

  0x0000026e13a3f460: ; ImmutableOopMap {[56]=Oop }
                      ;*invokespecial <init> {reexecute=0 rethrow=0 return_oop=0}
                      ; - java.util.Spliterators$IteratorSpliterator::forEachRemaining@8 (line 1839)
  0x0000026e13a3f460: 1cd9 46ff | 488b 4424 | 38e9 c200 

  0x0000026e13a3f46c: ;   {metadata({method} {0x00000008002f4ea0} 'forEachRemaining' '(Ljava/util/function/Consumer;)V' in 'java/util/Spliterators$IteratorSpliterator')}
  0x0000026e13a3f46c: 0000 49ba | 984e 2f00 | 0800 0000 | 4c89 5424 | 0848 c704 | 24ff ffff 

  0x0000026e13a3f484: ;   {runtime_call counter_overflow Runtime1 stub}
  0x0000026e13a3f484: ffe8 76e9 

  0x0000026e13a3f488: ; ImmutableOopMap {rdx=Oop [32]=Oop r8=Oop }
                      ;*synchronization entry
                      ; - java.util.Spliterators$IteratorSpliterator::forEachRemaining@-1 (line 1839)
  0x0000026e13a3f488: 51ff e94a 

  0x0000026e13a3f48c: ;   {runtime_call throw_null_pointer_exception Runtime1 stub}
  0x0000026e13a3f48c: fcff ffe8 

  0x0000026e13a3f490: ; ImmutableOopMap {[40]=Oop rdx=Oop [32]=Oop rsi=Oop }
                      ;*invokeinterface iterator {reexecute=0 rethrow=0 return_oop=0}
                      ; - java.util.Spliterators$IteratorSpliterator::forEachRemaining@26 (line 1842)
  0x0000026e13a3f490: 8c7a 51ff | 8b72 2048 | c1e6 0348 | 83fe 000f | 8482 fdff | ff48 8934 

  0x0000026e13a3f4a8: ;   {runtime_call g1_pre_barrier_slow}
  0x0000026e13a3f4a8: 24e8 52ef | 51ff e974 | fdff ff48 | 83f8 000f | 8489 fdff | ff48 8914 

  0x0000026e13a3f4c0: ;   {runtime_call g1_post_barrier_slow}
  0x0000026e13a3f4c0: 24e8 3af2 | 51ff e97b 

  0x0000026e13a3f4c8: ;   {runtime_call throw_null_pointer_exception Runtime1 stub}
  0x0000026e13a3f4c8: fdff ffe8 

  0x0000026e13a3f4cc: ; ImmutableOopMap {[40]=Oop rax=Oop rdx=Oop [32]=Oop rsi=Oop }
                      ;*invokeinterface size {reexecute=0 rethrow=0 return_oop=0}
                      ; - java.util.Spliterators$IteratorSpliterator::forEachRemaining@41 (line 1843)
  0x0000026e13a3f4cc: 507a 51ff 

  0x0000026e13a3f4d0: ;   {runtime_call throw_null_pointer_exception Runtime1 stub}
  0x0000026e13a3f4d0: e84b 7a51 

  0x0000026e13a3f4d4: ; ImmutableOopMap {rsi=Oop r8=Oop }
                      ;*invokeinterface forEachRemaining {reexecute=0 rethrow=0 return_oop=0}
                      ; - java.util.Spliterators$IteratorSpliterator::forEachRemaining@52 (line 1845)
                      ;   {internal_word}
  0x0000026e13a3f4d4: ff49 bad1 | f3a3 136e | 0200 004d | 8997 5003 

  0x0000026e13a3f4e4: ;   {runtime_call SafepointBlob}
  0x0000026e13a3f4e4: 0000 e915 

  0x0000026e13a3f4e8: ;   {metadata(NULL)}
  0x0000026e13a3f4e8: 3f47 ff48 | ba00 0000 | 0000 0000 | 00b8 000f 

  0x0000026e13a3f4f8: ;   {runtime_call load_klass_patching Runtime1 stub}
  0x0000026e13a3f4f8: 050a e881 

  0x0000026e13a3f4fc: ; ImmutableOopMap {}
                      ;*new {reexecute=1 rethrow=0 return_oop=0}
                      ; - (reexecute) java.util.Spliterators$IteratorSpliterator::forEachRemaining@4 (line 1839)
  0x0000026e13a3f4fc: d251 ffe9 | dcfe ffff 

  0x0000026e13a3f504: ;   {runtime_call fast_new_instance Runtime1 stub}
  0x0000026e13a3f504: 488b d2e8 

  0x0000026e13a3f508: ; ImmutableOopMap {}
                      ;*new {reexecute=0 rethrow=0 return_oop=0}
                      ; - java.util.Spliterators$IteratorSpliterator::forEachRemaining@4 (line 1839)
  0x0000026e13a3f508: f482 51ff | e92b ffff | ff90 9049 | 8b87 c803 | 0000 49c7 | 87c8 0300 | 0000 0000 | 0049 c787 
  0x0000026e13a3f528: d003 0000 | 0000 0000 | 4883 c450 

  0x0000026e13a3f534: ;   {runtime_call unwind_exception Runtime1 stub}
  0x0000026e13a3f534: 5de9 469a | 48ff f4f4 | f4f4 f4f4 
[Stub Code]
  0x0000026e13a3f540: ;   {no_reloc}
  0x0000026e13a3f540: 0f1f 4400 

  0x0000026e13a3f544: ;   {static_stub}
  0x0000026e13a3f544: 0048 bb00 | 0000 0000 

  0x0000026e13a3f54c: ;   {runtime_call}
  0x0000026e13a3f54c: 0000 00e9 | fbff ffff 

  0x0000026e13a3f554: ;   {static_stub}
  0x0000026e13a3f554: 9048 bb00 | 0000 0000 

  0x0000026e13a3f55c: ;   {runtime_call}
  0x0000026e13a3f55c: 0000 00e9 | fbff ffff 

  0x0000026e13a3f564: ;   {static_stub}
  0x0000026e13a3f564: 9048 bb00 | 0000 0000 

  0x0000026e13a3f56c: ;   {runtime_call}
  0x0000026e13a3f56c: 0000 00e9 | fbff ffff 

  0x0000026e13a3f574: ;   {static_stub}
  0x0000026e13a3f574: 9048 bb00 | 0000 0000 

  0x0000026e13a3f57c: ;   {runtime_call}
  0x0000026e13a3f57c: 0000 00e9 | fbff ffff 
[Exception Handler]
  0x0000026e13a3f584: ;   {runtime_call handle_exception_from_callee Runtime1 stub}
  0x0000026e13a3f584: e877 a051 

  0x0000026e13a3f588: ;   {external_word}
  0x0000026e13a3f588: ff48 b928 | 3f02 05fa | 7f00 0048 

  0x0000026e13a3f594: ;   {runtime_call}
  0x0000026e13a3f594: 83e4 f049 | ba60 e1cf | 04fa 7f00 | 0041 ffd2 

  0x0000026e13a3f5a4: ;   {section_word}
  0x0000026e13a3f5a4: f449 baa5 | f5a3 136e | 0200 0041 

  0x0000026e13a3f5b0: ;   {runtime_call DeoptimizationBlob}
  0x0000026e13a3f5b0: 52e9 ea30 | 47ff f4f4 
[/MachCode]


---------------  P R O C E S S  ---------------

Threads class SMR info:
_java_thread_list=0x0000026e949b7dd0, length=14, elements={
0x0000026e0747e160, 0x0000026e0ac01e50, 0x0000026e0ac02f30, 0x0000026e0ac14650,
0x0000026e0ac14b10, 0x0000026e0ac14fd0, 0x0000026e0ac18360, 0x0000026e0ac1ba20,
0x0000026e0ac36d80, 0x0000026e0ac5d030, 0x0000026e0adff8f0, 0x0000026e0ae01ba0,
0x0000026e71e3ec30, 0x0000026e71e3f130
}

Java Threads: ( => current thread )
=>0x0000026e0747e160 JavaThread "main" [_thread_in_native, id=36692, stack(0x000000dbb6900000,0x000000dbb6a00000)]
  0x0000026e0ac01e50 JavaThread "Reference Handler" daemon [_thread_blocked, id=13368, stack(0x000000dbb7400000,0x000000dbb7500000)]
  0x0000026e0ac02f30 JavaThread "Finalizer" daemon [_thread_blocked, id=36024, stack(0x000000dbb7500000,0x000000dbb7600000)]
  0x0000026e0ac14650 JavaThread "Signal Dispatcher" daemon [_thread_blocked, id=20672, stack(0x000000dbb7600000,0x000000dbb7700000)]
  0x0000026e0ac14b10 JavaThread "Attach Listener" daemon [_thread_blocked, id=43840, stack(0x000000dbb7700000,0x000000dbb7800000)]
  0x0000026e0ac14fd0 JavaThread "Service Thread" daemon [_thread_blocked, id=16192, stack(0x000000dbb7800000,0x000000dbb7900000)]
  0x0000026e0ac18360 JavaThread "Monitor Deflation Thread" daemon [_thread_blocked, id=32808, stack(0x000000dbb7900000,0x000000dbb7a00000)]
  0x0000026e0ac1ba20 JavaThread "C2 CompilerThread0" daemon [_thread_blocked, id=25812, stack(0x000000dbb7a00000,0x000000dbb7b00000)]
  0x0000026e0ac36d80 JavaThread "C1 CompilerThread0" daemon [_thread_blocked, id=45676, stack(0x000000dbb7b00000,0x000000dbb7c00000)]
  0x0000026e0ac5d030 JavaThread "Sweeper thread" daemon [_thread_blocked, id=11684, stack(0x000000dbb7c00000,0x000000dbb7d00000)]
  0x0000026e0adff8f0 JavaThread "Notification Thread" daemon [_thread_blocked, id=19776, stack(0x000000dbb7f00000,0x000000dbb8000000)]
  0x0000026e0ae01ba0 JavaThread "Common-Cleaner" daemon [_thread_blocked, id=47808, stack(0x000000dbb8100000,0x000000dbb8200000)]
  0x0000026e71e3ec30 JavaThread "C2 CompilerThread1" daemon [_thread_blocked, id=29328, stack(0x000000dbb8200000,0x000000dbb8300000)]
  0x0000026e71e3f130 JavaThread "C2 CompilerThread2" daemon [_thread_blocked, id=29224, stack(0x000000dbb8300000,0x000000dbb8400000)]

Other Threads:
  0x0000026e0abf83a0 VMThread "VM Thread" [stack: 0x000000dbb7300000,0x000000dbb7400000] [id=45984]
  0x0000026e0abe8390 WatcherThread "VM Periodic Task Thread" [stack: 0x000000dbb8000000,0x000000dbb8100000] [id=45568]
  0x0000026e0a9ed7d0 WorkerThread "GC Thread#0" [stack: 0x000000dbb6e00000,0x000000dbb6f00000] [id=30048]
  0x0000026e714607e0 WorkerThread "GC Thread#1" [stack: 0x000000dbb9100000,0x000000dbb9200000] [id=13920]
  0x0000026e71460540 WorkerThread "GC Thread#2" [stack: 0x000000dbb9200000,0x000000dbb9300000] [id=2016]
  0x0000026e71463c60 WorkerThread "GC Thread#3" [stack: 0x000000dbb9300000,0x000000dbb9400000] [id=11856]
  0x0000026e71462f40 WorkerThread "GC Thread#4" [stack: 0x000000dbb9400000,0x000000dbb9500000] [id=48084]
  0x0000026e714639c0 WorkerThread "GC Thread#5" [stack: 0x000000dbb9500000,0x000000dbb9600000] [id=26524]
  0x0000026e71462a00 WorkerThread "GC Thread#6" [stack: 0x000000dbb9600000,0x000000dbb9700000] [id=35472]
  0x0000026e71460a80 WorkerThread "GC Thread#7" [stack: 0x000000dbb9700000,0x000000dbb9800000] [id=32376]
  0x0000026e71461a40 WorkerThread "GC Thread#8" [stack: 0x000000dbb9800000,0x000000dbb9900000] [id=4752]
  0x0000026e714631e0 WorkerThread "GC Thread#9" [stack: 0x000000dbb9900000,0x000000dbb9a00000] [id=30544]
  0x0000026e71463480 WorkerThread "GC Thread#10" [stack: 0x000000dbb9a00000,0x000000dbb9b00000] [id=34152]
  0x0000026e71463720 WorkerThread "GC Thread#11" [stack: 0x000000dbb9b00000,0x000000dbb9c00000] [id=33224]
  0x0000026e71463f00 WorkerThread "GC Thread#12" [stack: 0x000000dbb9c00000,0x000000dbb9d00000] [id=16408]
  0x0000026e71461260 WorkerThread "GC Thread#13" [stack: 0x000000dbb9d00000,0x000000dbb9e00000] [id=16900]
  0x0000026e71461ce0 WorkerThread "GC Thread#14" [stack: 0x000000dbb9e00000,0x000000dbb9f00000] [id=37244]
  0x0000026e714602a0 WorkerThread "GC Thread#15" [stack: 0x000000dbb9f00000,0x000000dbba000000] [id=26052]
  0x0000026e71460d20 WorkerThread "GC Thread#16" [stack: 0x000000dbba000000,0x000000dbba100000] [id=536]
  0x0000026e71460fc0 WorkerThread "GC Thread#17" [stack: 0x000000dbba100000,0x000000dbba200000] [id=28032]
  0x0000026e71461f80 WorkerThread "GC Thread#18" [stack: 0x000000dbba200000,0x000000dbba300000] [id=29332]
  0x0000026e71461500 WorkerThread "GC Thread#19" [stack: 0x000000dbba300000,0x000000dbba400000] [id=11420]
  0x0000026e7189e5f0 WorkerThread "GC Thread#20" [stack: 0x000000dbba400000,0x000000dbba500000] [id=38876]
  0x0000026e7189e890 WorkerThread "GC Thread#21" [stack: 0x000000dbba500000,0x000000dbba600000] [id=28040]
  0x0000026e0182d240 WorkerThread "GC Thread#22" [stack: 0x000000dbba600000,0x000000dbba700000] [id=37260]
  0x0000026e0a9fd480 ConcurrentGCThread "G1 Main Marker" [stack: 0x000000dbb6f00000,0x000000dbb7000000] [id=31368]
  0x0000026e0aa02640 WorkerThread "G1 Conc#0" [stack: 0x000000dbb7000000,0x000000dbb7100000] [id=44496]
  0x0000026e00c16710 WorkerThread "G1 Conc#1" [stack: 0x000000dbb9000000,0x000000dbb9100000] [id=43544]
  0x0000026e00c15c90 WorkerThread "G1 Conc#2" [stack: 0x000000dbba700000,0x000000dbba800000] [id=25356]
  0x0000026e00c15210 WorkerThread "G1 Conc#3" [stack: 0x000000dbba800000,0x000000dbba900000] [id=29168]
  0x0000026e00c169b0 WorkerThread "G1 Conc#4" [stack: 0x000000dbba900000,0x000000dbbaa00000] [id=4720]
  0x0000026e00c154b0 WorkerThread "G1 Conc#5" [stack: 0x000000dbbaa00000,0x000000dbbab00000] [id=42856]
  0x0000026e0a86cda0 ConcurrentGCThread "G1 Refine#0" [stack: 0x000000dbb7100000,0x000000dbb7200000] [id=9860]
  0x0000026e0aaaae80 ConcurrentGCThread "G1 Service" [stack: 0x000000dbb7200000,0x000000dbb7300000] [id=18828]

Threads with active compile tasks:

VM state: not at safepoint (normal execution)

VM Mutex/Monitor currently owned by a thread: None

Heap address: 0x00000000a0000000, size: 30208 MB, Compressed Oops mode: Zero based, Oop shift amount: 3

CDS archive(s) mapped at: [0x0000000800000000-0x0000000800ba0000-0x0000000800ba0000), size 12189696, SharedBaseAddress: 0x0000000800000000, ArchiveRelocationMode: 0.
Compressed class space mapped at: 0x0000000800c00000-0x0000000840c00000, reserved size: 1073741824
Narrow klass base: 0x0000000800000000, Narrow klass shift: 0, Narrow klass range: 0x100000000

GC Precious Log:
 CardTable entry size: 512
 Card Set container configuration: InlinePtr #cards 3 size 8 Array Of Cards #cards 128 size 272 Howl #buckets 8 coarsen threshold 29491 Howl Bitmap #cards 4096 size 528 coarsen threshold 3686 Card regions per heap region 1 cards per card region 32768
 CPUs: 32 total, 32 available
 Memory: 127G
 Large Page Support: Disabled
 NUMA Support: Disabled
 Compressed Oops: Enabled (Zero based)
 Heap Region Size: 16M
 Heap Min Capacity: 16M
 Heap Initial Capacity: 2G
 Heap Max Capacity: 30208M
 Pre-touch: Disabled
 Parallel Workers: 23
 Concurrent Workers: 6
 Concurrent Refinement Workers: 23
 Periodic GC: Disabled

Heap:
 garbage-first heap   total 1130496K, used 332054K [0x00000000a0000000, 0x0000000800000000)
  region size 16384K, 21 young (344064K), 1 survivors (16384K)
 Metaspace       used 24043K, committed 24384K, reserved 1114112K
  class space    used 2531K, committed 2688K, reserved 1048576K

Heap Regions: E=young(eden), S=young(survivor), O=old, HS=humongous(starts), HC=humongous(continues), CS=collection set, F=free, OA=open archive, CA=closed archive, TAMS=top-at-mark-start (previous, next)
|   0|0x00000000a0000000, 0x00000000a1000000, 0x00000000a1000000|100%| O|  |TAMS 0x00000000a0000000, 0x00000000a0000000| Untracked 
|   1|0x00000000a1000000, 0x00000000a137f000, 0x00000000a2000000| 21%| O|  |TAMS 0x00000000a1000000, 0x00000000a1000000| Untracked 
|   2|0x00000000a2000000, 0x00000000a2000000, 0x00000000a3000000|  0%| F|  |TAMS 0x00000000a2000000, 0x00000000a2000000| Untracked 
|   3|0x00000000a3000000, 0x00000000a3000000, 0x00000000a4000000|  0%| F|  |TAMS 0x00000000a3000000, 0x00000000a3000000| Untracked 
|   4|0x00000000a4000000, 0x00000000a4000000, 0x00000000a5000000|  0%| F|  |TAMS 0x00000000a4000000, 0x00000000a4000000| Untracked 
|   5|0x00000000a5000000, 0x00000000a5000000, 0x00000000a6000000|  0%| F|  |TAMS 0x00000000a5000000, 0x00000000a5000000| Untracked 
|   6|0x00000000a6000000, 0x00000000a6000000, 0x00000000a7000000|  0%| F|  |TAMS 0x00000000a6000000, 0x00000000a6000000| Untracked 
|   7|0x00000000a7000000, 0x00000000a7000000, 0x00000000a8000000|  0%| F|  |TAMS 0x00000000a7000000, 0x00000000a7000000| Untracked 
|   8|0x00000000a8000000, 0x00000000a8000000, 0x00000000a9000000|  0%| F|  |TAMS 0x00000000a8000000, 0x00000000a8000000| Untracked 
|   9|0x00000000a9000000, 0x00000000a9000000, 0x00000000aa000000|  0%| F|  |TAMS 0x00000000a9000000, 0x00000000a9000000| Untracked 
|  10|0x00000000aa000000, 0x00000000aa000000, 0x00000000ab000000|  0%| F|  |TAMS 0x00000000aa000000, 0x00000000aa000000| Untracked 
|  11|0x00000000ab000000, 0x00000000ab000000, 0x00000000ac000000|  0%| F|  |TAMS 0x00000000ab000000, 0x00000000ab000000| Untracked 
|  12|0x00000000ac000000, 0x00000000ac000000, 0x00000000ad000000|  0%| F|  |TAMS 0x00000000ac000000, 0x00000000ac000000| Untracked 
|  13|0x00000000ad000000, 0x00000000ad000000, 0x00000000ae000000|  0%| F|  |TAMS 0x00000000ad000000, 0x00000000ad000000| Untracked 
|  14|0x00000000ae000000, 0x00000000ae000000, 0x00000000af000000|  0%| F|  |TAMS 0x00000000ae000000, 0x00000000ae000000| Untracked 
|  15|0x00000000af000000, 0x00000000af000000, 0x00000000b0000000|  0%| F|  |TAMS 0x00000000af000000, 0x00000000af000000| Untracked 
|  16|0x00000000b0000000, 0x00000000b0000000, 0x00000000b1000000|  0%| F|  |TAMS 0x00000000b0000000, 0x00000000b0000000| Untracked 
|  17|0x00000000b1000000, 0x00000000b1000000, 0x00000000b2000000|  0%| F|  |TAMS 0x00000000b1000000, 0x00000000b1000000| Untracked 
|  18|0x00000000b2000000, 0x00000000b2000000, 0x00000000b3000000|  0%| F|  |TAMS 0x00000000b2000000, 0x00000000b2000000| Untracked 
|  19|0x00000000b3000000, 0x00000000b3000000, 0x00000000b4000000|  0%| F|  |TAMS 0x00000000b3000000, 0x00000000b3000000| Untracked 
|  20|0x00000000b4000000, 0x00000000b4000000, 0x00000000b5000000|  0%| F|  |TAMS 0x00000000b4000000, 0x00000000b4000000| Untracked 
|  21|0x00000000b5000000, 0x00000000b5000000, 0x00000000b6000000|  0%| F|  |TAMS 0x00000000b5000000, 0x00000000b5000000| Untracked 
|  22|0x00000000b6000000, 0x00000000b6000000, 0x00000000b7000000|  0%| F|  |TAMS 0x00000000b6000000, 0x00000000b6000000| Untracked 
|  23|0x00000000b7000000, 0x00000000b7000000, 0x00000000b8000000|  0%| F|  |TAMS 0x00000000b7000000, 0x00000000b7000000| Untracked 
|  24|0x00000000b8000000, 0x00000000b8000000, 0x00000000b9000000|  0%| F|  |TAMS 0x00000000b8000000, 0x00000000b8000000| Untracked 
|  25|0x00000000b9000000, 0x00000000b9000000, 0x00000000ba000000|  0%| F|  |TAMS 0x00000000b9000000, 0x00000000b9000000| Untracked 
|  26|0x00000000ba000000, 0x00000000ba000000, 0x00000000bb000000|  0%| F|  |TAMS 0x00000000ba000000, 0x00000000ba000000| Untracked 
|  27|0x00000000bb000000, 0x00000000bb000000, 0x00000000bc000000|  0%| F|  |TAMS 0x00000000bb000000, 0x00000000bb000000| Untracked 
|  28|0x00000000bc000000, 0x00000000bc0c6a80, 0x00000000bd000000|  4%| S|CS|TAMS 0x00000000bc000000, 0x00000000bc000000| Complete 
|  29|0x00000000bd000000, 0x00000000bd000000, 0x00000000be000000|  0%| F|  |TAMS 0x00000000bd000000, 0x00000000bd000000| Untracked 
|  30|0x00000000be000000, 0x00000000be000000, 0x00000000bf000000|  0%| F|  |TAMS 0x00000000be000000, 0x00000000be000000| Untracked 
|  31|0x00000000bf000000, 0x00000000bf000000, 0x00000000c0000000|  0%| F|  |TAMS 0x00000000bf000000, 0x00000000bf000000| Untracked 
|  32|0x00000000c0000000, 0x00000000c0000000, 0x00000000c1000000|  0%| F|  |TAMS 0x00000000c0000000, 0x00000000c0000000| Untracked 
|  33|0x00000000c1000000, 0x00000000c1000000, 0x00000000c2000000|  0%| F|  |TAMS 0x00000000c1000000, 0x00000000c1000000| Untracked 
|  34|0x00000000c2000000, 0x00000000c2000000, 0x00000000c3000000|  0%| F|  |TAMS 0x00000000c2000000, 0x00000000c2000000| Untracked 
|  35|0x00000000c3000000, 0x00000000c3000000, 0x00000000c4000000|  0%| F|  |TAMS 0x00000000c3000000, 0x00000000c3000000| Untracked 
|  36|0x00000000c4000000, 0x00000000c4000000, 0x00000000c5000000|  0%| F|  |TAMS 0x00000000c4000000, 0x00000000c4000000| Untracked 
|  37|0x00000000c5000000, 0x00000000c5000000, 0x00000000c6000000|  0%| F|  |TAMS 0x00000000c5000000, 0x00000000c5000000| Untracked 
|  38|0x00000000c6000000, 0x00000000c6000000, 0x00000000c7000000|  0%| F|  |TAMS 0x00000000c6000000, 0x00000000c6000000| Untracked 
|  39|0x00000000c7000000, 0x00000000c7000000, 0x00000000c8000000|  0%| F|  |TAMS 0x00000000c7000000, 0x00000000c7000000| Untracked 
|  40|0x00000000c8000000, 0x00000000c8000000, 0x00000000c9000000|  0%| F|  |TAMS 0x00000000c8000000, 0x00000000c8000000| Untracked 
|  41|0x00000000c9000000, 0x00000000c9000000, 0x00000000ca000000|  0%| F|  |TAMS 0x00000000c9000000, 0x00000000c9000000| Untracked 
|  42|0x00000000ca000000, 0x00000000ca000000, 0x00000000cb000000|  0%| F|  |TAMS 0x00000000ca000000, 0x00000000ca000000| Untracked 
|  43|0x00000000cb000000, 0x00000000cb000000, 0x00000000cc000000|  0%| F|  |TAMS 0x00000000cb000000, 0x00000000cb000000| Untracked 
|  44|0x00000000cc000000, 0x00000000cc000000, 0x00000000cd000000|  0%| F|  |TAMS 0x00000000cc000000, 0x00000000cc000000| Untracked 
|  45|0x00000000cd000000, 0x00000000cd000000, 0x00000000ce000000|  0%| F|  |TAMS 0x00000000cd000000, 0x00000000cd000000| Untracked 
|  46|0x00000000ce000000, 0x00000000ce000000, 0x00000000cf000000|  0%| F|  |TAMS 0x00000000ce000000, 0x00000000ce000000| Untracked 
|  47|0x00000000cf000000, 0x00000000cf000000, 0x00000000d0000000|  0%| F|  |TAMS 0x00000000cf000000, 0x00000000cf000000| Untracked 
|  48|0x00000000d0000000, 0x00000000d0000000, 0x00000000d1000000|  0%| F|  |TAMS 0x00000000d0000000, 0x00000000d0000000| Untracked 
|  49|0x00000000d1000000, 0x00000000d1800800, 0x00000000d2000000| 50%| E|  |TAMS 0x00000000d1000000, 0x00000000d1000000| Complete 
|  50|0x00000000d2000000, 0x00000000d3000000, 0x00000000d3000000|100%| E|CS|TAMS 0x00000000d2000000, 0x00000000d2000000| Complete 
|  51|0x00000000d3000000, 0x00000000d4000000, 0x00000000d4000000|100%| E|CS|TAMS 0x00000000d3000000, 0x00000000d3000000| Complete 
|  52|0x00000000d4000000, 0x00000000d5000000, 0x00000000d5000000|100%| E|CS|TAMS 0x00000000d4000000, 0x00000000d4000000| Complete 
|  53|0x00000000d5000000, 0x00000000d6000000, 0x00000000d6000000|100%| E|CS|TAMS 0x00000000d5000000, 0x00000000d5000000| Complete 
|  54|0x00000000d6000000, 0x00000000d7000000, 0x00000000d7000000|100%| E|CS|TAMS 0x00000000d6000000, 0x00000000d6000000| Complete 
|  55|0x00000000d7000000, 0x00000000d8000000, 0x00000000d8000000|100%| E|CS|TAMS 0x00000000d7000000, 0x00000000d7000000| Complete 
|  56|0x00000000d8000000, 0x00000000d9000000, 0x00000000d9000000|100%| E|CS|TAMS 0x00000000d8000000, 0x00000000d8000000| Complete 
|  57|0x00000000d9000000, 0x00000000da000000, 0x00000000da000000|100%| E|CS|TAMS 0x00000000d9000000, 0x00000000d9000000| Complete 
|  58|0x00000000da000000, 0x00000000db000000, 0x00000000db000000|100%| E|CS|TAMS 0x00000000da000000, 0x00000000da000000| Complete 
|  59|0x00000000db000000, 0x00000000dc000000, 0x00000000dc000000|100%| E|CS|TAMS 0x00000000db000000, 0x00000000db000000| Complete 
|  60|0x00000000dc000000, 0x00000000dd000000, 0x00000000dd000000|100%| E|CS|TAMS 0x00000000dc000000, 0x00000000dc000000| Complete 
|  61|0x00000000dd000000, 0x00000000de000000, 0x00000000de000000|100%| E|CS|TAMS 0x00000000dd000000, 0x00000000dd000000| Complete 
|  62|0x00000000de000000, 0x00000000df000000, 0x00000000df000000|100%| E|CS|TAMS 0x00000000de000000, 0x00000000de000000| Complete 
|  63|0x00000000df000000, 0x00000000e0000000, 0x00000000e0000000|100%| E|CS|TAMS 0x00000000df000000, 0x00000000df000000| Complete 
|  64|0x00000000e0000000, 0x00000000e1000000, 0x00000000e1000000|100%| E|CS|TAMS 0x00000000e0000000, 0x00000000e0000000| Complete 
|  65|0x00000000e1000000, 0x00000000e2000000, 0x00000000e2000000|100%| E|CS|TAMS 0x00000000e1000000, 0x00000000e1000000| Complete 
|  66|0x00000000e2000000, 0x00000000e3000000, 0x00000000e3000000|100%| E|CS|TAMS 0x00000000e2000000, 0x00000000e2000000| Complete 
| 103|0x0000000107000000, 0x0000000108000000, 0x0000000108000000|100%| E|CS|TAMS 0x0000000107000000, 0x0000000107000000| Complete 
| 127|0x000000011f000000, 0x0000000120000000, 0x0000000120000000|100%| E|CS|TAMS 0x000000011f000000, 0x000000011f000000| Complete 

Card table byte_map: [0x0000026e26fd0000,0x0000026e2aad0000] _byte_map_base: 0x0000026e26ad0000

Marking Bits (Prev, Next): (CMBitMap*) 0x0000026e0a9edc20, (CMBitMap*) 0x0000026e0a9edbe0
 Prev Bits: [0x0000026e4bdd0000, 0x0000026e695d0000)
 Next Bits: [0x0000026e2e5d0000, 0x0000026e4bdd0000)

Polling page: 0x0000026e09270000

Metaspace:

Usage:
  Non-class:     21.01 MB used.
      Class:      2.47 MB used.
       Both:     23.48 MB used.

Virtual space:
  Non-class space:       64.00 MB reserved,      21.19 MB ( 33%) committed,  1 nodes.
      Class space:        1.00 GB reserved,       2.62 MB ( <1%) committed,  1 nodes.
             Both:        1.06 GB reserved,      23.81 MB (  2%) committed. 

Chunk freelists:
   Non-Class:  2.53 MB
       Class:  1.35 MB
        Both:  3.88 MB

MaxMetaspaceSize: unlimited
CompressedClassSpaceSize: 1.00 GB
Initial GC threshold: 21.00 MB
Current GC threshold: 35.12 MB
CDS: on
MetaspaceReclaimPolicy: balanced
 - commit_granule_bytes: 65536.
 - commit_granule_words: 8192.
 - virtual_space_node_default_size: 8388608.
 - enlarge_chunks_in_place: 1.
 - new_chunks_are_fully_committed: 0.
 - uncommit_free_chunks: 1.
 - use_allocation_guard: 0.


Internal statistics:

num_allocs_failed_limit: 3.
num_arena_births: 338.
num_arena_deaths: 0.
num_vsnodes_births: 2.
num_vsnodes_deaths: 0.
num_space_committed: 379.
num_space_uncommitted: 0.
num_chunks_returned_to_freelist: 3.
num_chunks_taken_from_freelist: 1055.
num_chunk_merges: 3.
num_chunk_splits: 738.
num_chunks_enlarged: 574.
num_inconsistent_stats: 0.

CodeHeap 'non-profiled nmethods': size=118848Kb used=2979Kb max_used=2979Kb free=115868Kb
 bounds [0x0000026e1aa50000, 0x0000026e1ad40000, 0x0000026e21e60000]
CodeHeap 'profiled nmethods': size=118848Kb used=6838Kb max_used=6838Kb free=112010Kb
 bounds [0x0000026e13640000, 0x0000026e13cf0000, 0x0000026e1aa50000]
CodeHeap 'non-nmethods': size=8064Kb used=1872Kb max_used=4033Kb free=6191Kb
 bounds [0x0000026e12e60000, 0x0000026e13260000, 0x0000026e13640000]
 total_blobs=5277 nmethods=3913 adapters=1275
 compilation: enabled
              stopped_count=0, restarted_count=0
 full_count=0

Compilation events (20 events):
Event: 4.175 Thread 0x0000026e0ac36d80 nmethod 3907 0x0000026e13ceab10 code [0x0000026e13ceaca0, 0x0000026e13ceae18]
Event: 4.175 Thread 0x0000026e0ac36d80 3908       1       javax.swing.tree.DefaultMutableTreeNode::getParent (5 bytes)
Event: 4.175 Thread 0x0000026e0ac36d80 nmethod 3908 0x0000026e1ad36010 code [0x0000026e1ad361a0, 0x0000026e1ad36278]
Event: 4.175 Thread 0x0000026e0ac36d80 3909       3       java.util.Vector::elementData (7 bytes)
Event: 4.175 Thread 0x0000026e0ac36d80 nmethod 3909 0x0000026e13ceaf10 code [0x0000026e13ceb0a0, 0x0000026e13ceb1d8]
Event: 4.175 Thread 0x0000026e0ac36d80 3910       3       java.nio.charset.CoderResult::isUnderflow (13 bytes)
Event: 4.175 Thread 0x0000026e0ac36d80 nmethod 3910 0x0000026e13ceb290 code [0x0000026e13ceb420, 0x0000026e13ceb598]
Event: 4.183 Thread 0x0000026e71e3f130 nmethod 3902 0x0000026e1ad36310 code [0x0000026e1ad36500, 0x0000026e1ad378e8]
Event: 4.186 Thread 0x0000026e0ac36d80 3911       3       com.engineersbox.quanta.resources.assets.shader.Uniforms::getUniformLocation (54 bytes)
Event: 4.187 Thread 0x0000026e0ac36d80 nmethod 3911 0x0000026e13ceb610 code [0x0000026e13ceb8e0, 0x0000026e13ceca68]
Event: 4.187 Thread 0x0000026e0ac36d80 3912       1       org.joml.Vector3f::x (5 bytes)
Event: 4.187 Thread 0x0000026e0ac36d80 nmethod 3912 0x0000026e1ad38210 code [0x0000026e1ad383a0, 0x0000026e1ad38478]
Event: 4.187 Thread 0x0000026e0ac36d80 3913       1       org.joml.Vector3f::y (5 bytes)
Event: 4.187 Thread 0x0000026e0ac36d80 nmethod 3913 0x0000026e1ad38510 code [0x0000026e1ad386a0, 0x0000026e1ad38778]
Event: 4.187 Thread 0x0000026e0ac36d80 3914       1       org.joml.Vector3f::z (5 bytes)
Event: 4.187 Thread 0x0000026e0ac36d80 nmethod 3914 0x0000026e1ad38810 code [0x0000026e1ad389a0, 0x0000026e1ad38a78]
Event: 4.216 Thread 0x0000026e0ac36d80 3915       3       org.lwjgl.opengl.GL20::glUniform1i (6 bytes)
Event: 4.216 Thread 0x0000026e0ac36d80 nmethod 3915 0x0000026e13ced010 code [0x0000026e13ced1a0, 0x0000026e13ced2a8]
Event: 4.216 Thread 0x0000026e0ac36d80 3917       3       com.engineersbox.quanta.resources.assets.shader.Uniforms::setUniform (10 bytes)
Event: 4.217 Thread 0x0000026e0ac36d80 nmethod 3917 0x0000026e13ced390 code [0x0000026e13ced540, 0x0000026e13ced718]

GC Heap History (20 events):
Event: 0.809 GC heap before
{Heap before GC invocations=0 (full 0):
 garbage-first heap   total 2097152K, used 98304K [0x00000000a0000000, 0x0000000800000000)
  region size 16384K, 6 young (98304K), 0 survivors (0K)
 Metaspace       used 13403K, committed 13632K, reserved 1114112K
  class space    used 1397K, committed 1536K, reserved 1048576K
}
Event: 0.813 GC heap after
{Heap after GC invocations=1 (full 0):
 garbage-first heap   total 2097152K, used 7153K [0x00000000a0000000, 0x0000000800000000)
  region size 16384K, 1 young (16384K), 1 survivors (16384K)
 Metaspace       used 13403K, committed 13632K, reserved 1114112K
  class space    used 1397K, committed 1536K, reserved 1048576K
}
Event: 0.907 GC heap before
{Heap before GC invocations=1 (full 0):
 garbage-first heap   total 2097152K, used 89073K [0x00000000a0000000, 0x0000000800000000)
  region size 16384K, 6 young (98304K), 1 survivors (16384K)
 Metaspace       used 13406K, committed 13696K, reserved 1114112K
  class space    used 1397K, committed 1536K, reserved 1048576K
}
Event: 0.910 GC heap after
{Heap after GC invocations=2 (full 0):
 garbage-first heap   total 2097152K, used 7584K [0x00000000a0000000, 0x0000000800000000)
  region size 16384K, 1 young (16384K), 1 survivors (16384K)
 Metaspace       used 13406K, committed 13696K, reserved 1114112K
  class space    used 1397K, committed 1536K, reserved 1048576K
}
Event: 1.037 GC heap before
{Heap before GC invocations=2 (full 0):
 garbage-first heap   total 2097152K, used 122272K [0x00000000a0000000, 0x0000000800000000)
  region size 16384K, 8 young (131072K), 1 survivors (16384K)
 Metaspace       used 13408K, committed 13760K, reserved 1114112K
  class space    used 1397K, committed 1536K, reserved 1048576K
}
Event: 1.041 GC heap after
{Heap after GC invocations=3 (full 0):
 garbage-first heap   total 2097152K, used 8427K [0x00000000a0000000, 0x0000000800000000)
  region size 16384K, 1 young (16384K), 1 survivors (16384K)
 Metaspace       used 13408K, committed 13760K, reserved 1114112K
  class space    used 1397K, committed 1536K, reserved 1048576K
}
Event: 1.973 GC heap before
{Heap before GC invocations=3 (full 0):
 garbage-first heap   total 2097152K, used 368875K [0x00000000a0000000, 0x0000000800000000)
  region size 16384K, 24 young (393216K), 1 survivors (16384K)
 Metaspace       used 21202K, committed 21504K, reserved 1114112K
  class space    used 2271K, committed 2432K, reserved 1048576K
}
Event: 1.977 GC heap after
{Heap after GC invocations=4 (full 0):
 garbage-first heap   total 2097152K, used 11026K [0x00000000a0000000, 0x0000000800000000)
  region size 16384K, 1 young (16384K), 1 survivors (16384K)
 Metaspace       used 21202K, committed 21504K, reserved 1114112K
  class space    used 2271K, committed 2432K, reserved 1048576K
}
Event: 3.092 GC heap before
{Heap before GC invocations=5 (full 0):
 garbage-first heap   total 114688K, used 109330K [0x00000000a0000000, 0x0000000800000000)
  region size 16384K, 7 young (114688K), 1 survivors (16384K)
 Metaspace       used 22666K, committed 22976K, reserved 1114112K
  class space    used 2418K, committed 2560K, reserved 1048576K
}
Event: 3.098 GC heap after
{Heap after GC invocations=6 (full 0):
 garbage-first heap   total 147456K, used 20915K [0x00000000a0000000, 0x0000000800000000)
  region size 16384K, 2 young (32768K), 2 survivors (32768K)
 Metaspace       used 22666K, committed 22976K, reserved 1114112K
  class space    used 2418K, committed 2560K, reserved 1048576K
}
Event: 3.120 GC heap before
{Heap before GC invocations=6 (full 0):
 garbage-first heap   total 147456K, used 70067K [0x00000000a0000000, 0x0000000800000000)
  region size 16384K, 5 young (81920K), 2 survivors (32768K)
 Metaspace       used 22666K, committed 22976K, reserved 1114112K
  class space    used 2418K, committed 2560K, reserved 1048576K
}
Event: 3.125 GC heap after
{Heap after GC invocations=7 (full 0):
 garbage-first heap   total 147456K, used 31470K [0x00000000a0000000, 0x0000000800000000)
  region size 16384K, 1 young (16384K), 1 survivors (16384K)
 Metaspace       used 22666K, committed 22976K, reserved 1114112K
  class space    used 2418K, committed 2560K, reserved 1048576K
}
Event: 3.301 GC heap before
{Heap before GC invocations=7 (full 0):
 garbage-first heap   total 147456K, used 80622K [0x00000000a0000000, 0x0000000800000000)
  region size 16384K, 4 young (65536K), 1 survivors (16384K)
 Metaspace       used 23346K, committed 23616K, reserved 1114112K
  class space    used 2493K, committed 2624K, reserved 1048576K
}
Event: 3.302 GC heap after
{Heap after GC invocations=8 (full 0):
 garbage-first heap   total 147456K, used 20699K [0x00000000a0000000, 0x0000000800000000)
  region size 16384K, 1 young (16384K), 1 survivors (16384K)
 Metaspace       used 23346K, committed 23616K, reserved 1114112K
  class space    used 2493K, committed 2624K, reserved 1048576K
}
Event: 3.346 GC heap before
{Heap before GC invocations=8 (full 0):
 garbage-first heap   total 147456K, used 69851K [0x00000000a0000000, 0x0000000800000000)
  region size 16384K, 4 young (65536K), 1 survivors (16384K)
 Metaspace       used 23351K, committed 23616K, reserved 1114112K
  class space    used 2493K, committed 2624K, reserved 1048576K
}
Event: 3.346 GC heap after
{Heap after GC invocations=9 (full 0):
 garbage-first heap   total 147456K, used 20222K [0x00000000a0000000, 0x0000000800000000)
  region size 16384K, 1 young (16384K), 1 survivors (16384K)
 Metaspace       used 23351K, committed 23616K, reserved 1114112K
  class space    used 2493K, committed 2624K, reserved 1048576K
}
Event: 3.379 GC heap before
{Heap before GC invocations=9 (full 0):
 garbage-first heap   total 147456K, used 69374K [0x00000000a0000000, 0x0000000800000000)
  region size 16384K, 4 young (65536K), 1 survivors (16384K)
 Metaspace       used 23351K, committed 23616K, reserved 1114112K
  class space    used 2493K, committed 2624K, reserved 1048576K
}
Event: 3.381 GC heap after
{Heap after GC invocations=10 (full 0):
 garbage-first heap   total 1130496K, used 20144K [0x00000000a0000000, 0x0000000800000000)
  region size 16384K, 1 young (16384K), 1 survivors (16384K)
 Metaspace       used 23351K, committed 23616K, reserved 1114112K
  class space    used 2493K, committed 2624K, reserved 1048576K
}
Event: 3.967 GC heap before
{Heap before GC invocations=10 (full 0):
 garbage-first heap   total 1130496K, used 675504K [0x00000000a0000000, 0x0000000800000000)
  region size 16384K, 41 young (671744K), 1 survivors (16384K)
 Metaspace       used 23359K, committed 23680K, reserved 1114112K
  class space    used 2493K, committed 2624K, reserved 1048576K
}
Event: 3.968 GC heap after
{Heap after GC invocations=11 (full 0):
 garbage-first heap   total 1130496K, used 20758K [0x00000000a0000000, 0x0000000800000000)
  region size 16384K, 1 young (16384K), 1 survivors (16384K)
 Metaspace       used 23359K, committed 23680K, reserved 1114112K
  class space    used 2493K, committed 2624K, reserved 1048576K
}

Deoptimization events (20 events):
Event: 4.170 Thread 0x0000026e0747e160 Uncommon trap: trap_request=0xffffff66 fr.pc=0x0000026e1ac89204 relative=0x0000000000000264
Event: 4.170 Thread 0x0000026e0747e160 Uncommon trap: reason=speculate_class_check action=maybe_recompile pc=0x0000026e1ac89204 method=java.util.ArrayList.<init>(Ljava/util/Collection;)V @ 29 c2
Event: 4.170 Thread 0x0000026e0747e160 DEOPT PACKING pc=0x0000026e1ac89204 sp=0x000000dbb69fe610
Event: 4.170 Thread 0x0000026e0747e160 DEOPT UNPACKING pc=0x0000026e12eb23a3 sp=0x000000dbb69fe5c0 mode 2
Event: 4.173 Thread 0x0000026e0747e160 Uncommon trap: trap_request=0xffffffde fr.pc=0x0000026e1ace24d4 relative=0x00000000000007d4
Event: 4.173 Thread 0x0000026e0747e160 Uncommon trap: reason=class_check action=maybe_recompile pc=0x0000026e1ace24d4 method=java.lang.String.join(Ljava/lang/CharSequence;Ljava/lang/Iterable;)Ljava/lang/String; @ 27 c2
Event: 4.173 Thread 0x0000026e0747e160 DEOPT PACKING pc=0x0000026e1ace24d4 sp=0x000000dbb69fe4b0
Event: 4.173 Thread 0x0000026e0747e160 DEOPT UNPACKING pc=0x0000026e12eb23a3 sp=0x000000dbb69fe478 mode 2
Event: 4.173 Thread 0x0000026e0747e160 Uncommon trap: trap_request=0xffffff66 fr.pc=0x0000026e1ac89204 relative=0x0000000000000264
Event: 4.173 Thread 0x0000026e0747e160 Uncommon trap: reason=speculate_class_check action=maybe_recompile pc=0x0000026e1ac89204 method=java.util.ArrayList.<init>(Ljava/util/Collection;)V @ 29 c2
Event: 4.173 Thread 0x0000026e0747e160 DEOPT PACKING pc=0x0000026e1ac89204 sp=0x000000dbb69fe670
Event: 4.173 Thread 0x0000026e0747e160 DEOPT UNPACKING pc=0x0000026e12eb23a3 sp=0x000000dbb69fe620 mode 2
Event: 4.180 Thread 0x0000026e0747e160 Uncommon trap: trap_request=0xffffff45 fr.pc=0x0000026e1aabddb8 relative=0x0000000000001578
Event: 4.180 Thread 0x0000026e0747e160 Uncommon trap: reason=unstable_if action=reinterpret pc=0x0000026e1aabddb8 method=java.util.concurrent.ConcurrentHashMap.transfer([Ljava/util/concurrent/ConcurrentHashMap$Node;[Ljava/util/concurrent/ConcurrentHashMap$Node;)V @ 26 c2
Event: 4.180 Thread 0x0000026e0747e160 DEOPT PACKING pc=0x0000026e1aabddb8 sp=0x000000dbb69fabe0
Event: 4.180 Thread 0x0000026e0747e160 DEOPT UNPACKING pc=0x0000026e12eb23a3 sp=0x000000dbb69fab50 mode 2
Event: 4.186 Thread 0x0000026e0747e160 Uncommon trap: trap_request=0xffffff45 fr.pc=0x0000026e1ac5c670 relative=0x0000000000000130
Event: 4.186 Thread 0x0000026e0747e160 Uncommon trap: reason=unstable_if action=reinterpret pc=0x0000026e1ac5c670 method=org.joml.Matrix4f.mul(Lorg/joml/Matrix4fc;Lorg/joml/Matrix4f;)Lorg/joml/Matrix4f; @ 66 c2
Event: 4.186 Thread 0x0000026e0747e160 DEOPT PACKING pc=0x0000026e1ac5c670 sp=0x000000dbb69fee30
Event: 4.186 Thread 0x0000026e0747e160 DEOPT UNPACKING pc=0x0000026e12eb23a3 sp=0x000000dbb69fedc8 mode 2

Classes loaded (20 events):
Event: 4.172 Loading class java/util/stream/MatchOps$1MatchSink
Event: 4.172 Loading class java/util/stream/MatchOps$1MatchSink done
Event: 4.172 Loading class java/lang/invoke/VarHandleBooleans$FieldInstanceReadWrite
Event: 4.172 Loading class java/lang/invoke/VarHandleBooleans$FieldInstanceReadOnly
Event: 4.173 Loading class java/lang/invoke/VarHandleBooleans$FieldInstanceReadOnly done
Event: 4.173 Loading class java/lang/invoke/VarHandleBooleans$FieldInstanceReadWrite done
Event: 4.173 Loading class java/lang/invoke/VarHandleBooleans$FieldStaticReadWrite
Event: 4.173 Loading class java/lang/invoke/VarHandleBooleans$FieldStaticReadOnly
Event: 4.173 Loading class java/lang/invoke/VarHandleBooleans$FieldStaticReadOnly done
Event: 4.173 Loading class java/lang/invoke/VarHandleBooleans$FieldStaticReadWrite done
Event: 4.173 Loading class java/lang/invoke/VarHandleFloats$FieldStaticReadWrite
Event: 4.173 Loading class java/lang/invoke/VarHandleFloats$FieldStaticReadOnly
Event: 4.173 Loading class java/lang/invoke/VarHandleFloats$FieldStaticReadOnly done
Event: 4.173 Loading class java/lang/invoke/VarHandleFloats$FieldStaticReadWrite done
Event: 4.173 Loading class java/lang/invoke/VarHandleReferences$FieldStaticReadWrite
Event: 4.173 Loading class java/lang/invoke/VarHandleReferences$FieldStaticReadOnly
Event: 4.173 Loading class java/lang/invoke/VarHandleReferences$FieldStaticReadOnly done
Event: 4.173 Loading class java/lang/invoke/VarHandleReferences$FieldStaticReadWrite done
Event: 4.175 Loading class java/util/Vector$1
Event: 4.175 Loading class java/util/Vector$1 done

Classes unloaded (0 events):
No events

Classes redefined (0 events):
No events

Internal exceptions (20 events):
Event: 1.887 Thread 0x0000026e0747e160 Exception <a 'sun/nio/fs/WindowsException'{0x00000001089f2ce8}> (0x00000001089f2ce8) 
thrown [s\open\src\hotspot\share\prims\jni.cpp, line 516]
Event: 1.892 Thread 0x0000026e0747e160 Exception <a 'java/lang/NoSuchMethodError'{0x0000000108a0d480}: 'void java.lang.invoke.DirectMethodHandle$Holder.invokeSpecial(java.lang.Object, java.lang.Object, int)'> (0x0000000108a0d480) 
thrown [s\open\src\hotspot\share\interpreter\linkResolver.cpp, line 759]
Event: 1.926 Thread 0x0000026e0747e160 Exception <a 'sun/nio/fs/WindowsException'{0x0000000108abeeb8}> (0x0000000108abeeb8) 
thrown [s\open\src\hotspot\share\prims\jni.cpp, line 516]
Event: 1.927 Thread 0x0000026e0747e160 Exception <a 'sun/nio/fs/WindowsException'{0x0000000108abf278}> (0x0000000108abf278) 
thrown [s\open\src\hotspot\share\prims\jni.cpp, line 516]
Event: 2.008 Thread 0x0000026e0747e160 Exception <a 'java/lang/NoSuchMethodError'{0x00000000a48e1748}: 'void java.lang.invoke.DirectMethodHandle$Holder.invokeStatic(java.lang.Object, long)'> (0x00000000a48e1748) 
thrown [s\open\src\hotspot\share\interpreter\linkResolver.cpp, line 759]
Event: 2.027 Thread 0x0000026e0747e160 Exception <a 'java/lang/NoSuchMethodError'{0x00000000a4975a38}: 'double java.lang.invoke.DirectMethodHandle$Holder.invokeStaticInit(java.lang.Object, double, double)'> (0x00000000a4975a38) 
thrown [s\open\src\hotspot\share\interpreter\linkResolver.cpp, line 759]
Event: 2.028 Thread 0x0000026e0747e160 Exception <a 'java/lang/NoSuchMethodError'{0x00000000a497f3f0}: 'double java.lang.invoke.DirectMethodHandle$Holder.invokeStaticInit(java.lang.Object, double, double, double)'> (0x00000000a497f3f0) 
thrown [s\open\src\hotspot\share\interpreter\linkResolver.cpp, line 759]
Event: 2.028 Thread 0x0000026e0747e160 Exception <a 'java/lang/NoSuchMethodError'{0x00000000a4985a68}: 'double java.lang.invoke.DirectMethodHandle$Holder.invokeStatic(java.lang.Object, java.lang.Object)'> (0x00000000a4985a68) 
thrown [s\open\src\hotspot\share\interpreter\linkResolver.cpp, line 759]
Event: 2.028 Thread 0x0000026e0747e160 Exception <a 'java/lang/NoSuchMethodError'{0x00000000a49890d0}: 'double java.lang.invoke.DirectMethodHandle$Holder.invokeStaticInit(java.lang.Object, java.lang.Object)'> (0x00000000a49890d0) 
thrown [s\open\src\hotspot\share\interpreter\linkResolver.cpp, line 759]
Event: 3.149 Thread 0x0000026e0747e160 Exception <a 'java/lang/NoSuchMethodError'{0x000000011f68bb38}: 'int java.lang.invoke.DirectMethodHandle$Holder.invokeVirtual(java.lang.Object, java.lang.Object)'> (0x000000011f68bb38) 
thrown [s\open\src\hotspot\share\interpreter\linkResolver.cpp, line 759]
Event: 3.150 Thread 0x0000026e0747e160 Exception <a 'java/lang/NoSuchMethodError'{0x000000011f691b58}: 'int java.lang.invoke.DirectMethodHandle$Holder.invokeSpecialIFC(java.lang.Object, java.lang.Object, java.lang.Object)'> (0x000000011f691b58) 
thrown [s\open\src\hotspot\share\interpreter\linkResolver.cpp, line 759]
Event: 3.198 Thread 0x0000026e0747e160 Exception <a 'java/lang/NoSuchMethodError'{0x00000000a64fb048}: 'void java.lang.invoke.DirectMethodHandle$Holder.invokeSpecial(java.lang.Object, java.lang.Object, java.lang.Object, java.lang.Object, java.lang.Object)'> (0x00000000a64fb048) 
thrown [s\open\src\hotspot\share\interpreter\linkResolver.cpp, line 759]
Event: 3.204 Thread 0x0000026e0747e160 Exception <a 'sun/nio/fs/WindowsException'{0x00000000a6588ad0}> (0x00000000a6588ad0) 
thrown [s\open\src\hotspot\share\prims\jni.cpp, line 516]
Event: 3.268 Thread 0x0000026e0747e160 Exception <a 'java/lang/NoSuchMethodError'{0x00000000a65e9818}: 'void java.lang.invoke.DirectMethodHandle$Holder.invokeVirtual(java.lang.Object, java.lang.Object, long, int)'> (0x00000000a65e9818) 
thrown [s\open\src\hotspot\share\interpreter\linkResolver.cpp, line 759]
Event: 3.269 Thread 0x0000026e0747e160 Exception <a 'java/lang/NoSuchMethodError'{0x00000000a65f4a28}: 'void java.lang.invoke.DirectMethodHandle$Holder.invokeVirtual(java.lang.Object, java.lang.Object, long, int, int, int)'> (0x00000000a65f4a28) 
thrown [s\open\src\hotspot\share\interpreter\linkResolver.cpp, line 759]
Event: 3.269 Thread 0x0000026e0747e160 Exception <a 'java/lang/NoSuchMethodError'{0x00000000a65fa5d0}: 'void java.lang.invoke.DirectMethodHandle$Holder.invokeVirtual(java.lang.Object, java.lang.Object, long, double, double)'> (0x00000000a65fa5d0) 
thrown [s\open\src\hotspot\share\interpreter\linkResolver.cpp, line 759]
Event: 3.273 Thread 0x0000026e0747e160 Exception <a 'java/lang/NoSuchMethodError'{0x00000000a6621830}: 'void java.lang.invoke.DirectMethodHandle$Holder.invokeInterface(java.lang.Object, java.lang.Object)'> (0x00000000a6621830) 
thrown [s\open\src\hotspot\share\interpreter\linkResolver.cpp, line 759]
Event: 3.280 Thread 0x0000026e0747e160 Implicit null exception at 0x0000026e1ab6b543 to 0x0000026e1ab6bac4
Event: 3.281 Thread 0x0000026e0747e160 Exception <a 'java/lang/NoSuchMethodError'{0x00000000a667db90}: 'java.lang.Object java.lang.invoke.DirectMethodHandle$Holder.invokeVirtual(java.lang.Object, java.lang.Object, java.lang.Object)'> (0x00000000a667db90) 
thrown [s\open\src\hotspot\share\interpreter\linkResolver.cpp, line 759]
Event: 4.170 Thread 0x0000026e0747e160 Exception <a 'java/lang/NoSuchMethodError'{0x00000000d2e8fc30}: 'int java.lang.invoke.DirectMethodHandle$Holder.invokeStaticInit(java.lang.Object, int, java.lang.Object)'> (0x00000000d2e8fc30) 
thrown [s\open\src\hotspot\share\interpreter\linkResolver.cpp, line 759]

VM Operations (20 events):
Event: 1.973 Executing VM operation: CollectForMetadataAllocation
Event: 1.977 Executing VM operation: CollectForMetadataAllocation done
Event: 1.980 Executing VM operation: G1Concurrent
Event: 1.981 Executing VM operation: G1Concurrent done
Event: 1.981 Executing VM operation: G1Concurrent
Event: 1.982 Executing VM operation: G1Concurrent done
Event: 2.088 Executing VM operation: ICBufferFull
Event: 2.088 Executing VM operation: ICBufferFull done
Event: 3.092 Executing VM operation: G1CollectForAllocation
Event: 3.098 Executing VM operation: G1CollectForAllocation done
Event: 3.120 Executing VM operation: G1CollectForAllocation
Event: 3.125 Executing VM operation: G1CollectForAllocation done
Event: 3.301 Executing VM operation: G1CollectForAllocation
Event: 3.302 Executing VM operation: G1CollectForAllocation done
Event: 3.346 Executing VM operation: G1CollectForAllocation
Event: 3.346 Executing VM operation: G1CollectForAllocation done
Event: 3.379 Executing VM operation: G1CollectForAllocation
Event: 3.381 Executing VM operation: G1CollectForAllocation done
Event: 3.967 Executing VM operation: G1CollectForAllocation
Event: 3.968 Executing VM operation: G1CollectForAllocation done

Events (20 events):
Event: 2.766 Thread 0x0000026e0b14dbe0 Thread exited: 0x0000026e0b14dbe0
Event: 2.766 Thread 0x0000026e0b145630 Thread exited: 0x0000026e0b145630
Event: 2.766 Thread 0x0000026e02d4b310 Thread exited: 0x0000026e02d4b310
Event: 2.802 Thread 0x0000026e0af26830 Thread exited: 0x0000026e0af26830
Event: 2.802 Thread 0x0000026e0ad430f0 Thread exited: 0x0000026e0ad430f0
Event: 2.884 Thread 0x0000026e01e85fa0 Thread exited: 0x0000026e01e85fa0
Event: 2.987 Thread 0x0000026e71bd0f40 Thread exited: 0x0000026e71bd0f40
Event: 2.991 Thread 0x0000026e71e41ab0 Thread exited: 0x0000026e71e41ab0
Event: 2.991 Thread 0x0000026e71e453b0 Thread exited: 0x0000026e71e453b0
Event: 3.151 Thread 0x0000026e936e3010 Thread added: 0x0000026e936e3010
Event: 3.263 Loaded shared library C:\Users\DEG3NERAT3_\AppData\Local\Temp\imgui-java-natives_1669535750572\imgui-java64.dll
Event: 3.300 Thread 0x0000026e047c7ab0 Thread added: 0x0000026e047c7ab0
Event: 3.306 Thread 0x0000026e02111f30 Thread added: 0x0000026e02111f30
Event: 3.306 Thread 0x0000026e03575760 Thread added: 0x0000026e03575760
Event: 3.628 Thread 0x0000026e03575760 Thread exited: 0x0000026e03575760
Event: 3.634 Thread 0x0000026e02111f30 Thread exited: 0x0000026e02111f30
Event: 4.017 Thread 0x0000026e047c7ab0 Thread exited: 0x0000026e047c7ab0
Event: 4.017 Thread 0x0000026e71e3f130 Thread exited: 0x0000026e71e3f130
Event: 4.038 Thread 0x0000026e71e3f130 Thread added: 0x0000026e71e3f130
Event: 4.072 Thread 0x0000026e936e3010 Thread exited: 0x0000026e936e3010


Dynamic libraries:
0x00007ff62ecc0000 - 0x00007ff62ecce000 	C:\Users\DEG3NERAT3_\.jdks\openjdk-18.0.2.1\bin\java.exe
0x00007ffa6ffb0000 - 0x00007ffa701c4000 	C:\WINDOWS\SYSTEM32\ntdll.dll
0x00007ffa6f1b0000 - 0x00007ffa6f272000 	C:\WINDOWS\System32\KERNEL32.DLL
0x00007ffa6d580000 - 0x00007ffa6d91d000 	C:\WINDOWS\System32\KERNELBASE.dll
0x00007ffa6d990000 - 0x00007ffa6daa1000 	C:\WINDOWS\System32\ucrtbase.dll
0x00007ffa69290000 - 0x00007ffa692a7000 	C:\Users\DEG3NERAT3_\.jdks\openjdk-18.0.2.1\bin\jli.dll
0x00007ffa61b70000 - 0x00007ffa61b8a000 	C:\Users\DEG3NERAT3_\.jdks\openjdk-18.0.2.1\bin\VCRUNTIME140.dll
0x00007ffa6df80000 - 0x00007ffa6e12a000 	C:\WINDOWS\System32\USER32.dll
0x00007ffa5f4c0000 - 0x00007ffa5f74e000 	C:\WINDOWS\WinSxS\amd64_microsoft.windows.common-controls_6595b64144ccf1df_6.0.22621.608_none_a9444ca7c10bb01d\COMCTL32.dll
0x00007ffa6d550000 - 0x00007ffa6d576000 	C:\WINDOWS\System32\win32u.dll
0x00007ffa6e710000 - 0x00007ffa6e739000 	C:\WINDOWS\System32\GDI32.dll
0x00007ffa6e920000 - 0x00007ffa6e9c7000 	C:\WINDOWS\System32\msvcrt.dll
0x00007ffa6dab0000 - 0x00007ffa6dbc2000 	C:\WINDOWS\System32\gdi32full.dll
0x00007ffa6dd10000 - 0x00007ffa6ddaa000 	C:\WINDOWS\System32\msvcp_win.dll
0x00007ffa6fdf0000 - 0x00007ffa6fe22000 	C:\WINDOWS\System32\IMM32.DLL
0x00007ff9ffcd0000 - 0x00007ffa04152000 	C:\Program Files\RenderDoc\renderdoc.dll
0x00007ffa6f9e0000 - 0x00007ffa6fa51000 	C:\WINDOWS\System32\WS2_32.dll
0x00007ffa6f730000 - 0x00007ffa6f845000 	C:\WINDOWS\System32\RPCRT4.dll
0x00007ffa6fee0000 - 0x00007ffa6ff3e000 	C:\WINDOWS\System32\SHLWAPI.dll
0x00007ffa6e1a0000 - 0x00007ffa6e61a000 	C:\WINDOWS\System32\SETUPAPI.dll
0x00007ffa6f280000 - 0x00007ffa6f376000 	C:\WINDOWS\System32\COMDLG32.dll
0x00007ffa6fa60000 - 0x00007ffa6fdea000 	C:\WINDOWS\System32\combase.dll
0x00007ffa6f850000 - 0x00007ffa6f941000 	C:\WINDOWS\System32\shcore.dll
0x00007ffa6e9d0000 - 0x00007ffa6f1b0000 	C:\WINDOWS\System32\SHELL32.dll
0x00007ffa6fe30000 - 0x00007ffa6fede000 	C:\WINDOWS\System32\ADVAPI32.dll
0x00007ffa6e740000 - 0x00007ffa6e7e4000 	C:\WINDOWS\System32\sechost.dll
0x00007ffa6f420000 - 0x00007ffa6f5bc000 	C:\WINDOWS\System32\ole32.dll
0x00007ffa6e620000 - 0x00007ffa6e6f7000 	C:\WINDOWS\System32\OLEAUT32.dll
0x00007ffa0ff20000 - 0x00007ffa0ffad000 	C:\Users\DEG3NERAT3_\.jdks\openjdk-18.0.2.1\bin\MSVCP140.dll
0x00007ffa69280000 - 0x00007ffa6928c000 	C:\Users\DEG3NERAT3_\.jdks\openjdk-18.0.2.1\bin\VCRUNTIME140_1.dll
0x00007ffa0a800000 - 0x00007ffa0a970000 	C:\Program Files\RenderDoc\dbghelp.dll
0x00007ffa6c950000 - 0x00007ffa6c9b9000 	C:\WINDOWS\system32\mswsock.dll
0x00007ffa6b3b0000 - 0x00007ffa6bc75000 	C:\WINDOWS\SYSTEM32\windows.storage.dll
0x00007ffa6b270000 - 0x00007ffa6b3ae000 	C:\WINDOWS\SYSTEM32\wintypes.dll
0x00007ffa67d60000 - 0x00007ffa68146000 	C:\WINDOWS\SYSTEM32\d3dcompiler_47.dll
0x00007ffa6cc60000 - 0x00007ffa6cc7b000 	C:\WINDOWS\SYSTEM32\CRYPTSP.dll
0x00007ffa32660000 - 0x00007ffa32760000 	C:\WINDOWS\SYSTEM32\opengl32.dll
0x00007ffa61b90000 - 0x00007ffa61bbd000 	C:\WINDOWS\SYSTEM32\GLU32.dll
0x00007ffa6a720000 - 0x00007ffa6a756000 	C:\WINDOWS\SYSTEM32\dxcore.dll
0x00007ffa04730000 - 0x00007ffa05341000 	C:\Users\DEG3NERAT3_\.jdks\openjdk-18.0.2.1\bin\server\jvm.dll
0x00007ffa6ddb0000 - 0x00007ffa6ddb8000 	C:\WINDOWS\System32\PSAPI.DLL
0x00007ffa61ac0000 - 0x00007ffa61af4000 	C:\WINDOWS\SYSTEM32\WINMM.dll
0x00007ffa46490000 - 0x00007ffa46499000 	C:\WINDOWS\SYSTEM32\WSOCK32.dll
0x00007ffa64550000 - 0x00007ffa6455a000 	C:\WINDOWS\SYSTEM32\VERSION.dll
0x00007ffa6c500000 - 0x00007ffa6c518000 	C:\WINDOWS\SYSTEM32\kernel.appcore.dll
0x00007ffa691f0000 - 0x00007ffa691fa000 	C:\Users\DEG3NERAT3_\.jdks\openjdk-18.0.2.1\bin\jimage.dll
0x00007ffa5d800000 - 0x00007ffa5d825000 	C:\Users\DEG3NERAT3_\.jdks\openjdk-18.0.2.1\bin\java.dll
0x00007ffa0cfb0000 - 0x00007ffa0d086000 	C:\Users\DEG3NERAT3_\.jdks\openjdk-18.0.2.1\bin\jsvml.dll
0x00007ffa6d310000 - 0x00007ffa6d331000 	C:\WINDOWS\SYSTEM32\profapi.dll
0x00007ffa5dcf0000 - 0x00007ffa5dd03000 	C:\Users\DEG3NERAT3_\.jdks\openjdk-18.0.2.1\bin\net.dll
0x00007ffa664e0000 - 0x00007ffa6660f000 	C:\WINDOWS\SYSTEM32\WINHTTP.dll
0x00007ffa5dcd0000 - 0x00007ffa5dce6000 	C:\Users\DEG3NERAT3_\.jdks\openjdk-18.0.2.1\bin\nio.dll
0x00007ffa58880000 - 0x00007ffa58898000 	C:\Users\DEG3NERAT3_\.jdks\openjdk-18.0.2.1\bin\zip.dll
0x00007ffa69b40000 - 0x00007ffa69b49000 	C:\Users\DEG3NERAT3_\.jdks\openjdk-18.0.2.1\bin\management.dll
0x00007ffa61d10000 - 0x00007ffa61d1b000 	C:\Users\DEG3NERAT3_\.jdks\openjdk-18.0.2.1\bin\management_ext.dll
0x00007ffa54650000 - 0x00007ffa54667000 	C:\WINDOWS\system32\napinsp.dll
0x00007ffa542f0000 - 0x00007ffa5430b000 	C:\WINDOWS\system32\pnrpnsp.dll
0x00007ffa6bfb0000 - 0x00007ffa6c0a2000 	C:\WINDOWS\SYSTEM32\DNSAPI.dll
0x00007ffa6bf80000 - 0x00007ffa6bfad000 	C:\WINDOWS\SYSTEM32\IPHLPAPI.DLL
0x00007ffa6e8b0000 - 0x00007ffa6e8b9000 	C:\WINDOWS\System32\NSI.dll
0x00007ffa51a50000 - 0x00007ffa51a61000 	C:\WINDOWS\System32\winrnr.dll
0x00007ffa663f0000 - 0x00007ffa66405000 	C:\WINDOWS\system32\wshbth.dll
0x00007ffa49630000 - 0x00007ffa49651000 	C:\WINDOWS\system32\nlansp_c.dll
0x00007ffa648e0000 - 0x00007ffa648ea000 	C:\Windows\System32\rasadhlp.dll
0x00007ffa66170000 - 0x00007ffa661f3000 	C:\WINDOWS\System32\fwpuclnt.dll
0x00007ffa51770000 - 0x00007ffa517e5000 	C:\Users\DEG3NERAT3_\AppData\Local\Temp\lwjglDEG3NERAT3_\3.3.1-SNAPSHOT\lwjgl.dll
0x00007ffa4a190000 - 0x00007ffa4a1f1000 	C:\Users\DEG3NE~1\AppData\Local\Temp\lwjglDEG3NERAT3_\3.3.1-SNAPSHOT\glfw.dll
0x00007ffa4d9b0000 - 0x00007ffa4d9f6000 	C:\WINDOWS\SYSTEM32\dinput8.dll
0x00007ffa531c0000 - 0x00007ffa533c1000 	C:\WINDOWS\SYSTEM32\inputhost.dll
0x00007ffa69760000 - 0x00007ffa69893000 	C:\WINDOWS\SYSTEM32\CoreMessaging.dll
0x00007ffa16080000 - 0x00007ffa16091000 	C:\WINDOWS\SYSTEM32\xinput1_4.dll
0x00007ffa6d0d0000 - 0x00007ffa6d11e000 	C:\WINDOWS\SYSTEM32\cfgmgr32.dll
0x00007ffa6d090000 - 0x00007ffa6d0c3000 	C:\WINDOWS\SYSTEM32\DEVOBJ.dll
0x00007ffa6dc90000 - 0x00007ffa6dd0b000 	C:\WINDOWS\System32\bcryptPrimitives.dll
0x00007ffa6cc40000 - 0x00007ffa6cc4c000 	C:\WINDOWS\SYSTEM32\CRYPTBASE.DLL
0x00007ffa6a6f0000 - 0x00007ffa6a71b000 	C:\WINDOWS\SYSTEM32\dwmapi.dll
0x00007ffa6a430000 - 0x00007ffa6a4db000 	C:\WINDOWS\system32\uxtheme.dll
0x00007ffa6f610000 - 0x00007ffa6f72e000 	C:\WINDOWS\System32\MSCTF.dll
0x00007ffa6e7f0000 - 0x00007ffa6e8a7000 	C:\WINDOWS\System32\clbcatq.dll
0x00007ff9db0f0000 - 0x00007ff9dea21000 	C:\WINDOWS\System32\DriverStore\FileRepository\nv_dispi.inf_amd64_009debfbd2e1619b\nvoglv64.dll
0x00007ffa69f10000 - 0x00007ffa69f24000 	C:\WINDOWS\SYSTEM32\WTSAPI32.dll
0x00007ffa6cd80000 - 0x00007ffa6cda8000 	C:\WINDOWS\SYSTEM32\bcrypt.dll
0x00007ffa6d070000 - 0x00007ffa6d082000 	C:\WINDOWS\SYSTEM32\msasn1.dll
0x00007ffa645d0000 - 0x00007ffa64602000 	C:\WINDOWS\SYSTEM32\cryptnet.dll
0x00007ffa6d3e0000 - 0x00007ffa6d546000 	C:\WINDOWS\System32\CRYPT32.dll
0x00007ffa641f0000 - 0x00007ffa64348000 	C:\WINDOWS\SYSTEM32\drvstore.dll
0x00007ffa6cbc0000 - 0x00007ffa6cc08000 	C:\WINDOWS\SYSTEM32\wldp.dll
0x00007ffa6d920000 - 0x00007ffa6d989000 	C:\WINDOWS\System32\WINTRUST.dll
0x00007ffa6c520000 - 0x00007ffa6c554000 	C:\WINDOWS\SYSTEM32\ntmarta.dll
0x00007ffa2d0c0000 - 0x00007ffa2d38f000 	C:\WINDOWS\system32\nvspcap64.dll
0x00007ffa6c2d0000 - 0x00007ffa6c31d000 	C:\WINDOWS\SYSTEM32\powrprof.dll
0x00007ffa6c2b0000 - 0x00007ffa6c2c3000 	C:\WINDOWS\SYSTEM32\UMPDC.dll
0x00007ffa6bf10000 - 0x00007ffa6bf76000 	C:\WINDOWS\SYSTEM32\WINSTA.dll
0x00007ffa4e380000 - 0x00007ffa4e4ad000 	C:\WINDOWS\SYSTEM32\textinputframework.dll
0x00007ffa65a00000 - 0x00007ffa65d6c000 	C:\WINDOWS\SYSTEM32\CoreUIComponents.dll
0x00007ffa61b10000 - 0x00007ffa61b20000 	C:\Users\DEG3NERAT3_\.jdks\openjdk-18.0.2.1\bin\verify.dll
0x00007ffa365a0000 - 0x00007ffa365fd000 	C:\Users\DEG3NERAT3_\AppData\Local\Temp\lwjglDEG3NERAT3_\3.3.1-SNAPSHOT\lwjgl_opengl.dll
0x00007ffa325d0000 - 0x00007ffa32651000 	C:\Users\DEG3NERAT3_\AppData\Local\Temp\lwjglDEG3NERAT3_\3.3.1-SNAPSHOT\lwjgl_stb.dll
0x00007ff9da6a0000 - 0x00007ff9dac49000 	C:\Users\DEG3NE~1\AppData\Local\Temp\lwjglDEG3NERAT3_\3.3.1-SNAPSHOT\assimp.dll
0x0000000064a00000 - 0x000000006578a000 	C:\Users\DEG3NERAT3_\AppData\Local\Temp\imgui-java-natives_1669535750572\imgui-java64.dll

dbghelp: loaded successfully - version: 4.0.5 - missing functions: none
symbol engine: initialization error.

VM Arguments:
jvm_args: -Dquanta.config=config/config.conf 
java_command: target/quanta-0.2.4-shaded.jar
java_class_path (initial): target/quanta-0.2.4-shaded.jar
Launcher Type: SUN_STANDARD

[Global flags]
     intx CICompilerCount                          = 15                                        {product} {ergonomic}
     uint ConcGCThreads                            = 6                                         {product} {ergonomic}
     uint G1ConcRefinementThreads                  = 23                                        {product} {ergonomic}
   size_t G1HeapRegionSize                         = 16777216                                  {product} {ergonomic}
    uintx GCDrainStackTargetSize                   = 64                                        {product} {ergonomic}
   size_t InitialHeapSize                          = 2147483648                                {product} {ergonomic}
   size_t MarkStackSize                            = 4194304                                   {product} {ergonomic}
   size_t MaxHeapSize                              = 31675383808                               {product} {ergonomic}
   size_t MaxNewSize                               = 18991808512                               {product} {ergonomic}
   size_t MinHeapDeltaBytes                        = 16777216                                  {product} {ergonomic}
   size_t MinHeapSize                              = 16777216                                  {product} {ergonomic}
    uintx NonNMethodCodeHeapSize                   = 8192380                                {pd product} {ergonomic}
    uintx NonProfiledCodeHeapSize                  = 121732930                              {pd product} {ergonomic}
    uintx ProfiledCodeHeapSize                     = 121732930                              {pd product} {ergonomic}
    uintx ReservedCodeCacheSize                    = 251658240                              {pd product} {ergonomic}
     bool SegmentedCodeCache                       = true                                      {product} {ergonomic}
   size_t SoftMaxHeapSize                          = 31675383808                            {manageable} {ergonomic}
     bool UseCompressedClassPointers               = true                           {product lp64_product} {ergonomic}
     bool UseCompressedOops                        = true                           {product lp64_product} {ergonomic}
     bool UseG1GC                                  = true                                      {product} {ergonomic}
     bool UseLargePagesIndividualAllocation        = false                                  {pd product} {ergonomic}

Logging:
Log output configuration:
 #0: stdout all=warning uptime,level,tags foldmultilines=false
 #1: stderr all=off uptime,level,tags foldmultilines=false

Environment Variables:
PATH=C:\Program Files\Common Files\Oracle\Java\javapath;C:\Program Files\NVIDIA GPU Computing Toolkit\CUDA\v11.4\bin;C:\Program Files\NVIDIA GPU Computing Toolkit\CUDA\v11.4\libnvvp;C:\Program Files (x86)\Razer Chroma SDK\bin;C:\Program Files\Razer Chroma SDK\bin;C:\Program Files (x86)\Razer\ChromaBroadcast\bin;C:\Program Files\Razer\ChromaBroadcast\bin;C:\Python27\;C:\Python27\Scripts;C:\Program Files (x86)\Common Files\Oracle\Java\javapath;C:\WINDOWS\system32;C:\WINDOWS;C:\WINDOWS\System32\Wbem;C:\WINDOWS\System32\WindowsPowerShell\v1.0\;C:\WINDOWS\System32\OpenSSH\;C:\Program Files (x86)\NVIDIA Corporation\PhysX\Common;C:\Program Files\NVIDIA Corporation\NVIDIA NvDLISR;C:\Program Files (x86)\Windows Kits\10\Windows Performance Toolkit\;C:\Program Files\Git\cmd;C:\Program Files\nodejs\;C:\ProgramData\chocolatey\bin;C:\Users\DEG3NERAT3_\AppData\Local\Programs\Python\Python38-32\Scripts\;C:\Users\DEG3NERAT3_\AppData\Local\Programs\Python\Python38-32\;C:\Users\DEG3NERAT3_\AppData\Local\Programs\Python\Python37-32\Scripts\;C:\Users\DEG3NERAT3_\AppData\Local\Programs\Python\Python37-32\;C:\Users\DEG3NERAT3_\AppData\Local\Microsoft\WindowsApps;C:\Users\DEG3NERAT3_\AppData\Local\Programs\Microsoft VS Code\bin;C:\Users\DEG3NERAT3_\AppData\Local\atom\bin;C:\Program Files\JetBrains\IntelliJ IDEA 2019.2.2\bin;C:\Users\DEG3NERAT3_\AppData\Roaming\npm;C:\WINDOWS\system32\config\systemprofile\AppData\Local\Microsoft\WindowsApps;C:\Program Files\NVIDIA Corporation\Nsight Compute 2021.2.0\;E:\cmake\bin;C:\Program Files\dotnet\;C:\Program Files\apache-maven-3.8.4\bin;;C:\Program Files\Docker\Docker\resources\bin;C:\ProgramData\DockerDesktop\version-bin;C:\Program Files\Go\bin;%SystemRoot%\system32;%SystemRoot%;%SystemRoot%\System32\Wbem;%SYSTEMROOT%\System32\WindowsPowerShell\v1.0\;%SYSTEMROOT%\System32\OpenSSH\;C:\Users\DEG3NERAT3_\.cargo\bin;C:\Users\DEG3NERAT3_\AppData\Local\Programs\Python\Python38-32\Scripts\;C:\Users\DEG3NERAT3_\AppData\Local\Programs\Python\Python38-32\;C:\Users\DEG3NERAT3_\AppData\Local\Programs\Python\Python37-32\Scripts\;C:\Users\DEG3NERAT3_\AppData\Local\Programs\Python\Python37-32\;C:\Users\DEG3NERAT3_\AppData\Local\Microsoft\WindowsApps;C:\Users\DEG3NERAT3_\AppData\Local\Programs\Microsoft VS Code\bin;C:\Users\DEG3NERAT3_\AppData\Local\atom\bin;C:\Program Files\JetBrains\IntelliJ IDEA 2019.2.2\bin;C:\Users\DEG3NERAT3_\AppData\Roaming\npm;C:\ProgramData\DEG3NERAT3_\GitHubDesktop\bin;C:\Users\DEG3NERAT3_\go\bin;C:\Users\DEG3NERAT3_\.dotnet\tools;C:\msys64\usr\bin\gcc.exe;C:\msys64\mingw64\bin;C:\Users\DEG3NERAT3_\vcpkg;C:\Program Files\qemu;;C:\Users\DEG3NERAT3_\AppData\Local\JetBrains\Toolbox\scripts;C:\Users\DEG3NERAT3_\go\bin;C:\Users\DEG3NERAT3_\AppData\Local\Microsoft\WindowsApps
USERNAME=DEG3NERAT3_
OS=Windows_NT
PROCESSOR_IDENTIFIER=AMD64 Family 25 Model 33 Stepping 0, AuthenticAMD



---------------  S Y S T E M  ---------------

OS:
 Windows 11 , 64 bit Build 22621 (10.0.22621.755)
OS uptime: 1 days 5:26 hours
Hyper-V role detected

CPU: total 32 (initial active 32) (32 cores per cpu, 2 threads per core) family 25 model 33 stepping 0 microcode 0x0, cx8, cmov, fxsr, ht, mmx, 3dnowpref, sse, sse2, sse3, ssse3, sse4a, sse4.1, sse4.2, popcnt, lzcnt, tsc, tscinvbit, avx, avx2, aes, erms, clmul, bmi1, bmi2, adx, sha, fma, vzeroupper, clflush, clflushopt, hv

Memory: 4k page, system-wide physical 130980M (103198M free)
TotalPageFile size 139172M (AvailPageFile size 104874M)
current process WorkingSet (physical memory assigned to process): 1181M, peak: 1182M
current process commit charge ("private bytes"): 3212M, peak: 3281M

vm_info: OpenJDK 64-Bit Server VM (18.0.2.1+1-1) for windows-amd64 JRE (18.0.2.1+1-1), built on Aug 16 2022 01:44:29 by "mach5one" with MS VC++ 16.8 / 16.9 (VS2019)

END.
