#
# A fatal error has been detected by the Java Runtime Environment:
#
#  EXCEPTION_ACCESS_VIOLATION (0xc0000005) at pc=0x0000000064ae1a9d, pid=45276, tid=49720
#
# JRE version: OpenJDK Runtime Environment (18.0.2.1+1) (build 18.0.2.1+1-1)
# Java VM: OpenJDK 64-Bit Server VM (18.0.2.1+1-1, mixed mode, sharing, tiered, compressed oops, compressed class ptrs, g1 gc, windows-amd64)
# Problematic frame:
# C  [imgui-java64.dll+0xe1a9d]
#
# No core dump will be written. Minidumps are not enabled by default on client versions of Windows
#
# If you would like to submit a bug report, please visit:
#   https://bugreport.java.com/bugreport/crash.jsp
# The crash happened outside the Java Virtual Machine in native code.
# See problematic frame for where to report the bug.
#

---------------  S U M M A R Y ------------

Command Line: -agentlib:jdwp=transport=dt_socket,address=127.0.0.1:62187,suspend=y,server=n -Dvisualvm.id=74382743673300 -Dvisualgc.id=74382743652500 -Dquanta.config=config/config.conf -javaagent:C:\Users\DEG3NERAT3_\AppData\Local\JetBrains\Toolbox\apps\IDEA-U\ch-0\222.4345.14\plugins\java\lib\rt\debugger-agent.jar -Dfile.encoding=UTF-8 -Dsun.stdout.encoding=UTF-8 -Dsun.stderr.encoding=UTF-8 com.engineersbox.quanta.test.Main

Host: AMD Ryzen 9 5950X 16-Core Processor            , 32 cores, 127G,  Windows 11 , 64 bit Build 22621 (10.0.22621.755)
Time: Wed Nov 16 15:37:03 2022 AUS Eastern Daylight Time elapsed time: 1.082302 seconds (0d 0h 0m 1s)

---------------  T H R E A D  ---------------

Current thread (0x000001f835b22bb0):  JavaThread "main" [_thread_in_native, id=49720, stack(0x000000e51b100000,0x000000e51b200000)]

Stack: [0x000000e51b100000,0x000000e51b200000],  sp=0x000000e51b1feaf0,  free space=1018k
Native frames: (J=compiled Java code, j=interpreted, Vv=VM code, C=native code)
C  [imgui-java64.dll+0xe1a9d]

Java frames: (J=compiled Java code, j=interpreted, Vv=VM code)
j  imgui.ImGui.calcTextSize(Limgui/ImVec2;Ljava/lang/String;)V+0
j  com.engineersbox.quanta.gui.console.Console.<clinit>()V+345
v  ~StubRoutines::call_stub
j  com.engineersbox.quanta.test.Main.init(Lcom/engineersbox/quanta/core/Window;Lcom/engineersbox/quanta/scene/Scene;Lcom/engineersbox/quanta/rendering/Renderer;)V+1
j  com.engineersbox.quanta.core.Engine.<init>(Ljava/lang/String;Lcom/engineersbox/quanta/core/IAppLogic;)V+137
j  com.engineersbox.quanta.test.Main.main([Ljava/lang/String;)V+15
v  ~StubRoutines::call_stub

siginfo: EXCEPTION_ACCESS_VIOLATION (0xc0000005), reading address 0x0000000000000014


Register to memory mapping:

RIP=0x0000000064ae1a9d imgui-java64.dll
RAX=0x000000000000000d is an unknown value
RBX=0x000001f8269b6470 points into unknown readable memory: 0x30303a30303a3030 | 30 30 3a 30 30 3a 30 30
RCX=0xfffffe07d9649b90 is an unknown value
RDX=0x0000000000000030 is an unknown value
RSP=0x000000e51b1feaf0 is pointing into the stack for thread: 0x000001f835b22bb0
RBP=0x000001f8269b647d points into unknown readable memory: 00 00 00
RSI=0x000000e51b1fed30 is pointing into the stack for thread: 0x000001f835b22bb0
RDI=0x0 is NULL
R8 =0x7efefefefefefeff is an unknown value
R9 =0x7efeff2f2f2f2f39 is an unknown value
R10=0x000001f8269b647d points into unknown readable memory: 00 00 00
R11=0x8101010101010100 is an unknown value
R12=0x0 is NULL
R13=0x000000e51b1fed28 is pointing into the stack for thread: 0x000001f835b22bb0
R14=0x000000e51b1fed30 is pointing into the stack for thread: 0x000001f835b22bb0
R15=0x000001f835b22bb0 is a thread


Registers:
RAX=0x000000000000000d, RBX=0x000001f8269b6470, RCX=0xfffffe07d9649b90, RDX=0x0000000000000030
RSP=0x000000e51b1feaf0, RBP=0x000001f8269b647d, RSI=0x000000e51b1fed30, RDI=0x0000000000000000
R8 =0x7efefefefefefeff, R9 =0x7efeff2f2f2f2f39, R10=0x000001f8269b647d, R11=0x8101010101010100
R12=0x0000000000000000, R13=0x000000e51b1fed28, R14=0x000000e51b1fed30, R15=0x000001f835b22bb0
RIP=0x0000000064ae1a9d, EFLAGS=0x0000000000010246

Top of Stack: (sp=0x000000e51b1feaf0)
0x000000e51b1feaf0:   0000000000000001 000000e51b1fec00
0x000000e51b1feb00:   0000000000000009 00007ff9edc71b06
0x000000e51b1feb10:   0000000000000000 000000000000000e
0x000000e51b1feb20:   000001f835b22bb0 00007ff9f03c0000
0x000000e51b1feb30:   0000000000000000 0000000000000000
0x000000e51b1feb40:   0000000000000000 0000000000000000
0x000000e51b1feb50:   0000000000000000 0000000000000000
0x000000e51b1feb60:   0000000000000000 0000000000000000
0x000000e51b1feb70:   0000000000000000 0000000000000000
0x000000e51b1feb80:   0000000000000000 0000000000000000
0x000000e51b1feb90:   0000000000000000 0000000000000000
0x000000e51b1feba0:   0000000000000000 0000000000000000
0x000000e51b1febb0:   000000011b8ca9b0 000001f8269b6470
0x000000e51b1febc0:   000000e51b1fed30 0000000000000166
0x000000e51b1febd0:   000000e51b1fed08 000001f835b22e40
0x000000e51b1febe0:   000000e51b1fed28 0000000064a4fcd8 

Instructions: (pc=0x0000000064ae1a9d)
0x0000000064ae199d:   44 24 50 44 0f 10 4c 24 60 44 0f 10 54 24 70 48
0x0000000064ae19ad:   81 c4 88 00 00 00 5b 5e 5f 5d 41 5c 41 5d 41 5e
0x0000000064ae19bd:   41 5f c3 48 89 e9 4d 89 f0 48 89 da e8 82 45 f6
0x0000000064ae19cd:   ff 8b 4c 24 2c 48 98 48 01 d8 e9 4e ff ff ff 0f
0x0000000064ae19dd:   1f 40 00 f3 0f 58 f7 4d 89 fc 41 0f 10 f9 f3 44
0x0000000064ae19ed:   0f 58 c6 41 0f 10 f1 e9 f1 fe ff ff 0f 1f 80 00
0x0000000064ae19fd:   00 00 00 be 01 00 00 00 41 0f 10 f9 41 0f 10 f1
0x0000000064ae1a0d:   45 0f 10 c1 e9 f8 fe ff ff 4c 89 c0 e9 72 ff ff
0x0000000064ae1a1d:   ff 66 90 41 55 41 54 55 57 56 53 48 81 ec c8 00
0x0000000064ae1a2d:   00 00 0f 11 74 24 40 0f 11 7c 24 50 44 0f 11 44
0x0000000064ae1a3d:   24 60 44 0f 11 4c 24 70 44 0f 11 94 24 80 00 00
0x0000000064ae1a4d:   00 44 0f 11 9c 24 90 00 00 00 44 0f 11 a4 24 a0
0x0000000064ae1a5d:   00 00 00 44 0f 11 ac 24 b0 00 00 00 48 8b ac 24
0x0000000064ae1a6d:   28 01 00 00 48 8b 9c 24 20 01 00 00 48 8b bc 24
0x0000000064ae1a7d:   30 01 00 00 44 0f 10 d9 44 0f 10 d2 44 0f 10 cb
0x0000000064ae1a8d:   49 89 cc 48 85 ed 0f 84 4f 02 00 00 45 0f 10 eb
0x0000000064ae1a9d:   f3 45 0f 5e 6c 24 14 48 39 dd 0f 86 4c 02 00 00
0x0000000064ae1aad:   66 0f ef ff 45 31 ed 48 8d 74 24 3c 44 0f 10 e7
0x0000000064ae1abd:   44 0f 10 c7 0f 10 f7 eb 2e 66 2e 0f 1f 84 00 00
0x0000000064ae1acd:   00 00 00 49 8b 4c 24 08 f3 0f 10 04 91 f3 41 0f
0x0000000064ae1add:   59 c5 f3 0f 58 c6 41 0f 2f c2 73 6f 48 89 c3 0f
0x0000000064ae1aed:   10 f0 48 39 dd 76 64 44 0f 2f cf 76 12 4d 85 ed
0x0000000064ae1afd:   0f 84 0d 01 00 00 49 39 dd 0f 86 44 01 00 00 0f
0x0000000064ae1b0d:   be 13 48 8d 43 01 89 54 24 3c 83 fa 7f 0f 87 c0
0x0000000064ae1b1d:   00 00 00 83 fa 1f 77 12 83 fa 0a 0f 84 52 01 00
0x0000000064ae1b2d:   00 83 fa 0d 0f 84 71 01 00 00 41 39 14 24 7f 93
0x0000000064ae1b3d:   f3 41 0f 10 44 24 10 f3 41 0f 59 c5 f3 0f 58 c6
0x0000000064ae1b4d:   41 0f 2f c2 72 96 0f 1f 44 00 00 0f 10 e6 0f 2f
0x0000000064ae1b5d:   f7 f3 41 0f 5f e0 44 0f 10 c4 0f 86 63 01 00 00
0x0000000064ae1b6d:   f3 45 0f 58 e3 48 85 ff 74 03 48 89 1f 66 44 0f
0x0000000064ae1b7d:   7e e0 0f 10 74 24 40 0f 10 7c 24 50 48 89 c2 44
0x0000000064ae1b8d:   0f 10 4c 24 70 66 44 0f 7e c0 44 0f 10 94 24 80 


Stack slot to memory mapping:
stack at sp + 0 slots: 0x0000000000000001 is an unknown value
stack at sp + 1 slots: 0x000000e51b1fec00 is pointing into the stack for thread: 0x000001f835b22bb0
stack at sp + 2 slots: 0x0000000000000009 is an unknown value
stack at sp + 3 slots: 0x00007ff9edc71b06 ucrtbase.dll
stack at sp + 4 slots: 0x0 is NULL
stack at sp + 5 slots: 0x000000000000000e is an unknown value
stack at sp + 6 slots: 0x000001f835b22bb0 is a thread
stack at sp + 7 slots: 0x00007ff9f03c0000 ntdll.dll


---------------  P R O C E S S  ---------------

Threads class SMR info:
_java_thread_list=0x000001f8269e2ae0, length=20, elements={
0x000001f835b22bb0, 0x000001f879d603e0, 0x000001f879d64d90, 0x000001f879d776c0,
0x000001f879d78060, 0x000001f879d78a00, 0x000001f879d793a0, 0x000001f879d7a070,
0x000001f879d7ffa0, 0x000001f879da89a0, 0x000001f879e4f9b0, 0x000001f84d9446e0,
0x000001f879ed62f0, 0x000001f879edcc20, 0x000001f879f7cde0, 0x000001f879f7e660,
0x000001f879f7f770, 0x000001f879fa97b0, 0x000001f87eaceb50, 0x000001f826a2e050
}

Java Threads: ( => current thread )
=>0x000001f835b22bb0 JavaThread "main" [_thread_in_native, id=49720, stack(0x000000e51b100000,0x000000e51b200000)]
  0x000001f879d603e0 JavaThread "Reference Handler" daemon [_thread_blocked, id=32600, stack(0x000000e51b800000,0x000000e51b900000)]
  0x000001f879d64d90 JavaThread "Finalizer" daemon [_thread_blocked, id=4028, stack(0x000000e51b900000,0x000000e51ba00000)]
  0x000001f879d776c0 JavaThread "Signal Dispatcher" daemon [_thread_blocked, id=6308, stack(0x000000e51ba00000,0x000000e51bb00000)]
  0x000001f879d78060 JavaThread "Attach Listener" daemon [_thread_blocked, id=35644, stack(0x000000e51bb00000,0x000000e51bc00000)]
  0x000001f879d78a00 JavaThread "Service Thread" daemon [_thread_blocked, id=42844, stack(0x000000e51bc00000,0x000000e51bd00000)]
  0x000001f879d793a0 JavaThread "Monitor Deflation Thread" daemon [_thread_blocked, id=21604, stack(0x000000e51bd00000,0x000000e51be00000)]
  0x000001f879d7a070 JavaThread "C2 CompilerThread0" daemon [_thread_blocked, id=26456, stack(0x000000e51be00000,0x000000e51bf00000)]
  0x000001f879d7ffa0 JavaThread "C1 CompilerThread0" daemon [_thread_blocked, id=38048, stack(0x000000e51bf00000,0x000000e51c000000)]
  0x000001f879da89a0 JavaThread "Sweeper thread" daemon [_thread_blocked, id=50792, stack(0x000000e51c000000,0x000000e51c100000)]
  0x000001f879e4f9b0 JavaThread "C1 CompilerThread1" daemon [_thread_blocked, id=22320, stack(0x000000e51c100000,0x000000e51c200000)]
  0x000001f84d9446e0 JavaThread "Common-Cleaner" daemon [_thread_blocked, id=12568, stack(0x000000e51c200000,0x000000e51c300000)]
  0x000001f879ed62f0 JavaThread "C1 CompilerThread2" daemon [_thread_blocked, id=12048, stack(0x000000e51c300000,0x000000e51c400000)]
  0x000001f879edcc20 JavaThread "C1 CompilerThread3" daemon [_thread_blocked, id=42524, stack(0x000000e51c400000,0x000000e51c500000)]
  0x000001f879f7cde0 JavaThread "JDWP Transport Listener: dt_socket" daemon [_thread_blocked, id=14344, stack(0x000000e51c600000,0x000000e51c700000)]
  0x000001f879f7e660 JavaThread "JDWP Event Helper Thread" daemon [_thread_blocked, id=46284, stack(0x000000e51c700000,0x000000e51c800000)]
  0x000001f879f7f770 JavaThread "JDWP Command Reader" daemon [_thread_in_native, id=24588, stack(0x000000e51c800000,0x000000e51c900000)]
  0x000001f879fa97b0 JavaThread "Notification Thread" daemon [_thread_blocked, id=1824, stack(0x000000e51c900000,0x000000e51ca00000)]
  0x000001f87eaceb50 JavaThread "C1 CompilerThread4" daemon [_thread_blocked, id=8144, stack(0x000000e51cb00000,0x000000e51cc00000)]
  0x000001f826a2e050 JavaThread "C2 CompilerThread1" daemon [_thread_blocked, id=37764, stack(0x000000e51c500000,0x000000e51c600000)]

Other Threads:
  0x000001f835bb8ff0 VMThread "VM Thread" [stack: 0x000000e51b700000,0x000000e51b800000] [id=36904]
  0x000001f879fd0a20 WatcherThread "VM Periodic Task Thread" [stack: 0x000000e51ca00000,0x000000e51cb00000] [id=27408]
  0x000001f835b5d2b0 WorkerThread "GC Thread#0" [stack: 0x000000e51b200000,0x000000e51b300000] [id=33148]
  0x000001f835b6ce50 ConcurrentGCThread "G1 Main Marker" [stack: 0x000000e51b300000,0x000000e51b400000] [id=49764]
  0x000001f835b6dfe0 WorkerThread "G1 Conc#0" [stack: 0x000000e51b400000,0x000000e51b500000] [id=48712]
  0x000001f835b45fc0 ConcurrentGCThread "G1 Refine#0" [stack: 0x000000e51b500000,0x000000e51b600000] [id=31068]
  0x000001f84d92d4b0 ConcurrentGCThread "G1 Service" [stack: 0x000000e51b600000,0x000000e51b700000] [id=38004]

Threads with active compile tasks:

VM state: not at safepoint (normal execution)

VM Mutex/Monitor currently owned by a thread: None

Heap address: 0x00000000a0000000, size: 30208 MB, Compressed Oops mode: Zero based, Oop shift amount: 3

CDS archive(s) mapped at: [0x0000000800000000-0x0000000800ba0000-0x0000000800ba0000), size 12189696, SharedBaseAddress: 0x0000000800000000, ArchiveRelocationMode: 0.
Compressed class space mapped at: 0x0000000800c00000-0x0000000840c00000, reserved size: 1073741824
Narrow klass base: 0x0000000800000000, Narrow klass shift: 0, Narrow klass range: 0x100000000

GC Precious Log:
 CardTable entry size: 512
 Card Set container configuration: InlinePtr #cards 3 size 8 Array Of Cards #cards 128 size 272 Howl #buckets 8 coarsen threshold 29491 Howl Bitmap #cards 4096 size 528 coarsen threshold 3686 Card regions per heap region 1 cards per card region 32768
 CPUs: 32 total, 32 available
 Memory: 127G
 Large Page Support: Disabled
 NUMA Support: Disabled
 Compressed Oops: Enabled (Zero based)
 Heap Region Size: 16M
 Heap Min Capacity: 16M
 Heap Initial Capacity: 2G
 Heap Max Capacity: 30208M
 Pre-touch: Disabled
 Parallel Workers: 23
 Concurrent Workers: 6
 Concurrent Refinement Workers: 23
 Periodic GC: Disabled

Heap:
 garbage-first heap   total 2097152K, used 65536K [0x00000000a0000000, 0x0000000800000000)
  region size 16384K, 5 young (81920K), 0 survivors (0K)
 Metaspace       used 17600K, committed 17920K, reserved 1114112K
  class space    used 1622K, committed 1792K, reserved 1048576K

Heap Regions: E=young(eden), S=young(survivor), O=old, HS=humongous(starts), HC=humongous(continues), CS=collection set, F=free, OA=open archive, CA=closed archive, TAMS=top-at-mark-start (previous, next)
|   0|0x00000000a0000000, 0x00000000a0000000, 0x00000000a1000000|  0%| F|  |TAMS 0x00000000a0000000, 0x00000000a0000000| Untracked 
|   1|0x00000000a1000000, 0x00000000a1000000, 0x00000000a2000000|  0%| F|  |TAMS 0x00000000a1000000, 0x00000000a1000000| Untracked 
|   2|0x00000000a2000000, 0x00000000a2000000, 0x00000000a3000000|  0%| F|  |TAMS 0x00000000a2000000, 0x00000000a2000000| Untracked 
|   3|0x00000000a3000000, 0x00000000a3000000, 0x00000000a4000000|  0%| F|  |TAMS 0x00000000a3000000, 0x00000000a3000000| Untracked 
|   4|0x00000000a4000000, 0x00000000a4000000, 0x00000000a5000000|  0%| F|  |TAMS 0x00000000a4000000, 0x00000000a4000000| Untracked 
|   5|0x00000000a5000000, 0x00000000a5000000, 0x00000000a6000000|  0%| F|  |TAMS 0x00000000a5000000, 0x00000000a5000000| Untracked 
|   6|0x00000000a6000000, 0x00000000a6000000, 0x00000000a7000000|  0%| F|  |TAMS 0x00000000a6000000, 0x00000000a6000000| Untracked 
|   7|0x00000000a7000000, 0x00000000a7000000, 0x00000000a8000000|  0%| F|  |TAMS 0x00000000a7000000, 0x00000000a7000000| Untracked 
|   8|0x00000000a8000000, 0x00000000a8000000, 0x00000000a9000000|  0%| F|  |TAMS 0x00000000a8000000, 0x00000000a8000000| Untracked 
|   9|0x00000000a9000000, 0x00000000a9000000, 0x00000000aa000000|  0%| F|  |TAMS 0x00000000a9000000, 0x00000000a9000000| Untracked 
|  10|0x00000000aa000000, 0x00000000aa000000, 0x00000000ab000000|  0%| F|  |TAMS 0x00000000aa000000, 0x00000000aa000000| Untracked 
|  11|0x00000000ab000000, 0x00000000ab000000, 0x00000000ac000000|  0%| F|  |TAMS 0x00000000ab000000, 0x00000000ab000000| Untracked 
|  12|0x00000000ac000000, 0x00000000ac000000, 0x00000000ad000000|  0%| F|  |TAMS 0x00000000ac000000, 0x00000000ac000000| Untracked 
|  13|0x00000000ad000000, 0x00000000ad000000, 0x00000000ae000000|  0%| F|  |TAMS 0x00000000ad000000, 0x00000000ad000000| Untracked 
|  14|0x00000000ae000000, 0x00000000ae000000, 0x00000000af000000|  0%| F|  |TAMS 0x00000000ae000000, 0x00000000ae000000| Untracked 
|  15|0x00000000af000000, 0x00000000af000000, 0x00000000b0000000|  0%| F|  |TAMS 0x00000000af000000, 0x00000000af000000| Untracked 
|  16|0x00000000b0000000, 0x00000000b0000000, 0x00000000b1000000|  0%| F|  |TAMS 0x00000000b0000000, 0x00000000b0000000| Untracked 
|  17|0x00000000b1000000, 0x00000000b1000000, 0x00000000b2000000|  0%| F|  |TAMS 0x00000000b1000000, 0x00000000b1000000| Untracked 
|  18|0x00000000b2000000, 0x00000000b2000000, 0x00000000b3000000|  0%| F|  |TAMS 0x00000000b2000000, 0x00000000b2000000| Untracked 
|  19|0x00000000b3000000, 0x00000000b3000000, 0x00000000b4000000|  0%| F|  |TAMS 0x00000000b3000000, 0x00000000b3000000| Untracked 
|  20|0x00000000b4000000, 0x00000000b4000000, 0x00000000b5000000|  0%| F|  |TAMS 0x00000000b4000000, 0x00000000b4000000| Untracked 
|  21|0x00000000b5000000, 0x00000000b5000000, 0x00000000b6000000|  0%| F|  |TAMS 0x00000000b5000000, 0x00000000b5000000| Untracked 
|  22|0x00000000b6000000, 0x00000000b6000000, 0x00000000b7000000|  0%| F|  |TAMS 0x00000000b6000000, 0x00000000b6000000| Untracked 
|  23|0x00000000b7000000, 0x00000000b7000000, 0x00000000b8000000|  0%| F|  |TAMS 0x00000000b7000000, 0x00000000b7000000| Untracked 
|  24|0x00000000b8000000, 0x00000000b8000000, 0x00000000b9000000|  0%| F|  |TAMS 0x00000000b8000000, 0x00000000b8000000| Untracked 
|  25|0x00000000b9000000, 0x00000000b9000000, 0x00000000ba000000|  0%| F|  |TAMS 0x00000000b9000000, 0x00000000b9000000| Untracked 
|  26|0x00000000ba000000, 0x00000000ba000000, 0x00000000bb000000|  0%| F|  |TAMS 0x00000000ba000000, 0x00000000ba000000| Untracked 
|  27|0x00000000bb000000, 0x00000000bb000000, 0x00000000bc000000|  0%| F|  |TAMS 0x00000000bb000000, 0x00000000bb000000| Untracked 
|  28|0x00000000bc000000, 0x00000000bc000000, 0x00000000bd000000|  0%| F|  |TAMS 0x00000000bc000000, 0x00000000bc000000| Untracked 
|  29|0x00000000bd000000, 0x00000000bd000000, 0x00000000be000000|  0%| F|  |TAMS 0x00000000bd000000, 0x00000000bd000000| Untracked 
|  30|0x00000000be000000, 0x00000000be000000, 0x00000000bf000000|  0%| F|  |TAMS 0x00000000be000000, 0x00000000be000000| Untracked 
|  31|0x00000000bf000000, 0x00000000bf000000, 0x00000000c0000000|  0%| F|  |TAMS 0x00000000bf000000, 0x00000000bf000000| Untracked 
|  32|0x00000000c0000000, 0x00000000c0000000, 0x00000000c1000000|  0%| F|  |TAMS 0x00000000c0000000, 0x00000000c0000000| Untracked 
|  33|0x00000000c1000000, 0x00000000c1000000, 0x00000000c2000000|  0%| F|  |TAMS 0x00000000c1000000, 0x00000000c1000000| Untracked 
|  34|0x00000000c2000000, 0x00000000c2000000, 0x00000000c3000000|  0%| F|  |TAMS 0x00000000c2000000, 0x00000000c2000000| Untracked 
|  35|0x00000000c3000000, 0x00000000c3000000, 0x00000000c4000000|  0%| F|  |TAMS 0x00000000c3000000, 0x00000000c3000000| Untracked 
|  36|0x00000000c4000000, 0x00000000c4000000, 0x00000000c5000000|  0%| F|  |TAMS 0x00000000c4000000, 0x00000000c4000000| Untracked 
|  37|0x00000000c5000000, 0x00000000c5000000, 0x00000000c6000000|  0%| F|  |TAMS 0x00000000c5000000, 0x00000000c5000000| Untracked 
|  38|0x00000000c6000000, 0x00000000c6000000, 0x00000000c7000000|  0%| F|  |TAMS 0x00000000c6000000, 0x00000000c6000000| Untracked 
|  39|0x00000000c7000000, 0x00000000c7000000, 0x00000000c8000000|  0%| F|  |TAMS 0x00000000c7000000, 0x00000000c7000000| Untracked 
|  40|0x00000000c8000000, 0x00000000c8000000, 0x00000000c9000000|  0%| F|  |TAMS 0x00000000c8000000, 0x00000000c8000000| Untracked 
|  41|0x00000000c9000000, 0x00000000c9000000, 0x00000000ca000000|  0%| F|  |TAMS 0x00000000c9000000, 0x00000000c9000000| Untracked 
|  42|0x00000000ca000000, 0x00000000ca000000, 0x00000000cb000000|  0%| F|  |TAMS 0x00000000ca000000, 0x00000000ca000000| Untracked 
|  43|0x00000000cb000000, 0x00000000cb000000, 0x00000000cc000000|  0%| F|  |TAMS 0x00000000cb000000, 0x00000000cb000000| Untracked 
|  44|0x00000000cc000000, 0x00000000cc000000, 0x00000000cd000000|  0%| F|  |TAMS 0x00000000cc000000, 0x00000000cc000000| Untracked 
|  45|0x00000000cd000000, 0x00000000cd000000, 0x00000000ce000000|  0%| F|  |TAMS 0x00000000cd000000, 0x00000000cd000000| Untracked 
|  46|0x00000000ce000000, 0x00000000ce000000, 0x00000000cf000000|  0%| F|  |TAMS 0x00000000ce000000, 0x00000000ce000000| Untracked 
|  47|0x00000000cf000000, 0x00000000cf000000, 0x00000000d0000000|  0%| F|  |TAMS 0x00000000cf000000, 0x00000000cf000000| Untracked 
|  48|0x00000000d0000000, 0x00000000d0000000, 0x00000000d1000000|  0%| F|  |TAMS 0x00000000d0000000, 0x00000000d0000000| Untracked 
|  49|0x00000000d1000000, 0x00000000d1000000, 0x00000000d2000000|  0%| F|  |TAMS 0x00000000d1000000, 0x00000000d1000000| Untracked 
|  50|0x00000000d2000000, 0x00000000d2000000, 0x00000000d3000000|  0%| F|  |TAMS 0x00000000d2000000, 0x00000000d2000000| Untracked 
|  51|0x00000000d3000000, 0x00000000d3000000, 0x00000000d4000000|  0%| F|  |TAMS 0x00000000d3000000, 0x00000000d3000000| Untracked 
|  52|0x00000000d4000000, 0x00000000d4000000, 0x00000000d5000000|  0%| F|  |TAMS 0x00000000d4000000, 0x00000000d4000000| Untracked 
|  53|0x00000000d5000000, 0x00000000d5000000, 0x00000000d6000000|  0%| F|  |TAMS 0x00000000d5000000, 0x00000000d5000000| Untracked 
|  54|0x00000000d6000000, 0x00000000d6000000, 0x00000000d7000000|  0%| F|  |TAMS 0x00000000d6000000, 0x00000000d6000000| Untracked 
|  55|0x00000000d7000000, 0x00000000d7000000, 0x00000000d8000000|  0%| F|  |TAMS 0x00000000d7000000, 0x00000000d7000000| Untracked 
|  56|0x00000000d8000000, 0x00000000d8000000, 0x00000000d9000000|  0%| F|  |TAMS 0x00000000d8000000, 0x00000000d8000000| Untracked 
|  57|0x00000000d9000000, 0x00000000d9000000, 0x00000000da000000|  0%| F|  |TAMS 0x00000000d9000000, 0x00000000d9000000| Untracked 
|  58|0x00000000da000000, 0x00000000da000000, 0x00000000db000000|  0%| F|  |TAMS 0x00000000da000000, 0x00000000da000000| Untracked 
|  59|0x00000000db000000, 0x00000000db000000, 0x00000000dc000000|  0%| F|  |TAMS 0x00000000db000000, 0x00000000db000000| Untracked 
|  60|0x00000000dc000000, 0x00000000dc000000, 0x00000000dd000000|  0%| F|  |TAMS 0x00000000dc000000, 0x00000000dc000000| Untracked 
|  61|0x00000000dd000000, 0x00000000dd000000, 0x00000000de000000|  0%| F|  |TAMS 0x00000000dd000000, 0x00000000dd000000| Untracked 
|  62|0x00000000de000000, 0x00000000de000000, 0x00000000df000000|  0%| F|  |TAMS 0x00000000de000000, 0x00000000de000000| Untracked 
|  63|0x00000000df000000, 0x00000000df000000, 0x00000000e0000000|  0%| F|  |TAMS 0x00000000df000000, 0x00000000df000000| Untracked 
|  64|0x00000000e0000000, 0x00000000e0000000, 0x00000000e1000000|  0%| F|  |TAMS 0x00000000e0000000, 0x00000000e0000000| Untracked 
|  65|0x00000000e1000000, 0x00000000e1000000, 0x00000000e2000000|  0%| F|  |TAMS 0x00000000e1000000, 0x00000000e1000000| Untracked 
|  66|0x00000000e2000000, 0x00000000e2000000, 0x00000000e3000000|  0%| F|  |TAMS 0x00000000e2000000, 0x00000000e2000000| Untracked 
|  67|0x00000000e3000000, 0x00000000e3000000, 0x00000000e4000000|  0%| F|  |TAMS 0x00000000e3000000, 0x00000000e3000000| Untracked 
|  68|0x00000000e4000000, 0x00000000e4000000, 0x00000000e5000000|  0%| F|  |TAMS 0x00000000e4000000, 0x00000000e4000000| Untracked 
|  69|0x00000000e5000000, 0x00000000e5000000, 0x00000000e6000000|  0%| F|  |TAMS 0x00000000e5000000, 0x00000000e5000000| Untracked 
|  70|0x00000000e6000000, 0x00000000e6000000, 0x00000000e7000000|  0%| F|  |TAMS 0x00000000e6000000, 0x00000000e6000000| Untracked 
|  71|0x00000000e7000000, 0x00000000e7000000, 0x00000000e8000000|  0%| F|  |TAMS 0x00000000e7000000, 0x00000000e7000000| Untracked 
|  72|0x00000000e8000000, 0x00000000e8000000, 0x00000000e9000000|  0%| F|  |TAMS 0x00000000e8000000, 0x00000000e8000000| Untracked 
|  73|0x00000000e9000000, 0x00000000e9000000, 0x00000000ea000000|  0%| F|  |TAMS 0x00000000e9000000, 0x00000000e9000000| Untracked 
|  74|0x00000000ea000000, 0x00000000ea000000, 0x00000000eb000000|  0%| F|  |TAMS 0x00000000ea000000, 0x00000000ea000000| Untracked 
|  75|0x00000000eb000000, 0x00000000eb000000, 0x00000000ec000000|  0%| F|  |TAMS 0x00000000eb000000, 0x00000000eb000000| Untracked 
|  76|0x00000000ec000000, 0x00000000ec000000, 0x00000000ed000000|  0%| F|  |TAMS 0x00000000ec000000, 0x00000000ec000000| Untracked 
|  77|0x00000000ed000000, 0x00000000ed000000, 0x00000000ee000000|  0%| F|  |TAMS 0x00000000ed000000, 0x00000000ed000000| Untracked 
|  78|0x00000000ee000000, 0x00000000ee000000, 0x00000000ef000000|  0%| F|  |TAMS 0x00000000ee000000, 0x00000000ee000000| Untracked 
|  79|0x00000000ef000000, 0x00000000ef000000, 0x00000000f0000000|  0%| F|  |TAMS 0x00000000ef000000, 0x00000000ef000000| Untracked 
|  80|0x00000000f0000000, 0x00000000f0000000, 0x00000000f1000000|  0%| F|  |TAMS 0x00000000f0000000, 0x00000000f0000000| Untracked 
|  81|0x00000000f1000000, 0x00000000f1000000, 0x00000000f2000000|  0%| F|  |TAMS 0x00000000f1000000, 0x00000000f1000000| Untracked 
|  82|0x00000000f2000000, 0x00000000f2000000, 0x00000000f3000000|  0%| F|  |TAMS 0x00000000f2000000, 0x00000000f2000000| Untracked 
|  83|0x00000000f3000000, 0x00000000f3000000, 0x00000000f4000000|  0%| F|  |TAMS 0x00000000f3000000, 0x00000000f3000000| Untracked 
|  84|0x00000000f4000000, 0x00000000f4000000, 0x00000000f5000000|  0%| F|  |TAMS 0x00000000f4000000, 0x00000000f4000000| Untracked 
|  85|0x00000000f5000000, 0x00000000f5000000, 0x00000000f6000000|  0%| F|  |TAMS 0x00000000f5000000, 0x00000000f5000000| Untracked 
|  86|0x00000000f6000000, 0x00000000f6000000, 0x00000000f7000000|  0%| F|  |TAMS 0x00000000f6000000, 0x00000000f6000000| Untracked 
|  87|0x00000000f7000000, 0x00000000f7000000, 0x00000000f8000000|  0%| F|  |TAMS 0x00000000f7000000, 0x00000000f7000000| Untracked 
|  88|0x00000000f8000000, 0x00000000f8000000, 0x00000000f9000000|  0%| F|  |TAMS 0x00000000f8000000, 0x00000000f8000000| Untracked 
|  89|0x00000000f9000000, 0x00000000f9000000, 0x00000000fa000000|  0%| F|  |TAMS 0x00000000f9000000, 0x00000000f9000000| Untracked 
|  90|0x00000000fa000000, 0x00000000fa000000, 0x00000000fb000000|  0%| F|  |TAMS 0x00000000fa000000, 0x00000000fa000000| Untracked 
|  91|0x00000000fb000000, 0x00000000fb000000, 0x00000000fc000000|  0%| F|  |TAMS 0x00000000fb000000, 0x00000000fb000000| Untracked 
|  92|0x00000000fc000000, 0x00000000fc000000, 0x00000000fd000000|  0%| F|  |TAMS 0x00000000fc000000, 0x00000000fc000000| Untracked 
|  93|0x00000000fd000000, 0x00000000fd000000, 0x00000000fe000000|  0%| F|  |TAMS 0x00000000fd000000, 0x00000000fd000000| Untracked 
|  94|0x00000000fe000000, 0x00000000fe000000, 0x00000000ff000000|  0%| F|  |TAMS 0x00000000fe000000, 0x00000000fe000000| Untracked 
|  95|0x00000000ff000000, 0x00000000ff000000, 0x0000000100000000|  0%| F|  |TAMS 0x00000000ff000000, 0x00000000ff000000| Untracked 
|  96|0x0000000100000000, 0x0000000100000000, 0x0000000101000000|  0%| F|  |TAMS 0x0000000100000000, 0x0000000100000000| Untracked 
|  97|0x0000000101000000, 0x0000000101000000, 0x0000000102000000|  0%| F|  |TAMS 0x0000000101000000, 0x0000000101000000| Untracked 
|  98|0x0000000102000000, 0x0000000102000000, 0x0000000103000000|  0%| F|  |TAMS 0x0000000102000000, 0x0000000102000000| Untracked 
|  99|0x0000000103000000, 0x0000000103000000, 0x0000000104000000|  0%| F|  |TAMS 0x0000000103000000, 0x0000000103000000| Untracked 
| 100|0x0000000104000000, 0x0000000104000000, 0x0000000105000000|  0%| F|  |TAMS 0x0000000104000000, 0x0000000104000000| Untracked 
| 101|0x0000000105000000, 0x0000000105000000, 0x0000000106000000|  0%| F|  |TAMS 0x0000000105000000, 0x0000000105000000| Untracked 
| 102|0x0000000106000000, 0x0000000106000000, 0x0000000107000000|  0%| F|  |TAMS 0x0000000106000000, 0x0000000106000000| Untracked 
| 103|0x0000000107000000, 0x0000000107000000, 0x0000000108000000|  0%| F|  |TAMS 0x0000000107000000, 0x0000000107000000| Untracked 
| 104|0x0000000108000000, 0x0000000108000000, 0x0000000109000000|  0%| F|  |TAMS 0x0000000108000000, 0x0000000108000000| Untracked 
| 105|0x0000000109000000, 0x0000000109000000, 0x000000010a000000|  0%| F|  |TAMS 0x0000000109000000, 0x0000000109000000| Untracked 
| 106|0x000000010a000000, 0x000000010a000000, 0x000000010b000000|  0%| F|  |TAMS 0x000000010a000000, 0x000000010a000000| Untracked 
| 107|0x000000010b000000, 0x000000010b000000, 0x000000010c000000|  0%| F|  |TAMS 0x000000010b000000, 0x000000010b000000| Untracked 
| 108|0x000000010c000000, 0x000000010c000000, 0x000000010d000000|  0%| F|  |TAMS 0x000000010c000000, 0x000000010c000000| Untracked 
| 109|0x000000010d000000, 0x000000010d000000, 0x000000010e000000|  0%| F|  |TAMS 0x000000010d000000, 0x000000010d000000| Untracked 
| 110|0x000000010e000000, 0x000000010e000000, 0x000000010f000000|  0%| F|  |TAMS 0x000000010e000000, 0x000000010e000000| Untracked 
| 111|0x000000010f000000, 0x000000010f000000, 0x0000000110000000|  0%| F|  |TAMS 0x000000010f000000, 0x000000010f000000| Untracked 
| 112|0x0000000110000000, 0x0000000110000000, 0x0000000111000000|  0%| F|  |TAMS 0x0000000110000000, 0x0000000110000000| Untracked 
| 113|0x0000000111000000, 0x0000000111000000, 0x0000000112000000|  0%| F|  |TAMS 0x0000000111000000, 0x0000000111000000| Untracked 
| 114|0x0000000112000000, 0x0000000112000000, 0x0000000113000000|  0%| F|  |TAMS 0x0000000112000000, 0x0000000112000000| Untracked 
| 115|0x0000000113000000, 0x0000000113000000, 0x0000000114000000|  0%| F|  |TAMS 0x0000000113000000, 0x0000000113000000| Untracked 
| 116|0x0000000114000000, 0x0000000114000000, 0x0000000115000000|  0%| F|  |TAMS 0x0000000114000000, 0x0000000114000000| Untracked 
| 117|0x0000000115000000, 0x0000000115000000, 0x0000000116000000|  0%| F|  |TAMS 0x0000000115000000, 0x0000000115000000| Untracked 
| 118|0x0000000116000000, 0x0000000116000000, 0x0000000117000000|  0%| F|  |TAMS 0x0000000116000000, 0x0000000116000000| Untracked 
| 119|0x0000000117000000, 0x0000000117000000, 0x0000000118000000|  0%| F|  |TAMS 0x0000000117000000, 0x0000000117000000| Untracked 
| 120|0x0000000118000000, 0x0000000118000000, 0x0000000119000000|  0%| F|  |TAMS 0x0000000118000000, 0x0000000118000000| Untracked 
| 121|0x0000000119000000, 0x0000000119000000, 0x000000011a000000|  0%| F|  |TAMS 0x0000000119000000, 0x0000000119000000| Untracked 
| 122|0x000000011a000000, 0x000000011a000000, 0x000000011b000000|  0%| F|  |TAMS 0x000000011a000000, 0x000000011a000000| Untracked 
| 123|0x000000011b000000, 0x000000011bb97688, 0x000000011c000000| 72%| E|  |TAMS 0x000000011b000000, 0x000000011b000000| Complete 
| 124|0x000000011c000000, 0x000000011d000000, 0x000000011d000000|100%| E|CS|TAMS 0x000000011c000000, 0x000000011c000000| Complete 
| 125|0x000000011d000000, 0x000000011e000000, 0x000000011e000000|100%| E|CS|TAMS 0x000000011d000000, 0x000000011d000000| Complete 
| 126|0x000000011e000000, 0x000000011f000000, 0x000000011f000000|100%| E|CS|TAMS 0x000000011e000000, 0x000000011e000000| Complete 
| 127|0x000000011f000000, 0x0000000120000000, 0x0000000120000000|100%| E|CS|TAMS 0x000000011f000000, 0x000000011f000000| Complete 

Card table byte_map: [0x000001f851460000,0x000001f854f60000] _byte_map_base: 0x000001f850f60000

Marking Bits (Prev, Next): (CMBitMap*) 0x000001f835b5d7c0, (CMBitMap*) 0x000001f835b5d800
 Prev Bits: [0x000001f858a60000, 0x000001f876260000)
 Next Bits: [0x000001f800000000, 0x000001f81d800000)

Polling page: 0x000001f833a90000

Metaspace:

Usage:
  Non-class:     15.60 MB used.
      Class:      1.58 MB used.
       Both:     17.19 MB used.

Virtual space:
  Non-class space:       64.00 MB reserved,      15.75 MB ( 25%) committed,  1 nodes.
      Class space:        1.00 GB reserved,       1.75 MB ( <1%) committed,  1 nodes.
             Both:        1.06 GB reserved,      17.50 MB (  2%) committed. 

Chunk freelists:
   Non-Class:  3.66 MB
       Class:  2.22 MB
        Both:  5.88 MB

MaxMetaspaceSize: unlimited
CompressedClassSpaceSize: 1.00 GB
Initial GC threshold: 21.00 MB
Current GC threshold: 21.00 MB
CDS: on
MetaspaceReclaimPolicy: balanced
 - commit_granule_bytes: 65536.
 - commit_granule_words: 8192.
 - virtual_space_node_default_size: 8388608.
 - enlarge_chunks_in_place: 1.
 - new_chunks_are_fully_committed: 0.
 - uncommit_free_chunks: 1.
 - use_allocation_guard: 0.


Internal statistics:

num_allocs_failed_limit: 0.
num_arena_births: 318.
num_arena_deaths: 0.
num_vsnodes_births: 2.
num_vsnodes_deaths: 0.
num_space_committed: 278.
num_space_uncommitted: 0.
num_chunks_returned_to_freelist: 0.
num_chunks_taken_from_freelist: 780.
num_chunk_merges: 0.
num_chunk_splits: 526.
num_chunks_enlarged: 386.
num_inconsistent_stats: 0.

CodeHeap 'non-profiled nmethods': size=118848Kb used=802Kb max_used=802Kb free=118045Kb
 bounds [0x000001f845020000, 0x000001f845290000, 0x000001f84c430000]
CodeHeap 'profiled nmethods': size=118848Kb used=4590Kb max_used=4590Kb free=114257Kb
 bounds [0x000001f83dc10000, 0x000001f83e090000, 0x000001f845020000]
CodeHeap 'non-nmethods': size=8064Kb used=4157Kb max_used=4190Kb free=3906Kb
 bounds [0x000001f83d430000, 0x000001f83d850000, 0x000001f83dc10000]
 total_blobs=3686 nmethods=2364 adapters=1230
 compilation: enabled
              stopped_count=0, restarted_count=0
 full_count=0

Compilation events (20 events):
Event: 1.061 Thread 0x000001f826a2e050 2342       4       jdk.internal.misc.Unsafe::getInt (7 bytes)
Event: 1.062 Thread 0x000001f879e4f9b0 nmethod 2353 0x000001f83e087110 code [0x000001f83e087300, 0x000001f83e087848]
Event: 1.062 Thread 0x000001f826a2e050 nmethod 2342 0x000001f8450d7110 code [0x000001f8450d7280, 0x000001f8450d72f8]
Event: 1.062 Thread 0x000001f826a2e050 2355       4       javassist.bytecode.ConstPool::getItem (9 bytes)
Event: 1.062 Thread 0x000001f879ed62f0 nmethod 2352 0x000001f83e087a90 code [0x000001f83e087cc0, 0x000001f83e0885b8]
Event: 1.062 Thread 0x000001f879d7ffa0 nmethod 2354 0x000001f83e088990 code [0x000001f83e088be0, 0x000001f83e089758]
Event: 1.063 Thread 0x000001f826a2e050 nmethod 2355 0x000001f8450d7410 code [0x000001f8450d75a0, 0x000001f8450d7738]
Event: 1.063 Thread 0x000001f826a2e050 2356       4       java.lang.invoke.MethodType::makeImpl (109 bytes)
Event: 1.072 Thread 0x000001f879ed62f0 2359       3       java.lang.Math::addExact (32 bytes)
Event: 1.072 Thread 0x000001f879d7ffa0 2360       3       java.lang.StackFrameInfo::<init> (25 bytes)
Event: 1.072 Thread 0x000001f879ed62f0 nmethod 2359 0x000001f83e089b10 code [0x000001f83e089cc0, 0x000001f83e089ee8]
Event: 1.072 Thread 0x000001f879ed62f0 2361       3       java.lang.invoke.MethodHandleImpl$1::newMemberName (8 bytes)
Event: 1.072 Thread 0x000001f87eaceb50 2362       3       java.lang.invoke.MemberName::<init> (5 bytes)
Event: 1.072 Thread 0x000001f87eaceb50 nmethod 2362 0x000001f83e08a010 code [0x000001f83e08a1a0, 0x000001f83e08a2f8]
Event: 1.072 Thread 0x000001f879ed62f0 nmethod 2361 0x000001f83e08a390 code [0x000001f83e08a540, 0x000001f83e08a778]
Event: 1.072 Thread 0x000001f87eaceb50 2363       3       java.util.stream.WhileOps$1Op$1OpSink::accept (85 bytes)
Event: 1.072 Thread 0x000001f879d7ffa0 nmethod 2360 0x000001f83e08a890 code [0x000001f83e08aa40, 0x000001f83e08adb8]
Event: 1.073 Thread 0x000001f87eaceb50 nmethod 2363 0x000001f83e08af10 code [0x000001f83e08b0e0, 0x000001f83e08b5b8]
Event: 1.073 Thread 0x000001f879d7ffa0 2364       3       java.lang.AbstractStringBuilder::isLatin1 (19 bytes)
Event: 1.073 Thread 0x000001f879d7ffa0 nmethod 2364 0x000001f83e08b710 code [0x000001f83e08b8a0, 0x000001f83e08ba18]

GC Heap History (0 events):
No events

Deoptimization events (20 events):
Event: 0.977 Thread 0x000001f835b22bb0 DEOPT PACKING pc=0x000001f845092ca8 sp=0x000000e51b1fd510
Event: 0.977 Thread 0x000001f835b22bb0 DEOPT UNPACKING pc=0x000001f83d4823a3 sp=0x000000e51b1fd448 mode 2
Event: 0.986 Thread 0x000001f835b22bb0 DEOPT PACKING pc=0x000001f83dd5a3c1 sp=0x000000e51b1fd690
Event: 0.986 Thread 0x000001f835b22bb0 DEOPT UNPACKING pc=0x000001f83d482b43 sp=0x000000e51b1fcae8 mode 1
Event: 0.986 Thread 0x000001f835b22bb0 DEOPT PACKING pc=0x000001f83dd597dc sp=0x000000e51b1fd720
Event: 0.986 Thread 0x000001f835b22bb0 DEOPT UNPACKING pc=0x000001f83d482b43 sp=0x000000e51b1fcbd8 mode 1
Event: 1.011 Thread 0x000001f835b22bb0 DEOPT PACKING pc=0x000001f83df82231 sp=0x000000e51b1f9a70
Event: 1.011 Thread 0x000001f835b22bb0 DEOPT UNPACKING pc=0x000001f83d482b43 sp=0x000000e51b1f8f88 mode 0
Event: 1.073 Thread 0x000001f835b22bb0 Uncommon trap: trap_request=0xffffff45 fr.pc=0x000001f8450403c4 relative=0x00000000000003a4
Event: 1.073 Thread 0x000001f835b22bb0 Uncommon trap: reason=unstable_if action=reinterpret pc=0x000001f8450403c4 method=java.lang.StringLatin1.canEncode(I)Z @ 4 c2
Event: 1.073 Thread 0x000001f835b22bb0 DEOPT PACKING pc=0x000001f8450403c4 sp=0x000000e51b1fea00
Event: 1.073 Thread 0x000001f835b22bb0 DEOPT UNPACKING pc=0x000001f83d4823a3 sp=0x000000e51b1fe938 mode 2
Event: 1.073 Thread 0x000001f835b22bb0 Uncommon trap: trap_request=0xffffff45 fr.pc=0x000001f845040c5c relative=0x000000000000033c
Event: 1.073 Thread 0x000001f835b22bb0 Uncommon trap: reason=unstable_if action=reinterpret pc=0x000001f845040c5c method=java.lang.AbstractStringBuilder.isLatin1()Z @ 10 c2
Event: 1.073 Thread 0x000001f835b22bb0 DEOPT PACKING pc=0x000001f845040c5c sp=0x000000e51b1fea20
Event: 1.073 Thread 0x000001f835b22bb0 DEOPT UNPACKING pc=0x000001f83d4823a3 sp=0x000000e51b1fe9b0 mode 2
Event: 1.073 Thread 0x000001f835b22bb0 Uncommon trap: trap_request=0xffffff45 fr.pc=0x000001f84503ece0 relative=0x0000000000000060
Event: 1.073 Thread 0x000001f835b22bb0 Uncommon trap: reason=unstable_if action=reinterpret pc=0x000001f84503ece0 method=java.lang.AbstractStringBuilder.isLatin1()Z @ 10 c2
Event: 1.073 Thread 0x000001f835b22bb0 DEOPT PACKING pc=0x000001f84503ece0 sp=0x000000e51b1fea00
Event: 1.073 Thread 0x000001f835b22bb0 DEOPT UNPACKING pc=0x000001f83d4823a3 sp=0x000000e51b1fe9a0 mode 2

Classes loaded (20 events):
Event: 1.070 Loading class org/reflections/util/QueryBuilder
Event: 1.070 Loading class org/reflections/util/QueryBuilder done
Event: 1.070 Loading class org/reflections/util/QueryFunction
Event: 1.070 Loading class org/reflections/util/QueryFunction done
Event: 1.070 Loading class org/reflections/util/QueryFunction
Event: 1.070 Loading class org/reflections/util/QueryFunction done
Event: 1.070 Loading class org/reflections/util/QueryFunction
Event: 1.070 Loading class org/reflections/util/QueryFunction done
Event: 1.071 Loading class org/reflections/util/QueryFunction
Event: 1.071 Loading class org/reflections/util/QueryFunction done
Event: 1.071 Loading class org/reflections/util/QueryBuilder
Event: 1.071 Loading class org/reflections/util/QueryBuilder done
Event: 1.071 Loading class org/reflections/Store
Event: 1.071 Loading class org/reflections/Store done
Event: 1.071 Loading class org/reflections/Store
Event: 1.071 Loading class org/reflections/Store done
Event: 1.071 Loading class org/reflections/util/QueryFunction
Event: 1.071 Loading class org/reflections/util/QueryFunction done
Event: 1.071 Loading class com/engineersbox/quanta/gui/console/HookValidator
Event: 1.071 Loading class com/engineersbox/quanta/gui/console/HookValidator done

Classes unloaded (0 events):
No events

Classes redefined (0 events):
No events

Internal exceptions (20 events):
Event: 0.873 Thread 0x000001f835b22bb0 Exception <a 'java/lang/NoSuchMethodError'{0x000000011caf01b0}: 'void java.lang.invoke.DirectMethodHandle$Holder.invokeVirtual(java.lang.Object, java.lang.Object, long, int, int, int)'> (0x000000011caf01b0) 
thrown [s\open\src\hotspot\share\interpreter\linkResolver.cpp, line 759]
Event: 0.873 Thread 0x000001f835b22bb0 Exception <a 'java/lang/NoSuchMethodError'{0x000000011caf5cc8}: 'void java.lang.invoke.DirectMethodHandle$Holder.invokeVirtual(java.lang.Object, java.lang.Object, long, double, double)'> (0x000000011caf5cc8) 
thrown [s\open\src\hotspot\share\interpreter\linkResolver.cpp, line 759]
Event: 0.976 Thread 0x000001f835b22bb0 Exception <a 'java/lang/NoSuchMethodError'{0x000000011b09ab98}: 'void java.lang.System.load(java.lang.String, java.lang.Class)'> (0x000000011b09ab98) 
thrown [s\open\src\hotspot\share\interpreter\linkResolver.cpp, line 759]
Event: 0.976 Thread 0x000001f835b22bb0 Exception <a 'java/lang/NoSuchMethodError'{0x000000011b09da30}: 'void java.lang.System.loadLibrary(java.lang.String, java.lang.Class)'> (0x000000011b09da30) 
thrown [s\open\src\hotspot\share\interpreter\linkResolver.cpp, line 759]
Event: 0.979 Thread 0x000001f835b22bb0 Exception <a 'sun/nio/fs/WindowsException'{0x000000011b0ad890}> (0x000000011b0ad890) 
thrown [s\open\src\hotspot\share\prims\jni.cpp, line 516]
Event: 0.979 Thread 0x000001f835b22bb0 Exception <a 'sun/nio/fs/WindowsException'{0x000000011b0adc48}> (0x000000011b0adc48) 
thrown [s\open\src\hotspot\share\prims\jni.cpp, line 516]
Event: 0.986 Thread 0x000001f835b22bb0 Exception <a 'java/lang/NoClassDefFoundError'{0x000000011b1261c8}: org/slf4j/impl/StaticLoggerBinder> (0x000000011b1261c8) 
thrown [s\open\src\hotspot\share\classfile\systemDictionary.cpp, line 244]
Event: 0.990 Thread 0x000001f835b22bb0 Exception <a 'java/lang/NoSuchMethodError'{0x000000011b1858e8}: 'int java.lang.invoke.DirectMethodHandle$Holder.invokeStaticInit(java.lang.Object, java.lang.Object)'> (0x000000011b1858e8) 
thrown [s\open\src\hotspot\share\interpreter\linkResolver.cpp, line 759]
Event: 0.992 Thread 0x000001f835b22bb0 Exception <a 'java/lang/IncompatibleClassChangeError'{0x000000011b1ac898}: Found class java.lang.Object, but interface was expected> (0x000000011b1ac898) 
thrown [s\open\src\hotspot\share\interpreter\linkResolver.cpp, line 826]
Event: 1.001 Thread 0x000001f835b22bb0 Exception <a 'java/lang/NoSuchMethodError'{0x000000011b23a090}: 'void java.lang.invoke.DirectMethodHandle$Holder.invokeVirtual(java.lang.Object, java.lang.Object)'> (0x000000011b23a090) 
thrown [s\open\src\hotspot\share\interpreter\linkResolver.cpp, line 759]
Event: 1.004 Thread 0x000001f835b22bb0 Exception <a 'java/lang/IncompatibleClassChangeError'{0x000000011b259b80}: Found class java.lang.Object, but interface was expected> (0x000000011b259b80) 
thrown [s\open\src\hotspot\share\interpreter\linkResolver.cpp, line 826]
Event: 1.014 Thread 0x000001f835b22bb0 Exception <a 'java/lang/NoSuchMethodError'{0x000000011b3ab108}: 'int java.lang.invoke.DirectMethodHandle$Holder.invokeVirtual(java.lang.Object, java.lang.Object)'> (0x000000011b3ab108) 
thrown [s\open\src\hotspot\share\interpreter\linkResolver.cpp, line 759]
Event: 1.015 Thread 0x000001f835b22bb0 Exception <a 'java/lang/NoSuchMethodError'{0x000000011b3b0fc8}: 'void java.lang.invoke.DirectMethodHandle$Holder.invokeSpecial(java.lang.Object, java.lang.Object, java.lang.Object, java.lang.Object, java.lang.Object)'> (0x000000011b3b0fc8) 
thrown [s\open\src\hotspot\share\interpreter\linkResolver.cpp, line 759]
Event: 1.015 Thread 0x000001f835b22bb0 Exception <a 'java/lang/NoSuchMethodError'{0x000000011b3b8d40}: 'java.lang.Object java.lang.invoke.DirectMethodHandle$Holder.invokeVirtual(java.lang.Object, java.lang.Object, java.lang.Object)'> (0x000000011b3b8d40) 
thrown [s\open\src\hotspot\share\interpreter\linkResolver.cpp, line 759]
Event: 1.016 Thread 0x000001f835b22bb0 Exception <a 'java/lang/NoSuchMethodError'{0x000000011b3ccfb0}: 'java.lang.Object java.lang.invoke.DirectMethodHandle$Holder.invokeSpecialIFC(java.lang.Object, java.lang.Object, java.lang.Object, java.lang.Object)'> (0x000000011b3ccfb0) 
thrown [s\open\src\hotspot\share\interpreter\linkResolver.cpp, line 759]
Event: 1.068 Thread 0x000001f835b22bb0 Exception <a 'java/lang/NoSuchMethodError'{0x000000011b886350}: 'java.lang.Object java.lang.invoke.DirectMethodHandle$Holder.invokeInterface(java.lang.Object, java.lang.Object, java.lang.Object)'> (0x000000011b886350) 
thrown [s\open\src\hotspot\share\interpreter\linkResolver.cpp, line 759]
Event: 1.069 Thread 0x000001f835b22bb0 Exception <a 'java/lang/IncompatibleClassChangeError'{0x000000011b889768}: Found class java.lang.Object, but interface was expected> (0x000000011b889768) 
thrown [s\open\src\hotspot\share\interpreter\linkResolver.cpp, line 826]
Event: 1.070 Thread 0x000001f835b22bb0 Exception <a 'java/lang/IncompatibleClassChangeError'{0x000000011b89fef8}: Found class java.lang.Object, but interface was expected> (0x000000011b89fef8) 
thrown [s\open\src\hotspot\share\interpreter\linkResolver.cpp, line 826]
Event: 1.070 Thread 0x000001f835b22bb0 Exception <a 'java/lang/NoSuchMethodError'{0x000000011b8a5890}: 'java.lang.Object java.lang.invoke.DirectMethodHandle$Holder.invokeSpecialIFC(java.lang.Object, java.lang.Object, java.lang.Object, java.lang.Object, java.lang.Object)'> (0x000000011b8a5890) 
thrown [s\open\src\hotspot\share\interpreter\linkResolver.cpp, line 759]
Event: 1.071 Thread 0x000001f835b22bb0 Exception <a 'java/lang/NoSuchMethodError'{0x000000011b8b4448}: 'java.lang.Object java.lang.invoke.DirectMethodHandle$Holder.invokeSpecialIFC(java.lang.Object, java.lang.Object, java.lang.Object, java.lang.Object, java.lang.Object, java.lang.Object)'> (0x000000011b8b4448) 
thrown [s\open\src\hotspot\share\interpreter\linkResolver.cpp, line 759]

VM Operations (20 events):
Event: 0.197 Executing VM operation: HandshakeAllThreads
Event: 0.197 Executing VM operation: HandshakeAllThreads done
Event: 0.276 Executing VM operation: HandshakeAllThreads
Event: 0.276 Executing VM operation: HandshakeAllThreads done
Event: 0.316 Executing VM operation: HandshakeAllThreads
Event: 0.316 Executing VM operation: HandshakeAllThreads done
Event: 0.336 Executing VM operation: HandshakeAllThreads
Event: 0.336 Executing VM operation: HandshakeAllThreads done
Event: 0.421 Executing VM operation: HandshakeAllThreads
Event: 0.421 Executing VM operation: HandshakeAllThreads done
Event: 0.445 Executing VM operation: ICBufferFull
Event: 0.445 Executing VM operation: ICBufferFull done
Event: 0.583 Executing VM operation: HandshakeAllThreads
Event: 0.584 Executing VM operation: HandshakeAllThreads done
Event: 0.931 Executing VM operation: HandshakeAllThreads
Event: 0.931 Executing VM operation: HandshakeAllThreads done
Event: 0.933 Executing VM operation: HandshakeAllThreads
Event: 0.933 Executing VM operation: HandshakeAllThreads done
Event: 1.014 Executing VM operation: ICBufferFull
Event: 1.014 Executing VM operation: ICBufferFull done

Events (20 events):
Event: 0.068 Thread 0x000001f879f7e660 Thread added: 0x000001f879f7e660
Event: 0.069 Thread 0x000001f879f7f770 Thread added: 0x000001f879f7f770
Event: 0.077 Loaded shared library C:\Users\DEG3NERAT3_\.jdks\openjdk-18.0.2.1\bin\instrument.dll
Event: 0.084 Thread 0x000001f879fa97b0 Thread added: 0x000001f879fa97b0
Event: 0.092 Loaded shared library C:\Users\DEG3NERAT3_\.jdks\openjdk-18.0.2.1\bin\net.dll
Event: 0.092 Loaded shared library C:\Users\DEG3NERAT3_\.jdks\openjdk-18.0.2.1\bin\nio.dll
Event: 0.096 Loaded shared library C:\Users\DEG3NERAT3_\.jdks\openjdk-18.0.2.1\bin\zip.dll
Event: 0.127 Loaded shared library C:\Users\DEG3NERAT3_\.jdks\openjdk-18.0.2.1\bin\jimage.dll
Event: 0.281 Loaded shared library C:\Users\DEG3NERAT3_\.jdks\openjdk-18.0.2.1\bin\management.dll
Event: 0.284 Loaded shared library C:\Users\DEG3NERAT3_\.jdks\openjdk-18.0.2.1\bin\management_ext.dll
Event: 0.327 Thread 0x000001f87eaceb50 Thread added: 0x000001f87eaceb50
Event: 0.344 Thread 0x000001f87f24dfe0 Thread added: 0x000001f87f24dfe0
Event: 0.532 Loaded shared library C:\Users\DEG3NERAT3_\AppData\Local\Temp\lwjglDEG3NERAT3_\3.3.1-build-7\lwjgl.dll
Event: 0.694 Thread 0x000001f87f24dfe0 Thread exited: 0x000001f87f24dfe0
Event: 0.694 Thread 0x000001f879eefb20 Thread exited: 0x000001f879eefb20
Event: 0.723 Loaded shared library C:\Users\DEG3NERAT3_\.jdks\openjdk-18.0.2.1\bin\verify.dll
Event: 0.731 Loaded shared library C:\Users\DEG3NERAT3_\AppData\Local\Temp\lwjglDEG3NERAT3_\3.3.1-build-7\lwjgl_opengl.dll
Event: 0.862 Loaded shared library C:\Users\DEG3NERAT3_\AppData\Local\Temp\imgui-java-natives_1668573423304\imgui-java64.dll
Event: 0.980 Loaded shared library C:\Users\DEG3NERAT3_\AppData\Local\Temp\lwjglDEG3NERAT3_\3.3.1-build-7\lwjgl_stb.dll
Event: 1.059 Thread 0x000001f826a2e050 Thread added: 0x000001f826a2e050


Dynamic libraries:
0x00007ff7fa230000 - 0x00007ff7fa23e000 	C:\Users\DEG3NERAT3_\.jdks\openjdk-18.0.2.1\bin\java.exe
0x00007ff9f0350000 - 0x00007ff9f0564000 	C:\WINDOWS\SYSTEM32\ntdll.dll
0x00007ff9eecd0000 - 0x00007ff9eed92000 	C:\WINDOWS\System32\KERNEL32.DLL
0x00007ff9ed840000 - 0x00007ff9edbdd000 	C:\WINDOWS\System32\KERNELBASE.dll
0x00007ff9edc60000 - 0x00007ff9edd71000 	C:\WINDOWS\System32\ucrtbase.dll
0x00007ff9cf640000 - 0x00007ff9cf657000 	C:\Users\DEG3NERAT3_\.jdks\openjdk-18.0.2.1\bin\jli.dll
0x00007ff9cc1f0000 - 0x00007ff9cc20a000 	C:\Users\DEG3NERAT3_\.jdks\openjdk-18.0.2.1\bin\VCRUNTIME140.dll
0x00007ff9f0160000 - 0x00007ff9f030a000 	C:\WINDOWS\System32\USER32.dll
0x00007ff9ee000000 - 0x00007ff9ee026000 	C:\WINDOWS\System32\win32u.dll
0x00007ff9e0c40000 - 0x00007ff9e0ece000 	C:\WINDOWS\WinSxS\amd64_microsoft.windows.common-controls_6595b64144ccf1df_6.0.22621.608_none_a9444ca7c10bb01d\COMCTL32.dll
0x00007ff9efcd0000 - 0x00007ff9efcf9000 	C:\WINDOWS\System32\GDI32.dll
0x00007ff9efe20000 - 0x00007ff9efec7000 	C:\WINDOWS\System32\msvcrt.dll
0x00007ff9ee030000 - 0x00007ff9ee142000 	C:\WINDOWS\System32\gdi32full.dll
0x00007ff9edd80000 - 0x00007ff9ede1a000 	C:\WINDOWS\System32\msvcp_win.dll
0x00007ff9ef130000 - 0x00007ff9ef162000 	C:\WINDOWS\System32\IMM32.DLL
0x00007ff9dea70000 - 0x00007ff9dea7c000 	C:\Users\DEG3NERAT3_\.jdks\openjdk-18.0.2.1\bin\vcruntime140_1.dll
0x00007ff9b3ff0000 - 0x00007ff9b407d000 	C:\Users\DEG3NERAT3_\.jdks\openjdk-18.0.2.1\bin\msvcp140.dll
0x00007ff95e8b0000 - 0x00007ff95f4c1000 	C:\Users\DEG3NERAT3_\.jdks\openjdk-18.0.2.1\bin\server\jvm.dll
0x00007ff9efd00000 - 0x00007ff9efdae000 	C:\WINDOWS\System32\ADVAPI32.dll
0x00007ff9ee390000 - 0x00007ff9ee434000 	C:\WINDOWS\System32\sechost.dll
0x00007ff9efff0000 - 0x00007ff9f0105000 	C:\WINDOWS\System32\RPCRT4.dll
0x00007ff9ee2f0000 - 0x00007ff9ee2f8000 	C:\WINDOWS\System32\PSAPI.DLL
0x00007ff9c8e80000 - 0x00007ff9c8e89000 	C:\WINDOWS\SYSTEM32\WSOCK32.dll
0x00007ff9e6500000 - 0x00007ff9e650a000 	C:\WINDOWS\SYSTEM32\VERSION.dll
0x00007ff9def90000 - 0x00007ff9defc4000 	C:\WINDOWS\SYSTEM32\WINMM.dll
0x00007ff9ee540000 - 0x00007ff9ee5b1000 	C:\WINDOWS\System32\WS2_32.dll
0x00007ff9ec8a0000 - 0x00007ff9ec8b8000 	C:\WINDOWS\SYSTEM32\kernel.appcore.dll
0x00007ff9cf630000 - 0x00007ff9cf63a000 	C:\Users\DEG3NERAT3_\.jdks\openjdk-18.0.2.1\bin\jimage.dll
0x00007ff9eb210000 - 0x00007ff9eb43e000 	C:\WINDOWS\SYSTEM32\DBGHELP.DLL
0x00007ff9eeda0000 - 0x00007ff9ef12a000 	C:\WINDOWS\System32\combase.dll
0x00007ff9eeaf0000 - 0x00007ff9eebc7000 	C:\WINDOWS\System32\OLEAUT32.dll
0x00007ff9c5c70000 - 0x00007ff9c5ca2000 	C:\WINDOWS\SYSTEM32\dbgcore.DLL
0x00007ff9edbe0000 - 0x00007ff9edc5b000 	C:\WINDOWS\System32\bcryptPrimitives.dll
0x00007ff9dea20000 - 0x00007ff9dea5b000 	C:\Users\DEG3NERAT3_\.jdks\openjdk-18.0.2.1\bin\jdwp.dll
0x00007ff9e1cd0000 - 0x00007ff9e1cde000 	C:\Users\DEG3NERAT3_\.jdks\openjdk-18.0.2.1\bin\instrument.dll
0x00007ff9bf1d0000 - 0x00007ff9bf1f5000 	C:\Users\DEG3NERAT3_\.jdks\openjdk-18.0.2.1\bin\java.dll
0x00007ff9b7110000 - 0x00007ff9b7128000 	C:\Users\DEG3NERAT3_\.jdks\openjdk-18.0.2.1\bin\zip.dll
0x00007ff9b3f10000 - 0x00007ff9b3fe6000 	C:\Users\DEG3NERAT3_\.jdks\openjdk-18.0.2.1\bin\jsvml.dll
0x00007ff9ef4e0000 - 0x00007ff9efcc0000 	C:\WINDOWS\System32\SHELL32.dll
0x00007ff9eb750000 - 0x00007ff9ec015000 	C:\WINDOWS\SYSTEM32\windows.storage.dll
0x00007ff9eb610000 - 0x00007ff9eb74e000 	C:\WINDOWS\SYSTEM32\wintypes.dll
0x00007ff9ee440000 - 0x00007ff9ee531000 	C:\WINDOWS\System32\SHCORE.dll
0x00007ff9ee330000 - 0x00007ff9ee38e000 	C:\WINDOWS\System32\shlwapi.dll
0x00007ff9ed6b0000 - 0x00007ff9ed6d1000 	C:\WINDOWS\SYSTEM32\profapi.dll
0x00007ff9e1ad0000 - 0x00007ff9e1adc000 	C:\Users\DEG3NERAT3_\.jdks\openjdk-18.0.2.1\bin\dt_socket.dll
0x00007ff9ec320000 - 0x00007ff9ec34d000 	C:\WINDOWS\SYSTEM32\IPHLPAPI.DLL
0x00007ff9eccf0000 - 0x00007ff9ecd59000 	C:\WINDOWS\system32\mswsock.dll
0x00007ff9bff80000 - 0x00007ff9bff93000 	C:\Users\DEG3NERAT3_\.jdks\openjdk-18.0.2.1\bin\net.dll
0x00007ff9e6b40000 - 0x00007ff9e6c6f000 	C:\WINDOWS\SYSTEM32\WINHTTP.dll
0x00007ff9b7130000 - 0x00007ff9b7146000 	C:\Users\DEG3NERAT3_\.jdks\openjdk-18.0.2.1\bin\nio.dll
0x00007ff9e9d00000 - 0x00007ff9e9d09000 	C:\Users\DEG3NERAT3_\.jdks\openjdk-18.0.2.1\bin\management.dll
0x00007ff9e1fe0000 - 0x00007ff9e1feb000 	C:\Users\DEG3NERAT3_\.jdks\openjdk-18.0.2.1\bin\management_ext.dll
0x00007ff9cc6e0000 - 0x00007ff9cc6f7000 	C:\WINDOWS\system32\napinsp.dll
0x00007ff9cc3d0000 - 0x00007ff9cc3eb000 	C:\WINDOWS\system32\pnrpnsp.dll
0x00007ff9ec350000 - 0x00007ff9ec442000 	C:\WINDOWS\SYSTEM32\DNSAPI.dll
0x00007ff9eeac0000 - 0x00007ff9eeac9000 	C:\WINDOWS\System32\NSI.dll
0x00007ff9cc3b0000 - 0x00007ff9cc3c1000 	C:\WINDOWS\System32\winrnr.dll
0x00007ff9e6670000 - 0x00007ff9e6685000 	C:\WINDOWS\system32\wshbth.dll
0x00007ff9cb650000 - 0x00007ff9cb671000 	C:\WINDOWS\system32\nlansp_c.dll
0x00007ff9e4970000 - 0x00007ff9e497a000 	C:\Windows\System32\rasadhlp.dll
0x00007ff9e6510000 - 0x00007ff9e6593000 	C:\WINDOWS\System32\fwpuclnt.dll
0x00007ff9d8490000 - 0x00007ff9d8505000 	C:\Users\DEG3NERAT3_\AppData\Local\Temp\lwjglDEG3NERAT3_\3.3.1-build-7\lwjgl.dll
0x00007ff9d8420000 - 0x00007ff9d8481000 	C:\Users\DEG3NE~1\AppData\Local\Temp\lwjglDEG3NERAT3_\3.3.1-build-7\glfw.dll
0x00007ff9dc4e0000 - 0x00007ff9dc526000 	C:\WINDOWS\SYSTEM32\dinput8.dll
0x00007ff9890e0000 - 0x00007ff9890f1000 	C:\WINDOWS\SYSTEM32\xinput1_4.dll
0x00007ff9ed470000 - 0x00007ff9ed4be000 	C:\WINDOWS\SYSTEM32\cfgmgr32.dll
0x00007ff9ed430000 - 0x00007ff9ed463000 	C:\WINDOWS\SYSTEM32\DEVOBJ.dll
0x00007ff9eaa50000 - 0x00007ff9eaa7b000 	C:\WINDOWS\SYSTEM32\dwmapi.dll
0x00007ff9d2bb0000 - 0x00007ff9d2db1000 	C:\WINDOWS\SYSTEM32\inputhost.dll
0x00007ff9e9590000 - 0x00007ff9e96c3000 	C:\WINDOWS\SYSTEM32\CoreMessaging.dll
0x00007ff9ea7d0000 - 0x00007ff9ea87b000 	C:\WINDOWS\system32\uxtheme.dll
0x00007ff9ecfe0000 - 0x00007ff9ecfec000 	C:\WINDOWS\SYSTEM32\CRYPTBASE.DLL
0x00007ff9ef3c0000 - 0x00007ff9ef4de000 	C:\WINDOWS\System32\MSCTF.dll
0x00007ff96c720000 - 0x00007ff96c820000 	C:\WINDOWS\SYSTEM32\opengl32.dll
0x00007ff97ea90000 - 0x00007ff97eabd000 	C:\WINDOWS\SYSTEM32\GLU32.dll
0x00007ff9eaac0000 - 0x00007ff9eaaf6000 	C:\WINDOWS\SYSTEM32\dxcore.dll
0x00007ff9eff30000 - 0x00007ff9effe7000 	C:\WINDOWS\System32\clbcatq.dll
0x00007ff994b80000 - 0x00007ff997d39000 	C:\WINDOWS\System32\DriverStore\FileRepository\nv_dispi.inf_amd64_47917a79b8c7fd22\nvoglv64.dll
0x00007ff9ee640000 - 0x00007ff9eeaba000 	C:\WINDOWS\System32\SETUPAPI.dll
0x00007ff9ee150000 - 0x00007ff9ee2ec000 	C:\WINDOWS\System32\ole32.dll
0x00007ff9ea520000 - 0x00007ff9ea534000 	C:\WINDOWS\SYSTEM32\WTSAPI32.dll
0x00007ff9ed410000 - 0x00007ff9ed422000 	C:\WINDOWS\SYSTEM32\msasn1.dll
0x00007ff9e64c0000 - 0x00007ff9e64f2000 	C:\WINDOWS\SYSTEM32\cryptnet.dll
0x00007ff9ede90000 - 0x00007ff9edff6000 	C:\WINDOWS\System32\CRYPT32.dll
0x00007ff9e62f0000 - 0x00007ff9e6448000 	C:\WINDOWS\SYSTEM32\drvstore.dll
0x00007ff9ecf60000 - 0x00007ff9ecfa8000 	C:\WINDOWS\SYSTEM32\wldp.dll
0x00007ff9ede20000 - 0x00007ff9ede89000 	C:\WINDOWS\System32\WINTRUST.dll
0x00007ff9ec8c0000 - 0x00007ff9ec8f4000 	C:\WINDOWS\SYSTEM32\ntmarta.dll
0x00007ff9ab780000 - 0x00007ff9aba47000 	C:\WINDOWS\system32\nvspcap64.dll
0x00007ff9ec670000 - 0x00007ff9ec6bd000 	C:\WINDOWS\SYSTEM32\powrprof.dll
0x00007ff9ec650000 - 0x00007ff9ec663000 	C:\WINDOWS\SYSTEM32\UMPDC.dll
0x00007ff9ec2b0000 - 0x00007ff9ec316000 	C:\WINDOWS\SYSTEM32\WINSTA.dll
0x00007ff9cf990000 - 0x00007ff9cfabd000 	C:\WINDOWS\SYSTEM32\textinputframework.dll
0x00007ff9e5a60000 - 0x00007ff9e5dcc000 	C:\WINDOWS\SYSTEM32\CoreUIComponents.dll
0x00007ff9b3ef0000 - 0x00007ff9b3f00000 	C:\Users\DEG3NERAT3_\.jdks\openjdk-18.0.2.1\bin\verify.dll
0x00007ff9d83c0000 - 0x00007ff9d841d000 	C:\Users\DEG3NERAT3_\AppData\Local\Temp\lwjglDEG3NERAT3_\3.3.1-build-7\lwjgl_opengl.dll
0x0000000064a00000 - 0x000000006578a000 	C:\Users\DEG3NERAT3_\AppData\Local\Temp\imgui-java-natives_1668573423304\imgui-java64.dll
0x00007ff9d7740000 - 0x00007ff9d77c1000 	C:\Users\DEG3NERAT3_\AppData\Local\Temp\lwjglDEG3NERAT3_\3.3.1-build-7\lwjgl_stb.dll

dbghelp: loaded successfully - version: 4.0.5 - missing functions: none
symbol engine: initialized successfully - sym options: 0x614 - pdb path: .;C:\Users\DEG3NERAT3_\.jdks\openjdk-18.0.2.1\bin;C:\WINDOWS\SYSTEM32;C:\WINDOWS\WinSxS\amd64_microsoft.windows.common-controls_6595b64144ccf1df_6.0.22621.608_none_a9444ca7c10bb01d;C:\Users\DEG3NERAT3_\.jdks\openjdk-18.0.2.1\bin\server;C:\Users\DEG3NERAT3_\AppData\Local\Temp\lwjglDEG3NERAT3_\3.3.1-build-7;C:\Users\DEG3NE~1\AppData\Local\Temp\lwjglDEG3NERAT3_\3.3.1-build-7;C:\WINDOWS\System32\DriverStore\FileRepository\nv_dispi.inf_amd64_47917a79b8c7fd22;C:\Users\DEG3NERAT3_\AppData\Local\Temp\imgui-java-natives_1668573423304

VM Arguments:
jvm_args: -agentlib:jdwp=transport=dt_socket,address=127.0.0.1:62187,suspend=y,server=n -Dvisualvm.id=74382743673300 -Dvisualgc.id=74382743652500 -Dquanta.config=config/config.conf -javaagent:C:\Users\DEG3NERAT3_\AppData\Local\JetBrains\Toolbox\apps\IDEA-U\ch-0\222.4345.14\plugins\java\lib\rt\debugger-agent.jar -Dfile.encoding=UTF-8 -Dsun.stdout.encoding=UTF-8 -Dsun.stderr.encoding=UTF-8 
java_command: com.engineersbox.quanta.test.Main
java_class_path (initial): E:\Quanta\target\classes;C:\Users\DEG3NERAT3_\.m2\repository\org\apache\commons\commons-collections4\4.4\commons-collections4-4.4.jar;C:\Users\DEG3NERAT3_\.m2\repository\com\typesafe\config\1.4.2\config-1.4.2.jar;C:\Users\DEG3NERAT3_\.m2\repository\org\eclipse\collections\eclipse-collections-api\11.1.0\eclipse-collections-api-11.1.0.jar;C:\Users\DEG3NERAT3_\.m2\repository\org\eclipse\collections\eclipse-collections\11.1.0\eclipse-collections-11.1.0.jar;C:\Users\DEG3NERAT3_\.m2\repository\javax\xml\bind\jaxb-api\2.4.0-b180830.0359\jaxb-api-2.4.0-b180830.0359.jar;C:\Users\DEG3NERAT3_\.m2\repository\javax\activation\javax.activation-api\1.2.0\javax.activation-api-1.2.0.jar;C:\Users\DEG3NERAT3_\.m2\repository\org\glassfish\jaxb\jaxb-runtime\4.0.0\jaxb-runtime-4.0.0.jar;C:\Users\DEG3NERAT3_\.m2\repository\org\glassfish\jaxb\jaxb-core\4.0.0\jaxb-core-4.0.0.jar;C:\Users\DEG3NERAT3_\.m2\repository\jakarta\xml\bind\jakarta.xml.bind-api\4.0.0\jakarta.xml.bind-api-4.0.0.jar;C:\Users\DEG3NERAT3_\.m2\repository\jakarta\activation\jakarta.activation-api\2.1.0\jakarta.activation-api-2.1.0.jar;C:\Users\DEG3NERAT3_\.m2\repository\org\eclipse\angus\angus-activation\1.0.0\angus-activation-1.0.0.jar;C:\Users\DEG3NERAT3_\.m2\repository\org\glassfish\jaxb\txw2\4.0.0\txw2-4.0.0.jar;C:\Users\DEG3NERAT3_\.m2\repository\com\sun\istack\istack-commons-runtime\4.1.1\istack-commons-runtime-4.1.1.jar;C:\Users\DEG3NERAT3_\.m2\repository\org\apache\commons\commons-lang3\3.12.0\commons-lang3-3.12.0.jar;C:\Users\DEG3NERAT3_\.m2\repository\org\apache\logging\log4j\log4j-iostreams\2.19.0\log4j-iostreams-2.19.0.jar;C:\Users\DEG3NERAT3_\.m2\repository\org\apache\logging\log4j\log4j-api\2.19.0\log4j-api-2.19.0.jar;C:\Users\DEG3NERAT3_\.m2\repository\org\apache\logging\log4j\log4j-core\2.19.0\log4j-core-2.19.0.jar;C:\Users\DEG3NERAT3_\.m2\repository\org\apache\maven\plugins\maven-shade-plugin\3.4.1\maven-shade-plugin-3.4.1.jar;C:\Users\DEG3NERAT3_\.m2\repository\org\codehaus\plexus\plexus-utils\3.4.2\plexus-utils-3.4.2.jar;C:\Users\DEG3NERAT3_\.m2\repository\org\apache\maven\shared\maven-artifact-transfer\0.13.1\maven-artifact-transfer-0.13.1.jar;C:\Users\DEG3NERAT3_\.m2\repository\org\apache\maven\maven-core\3.0\maven-core-3.0.jar;C:\Users\DEG3NERAT3_\.m2\repository\org\apache\maven\maven-model\3.0\maven-model-3.0.jar;C:\Users\DEG3NERAT3_\.m2\repository\org\apache\maven\maven-settings\3.0\maven-settings-3.0.jar;C:\Users\DEG3NERAT3_\.m2\repository\org\apache\maven\maven-settings-builder\3.0\maven-settings-builder-3.0.jar;C:\Users\DEG3NERAT3_\.m2\repository\org\apache\maven\maven-repository-metadata\3.0\maven-repository-metadata-3.0.jar;C:\Users\DEG3NERAT3_\.m2\repository\org\apache\maven\maven-plugin-api\3.0\maven-plugin-api-3.0.jar;C:\Users\DEG3NERAT3_\.m2\repository\org\apache\maven\maven-model-builder\3.0\maven-model-builder-3.0.jar;C:\Users\DEG3NERAT3_\.m2\repository\org\apache\maven\maven-aether-provider\3.0\maven-aether-provider-3.0.jar;C:\Users\DEG3NERAT3_\.m2\repository\org\sonatype\aether\aether-impl\1.7\aether-impl-1.7.jar;C:\Users\DEG3NERAT3_\.m2\repository\org\sonatype\aether\aether-spi\1.7\aether-spi-1.7.jar;C:\Users\DEG3NERAT3_\.m2\repository\org\sonatype\aether\aether-api\1.7\aether-api-1.7.jar;C:\Users\DEG3NERAT3_\.m2\repository\org\sonatype\aether\aether-util\1.7\aether-util-1.7.jar;C:\Users\DEG3NERAT3_\.m2\repository\org\codehaus\plexus\plexus-interpolation\1.14\plexus-interpolation-1.14.jar;C:\Users\DEG3NERAT3_\.m2\repository\org\codehaus\plexus\plexus-classworlds\2.2.3\plexus-classworlds-2.2.3.jar;C:\Users\DEG3NERAT3_\.m2\repository\org\sonatype\plexus\plexus-sec-dispatcher\1.3\plexus-sec-dispatcher-1.3.jar;C:\Users\DEG3NERAT3_\.m2\repository\org\sonatype\plexus\plexus-cipher\1.4\plexus-cipher-1.4.jar;C:\Users\DEG3NERAT3_\.m2\repository\org\apache\maven\maven-artifact\3.0\maven-artifact-3.0.jar;C:\Users\DEG3NERAT3_\.m2\repository\org\codehaus\plexus\plexus-component-annotations\2.0.0\plexus-component-annotations-2.0.0.jar;C:\Users\DEG3NERAT3_\.m2\repository\org\apache\maven\shared\maven-common-artifact-filters\3.1.0\maven-common-artifact-filters-3.1.0.jar;C:\Users\DEG3NERAT3_\.m2\repository\org\apache\maven\shared\maven-shared-utils\3.1.0\maven-shared-utils-3.1.0.jar;C:\Users\DEG3NERAT3_\.m2\repository\org\slf4j\slf4j-api\1.7.32\slf4j-api-1.7.32.jar;C:\Users\DEG3NERAT3_\.m2\repository\org\ow2\asm\asm\9.4\asm-9.4.jar;C:\Users\DEG3NERAT3_\.m2\repository\org\ow2\asm\asm-commons\9.4\asm-commons-9.4.jar;C:\Users\DEG3NERAT3_\.m2\repository\org\ow2\asm\asm-tree\9.4\asm-tree-9.4.jar;C:\Users\DEG3NERAT3_\.m2\repository\org\jdom\jdom2\2.0.6.1\jdom2-2.0.6.1.jar;C:\Users\DEG3NERAT3_\.m2\repository\org\apache\maven\shared\maven-dependency-tree\3.2.0\maven-dependency-tree-3.2.0.jar;C:\Users\DEG3NERAT3_\.m2\repository\org\eclipse\aether\aether-util\1.0.0.v20140518\aether-util-1.0.0.v20140518.jar;C:\Users\DEG3NERAT3_\.m2\repository\org\eclipse\aether\aether-api\1.0.0.v20140518\aether-api-1.0.0.v20140518.jar;C:\Users\DEG3NERAT3_\.m2\repository\commons-io\commons-io\2.6\commons-io-2.6.jar;C:\Users\DEG3NERAT3_\.m2\repository\org\vafer\jdependency\2.8.0\jdependency-2.8.0.jar;C:\Users\DEG3NERAT3_\.m2\repository\org\lwjgl\lwjgl\3.3.1\lwjgl-3.3.1.jar;C:\Users\DEG3NERAT3_\.m2\repository\org\lwjgl\lwjgl-glfw\3.3.1\lwjgl-glfw-3.3.1.jar;C:\Users\DEG3NERAT3_\.m2\repository\org\lwjgl\lwjgl-opengl\3.3.1\lwjgl-opengl-3.3.1.jar;C:\Users\DEG3NERAT3_\.m2\repository\org\lwjgl\lwjgl\3.3.1\lwjgl-3.3.1-natives-windows.jar;C:\Users\DEG3NERAT3_\.m2\repository\org\lwjgl\lwjgl-opengl\3.3.1\lwjgl-opengl-3.3.1-natives-windows.jar;C:\Users\DEG3NERAT3_\.m2\repository\org\lwjgl\lwjgl-glfw\3.3.1\lwjgl-glfw-3.3.1-natives-windows.jar;C:\Users\DEG3NERAT3_\.m2\repository\org\lwjgl\lwjgl-stb\3.3.1\lwjgl-stb-3.3.1.jar;C:\Users\DEG3NERAT3_\.m2\repository\org\lwjgl\lwjgl-stb\3.3.1\lwjgl-stb-3.3.1-natives-windows.jar;C:\Users\DEG3NERAT3_\.m2\repository\org\lwjgl\lwjgl-assimp\3.3.1\lwjgl-assimp-3.3.1.jar;C:\Users\DEG3NERAT3_\.m2\repository\org\lwjgl\lwjgl-assimp\3.3.1\lwjgl-assimp-3.3.1-natives-windows.jar;C:\Users\DEG3NERAT3_\.m2\repository\org\lwjgl\lwjgl-openal\3.3.1\lwjgl-openal-3.3.1.jar;C:\Users\DEG3NERAT3_\.m2\repository\org\lwjgl\lwjgl-openal\3.3.1\lwjgl-openal-3.3.1-natives-windows.jar;C:\Users\DEG3NERAT3_\.m2\repository\io\github\spair\imgui-java-binding\1.86.4\imgui-java-binding-1.86.4.jar;C:\Users\DEG3NERAT3_\.m2\repository\io\github\spair\imgui-java-natives-windows\1.86.4\imgui-java-natives-windows-1.86.4.jar;C:\Users\DEG3NERAT3_\.m2\repository\io\github\spair\imgui-java-lwjgl3\1.86.4\imgui-java-lwjgl3-1.86.4.jar;C:\Users\DEG3NERAT3_\.m2\repository\org\joml\joml\1.10.4\joml-1.10.4.jar;C:\Users\DEG3NERAT3_\.m2\repository\org\reflections\reflections\0.10.2\reflections-0.10.2.jar;C:\Users\DEG3NERAT3_\.m2\repository\org\javassist\javassist\3.28.0-GA\javassist-3.28.0-GA.jar;C:\Users\DEG3NERAT3_\.m2\repository\com\google\code\findbugs\jsr305\3.0.2\jsr305-3.0.2.jar;C:\Users\DEG3NERAT3_\AppData\Local\JetBrains\Toolbox\apps\IDEA-U\ch-0\222.4345.14\lib\idea_rt.jar
Launcher Type: SUN_STANDARD

[Global flags]
     intx CICompilerCount                          = 15                                        {product} {ergonomic}
     uint ConcGCThreads                            = 6                                         {product} {ergonomic}
     uint G1ConcRefinementThreads                  = 23                                        {product} {ergonomic}
   size_t G1HeapRegionSize                         = 16777216                                  {product} {ergonomic}
    uintx GCDrainStackTargetSize                   = 64                                        {product} {ergonomic}
   size_t InitialHeapSize                          = 2147483648                                {product} {ergonomic}
   size_t MarkStackSize                            = 4194304                                   {product} {ergonomic}
   size_t MaxHeapSize                              = 31675383808                               {product} {ergonomic}
   size_t MaxNewSize                               = 18991808512                               {product} {ergonomic}
   size_t MinHeapDeltaBytes                        = 16777216                                  {product} {ergonomic}
   size_t MinHeapSize                              = 16777216                                  {product} {ergonomic}
    uintx NonNMethodCodeHeapSize                   = 8192380                                {pd product} {ergonomic}
    uintx NonProfiledCodeHeapSize                  = 121732930                              {pd product} {ergonomic}
    uintx ProfiledCodeHeapSize                     = 121732930                              {pd product} {ergonomic}
    uintx ReservedCodeCacheSize                    = 251658240                              {pd product} {ergonomic}
     bool SegmentedCodeCache                       = true                                      {product} {ergonomic}
   size_t SoftMaxHeapSize                          = 31675383808                            {manageable} {ergonomic}
     bool UseCompressedClassPointers               = true                           {product lp64_product} {ergonomic}
     bool UseCompressedOops                        = true                           {product lp64_product} {ergonomic}
     bool UseG1GC                                  = true                                      {product} {ergonomic}
     bool UseLargePagesIndividualAllocation        = false                                  {pd product} {ergonomic}

Logging:
Log output configuration:
 #0: stdout all=warning uptime,level,tags foldmultilines=false
 #1: stderr all=off uptime,level,tags foldmultilines=false

Environment Variables:
PATH=C:\Program Files\Common Files\Oracle\Java\javapath;C:\Program Files\NVIDIA GPU Computing Toolkit\CUDA\v11.4\bin;C:\Program Files\NVIDIA GPU Computing Toolkit\CUDA\v11.4\libnvvp;C:\Program Files (x86)\Razer Chroma SDK\bin;C:\Program Files\Razer Chroma SDK\bin;C:\Program Files (x86)\Razer\ChromaBroadcast\bin;C:\Program Files\Razer\ChromaBroadcast\bin;C:\Python27\;C:\Python27\Scripts;C:\Program Files (x86)\Common Files\Oracle\Java\javapath;C:\WINDOWS\system32;C:\WINDOWS;C:\WINDOWS\System32\Wbem;C:\WINDOWS\System32\WindowsPowerShell\v1.0\;C:\WINDOWS\System32\OpenSSH\;C:\Program Files (x86)\NVIDIA Corporation\PhysX\Common;C:\Program Files\NVIDIA Corporation\NVIDIA NvDLISR;C:\Program Files (x86)\Windows Kits\10\Windows Performance Toolkit\;C:\Program Files\Git\cmd;C:\Program Files\nodejs\;C:\ProgramData\chocolatey\bin;C:\Users\DEG3NERAT3_\AppData\Local\Programs\Python\Python38-32\Scripts\;C:\Users\DEG3NERAT3_\AppData\Local\Programs\Python\Python38-32\;C:\Users\DEG3NERAT3_\AppData\Local\Programs\Python\Python37-32\Scripts\;C:\Users\DEG3NERAT3_\AppData\Local\Programs\Python\Python37-32\;C:\Users\DEG3NERAT3_\AppData\Local\Microsoft\WindowsApps;C:\Users\DEG3NERAT3_\AppData\Local\Programs\Microsoft VS Code\bin;C:\Users\DEG3NERAT3_\AppData\Local\atom\bin;C:\Program Files\JetBrains\IntelliJ IDEA 2019.2.2\bin;C:\Users\DEG3NERAT3_\AppData\Roaming\npm;C:\WINDOWS\system32\config\systemprofile\AppData\Local\Microsoft\WindowsApps;C:\Program Files\NVIDIA Corporation\Nsight Compute 2021.2.0\;E:\cmake\bin;C:\Program Files\dotnet\;C:\Program Files\apache-maven-3.8.4\bin;;C:\Program Files\Docker\Docker\resources\bin;C:\ProgramData\DockerDesktop\version-bin;C:\Program Files\Go\bin;%SystemRoot%\system32;%SystemRoot%;%SystemRoot%\System32\Wbem;%SYSTEMROOT%\System32\WindowsPowerShell\v1.0\;%SYSTEMROOT%\System32\OpenSSH\;C:\Users\DEG3NERAT3_\.cargo\bin;C:\Users\DEG3NERAT3_\AppData\Local\Programs\Python\Python38-32\Scripts\;C:\Users\DEG3NERAT3_\AppData\Local\Programs\Python\Python38-32\;C:\Users\DEG3NERAT3_\AppData\Local\Programs\Python\Python37-32\Scripts\;C:\Users\DEG3NERAT3_\AppData\Local\Programs\Python\Python37-32\;C:\Users\DEG3NERAT3_\AppData\Local\Microsoft\WindowsApps;C:\Users\DEG3NERAT3_\AppData\Local\Programs\Microsoft VS Code\bin;C:\Users\DEG3NERAT3_\AppData\Local\atom\bin;C:\Program Files\JetBrains\IntelliJ IDEA 2019.2.2\bin;C:\Users\DEG3NERAT3_\AppData\Roaming\npm;C:\ProgramData\DEG3NERAT3_\GitHubDesktop\bin;C:\Users\DEG3NERAT3_\go\bin;C:\Users\DEG3NERAT3_\.dotnet\tools;C:\msys64\usr\bin\gcc.exe;C:\msys64\mingw64\bin;C:\Users\DEG3NERAT3_\vcpkg;C:\Program Files\qemu;;C:\Users\DEG3NERAT3_\AppData\Local\JetBrains\Toolbox\scripts;C:\Users\DEG3NERAT3_\go\bin;C:\Users\DEG3NERAT3_\AppData\Local\Microsoft\WindowsApps
USERNAME=DEG3NERAT3_
OS=Windows_NT
PROCESSOR_IDENTIFIER=AMD64 Family 25 Model 33 Stepping 0, AuthenticAMD



---------------  S Y S T E M  ---------------

OS:
 Windows 11 , 64 bit Build 22621 (10.0.22621.755)
OS uptime: 0 days 20:39 hours
Hyper-V role detected

CPU: total 32 (initial active 32) (32 cores per cpu, 2 threads per core) family 25 model 33 stepping 0 microcode 0x0, cx8, cmov, fxsr, ht, mmx, 3dnowpref, sse, sse2, sse3, ssse3, sse4a, sse4.1, sse4.2, popcnt, lzcnt, tsc, tscinvbit, avx, avx2, aes, erms, clmul, bmi1, bmi2, adx, sha, fma, vzeroupper, clflush, clflushopt, hv

Memory: 4k page, system-wide physical 130980M (106210M free)
TotalPageFile size 139172M (AvailPageFile size 107651M)
current process WorkingSet (physical memory assigned to process): 186M, peak: 191M
current process commit charge ("private bytes"): 2888M, peak: 2891M

vm_info: OpenJDK 64-Bit Server VM (18.0.2.1+1-1) for windows-amd64 JRE (18.0.2.1+1-1), built on Aug 16 2022 01:44:29 by "mach5one" with MS VC++ 16.8 / 16.9 (VS2019)

END.
